Built target ament_cmake_python_copy_flexiv_gazebo
running egg_info
writing flexiv_gazebo.egg-info/PKG-INFO
writing dependency_links to flexiv_gazebo.egg-info/dependency_links.txt
writing top-level names to flexiv_gazebo.egg-info/top_level.txt
reading manifest file 'flexiv_gazebo.egg-info/SOURCES.txt'
writing manifest file 'flexiv_gazebo.egg-info/SOURCES.txt'
Built target ament_cmake_python_build_flexiv_gazebo_egg
-- Install configuration: ""
-- Up-to-date: /home/casey/flexiv_ros2_ws/install/flexiv_gazebo/share/flexiv_gazebo/config
-- Up-to-date: /home/casey/flexiv_ros2_ws/install/flexiv_gazebo/share/flexiv_gazebo/config/ros_gz_bridge.yaml
-- Up-to-date: /home/casey/flexiv_ros2_ws/install/flexiv_gazebo/share/flexiv_gazebo/launch
-- Up-to-date: /home/casey/flexiv_ros2_ws/install/flexiv_gazebo/share/flexiv_gazebo/launch/rizon_bringup_gazebo.launch.py
-- Up-to-date: /home/casey/flexiv_ros2_ws/install/flexiv_gazebo/share/flexiv_gazebo/models
-- Up-to-date: /home/casey/flexiv_ros2_ws/install/flexiv_gazebo/share/flexiv_gazebo/scripts
-- Up-to-date: /home/casey/flexiv_ros2_ws/install/flexiv_gazebo/share/flexiv_gazebo/scripts/__init__.py
-- Up-to-date: /home/casey/flexiv_ros2_ws/install/flexiv_gazebo/share/flexiv_gazebo/scripts/publisher_joint_trajectory_controller.py
-- Up-to-date: /home/casey/flexiv_ros2_ws/install/flexiv_gazebo/share/flexiv_gazebo/scripts/sine_sweep_impedance_controller.py
-- Up-to-date: /home/casey/flexiv_ros2_ws/install/flexiv_gazebo/share/flexiv_gazebo/scripts/sine_sweep_position_controller.py
-- Up-to-date: /home/casey/flexiv_ros2_ws/install/flexiv_gazebo/share/flexiv_gazebo/src
-- Up-to-date: /home/casey/flexiv_ros2_ws/install/flexiv_gazebo/share/flexiv_gazebo/urdf
-- Installing: /home/casey/flexiv_ros2_ws/install/flexiv_gazebo/share/flexiv_gazebo/urdf/rizon.urdf.xacro
-- Up-to-date: /home/casey/flexiv_ros2_ws/install/flexiv_gazebo/share/flexiv_gazebo/urdf/rizon_macro.xacro
-- Up-to-date: /home/casey/flexiv_ros2_ws/install/flexiv_gazebo/share/flexiv_gazebo/urdf/rizon10_joints_links.xacro
-- Up-to-date: /home/casey/flexiv_ros2_ws/install/flexiv_gazebo/share/flexiv_gazebo/urdf/rizon4.ros2_control.xacro
-- Up-to-date: /home/casey/flexiv_ros2_ws/install/flexiv_gazebo/share/flexiv_gazebo/urdf/rizon4_joints_links.xacro
-- Up-to-date: /home/casey/flexiv_ros2_ws/install/flexiv_gazebo/share/flexiv_gazebo/urdf/rizon10.ros2_control.xacro
-- Up-to-date: /home/casey/flexiv_ros2_ws/install/flexiv_gazebo/share/flexiv_gazebo/urdf/flexiv_arm.materials.xacro
-- Up-to-date: /home/casey/flexiv_ros2_ws/install/flexiv_gazebo/share/flexiv_gazebo/worlds
-- Up-to-date: /home/casey/flexiv_ros2_ws/install/flexiv_gazebo/share/flexiv_gazebo/worlds/empty.world
-- Up-to-date: /home/casey/flexiv_ros2_ws/install/flexiv_gazebo/include
-- Up-to-date: /home/casey/flexiv_ros2_ws/install/flexiv_gazebo/include/flexiv_gazebo
-- Up-to-date: /home/casey/flexiv_ros2_ws/install/flexiv_gazebo/share/flexiv_gazebo/environment/pythonpath.sh
-- Up-to-date: /home/casey/flexiv_ros2_ws/install/flexiv_gazebo/share/flexiv_gazebo/environment/pythonpath.dsv
-- Up-to-date: /home/casey/flexiv_ros2_ws/install/flexiv_gazebo/local/lib/python3.10/dist-packages/flexiv_gazebo-0.0.0-py3.10.egg-info
-- Installing: /home/casey/flexiv_ros2_ws/install/flexiv_gazebo/local/lib/python3.10/dist-packages/flexiv_gazebo-0.0.0-py3.10.egg-info/PKG-INFO
-- Installing: /home/casey/flexiv_ros2_ws/install/flexiv_gazebo/local/lib/python3.10/dist-packages/flexiv_gazebo-0.0.0-py3.10.egg-info/SOURCES.txt
-- Installing: /home/casey/flexiv_ros2_ws/install/flexiv_gazebo/local/lib/python3.10/dist-packages/flexiv_gazebo-0.0.0-py3.10.egg-info/top_level.txt
-- Installing: /home/casey/flexiv_ros2_ws/install/flexiv_gazebo/local/lib/python3.10/dist-packages/flexiv_gazebo-0.0.0-py3.10.egg-info/dependency_links.txt
-- Up-to-date: /home/casey/flexiv_ros2_ws/install/flexiv_gazebo/local/lib/python3.10/dist-packages/flexiv_gazebo
-- Up-to-date: /home/casey/flexiv_ros2_ws/install/flexiv_gazebo/local/lib/python3.10/dist-packages/flexiv_gazebo/__init__.py
Listing '/home/casey/flexiv_ros2_ws/install/flexiv_gazebo/local/lib/python3.10/dist-packages/flexiv_gazebo'...
-- Up-to-date: /home/casey/flexiv_ros2_ws/install/flexiv_gazebo/lib/flexiv_gazebo/publisher_joint_trajectory_controller.py
-- Up-to-date: /home/casey/flexiv_ros2_ws/install/flexiv_gazebo/lib/flexiv_gazebo/sine_sweep_impedance_controller.py
-- Up-to-date: /home/casey/flexiv_ros2_ws/install/flexiv_gazebo/lib/flexiv_gazebo/sine_sweep_position_controller.py
-- Up-to-date: /home/casey/flexiv_ros2_ws/install/flexiv_gazebo/share/ament_index/resource_index/package_run_dependencies/flexiv_gazebo
-- Up-to-date: /home/casey/flexiv_ros2_ws/install/flexiv_gazebo/share/ament_index/resource_index/parent_prefix_path/flexiv_gazebo
-- Up-to-date: /home/casey/flexiv_ros2_ws/install/flexiv_gazebo/share/flexiv_gazebo/environment/ament_prefix_path.sh
-- Up-to-date: /home/casey/flexiv_ros2_ws/install/flexiv_gazebo/share/flexiv_gazebo/environment/ament_prefix_path.dsv
-- Up-to-date: /home/casey/flexiv_ros2_ws/install/flexiv_gazebo/share/flexiv_gazebo/environment/path.sh
-- Up-to-date: /home/casey/flexiv_ros2_ws/install/flexiv_gazebo/share/flexiv_gazebo/environment/path.dsv
-- Up-to-date: /home/casey/flexiv_ros2_ws/install/flexiv_gazebo/share/flexiv_gazebo/local_setup.bash
-- Up-to-date: /home/casey/flexiv_ros2_ws/install/flexiv_gazebo/share/flexiv_gazebo/local_setup.sh
-- Up-to-date: /home/casey/flexiv_ros2_ws/install/flexiv_gazebo/share/flexiv_gazebo/local_setup.zsh
-- Up-to-date: /home/casey/flexiv_ros2_ws/install/flexiv_gazebo/share/flexiv_gazebo/local_setup.dsv
-- Up-to-date: /home/casey/flexiv_ros2_ws/install/flexiv_gazebo/share/flexiv_gazebo/package.dsv
-- Up-to-date: /home/casey/flexiv_ros2_ws/install/flexiv_gazebo/share/ament_index/resource_index/packages/flexiv_gazebo
-- Up-to-date: /home/casey/flexiv_ros2_ws/install/flexiv_gazebo/share/flexiv_gazebo/cmake/flexiv_gazeboConfig.cmake
-- Up-to-date: /home/casey/flexiv_ros2_ws/install/flexiv_gazebo/share/flexiv_gazebo/cmake/flexiv_gazeboConfig-version.cmake
-- Up-to-date: /home/casey/flexiv_ros2_ws/install/flexiv_gazebo/share/flexiv_gazebo/package.xml
