[0.154s] Invoking command in '/home/casey/flexiv_ros2_ws/build/flexiv_gazebo': CMAKE_PREFIX_PATH=${CMAKE_PREFIX_PATH}:/home/casey/flexiv_ros2_ws/install/flexiv_test_nodes:/opt/ros/humble /usr/bin/cmake --build /home/casey/flexiv_ros2_ws/build/flexiv_gazebo -- -j16 -l16
[0.217s] Built target ament_cmake_python_copy_flexiv_gazebo
[0.345s] running egg_info
[0.352s] writing flexiv_gazebo.egg-info/PKG-INFO
[0.353s] writing dependency_links to flexiv_gazebo.egg-info/dependency_links.txt
[0.353s] writing top-level names to flexiv_gazebo.egg-info/top_level.txt
[0.372s] reading manifest file 'flexiv_gazebo.egg-info/SOURCES.txt'
[0.373s] writing manifest file 'flexiv_gazebo.egg-info/SOURCES.txt'
[0.399s] Built target ament_cmake_python_build_flexiv_gazebo_egg
[0.409s] Invoked command in '/home/casey/flexiv_ros2_ws/build/flexiv_gazebo' returned '0': CMAKE_PREFIX_PATH=${CMAKE_PREFIX_PATH}:/home/casey/flexiv_ros2_ws/install/flexiv_test_nodes:/opt/ros/humble /usr/bin/cmake --build /home/casey/flexiv_ros2_ws/build/flexiv_gazebo -- -j16 -l16
[0.437s] Invoking command in '/home/casey/flexiv_ros2_ws/build/flexiv_gazebo': CMAKE_PREFIX_PATH=${CMAKE_PREFIX_PATH}:/home/casey/flexiv_ros2_ws/install/flexiv_test_nodes:/opt/ros/humble /usr/bin/cmake --install /home/casey/flexiv_ros2_ws/build/flexiv_gazebo
[0.444s] -- Install configuration: ""
[0.444s] -- Up-to-date: /home/casey/flexiv_ros2_ws/install/flexiv_gazebo/share/flexiv_gazebo/config
[0.444s] -- Up-to-date: /home/casey/flexiv_ros2_ws/install/flexiv_gazebo/share/flexiv_gazebo/config/ros_gz_bridge.yaml
[0.444s] -- Up-to-date: /home/casey/flexiv_ros2_ws/install/flexiv_gazebo/share/flexiv_gazebo/launch
[0.444s] -- Up-to-date: /home/casey/flexiv_ros2_ws/install/flexiv_gazebo/share/flexiv_gazebo/launch/rizon_bringup_gazebo.launch.py
[0.444s] -- Up-to-date: /home/casey/flexiv_ros2_ws/install/flexiv_gazebo/share/flexiv_gazebo/models
[0.445s] -- Up-to-date: /home/casey/flexiv_ros2_ws/install/flexiv_gazebo/share/flexiv_gazebo/scripts
[0.445s] -- Up-to-date: /home/casey/flexiv_ros2_ws/install/flexiv_gazebo/share/flexiv_gazebo/scripts/__init__.py
[0.445s] -- Up-to-date: /home/casey/flexiv_ros2_ws/install/flexiv_gazebo/share/flexiv_gazebo/scripts/publisher_joint_trajectory_controller.py
[0.445s] -- Up-to-date: /home/casey/flexiv_ros2_ws/install/flexiv_gazebo/share/flexiv_gazebo/scripts/sine_sweep_impedance_controller.py
[0.445s] -- Up-to-date: /home/casey/flexiv_ros2_ws/install/flexiv_gazebo/share/flexiv_gazebo/scripts/sine_sweep_position_controller.py
[0.445s] -- Up-to-date: /home/casey/flexiv_ros2_ws/install/flexiv_gazebo/share/flexiv_gazebo/src
[0.445s] -- Up-to-date: /home/casey/flexiv_ros2_ws/install/flexiv_gazebo/share/flexiv_gazebo/urdf
[0.445s] -- Installing: /home/casey/flexiv_ros2_ws/install/flexiv_gazebo/share/flexiv_gazebo/urdf/rizon.urdf.xacro
[0.445s] -- Up-to-date: /home/casey/flexiv_ros2_ws/install/flexiv_gazebo/share/flexiv_gazebo/urdf/rizon_macro.xacro
[0.445s] -- Up-to-date: /home/casey/flexiv_ros2_ws/install/flexiv_gazebo/share/flexiv_gazebo/urdf/rizon10_joints_links.xacro
[0.445s] -- Up-to-date: /home/casey/flexiv_ros2_ws/install/flexiv_gazebo/share/flexiv_gazebo/urdf/rizon4.ros2_control.xacro
[0.445s] -- Up-to-date: /home/casey/flexiv_ros2_ws/install/flexiv_gazebo/share/flexiv_gazebo/urdf/rizon4_joints_links.xacro
[0.445s] -- Up-to-date: /home/casey/flexiv_ros2_ws/install/flexiv_gazebo/share/flexiv_gazebo/urdf/rizon10.ros2_control.xacro
[0.445s] -- Up-to-date: /home/casey/flexiv_ros2_ws/install/flexiv_gazebo/share/flexiv_gazebo/urdf/flexiv_arm.materials.xacro
[0.445s] -- Up-to-date: /home/casey/flexiv_ros2_ws/install/flexiv_gazebo/share/flexiv_gazebo/worlds
[0.445s] -- Up-to-date: /home/casey/flexiv_ros2_ws/install/flexiv_gazebo/share/flexiv_gazebo/worlds/empty.world
[0.445s] -- Up-to-date: /home/casey/flexiv_ros2_ws/install/flexiv_gazebo/include
[0.445s] -- Up-to-date: /home/casey/flexiv_ros2_ws/install/flexiv_gazebo/include/flexiv_gazebo
[0.445s] -- Up-to-date: /home/casey/flexiv_ros2_ws/install/flexiv_gazebo/share/flexiv_gazebo/environment/pythonpath.sh
[0.445s] -- Up-to-date: /home/casey/flexiv_ros2_ws/install/flexiv_gazebo/share/flexiv_gazebo/environment/pythonpath.dsv
[0.445s] -- Up-to-date: /home/casey/flexiv_ros2_ws/install/flexiv_gazebo/local/lib/python3.10/dist-packages/flexiv_gazebo-0.0.0-py3.10.egg-info
[0.445s] -- Installing: /home/casey/flexiv_ros2_ws/install/flexiv_gazebo/local/lib/python3.10/dist-packages/flexiv_gazebo-0.0.0-py3.10.egg-info/PKG-INFO
[0.446s] -- Installing: /home/casey/flexiv_ros2_ws/install/flexiv_gazebo/local/lib/python3.10/dist-packages/flexiv_gazebo-0.0.0-py3.10.egg-info/SOURCES.txt
[0.446s] -- Installing: /home/casey/flexiv_ros2_ws/install/flexiv_gazebo/local/lib/python3.10/dist-packages/flexiv_gazebo-0.0.0-py3.10.egg-info/top_level.txt
[0.446s] -- Installing: /home/casey/flexiv_ros2_ws/install/flexiv_gazebo/local/lib/python3.10/dist-packages/flexiv_gazebo-0.0.0-py3.10.egg-info/dependency_links.txt
[0.446s] -- Up-to-date: /home/casey/flexiv_ros2_ws/install/flexiv_gazebo/local/lib/python3.10/dist-packages/flexiv_gazebo
[0.446s] -- Up-to-date: /home/casey/flexiv_ros2_ws/install/flexiv_gazebo/local/lib/python3.10/dist-packages/flexiv_gazebo/__init__.py
[0.467s] Listing '/home/casey/flexiv_ros2_ws/install/flexiv_gazebo/local/lib/python3.10/dist-packages/flexiv_gazebo'...
[0.470s] -- Up-to-date: /home/casey/flexiv_ros2_ws/install/flexiv_gazebo/lib/flexiv_gazebo/publisher_joint_trajectory_controller.py
[0.470s] -- Up-to-date: /home/casey/flexiv_ros2_ws/install/flexiv_gazebo/lib/flexiv_gazebo/sine_sweep_impedance_controller.py
[0.470s] -- Up-to-date: /home/casey/flexiv_ros2_ws/install/flexiv_gazebo/lib/flexiv_gazebo/sine_sweep_position_controller.py
[0.470s] -- Up-to-date: /home/casey/flexiv_ros2_ws/install/flexiv_gazebo/share/ament_index/resource_index/package_run_dependencies/flexiv_gazebo
[0.470s] -- Up-to-date: /home/casey/flexiv_ros2_ws/install/flexiv_gazebo/share/ament_index/resource_index/parent_prefix_path/flexiv_gazebo
[0.470s] -- Up-to-date: /home/casey/flexiv_ros2_ws/install/flexiv_gazebo/share/flexiv_gazebo/environment/ament_prefix_path.sh
[0.470s] -- Up-to-date: /home/casey/flexiv_ros2_ws/install/flexiv_gazebo/share/flexiv_gazebo/environment/ament_prefix_path.dsv
[0.470s] -- Up-to-date: /home/casey/flexiv_ros2_ws/install/flexiv_gazebo/share/flexiv_gazebo/environment/path.sh
[0.470s] -- Up-to-date: /home/casey/flexiv_ros2_ws/install/flexiv_gazebo/share/flexiv_gazebo/environment/path.dsv
[0.470s] -- Up-to-date: /home/casey/flexiv_ros2_ws/install/flexiv_gazebo/share/flexiv_gazebo/local_setup.bash
[0.470s] -- Up-to-date: /home/casey/flexiv_ros2_ws/install/flexiv_gazebo/share/flexiv_gazebo/local_setup.sh
[0.470s] -- Up-to-date: /home/casey/flexiv_ros2_ws/install/flexiv_gazebo/share/flexiv_gazebo/local_setup.zsh
[0.470s] -- Up-to-date: /home/casey/flexiv_ros2_ws/install/flexiv_gazebo/share/flexiv_gazebo/local_setup.dsv
[0.471s] -- Up-to-date: /home/casey/flexiv_ros2_ws/install/flexiv_gazebo/share/flexiv_gazebo/package.dsv
[0.471s] -- Up-to-date: /home/casey/flexiv_ros2_ws/install/flexiv_gazebo/share/ament_index/resource_index/packages/flexiv_gazebo
[0.471s] -- Up-to-date: /home/casey/flexiv_ros2_ws/install/flexiv_gazebo/share/flexiv_gazebo/cmake/flexiv_gazeboConfig.cmake
[0.471s] -- Up-to-date: /home/casey/flexiv_ros2_ws/install/flexiv_gazebo/share/flexiv_gazebo/cmake/flexiv_gazeboConfig-version.cmake
[0.471s] -- Up-to-date: /home/casey/flexiv_ros2_ws/install/flexiv_gazebo/share/flexiv_gazebo/package.xml
[0.473s] Invoked command in '/home/casey/flexiv_ros2_ws/build/flexiv_gazebo' returned '0': CMAKE_PREFIX_PATH=${CMAKE_PREFIX_PATH}:/home/casey/flexiv_ros2_ws/install/flexiv_test_nodes:/opt/ros/humble /usr/bin/cmake --install /home/casey/flexiv_ros2_ws/build/flexiv_gazebo
