[0.011s] Invoking command in '/home/casey/flexiv_ros2_ws/build/flexiv_controllers': CMAKE_PREFIX_PATH=/home/casey/flexiv_ros2_ws/install/flexiv_msgs:/home/casey/flexiv_ros2_ws/install/flexiv_bringup:/home/casey/flexiv_ros2_ws/install/flexiv_controllers:/home/casey/flexiv_ros2_ws/install/flexiv_moveit_config:/home/casey/flexiv_ros2_ws/install/flexiv_hardware:/home/casey/flexiv_ros2_ws/install/flexiv_description:/home/casey/flexiv_ros2_ws/install/flexiv_test_nodes:/opt/ros/humble LD_LIBRARY_PATH=/home/casey/flexiv_ros2_ws/install/flexiv_msgs/lib:/home/casey/flexiv_ros2_ws/install/flexiv_controllers/lib:/home/casey/flexiv_ros2_ws/install/flexiv_hardware/lib:/opt/ros/humble/opt/rviz_ogre_vendor/lib:/opt/ros/humble/lib/x86_64-linux-gnu:/opt/ros/humble/lib /usr/bin/cmake /home/casey/flexiv_ros2_ws/src/flexiv_ros2/flexiv_controllers -DCMAKE_INSTALL_PREFIX=/home/casey/flexiv_ros2_ws/install/flexiv_controllers
[0.023s] -- Found ament_cmake: 1.3.9 (/opt/ros/humble/share/ament_cmake/cmake)
[0.099s] -- Override CMake install command with custom implementation using symlinks instead of copying resources
[0.107s] -- Found controller_interface: 2.41.0 (/opt/ros/humble/share/controller_interface/cmake)
[0.126s] -- Found rosidl_generator_c: 3.1.5 (/opt/ros/humble/share/rosidl_generator_c/cmake)
[0.127s] -- Found rosidl_adapter: 3.1.5 (/opt/ros/humble/share/rosidl_adapter/cmake)
[0.131s] -- Found rosidl_generator_cpp: 3.1.5 (/opt/ros/humble/share/rosidl_generator_cpp/cmake)
[0.138s] -- Using all available rosidl_typesupport_c: rosidl_typesupport_fastrtps_c;rosidl_typesupport_introspection_c
[0.146s] -- Using all available rosidl_typesupport_cpp: rosidl_typesupport_fastrtps_cpp;rosidl_typesupport_introspection_cpp
[0.519s] -- Found rmw_implementation_cmake: 6.1.2 (/opt/ros/humble/share/rmw_implementation_cmake/cmake)
[0.519s] -- Found rmw_fastrtps_cpp: 6.2.6 (/opt/ros/humble/share/rmw_fastrtps_cpp/cmake)
[0.538s] -- Found TinyXML2 via Config file: TinyXML2_DIR-NOTFOUND
[0.545s] -- Found TinyXML2 via Config file: TinyXML2_DIR-NOTFOUND
[0.560s] -- Found TinyXML2 via Config file: TinyXML2_DIR-NOTFOUND
[0.567s] -- Found TinyXML2 via Config file: TinyXML2_DIR-NOTFOUND
[0.575s] -- Using RMW implementation 'rmw_fastrtps_cpp' as default
[0.724s] -- Found realtime_tools: 2.5.0 (/opt/ros/humble/share/realtime_tools/cmake)
[0.747s] -- Found flexiv_msgs: 0.10.0 (/home/casey/flexiv_ros2_ws/install/flexiv_msgs/share/flexiv_msgs/cmake)
[0.980s] -- Configuring done
[1.000s] -- Generating done
[1.002s] -- Build files have been written to: /home/casey/flexiv_ros2_ws/build/flexiv_controllers
[1.009s] Invoked command in '/home/casey/flexiv_ros2_ws/build/flexiv_controllers' returned '0': CMAKE_PREFIX_PATH=/home/casey/flexiv_ros2_ws/install/flexiv_msgs:/home/casey/flexiv_ros2_ws/install/flexiv_bringup:/home/casey/flexiv_ros2_ws/install/flexiv_controllers:/home/casey/flexiv_ros2_ws/install/flexiv_moveit_config:/home/casey/flexiv_ros2_ws/install/flexiv_hardware:/home/casey/flexiv_ros2_ws/install/flexiv_description:/home/casey/flexiv_ros2_ws/install/flexiv_test_nodes:/opt/ros/humble LD_LIBRARY_PATH=/home/casey/flexiv_ros2_ws/install/flexiv_msgs/lib:/home/casey/flexiv_ros2_ws/install/flexiv_controllers/lib:/home/casey/flexiv_ros2_ws/install/flexiv_hardware/lib:/opt/ros/humble/opt/rviz_ogre_vendor/lib:/opt/ros/humble/lib/x86_64-linux-gnu:/opt/ros/humble/lib /usr/bin/cmake /home/casey/flexiv_ros2_ws/src/flexiv_ros2/flexiv_controllers -DCMAKE_INSTALL_PREFIX=/home/casey/flexiv_ros2_ws/install/flexiv_controllers
[1.010s] Invoking command in '/home/casey/flexiv_ros2_ws/build/flexiv_controllers': CMAKE_PREFIX_PATH=/home/casey/flexiv_ros2_ws/install/flexiv_msgs:/home/casey/flexiv_ros2_ws/install/flexiv_bringup:/home/casey/flexiv_ros2_ws/install/flexiv_controllers:/home/casey/flexiv_ros2_ws/install/flexiv_moveit_config:/home/casey/flexiv_ros2_ws/install/flexiv_hardware:/home/casey/flexiv_ros2_ws/install/flexiv_description:/home/casey/flexiv_ros2_ws/install/flexiv_test_nodes:/opt/ros/humble LD_LIBRARY_PATH=/home/casey/flexiv_ros2_ws/install/flexiv_msgs/lib:/home/casey/flexiv_ros2_ws/install/flexiv_controllers/lib:/home/casey/flexiv_ros2_ws/install/flexiv_hardware/lib:/opt/ros/humble/opt/rviz_ogre_vendor/lib:/opt/ros/humble/lib/x86_64-linux-gnu:/opt/ros/humble/lib /usr/bin/cmake --build /home/casey/flexiv_ros2_ws/build/flexiv_controllers -- -j16 -l16
[1.054s] [35m[1mConsolidate compiler generated dependencies of target flexiv_controllers[0m
[1.078s] [100%] Built target flexiv_controllers
[1.088s] Invoked command in '/home/casey/flexiv_ros2_ws/build/flexiv_controllers' returned '0': CMAKE_PREFIX_PATH=/home/casey/flexiv_ros2_ws/install/flexiv_msgs:/home/casey/flexiv_ros2_ws/install/flexiv_bringup:/home/casey/flexiv_ros2_ws/install/flexiv_controllers:/home/casey/flexiv_ros2_ws/install/flexiv_moveit_config:/home/casey/flexiv_ros2_ws/install/flexiv_hardware:/home/casey/flexiv_ros2_ws/install/flexiv_description:/home/casey/flexiv_ros2_ws/install/flexiv_test_nodes:/opt/ros/humble LD_LIBRARY_PATH=/home/casey/flexiv_ros2_ws/install/flexiv_msgs/lib:/home/casey/flexiv_ros2_ws/install/flexiv_controllers/lib:/home/casey/flexiv_ros2_ws/install/flexiv_hardware/lib:/opt/ros/humble/opt/rviz_ogre_vendor/lib:/opt/ros/humble/lib/x86_64-linux-gnu:/opt/ros/humble/lib /usr/bin/cmake --build /home/casey/flexiv_ros2_ws/build/flexiv_controllers -- -j16 -l16
[1.126s] Invoking command in '/home/casey/flexiv_ros2_ws/build/flexiv_controllers': CMAKE_PREFIX_PATH=/home/casey/flexiv_ros2_ws/install/flexiv_msgs:/home/casey/flexiv_ros2_ws/install/flexiv_bringup:/home/casey/flexiv_ros2_ws/install/flexiv_controllers:/home/casey/flexiv_ros2_ws/install/flexiv_moveit_config:/home/casey/flexiv_ros2_ws/install/flexiv_hardware:/home/casey/flexiv_ros2_ws/install/flexiv_description:/home/casey/flexiv_ros2_ws/install/flexiv_test_nodes:/opt/ros/humble LD_LIBRARY_PATH=/home/casey/flexiv_ros2_ws/install/flexiv_msgs/lib:/home/casey/flexiv_ros2_ws/install/flexiv_controllers/lib:/home/casey/flexiv_ros2_ws/install/flexiv_hardware/lib:/opt/ros/humble/opt/rviz_ogre_vendor/lib:/opt/ros/humble/lib/x86_64-linux-gnu:/opt/ros/humble/lib /usr/bin/cmake --install /home/casey/flexiv_ros2_ws/build/flexiv_controllers
[1.132s] -- Install configuration: ""
[1.132s] -- Execute custom install script
[1.133s] -- Up-to-date symlink: /home/casey/flexiv_ros2_ws/install/flexiv_controllers/share/flexiv_controllers//flexiv_controllers_plugins.xml
[1.133s] -- Up-to-date symlink: /home/casey/flexiv_ros2_ws/install/flexiv_controllers/include/flexiv_controllers/cartesian_pose_sensor.hpp
[1.133s] -- Up-to-date symlink: /home/casey/flexiv_ros2_ws/install/flexiv_controllers/include/flexiv_controllers/external_tcp_wrench_broadcaster.hpp
[1.133s] -- Up-to-date symlink: /home/casey/flexiv_ros2_ws/install/flexiv_controllers/include/flexiv_controllers/gpio_controller.hpp
[1.133s] -- Up-to-date symlink: /home/casey/flexiv_ros2_ws/install/flexiv_controllers/include/flexiv_controllers/joint_impedance_controller.hpp
[1.133s] -- Up-to-date symlink: /home/casey/flexiv_ros2_ws/install/flexiv_controllers/include/flexiv_controllers/tcp_pose_state_broadcaster.hpp
[1.134s] -- Up-to-date symlink: /home/casey/flexiv_ros2_ws/install/flexiv_controllers/lib/libflexiv_controllers.so
[1.134s] -- Up-to-date symlink: /home/casey/flexiv_ros2_ws/install/flexiv_controllers/share/flexiv_controllers/flexiv_controllers_plugins.xml
[1.134s] -- Up-to-date symlink: /home/casey/flexiv_ros2_ws/install/flexiv_controllers/share/flexiv_controllers/environment/library_path.sh
[1.134s] -- Up-to-date symlink: /home/casey/flexiv_ros2_ws/install/flexiv_controllers/share/flexiv_controllers/environment/library_path.dsv
[1.134s] -- Up-to-date symlink: /home/casey/flexiv_ros2_ws/install/flexiv_controllers/share/ament_index/resource_index/package_run_dependencies/flexiv_controllers
[1.134s] -- Up-to-date symlink: /home/casey/flexiv_ros2_ws/install/flexiv_controllers/share/ament_index/resource_index/parent_prefix_path/flexiv_controllers
[1.134s] -- Up-to-date symlink: /home/casey/flexiv_ros2_ws/install/flexiv_controllers/share/flexiv_controllers/environment/ament_prefix_path.sh
[1.134s] -- Up-to-date symlink: /home/casey/flexiv_ros2_ws/install/flexiv_controllers/share/flexiv_controllers/environment/ament_prefix_path.dsv
[1.135s] -- Up-to-date symlink: /home/casey/flexiv_ros2_ws/install/flexiv_controllers/share/flexiv_controllers/environment/path.sh
[1.135s] -- Up-to-date symlink: /home/casey/flexiv_ros2_ws/install/flexiv_controllers/share/flexiv_controllers/environment/path.dsv
[1.135s] -- Up-to-date symlink: /home/casey/flexiv_ros2_ws/install/flexiv_controllers/share/flexiv_controllers/local_setup.bash
[1.135s] -- Up-to-date symlink: /home/casey/flexiv_ros2_ws/install/flexiv_controllers/share/flexiv_controllers/local_setup.sh
[1.135s] -- Up-to-date symlink: /home/casey/flexiv_ros2_ws/install/flexiv_controllers/share/flexiv_controllers/local_setup.zsh
[1.135s] -- Up-to-date symlink: /home/casey/flexiv_ros2_ws/install/flexiv_controllers/share/flexiv_controllers/local_setup.dsv
[1.135s] -- Symlinking: /home/casey/flexiv_ros2_ws/install/flexiv_controllers/share/flexiv_controllers/package.dsv
[1.144s] -- Up-to-date symlink: /home/casey/flexiv_ros2_ws/install/flexiv_controllers/share/ament_index/resource_index/packages/flexiv_controllers
[1.144s] -- Up-to-date symlink: /home/casey/flexiv_ros2_ws/install/flexiv_controllers/share/ament_index/resource_index/controller_interface__pluginlib__plugin/flexiv_controllers
[1.144s] -- Up-to-date symlink: /home/casey/flexiv_ros2_ws/install/flexiv_controllers/share/flexiv_controllers/cmake/ament_cmake_export_dependencies-extras.cmake
[1.144s] -- Up-to-date symlink: /home/casey/flexiv_ros2_ws/install/flexiv_controllers/share/flexiv_controllers/cmake/ament_cmake_export_include_directories-extras.cmake
[1.144s] -- Up-to-date symlink: /home/casey/flexiv_ros2_ws/install/flexiv_controllers/share/flexiv_controllers/cmake/ament_cmake_export_libraries-extras.cmake
[1.144s] -- Up-to-date symlink: /home/casey/flexiv_ros2_ws/install/flexiv_controllers/share/flexiv_controllers/cmake/flexiv_controllersConfig.cmake
[1.145s] -- Up-to-date symlink: /home/casey/flexiv_ros2_ws/install/flexiv_controllers/share/flexiv_controllers/cmake/flexiv_controllersConfig-version.cmake
[1.145s] -- Up-to-date symlink: /home/casey/flexiv_ros2_ws/install/flexiv_controllers/share/flexiv_controllers/package.xml
[1.147s] Invoked command in '/home/casey/flexiv_ros2_ws/build/flexiv_controllers' returned '0': CMAKE_PREFIX_PATH=/home/casey/flexiv_ros2_ws/install/flexiv_msgs:/home/casey/flexiv_ros2_ws/install/flexiv_bringup:/home/casey/flexiv_ros2_ws/install/flexiv_controllers:/home/casey/flexiv_ros2_ws/install/flexiv_moveit_config:/home/casey/flexiv_ros2_ws/install/flexiv_hardware:/home/casey/flexiv_ros2_ws/install/flexiv_description:/home/casey/flexiv_ros2_ws/install/flexiv_test_nodes:/opt/ros/humble LD_LIBRARY_PATH=/home/casey/flexiv_ros2_ws/install/flexiv_msgs/lib:/home/casey/flexiv_ros2_ws/install/flexiv_controllers/lib:/home/casey/flexiv_ros2_ws/install/flexiv_hardware/lib:/opt/ros/humble/opt/rviz_ogre_vendor/lib:/opt/ros/humble/lib/x86_64-linux-gnu:/opt/ros/humble/lib /usr/bin/cmake --install /home/casey/flexiv_ros2_ws/build/flexiv_controllers
