[0.018s] Invoking command in '/home/casey/flexiv_ros2_ws/build/flexiv_hardware': CMAKE_PREFIX_PATH=${CMAKE_PREFIX_PATH}:/home/casey/flexiv_ros2_ws/install/flexiv_test_nodes:/opt/ros/humble /usr/bin/cmake --build /home/casey/flexiv_ros2_ws/build/flexiv_hardware -- -j16 -l16
[0.073s] [100%] Built target flexiv_hardware
[0.212s] Invoked command in '/home/casey/flexiv_ros2_ws/build/flexiv_hardware' returned '0': CMAKE_PREFIX_PATH=${CMAKE_PREFIX_PATH}:/home/casey/flexiv_ros2_ws/install/flexiv_test_nodes:/opt/ros/humble /usr/bin/cmake --build /home/casey/flexiv_ros2_ws/build/flexiv_hardware -- -j16 -l16
[0.254s] Invoking command in '/home/casey/flexiv_ros2_ws/build/flexiv_hardware': CMAKE_PREFIX_PATH=${CMAKE_PREFIX_PATH}:/home/casey/flexiv_ros2_ws/install/flexiv_test_nodes:/opt/ros/humble /usr/bin/cmake --install /home/casey/flexiv_ros2_ws/build/flexiv_hardware
[0.261s] -- Install configuration: ""
[0.262s] -- Execute custom install script
[0.262s] -- Up-to-date symlink: /home/casey/flexiv_ros2_ws/install/flexiv_hardware/share/flexiv_hardware//flexiv_hardware_interface_plugin.xml
[0.262s] -- Up-to-date symlink: /home/casey/flexiv_ros2_ws/install/flexiv_hardware/lib/libflexiv_hardware.so
[0.262s] -- Up-to-date symlink: /home/casey/flexiv_ros2_ws/install/flexiv_hardware/include/flexiv_hardware/flexiv_hardware_interface.hpp
[0.262s] -- Up-to-date symlink: /home/casey/flexiv_ros2_ws/install/flexiv_hardware/include/flexiv_hardware/visibility_control.h
[0.262s] -- Up-to-date symlink: /home/casey/flexiv_ros2_ws/install/flexiv_hardware/share/flexiv_hardware/environment/library_path.sh
[0.263s] -- Up-to-date symlink: /home/casey/flexiv_ros2_ws/install/flexiv_hardware/share/flexiv_hardware/environment/library_path.dsv
[0.263s] -- Up-to-date symlink: /home/casey/flexiv_ros2_ws/install/flexiv_hardware/share/ament_index/resource_index/package_run_dependencies/flexiv_hardware
[0.263s] -- Up-to-date symlink: /home/casey/flexiv_ros2_ws/install/flexiv_hardware/share/ament_index/resource_index/parent_prefix_path/flexiv_hardware
[0.263s] -- Up-to-date symlink: /home/casey/flexiv_ros2_ws/install/flexiv_hardware/share/flexiv_hardware/environment/ament_prefix_path.sh
[0.263s] -- Up-to-date symlink: /home/casey/flexiv_ros2_ws/install/flexiv_hardware/share/flexiv_hardware/environment/ament_prefix_path.dsv
[0.263s] -- Up-to-date symlink: /home/casey/flexiv_ros2_ws/install/flexiv_hardware/share/flexiv_hardware/environment/path.sh
[0.263s] -- Up-to-date symlink: /home/casey/flexiv_ros2_ws/install/flexiv_hardware/share/flexiv_hardware/environment/path.dsv
[0.263s] -- Up-to-date symlink: /home/casey/flexiv_ros2_ws/install/flexiv_hardware/share/flexiv_hardware/local_setup.bash
[0.263s] -- Up-to-date symlink: /home/casey/flexiv_ros2_ws/install/flexiv_hardware/share/flexiv_hardware/local_setup.sh
[0.263s] -- Up-to-date symlink: /home/casey/flexiv_ros2_ws/install/flexiv_hardware/share/flexiv_hardware/local_setup.zsh
[0.263s] -- Up-to-date symlink: /home/casey/flexiv_ros2_ws/install/flexiv_hardware/share/flexiv_hardware/local_setup.dsv
[0.263s] -- Symlinking: /home/casey/flexiv_ros2_ws/install/flexiv_hardware/share/flexiv_hardware/package.dsv
[0.274s] -- Up-to-date symlink: /home/casey/flexiv_ros2_ws/install/flexiv_hardware/share/ament_index/resource_index/packages/flexiv_hardware
[0.274s] -- Up-to-date symlink: /home/casey/flexiv_ros2_ws/install/flexiv_hardware/share/ament_index/resource_index/hardware_interface__pluginlib__plugin/flexiv_hardware
[0.275s] -- Up-to-date symlink: /home/casey/flexiv_ros2_ws/install/flexiv_hardware/share/flexiv_hardware/cmake/ament_cmake_export_include_directories-extras.cmake
[0.275s] -- Up-to-date symlink: /home/casey/flexiv_ros2_ws/install/flexiv_hardware/share/flexiv_hardware/cmake/ament_cmake_export_libraries-extras.cmake
[0.275s] -- Up-to-date symlink: /home/casey/flexiv_ros2_ws/install/flexiv_hardware/share/flexiv_hardware/cmake/ament_cmake_export_dependencies-extras.cmake
[0.275s] -- Up-to-date symlink: /home/casey/flexiv_ros2_ws/install/flexiv_hardware/share/flexiv_hardware/cmake/flexiv_hardwareConfig.cmake
[0.275s] -- Up-to-date symlink: /home/casey/flexiv_ros2_ws/install/flexiv_hardware/share/flexiv_hardware/cmake/flexiv_hardwareConfig-version.cmake
[0.275s] -- Up-to-date symlink: /home/casey/flexiv_ros2_ws/install/flexiv_hardware/share/flexiv_hardware/package.xml
[0.278s] Invoked command in '/home/casey/flexiv_ros2_ws/build/flexiv_hardware' returned '0': CMAKE_PREFIX_PATH=${CMAKE_PREFIX_PATH}:/home/casey/flexiv_ros2_ws/install/flexiv_test_nodes:/opt/ros/humble /usr/bin/cmake --install /home/casey/flexiv_ros2_ws/build/flexiv_hardware
