[0.011s] Invoking command in '/home/casey/flexiv_ros2_ws/build/flexiv_controllers': CMAKE_PREFIX_PATH=/home/casey/flexiv_ros2_ws/install/flexiv_msgs:/home/casey/flexiv_ros2_ws/install/flexiv_bringup:/home/casey/flexiv_ros2_ws/install/flexiv_controllers:/home/casey/flexiv_ros2_ws/install/flexiv_moveit_config:/home/casey/flexiv_ros2_ws/install/flexiv_hardware:/home/casey/flexiv_ros2_ws/install/flexiv_description:/home/casey/flexiv_ros2_ws/install/flexiv_test_nodes:/opt/ros/humble LD_LIBRARY_PATH=/home/casey/flexiv_ros2_ws/install/flexiv_msgs/lib:/home/casey/flexiv_ros2_ws/install/flexiv_controllers/lib:/home/casey/flexiv_ros2_ws/install/flexiv_hardware/lib:/opt/ros/humble/opt/rviz_ogre_vendor/lib:/opt/ros/humble/lib/x86_64-linux-gnu:/opt/ros/humble/lib /usr/bin/cmake --build /home/casey/flexiv_ros2_ws/build/flexiv_controllers -- -j16 -l16
[0.085s] [100%] Built target flexiv_controllers
[0.100s] Invoked command in '/home/casey/flexiv_ros2_ws/build/flexiv_controllers' returned '0': CMAKE_PREFIX_PATH=/home/casey/flexiv_ros2_ws/install/flexiv_msgs:/home/casey/flexiv_ros2_ws/install/flexiv_bringup:/home/casey/flexiv_ros2_ws/install/flexiv_controllers:/home/casey/flexiv_ros2_ws/install/flexiv_moveit_config:/home/casey/flexiv_ros2_ws/install/flexiv_hardware:/home/casey/flexiv_ros2_ws/install/flexiv_description:/home/casey/flexiv_ros2_ws/install/flexiv_test_nodes:/opt/ros/humble LD_LIBRARY_PATH=/home/casey/flexiv_ros2_ws/install/flexiv_msgs/lib:/home/casey/flexiv_ros2_ws/install/flexiv_controllers/lib:/home/casey/flexiv_ros2_ws/install/flexiv_hardware/lib:/opt/ros/humble/opt/rviz_ogre_vendor/lib:/opt/ros/humble/lib/x86_64-linux-gnu:/opt/ros/humble/lib /usr/bin/cmake --build /home/casey/flexiv_ros2_ws/build/flexiv_controllers -- -j16 -l16
[0.147s] Invoking command in '/home/casey/flexiv_ros2_ws/build/flexiv_controllers': CMAKE_PREFIX_PATH=/home/casey/flexiv_ros2_ws/install/flexiv_msgs:/home/casey/flexiv_ros2_ws/install/flexiv_bringup:/home/casey/flexiv_ros2_ws/install/flexiv_controllers:/home/casey/flexiv_ros2_ws/install/flexiv_moveit_config:/home/casey/flexiv_ros2_ws/install/flexiv_hardware:/home/casey/flexiv_ros2_ws/install/flexiv_description:/home/casey/flexiv_ros2_ws/install/flexiv_test_nodes:/opt/ros/humble LD_LIBRARY_PATH=/home/casey/flexiv_ros2_ws/install/flexiv_msgs/lib:/home/casey/flexiv_ros2_ws/install/flexiv_controllers/lib:/home/casey/flexiv_ros2_ws/install/flexiv_hardware/lib:/opt/ros/humble/opt/rviz_ogre_vendor/lib:/opt/ros/humble/lib/x86_64-linux-gnu:/opt/ros/humble/lib /usr/bin/cmake --install /home/casey/flexiv_ros2_ws/build/flexiv_controllers
[0.155s] -- Install configuration: ""
[0.156s] -- Execute custom install script
[0.156s] -- Up-to-date symlink: /home/casey/flexiv_ros2_ws/install/flexiv_controllers/share/flexiv_controllers//flexiv_controllers_plugins.xml
[0.156s] -- Up-to-date symlink: /home/casey/flexiv_ros2_ws/install/flexiv_controllers/include/flexiv_controllers/cartesian_pose_sensor.hpp
[0.156s] -- Up-to-date symlink: /home/casey/flexiv_ros2_ws/install/flexiv_controllers/include/flexiv_controllers/external_tcp_wrench_broadcaster.hpp
[0.156s] -- Up-to-date symlink: /home/casey/flexiv_ros2_ws/install/flexiv_controllers/include/flexiv_controllers/gpio_controller.hpp
[0.156s] -- Up-to-date symlink: /home/casey/flexiv_ros2_ws/install/flexiv_controllers/include/flexiv_controllers/joint_impedance_controller.hpp
[0.156s] -- Up-to-date symlink: /home/casey/flexiv_ros2_ws/install/flexiv_controllers/include/flexiv_controllers/tcp_pose_state_broadcaster.hpp
[0.156s] -- Up-to-date symlink: /home/casey/flexiv_ros2_ws/install/flexiv_controllers/lib/libflexiv_controllers.so
[0.157s] -- Up-to-date symlink: /home/casey/flexiv_ros2_ws/install/flexiv_controllers/share/flexiv_controllers/flexiv_controllers_plugins.xml
[0.157s] -- Up-to-date symlink: /home/casey/flexiv_ros2_ws/install/flexiv_controllers/share/flexiv_controllers/environment/library_path.sh
[0.157s] -- Up-to-date symlink: /home/casey/flexiv_ros2_ws/install/flexiv_controllers/share/flexiv_controllers/environment/library_path.dsv
[0.157s] -- Up-to-date symlink: /home/casey/flexiv_ros2_ws/install/flexiv_controllers/share/ament_index/resource_index/package_run_dependencies/flexiv_controllers
[0.157s] -- Up-to-date symlink: /home/casey/flexiv_ros2_ws/install/flexiv_controllers/share/ament_index/resource_index/parent_prefix_path/flexiv_controllers
[0.157s] -- Up-to-date symlink: /home/casey/flexiv_ros2_ws/install/flexiv_controllers/share/flexiv_controllers/environment/ament_prefix_path.sh
[0.157s] -- Up-to-date symlink: /home/casey/flexiv_ros2_ws/install/flexiv_controllers/share/flexiv_controllers/environment/ament_prefix_path.dsv
[0.157s] -- Up-to-date symlink: /home/casey/flexiv_ros2_ws/install/flexiv_controllers/share/flexiv_controllers/environment/path.sh
[0.157s] -- Up-to-date symlink: /home/casey/flexiv_ros2_ws/install/flexiv_controllers/share/flexiv_controllers/environment/path.dsv
[0.157s] -- Up-to-date symlink: /home/casey/flexiv_ros2_ws/install/flexiv_controllers/share/flexiv_controllers/local_setup.bash
[0.158s] -- Up-to-date symlink: /home/casey/flexiv_ros2_ws/install/flexiv_controllers/share/flexiv_controllers/local_setup.sh
[0.158s] -- Up-to-date symlink: /home/casey/flexiv_ros2_ws/install/flexiv_controllers/share/flexiv_controllers/local_setup.zsh
[0.158s] -- Up-to-date symlink: /home/casey/flexiv_ros2_ws/install/flexiv_controllers/share/flexiv_controllers/local_setup.dsv
[0.158s] -- Symlinking: /home/casey/flexiv_ros2_ws/install/flexiv_controllers/share/flexiv_controllers/package.dsv
[0.166s] -- Up-to-date symlink: /home/casey/flexiv_ros2_ws/install/flexiv_controllers/share/ament_index/resource_index/packages/flexiv_controllers
[0.166s] -- Up-to-date symlink: /home/casey/flexiv_ros2_ws/install/flexiv_controllers/share/ament_index/resource_index/controller_interface__pluginlib__plugin/flexiv_controllers
[0.167s] -- Up-to-date symlink: /home/casey/flexiv_ros2_ws/install/flexiv_controllers/share/flexiv_controllers/cmake/ament_cmake_export_dependencies-extras.cmake
[0.167s] -- Up-to-date symlink: /home/casey/flexiv_ros2_ws/install/flexiv_controllers/share/flexiv_controllers/cmake/ament_cmake_export_include_directories-extras.cmake
[0.167s] -- Up-to-date symlink: /home/casey/flexiv_ros2_ws/install/flexiv_controllers/share/flexiv_controllers/cmake/ament_cmake_export_libraries-extras.cmake
[0.167s] -- Up-to-date symlink: /home/casey/flexiv_ros2_ws/install/flexiv_controllers/share/flexiv_controllers/cmake/flexiv_controllersConfig.cmake
[0.167s] -- Up-to-date symlink: /home/casey/flexiv_ros2_ws/install/flexiv_controllers/share/flexiv_controllers/cmake/flexiv_controllersConfig-version.cmake
[0.167s] -- Up-to-date symlink: /home/casey/flexiv_ros2_ws/install/flexiv_controllers/share/flexiv_controllers/package.xml
[0.170s] Invoked command in '/home/casey/flexiv_ros2_ws/build/flexiv_controllers' returned '0': CMAKE_PREFIX_PATH=/home/casey/flexiv_ros2_ws/install/flexiv_msgs:/home/casey/flexiv_ros2_ws/install/flexiv_bringup:/home/casey/flexiv_ros2_ws/install/flexiv_controllers:/home/casey/flexiv_ros2_ws/install/flexiv_moveit_config:/home/casey/flexiv_ros2_ws/install/flexiv_hardware:/home/casey/flexiv_ros2_ws/install/flexiv_description:/home/casey/flexiv_ros2_ws/install/flexiv_test_nodes:/opt/ros/humble LD_LIBRARY_PATH=/home/casey/flexiv_ros2_ws/install/flexiv_msgs/lib:/home/casey/flexiv_ros2_ws/install/flexiv_controllers/lib:/home/casey/flexiv_ros2_ws/install/flexiv_hardware/lib:/opt/ros/humble/opt/rviz_ogre_vendor/lib:/opt/ros/humble/lib/x86_64-linux-gnu:/opt/ros/humble/lib /usr/bin/cmake --install /home/casey/flexiv_ros2_ws/build/flexiv_controllers
