[0.057s] DEBUG:colcon:Command line arguments: ['/usr/bin/colcon', 'build', '--symlink-install']
[0.057s] DEBUG:colcon:Parsed command line arguments: Namespace(log_base=None, log_level=None, verb_name='build', build_base='build', install_base='install', merge_install=False, symlink_install=True, test_result_base=None, continue_on_error=False, executor='parallel', parallel_workers=16, event_handlers=None, ignore_user_meta=False, metas=['./colcon.meta'], base_paths=['.'], packages_ignore=None, packages_ignore_regex=None, paths=None, packages_up_to=None, packages_up_to_regex=None, packages_above=None, packages_above_and_dependencies=None, packages_above_depth=None, packages_select_by_dep=None, packages_skip_by_dep=None, packages_skip_up_to=None, packages_select_build_failed=False, packages_skip_build_finished=False, packages_select_test_failures=False, packages_skip_test_passed=False, packages_select=None, packages_skip=None, packages_select_regex=None, packages_skip_regex=None, packages_start=None, packages_end=None, allow_overriding=[], cmake_args=None, cmake_target=None, cmake_target_skip_unavailable=False, cmake_clean_cache=False, cmake_clean_first=False, cmake_force_configure=False, ament_cmake_args=None, catkin_cmake_args=None, catkin_skip_building_tests=False, verb_parser=<colcon_defaults.argument_parser.defaults.DefaultArgumentsDecorator object at 0x7f546f5b7cd0>, verb_extension=<colcon_core.verb.build.BuildVerb object at 0x7f546f4f88e0>, main=<bound method BuildVerb.main of <colcon_core.verb.build.BuildVerb object at 0x7f546f4f88e0>>)
[0.160s] Level 1:colcon.colcon_core.package_discovery:discover_packages(colcon_meta) check parameters
[0.160s] Level 1:colcon.colcon_core.package_discovery:discover_packages(recursive) check parameters
[0.160s] Level 1:colcon.colcon_core.package_discovery:discover_packages(ignore) check parameters
[0.160s] Level 1:colcon.colcon_core.package_discovery:discover_packages(path) check parameters
[0.160s] Level 1:colcon.colcon_core.package_discovery:discover_packages(colcon_meta) discover
[0.160s] Level 1:colcon.colcon_core.package_discovery:discover_packages(recursive) discover
[0.160s] INFO:colcon.colcon_core.package_discovery:Crawling recursively for packages in '/home/casey/flexiv_ros2_ws'
[0.160s] Level 1:colcon.colcon_core.package_identification:_identify(.) by extensions ['ignore', 'ignore_ament_install']
[0.160s] Level 1:colcon.colcon_core.package_identification:_identify(.) by extension 'ignore'
[0.161s] Level 1:colcon.colcon_core.package_identification:_identify(.) by extension 'ignore_ament_install'
[0.161s] Level 1:colcon.colcon_core.package_identification:_identify(.) by extensions ['colcon_pkg']
[0.161s] Level 1:colcon.colcon_core.package_identification:_identify(.) by extension 'colcon_pkg'
[0.161s] Level 1:colcon.colcon_core.package_identification:_identify(.) by extensions ['colcon_meta']
[0.161s] Level 1:colcon.colcon_core.package_identification:_identify(.) by extension 'colcon_meta'
[0.161s] Level 1:colcon.colcon_core.package_identification:_identify(.) by extensions ['ros']
[0.161s] Level 1:colcon.colcon_core.package_identification:_identify(.) by extension 'ros'
[0.167s] Level 1:colcon.colcon_core.package_identification:_identify(.) by extensions ['cmake', 'python']
[0.168s] Level 1:colcon.colcon_core.package_identification:_identify(.) by extension 'cmake'
[0.168s] Level 1:colcon.colcon_core.package_identification:_identify(.) by extension 'python'
[0.168s] Level 1:colcon.colcon_core.package_identification:_identify(.) by extensions ['python_setup_py']
[0.168s] Level 1:colcon.colcon_core.package_identification:_identify(.) by extension 'python_setup_py'
[0.168s] Level 1:colcon.colcon_core.package_identification:_identify(build) by extensions ['ignore', 'ignore_ament_install']
[0.168s] Level 1:colcon.colcon_core.package_identification:_identify(build) by extension 'ignore'
[0.168s] Level 1:colcon.colcon_core.package_identification:_identify(build) ignored
[0.168s] Level 1:colcon.colcon_core.package_identification:_identify(install) by extensions ['ignore', 'ignore_ament_install']
[0.168s] Level 1:colcon.colcon_core.package_identification:_identify(install) by extension 'ignore'
[0.168s] Level 1:colcon.colcon_core.package_identification:_identify(install) ignored
[0.168s] Level 1:colcon.colcon_core.package_identification:_identify(log) by extensions ['ignore', 'ignore_ament_install']
[0.168s] Level 1:colcon.colcon_core.package_identification:_identify(log) by extension 'ignore'
[0.168s] Level 1:colcon.colcon_core.package_identification:_identify(log) ignored
[0.168s] Level 1:colcon.colcon_core.package_identification:_identify(src) by extensions ['ignore', 'ignore_ament_install']
[0.168s] Level 1:colcon.colcon_core.package_identification:_identify(src) by extension 'ignore'
[0.168s] Level 1:colcon.colcon_core.package_identification:_identify(src) by extension 'ignore_ament_install'
[0.168s] Level 1:colcon.colcon_core.package_identification:_identify(src) by extensions ['colcon_pkg']
[0.168s] Level 1:colcon.colcon_core.package_identification:_identify(src) by extension 'colcon_pkg'
[0.168s] Level 1:colcon.colcon_core.package_identification:_identify(src) by extensions ['colcon_meta']
[0.168s] Level 1:colcon.colcon_core.package_identification:_identify(src) by extension 'colcon_meta'
[0.168s] Level 1:colcon.colcon_core.package_identification:_identify(src) by extensions ['ros']
[0.168s] Level 1:colcon.colcon_core.package_identification:_identify(src) by extension 'ros'
[0.168s] Level 1:colcon.colcon_core.package_identification:_identify(src) by extensions ['cmake', 'python']
[0.168s] Level 1:colcon.colcon_core.package_identification:_identify(src) by extension 'cmake'
[0.168s] Level 1:colcon.colcon_core.package_identification:_identify(src) by extension 'python'
[0.168s] Level 1:colcon.colcon_core.package_identification:_identify(src) by extensions ['python_setup_py']
[0.168s] Level 1:colcon.colcon_core.package_identification:_identify(src) by extension 'python_setup_py'
[0.168s] Level 1:colcon.colcon_core.package_identification:_identify(src/flexiv_ros2) by extensions ['ignore', 'ignore_ament_install']
[0.168s] Level 1:colcon.colcon_core.package_identification:_identify(src/flexiv_ros2) by extension 'ignore'
[0.168s] Level 1:colcon.colcon_core.package_identification:_identify(src/flexiv_ros2) by extension 'ignore_ament_install'
[0.168s] Level 1:colcon.colcon_core.package_identification:_identify(src/flexiv_ros2) by extensions ['colcon_pkg']
[0.168s] Level 1:colcon.colcon_core.package_identification:_identify(src/flexiv_ros2) by extension 'colcon_pkg'
[0.168s] Level 1:colcon.colcon_core.package_identification:_identify(src/flexiv_ros2) by extensions ['colcon_meta']
[0.168s] Level 1:colcon.colcon_core.package_identification:_identify(src/flexiv_ros2) by extension 'colcon_meta'
[0.168s] Level 1:colcon.colcon_core.package_identification:_identify(src/flexiv_ros2) by extensions ['ros']
[0.168s] Level 1:colcon.colcon_core.package_identification:_identify(src/flexiv_ros2) by extension 'ros'
[0.168s] Level 1:colcon.colcon_core.package_identification:_identify(src/flexiv_ros2) by extensions ['cmake', 'python']
[0.168s] Level 1:colcon.colcon_core.package_identification:_identify(src/flexiv_ros2) by extension 'cmake'
[0.168s] Level 1:colcon.colcon_core.package_identification:_identify(src/flexiv_ros2) by extension 'python'
[0.168s] Level 1:colcon.colcon_core.package_identification:_identify(src/flexiv_ros2) by extensions ['python_setup_py']
[0.168s] Level 1:colcon.colcon_core.package_identification:_identify(src/flexiv_ros2) by extension 'python_setup_py'
[0.169s] Level 1:colcon.colcon_core.package_identification:_identify(src/flexiv_ros2/flexiv_bringup) by extensions ['ignore', 'ignore_ament_install']
[0.169s] Level 1:colcon.colcon_core.package_identification:_identify(src/flexiv_ros2/flexiv_bringup) by extension 'ignore'
[0.169s] Level 1:colcon.colcon_core.package_identification:_identify(src/flexiv_ros2/flexiv_bringup) by extension 'ignore_ament_install'
[0.169s] Level 1:colcon.colcon_core.package_identification:_identify(src/flexiv_ros2/flexiv_bringup) by extensions ['colcon_pkg']
[0.169s] Level 1:colcon.colcon_core.package_identification:_identify(src/flexiv_ros2/flexiv_bringup) by extension 'colcon_pkg'
[0.169s] Level 1:colcon.colcon_core.package_identification:_identify(src/flexiv_ros2/flexiv_bringup) by extensions ['colcon_meta']
[0.169s] Level 1:colcon.colcon_core.package_identification:_identify(src/flexiv_ros2/flexiv_bringup) by extension 'colcon_meta'
[0.169s] Level 1:colcon.colcon_core.package_identification:_identify(src/flexiv_ros2/flexiv_bringup) by extensions ['ros']
[0.169s] Level 1:colcon.colcon_core.package_identification:_identify(src/flexiv_ros2/flexiv_bringup) by extension 'ros'
[0.170s] DEBUG:colcon.colcon_core.package_identification:Package 'src/flexiv_ros2/flexiv_bringup' with type 'ros.ament_cmake' and name 'flexiv_bringup'
[0.170s] Level 1:colcon.colcon_core.package_identification:_identify(src/flexiv_ros2/flexiv_controllers) by extensions ['ignore', 'ignore_ament_install']
[0.170s] Level 1:colcon.colcon_core.package_identification:_identify(src/flexiv_ros2/flexiv_controllers) by extension 'ignore'
[0.170s] Level 1:colcon.colcon_core.package_identification:_identify(src/flexiv_ros2/flexiv_controllers) by extension 'ignore_ament_install'
[0.170s] Level 1:colcon.colcon_core.package_identification:_identify(src/flexiv_ros2/flexiv_controllers) by extensions ['colcon_pkg']
[0.170s] Level 1:colcon.colcon_core.package_identification:_identify(src/flexiv_ros2/flexiv_controllers) by extension 'colcon_pkg'
[0.170s] Level 1:colcon.colcon_core.package_identification:_identify(src/flexiv_ros2/flexiv_controllers) by extensions ['colcon_meta']
[0.170s] Level 1:colcon.colcon_core.package_identification:_identify(src/flexiv_ros2/flexiv_controllers) by extension 'colcon_meta'
[0.170s] Level 1:colcon.colcon_core.package_identification:_identify(src/flexiv_ros2/flexiv_controllers) by extensions ['ros']
[0.170s] Level 1:colcon.colcon_core.package_identification:_identify(src/flexiv_ros2/flexiv_controllers) by extension 'ros'
[0.171s] DEBUG:colcon.colcon_core.package_identification:Package 'src/flexiv_ros2/flexiv_controllers' with type 'ros.ament_cmake' and name 'flexiv_controllers'
[0.171s] Level 1:colcon.colcon_core.package_identification:_identify(src/flexiv_ros2/flexiv_description) by extensions ['ignore', 'ignore_ament_install']
[0.171s] Level 1:colcon.colcon_core.package_identification:_identify(src/flexiv_ros2/flexiv_description) by extension 'ignore'
[0.171s] Level 1:colcon.colcon_core.package_identification:_identify(src/flexiv_ros2/flexiv_description) by extension 'ignore_ament_install'
[0.171s] Level 1:colcon.colcon_core.package_identification:_identify(src/flexiv_ros2/flexiv_description) by extensions ['colcon_pkg']
[0.171s] Level 1:colcon.colcon_core.package_identification:_identify(src/flexiv_ros2/flexiv_description) by extension 'colcon_pkg'
[0.171s] Level 1:colcon.colcon_core.package_identification:_identify(src/flexiv_ros2/flexiv_description) by extensions ['colcon_meta']
[0.171s] Level 1:colcon.colcon_core.package_identification:_identify(src/flexiv_ros2/flexiv_description) by extension 'colcon_meta'
[0.171s] Level 1:colcon.colcon_core.package_identification:_identify(src/flexiv_ros2/flexiv_description) by extensions ['ros']
[0.171s] Level 1:colcon.colcon_core.package_identification:_identify(src/flexiv_ros2/flexiv_description) by extension 'ros'
[0.171s] DEBUG:colcon.colcon_core.package_identification:Package 'src/flexiv_ros2/flexiv_description' with type 'ros.ament_cmake' and name 'flexiv_description'
[0.171s] Level 1:colcon.colcon_core.package_identification:_identify(src/flexiv_ros2/flexiv_hardware) by extensions ['ignore', 'ignore_ament_install']
[0.171s] Level 1:colcon.colcon_core.package_identification:_identify(src/flexiv_ros2/flexiv_hardware) by extension 'ignore'
[0.171s] Level 1:colcon.colcon_core.package_identification:_identify(src/flexiv_ros2/flexiv_hardware) by extension 'ignore_ament_install'
[0.171s] Level 1:colcon.colcon_core.package_identification:_identify(src/flexiv_ros2/flexiv_hardware) by extensions ['colcon_pkg']
[0.171s] Level 1:colcon.colcon_core.package_identification:_identify(src/flexiv_ros2/flexiv_hardware) by extension 'colcon_pkg'
[0.171s] Level 1:colcon.colcon_core.package_identification:_identify(src/flexiv_ros2/flexiv_hardware) by extensions ['colcon_meta']
[0.171s] Level 1:colcon.colcon_core.package_identification:_identify(src/flexiv_ros2/flexiv_hardware) by extension 'colcon_meta'
[0.172s] Level 1:colcon.colcon_core.package_identification:_identify(src/flexiv_ros2/flexiv_hardware) by extensions ['ros']
[0.172s] Level 1:colcon.colcon_core.package_identification:_identify(src/flexiv_ros2/flexiv_hardware) by extension 'ros'
[0.172s] DEBUG:colcon.colcon_core.package_identification:Package 'src/flexiv_ros2/flexiv_hardware' with type 'ros.ament_cmake' and name 'flexiv_hardware'
[0.172s] Level 1:colcon.colcon_core.package_identification:_identify(src/flexiv_ros2/flexiv_moveit_config) by extensions ['ignore', 'ignore_ament_install']
[0.172s] Level 1:colcon.colcon_core.package_identification:_identify(src/flexiv_ros2/flexiv_moveit_config) by extension 'ignore'
[0.172s] Level 1:colcon.colcon_core.package_identification:_identify(src/flexiv_ros2/flexiv_moveit_config) by extension 'ignore_ament_install'
[0.172s] Level 1:colcon.colcon_core.package_identification:_identify(src/flexiv_ros2/flexiv_moveit_config) by extensions ['colcon_pkg']
[0.172s] Level 1:colcon.colcon_core.package_identification:_identify(src/flexiv_ros2/flexiv_moveit_config) by extension 'colcon_pkg'
[0.172s] Level 1:colcon.colcon_core.package_identification:_identify(src/flexiv_ros2/flexiv_moveit_config) by extensions ['colcon_meta']
[0.172s] Level 1:colcon.colcon_core.package_identification:_identify(src/flexiv_ros2/flexiv_moveit_config) by extension 'colcon_meta'
[0.172s] Level 1:colcon.colcon_core.package_identification:_identify(src/flexiv_ros2/flexiv_moveit_config) by extensions ['ros']
[0.172s] Level 1:colcon.colcon_core.package_identification:_identify(src/flexiv_ros2/flexiv_moveit_config) by extension 'ros'
[0.172s] DEBUG:colcon.colcon_core.package_identification:Package 'src/flexiv_ros2/flexiv_moveit_config' with type 'ros.ament_cmake' and name 'flexiv_moveit_config'
[0.172s] Level 1:colcon.colcon_core.package_identification:_identify(src/flexiv_ros2/flexiv_msgs) by extensions ['ignore', 'ignore_ament_install']
[0.172s] Level 1:colcon.colcon_core.package_identification:_identify(src/flexiv_ros2/flexiv_msgs) by extension 'ignore'
[0.172s] Level 1:colcon.colcon_core.package_identification:_identify(src/flexiv_ros2/flexiv_msgs) by extension 'ignore_ament_install'
[0.172s] Level 1:colcon.colcon_core.package_identification:_identify(src/flexiv_ros2/flexiv_msgs) by extensions ['colcon_pkg']
[0.173s] Level 1:colcon.colcon_core.package_identification:_identify(src/flexiv_ros2/flexiv_msgs) by extension 'colcon_pkg'
[0.173s] Level 1:colcon.colcon_core.package_identification:_identify(src/flexiv_ros2/flexiv_msgs) by extensions ['colcon_meta']
[0.173s] Level 1:colcon.colcon_core.package_identification:_identify(src/flexiv_ros2/flexiv_msgs) by extension 'colcon_meta'
[0.173s] Level 1:colcon.colcon_core.package_identification:_identify(src/flexiv_ros2/flexiv_msgs) by extensions ['ros']
[0.173s] Level 1:colcon.colcon_core.package_identification:_identify(src/flexiv_ros2/flexiv_msgs) by extension 'ros'
[0.173s] DEBUG:colcon.colcon_core.package_identification:Package 'src/flexiv_ros2/flexiv_msgs' with type 'ros.ament_cmake' and name 'flexiv_msgs'
[0.173s] Level 1:colcon.colcon_core.package_identification:_identify(src/flexiv_ros2/flexiv_test_nodes) by extensions ['ignore', 'ignore_ament_install']
[0.173s] Level 1:colcon.colcon_core.package_identification:_identify(src/flexiv_ros2/flexiv_test_nodes) by extension 'ignore'
[0.173s] Level 1:colcon.colcon_core.package_identification:_identify(src/flexiv_ros2/flexiv_test_nodes) by extension 'ignore_ament_install'
[0.173s] Level 1:colcon.colcon_core.package_identification:_identify(src/flexiv_ros2/flexiv_test_nodes) by extensions ['colcon_pkg']
[0.173s] Level 1:colcon.colcon_core.package_identification:_identify(src/flexiv_ros2/flexiv_test_nodes) by extension 'colcon_pkg'
[0.173s] Level 1:colcon.colcon_core.package_identification:_identify(src/flexiv_ros2/flexiv_test_nodes) by extensions ['colcon_meta']
[0.173s] Level 1:colcon.colcon_core.package_identification:_identify(src/flexiv_ros2/flexiv_test_nodes) by extension 'colcon_meta'
[0.173s] Level 1:colcon.colcon_core.package_identification:_identify(src/flexiv_ros2/flexiv_test_nodes) by extensions ['ros']
[0.173s] Level 1:colcon.colcon_core.package_identification:_identify(src/flexiv_ros2/flexiv_test_nodes) by extension 'ros'
[0.173s] DEBUG:colcon.colcon_core.package_identification:Package 'src/flexiv_ros2/flexiv_test_nodes' with type 'ros.ament_python' and name 'flexiv_test_nodes'
[0.173s] Level 1:colcon.colcon_core.package_discovery:discover_packages(recursive) using defaults
[0.173s] Level 1:colcon.colcon_core.package_discovery:discover_packages(ignore) discover
[0.173s] Level 1:colcon.colcon_core.package_discovery:discover_packages(ignore) using defaults
[0.173s] Level 1:colcon.colcon_core.package_discovery:discover_packages(path) discover
[0.173s] Level 1:colcon.colcon_core.package_discovery:discover_packages(path) using defaults
[0.185s] Level 1:colcon.colcon_core.package_discovery:discover_packages(prefix_path) check parameters
[0.185s] Level 1:colcon.colcon_core.package_discovery:discover_packages(prefix_path) discover
[0.187s] DEBUG:colcon.colcon_installed_package_information.package_discovery:Found 7 installed packages in /home/casey/flexiv_ros2_ws/install
[0.188s] DEBUG:colcon.colcon_installed_package_information.package_discovery:Found 352 installed packages in /opt/ros/humble
[0.206s] Level 1:colcon.colcon_core.package_discovery:discover_packages(prefix_path) using defaults
[0.230s] Level 5:colcon.colcon_core.verb:set package 'flexiv_description' build argument 'cmake_args' from command line to 'None'
[0.230s] Level 5:colcon.colcon_core.verb:set package 'flexiv_description' build argument 'cmake_target' from command line to 'None'
[0.230s] Level 5:colcon.colcon_core.verb:set package 'flexiv_description' build argument 'cmake_target_skip_unavailable' from command line to 'False'
[0.230s] Level 5:colcon.colcon_core.verb:set package 'flexiv_description' build argument 'cmake_clean_cache' from command line to 'False'
[0.230s] Level 5:colcon.colcon_core.verb:set package 'flexiv_description' build argument 'cmake_clean_first' from command line to 'False'
[0.230s] Level 5:colcon.colcon_core.verb:set package 'flexiv_description' build argument 'cmake_force_configure' from command line to 'False'
[0.230s] Level 5:colcon.colcon_core.verb:set package 'flexiv_description' build argument 'ament_cmake_args' from command line to 'None'
[0.230s] Level 5:colcon.colcon_core.verb:set package 'flexiv_description' build argument 'catkin_cmake_args' from command line to 'None'
[0.230s] Level 5:colcon.colcon_core.verb:set package 'flexiv_description' build argument 'catkin_skip_building_tests' from command line to 'False'
[0.230s] DEBUG:colcon.colcon_core.verb:Building package 'flexiv_description' with the following arguments: {'ament_cmake_args': None, 'build_base': '/home/casey/flexiv_ros2_ws/build/flexiv_description', 'catkin_cmake_args': None, 'catkin_skip_building_tests': False, 'cmake_args': None, 'cmake_clean_cache': False, 'cmake_clean_first': False, 'cmake_force_configure': False, 'cmake_target': None, 'cmake_target_skip_unavailable': False, 'install_base': '/home/casey/flexiv_ros2_ws/install/flexiv_description', 'merge_install': False, 'path': '/home/casey/flexiv_ros2_ws/src/flexiv_ros2/flexiv_description', 'symlink_install': True, 'test_result_base': None}
[0.230s] Level 5:colcon.colcon_core.verb:set package 'flexiv_hardware' build argument 'cmake_args' from command line to 'None'
[0.230s] Level 5:colcon.colcon_core.verb:set package 'flexiv_hardware' build argument 'cmake_target' from command line to 'None'
[0.230s] Level 5:colcon.colcon_core.verb:set package 'flexiv_hardware' build argument 'cmake_target_skip_unavailable' from command line to 'False'
[0.230s] Level 5:colcon.colcon_core.verb:set package 'flexiv_hardware' build argument 'cmake_clean_cache' from command line to 'False'
[0.230s] Level 5:colcon.colcon_core.verb:set package 'flexiv_hardware' build argument 'cmake_clean_first' from command line to 'False'
[0.230s] Level 5:colcon.colcon_core.verb:set package 'flexiv_hardware' build argument 'cmake_force_configure' from command line to 'False'
[0.230s] Level 5:colcon.colcon_core.verb:set package 'flexiv_hardware' build argument 'ament_cmake_args' from command line to 'None'
[0.230s] Level 5:colcon.colcon_core.verb:set package 'flexiv_hardware' build argument 'catkin_cmake_args' from command line to 'None'
[0.230s] Level 5:colcon.colcon_core.verb:set package 'flexiv_hardware' build argument 'catkin_skip_building_tests' from command line to 'False'
[0.230s] DEBUG:colcon.colcon_core.verb:Building package 'flexiv_hardware' with the following arguments: {'ament_cmake_args': None, 'build_base': '/home/casey/flexiv_ros2_ws/build/flexiv_hardware', 'catkin_cmake_args': None, 'catkin_skip_building_tests': False, 'cmake_args': None, 'cmake_clean_cache': False, 'cmake_clean_first': False, 'cmake_force_configure': False, 'cmake_target': None, 'cmake_target_skip_unavailable': False, 'install_base': '/home/casey/flexiv_ros2_ws/install/flexiv_hardware', 'merge_install': False, 'path': '/home/casey/flexiv_ros2_ws/src/flexiv_ros2/flexiv_hardware', 'symlink_install': True, 'test_result_base': None}
[0.230s] Level 5:colcon.colcon_core.verb:set package 'flexiv_msgs' build argument 'cmake_args' from command line to 'None'
[0.230s] Level 5:colcon.colcon_core.verb:set package 'flexiv_msgs' build argument 'cmake_target' from command line to 'None'
[0.230s] Level 5:colcon.colcon_core.verb:set package 'flexiv_msgs' build argument 'cmake_target_skip_unavailable' from command line to 'False'
[0.230s] Level 5:colcon.colcon_core.verb:set package 'flexiv_msgs' build argument 'cmake_clean_cache' from command line to 'False'
[0.230s] Level 5:colcon.colcon_core.verb:set package 'flexiv_msgs' build argument 'cmake_clean_first' from command line to 'False'
[0.230s] Level 5:colcon.colcon_core.verb:set package 'flexiv_msgs' build argument 'cmake_force_configure' from command line to 'False'
[0.230s] Level 5:colcon.colcon_core.verb:set package 'flexiv_msgs' build argument 'ament_cmake_args' from command line to 'None'
[0.230s] Level 5:colcon.colcon_core.verb:set package 'flexiv_msgs' build argument 'catkin_cmake_args' from command line to 'None'
[0.230s] Level 5:colcon.colcon_core.verb:set package 'flexiv_msgs' build argument 'catkin_skip_building_tests' from command line to 'False'
[0.230s] DEBUG:colcon.colcon_core.verb:Building package 'flexiv_msgs' with the following arguments: {'ament_cmake_args': None, 'build_base': '/home/casey/flexiv_ros2_ws/build/flexiv_msgs', 'catkin_cmake_args': None, 'catkin_skip_building_tests': False, 'cmake_args': None, 'cmake_clean_cache': False, 'cmake_clean_first': False, 'cmake_force_configure': False, 'cmake_target': None, 'cmake_target_skip_unavailable': False, 'install_base': '/home/casey/flexiv_ros2_ws/install/flexiv_msgs', 'merge_install': False, 'path': '/home/casey/flexiv_ros2_ws/src/flexiv_ros2/flexiv_msgs', 'symlink_install': True, 'test_result_base': None}
[0.231s] Level 5:colcon.colcon_core.verb:set package 'flexiv_test_nodes' build argument 'cmake_args' from command line to 'None'
[0.231s] Level 5:colcon.colcon_core.verb:set package 'flexiv_test_nodes' build argument 'cmake_target' from command line to 'None'
[0.231s] Level 5:colcon.colcon_core.verb:set package 'flexiv_test_nodes' build argument 'cmake_target_skip_unavailable' from command line to 'False'
[0.231s] Level 5:colcon.colcon_core.verb:set package 'flexiv_test_nodes' build argument 'cmake_clean_cache' from command line to 'False'
[0.231s] Level 5:colcon.colcon_core.verb:set package 'flexiv_test_nodes' build argument 'cmake_clean_first' from command line to 'False'
[0.231s] Level 5:colcon.colcon_core.verb:set package 'flexiv_test_nodes' build argument 'cmake_force_configure' from command line to 'False'
[0.231s] Level 5:colcon.colcon_core.verb:set package 'flexiv_test_nodes' build argument 'ament_cmake_args' from command line to 'None'
[0.231s] Level 5:colcon.colcon_core.verb:set package 'flexiv_test_nodes' build argument 'catkin_cmake_args' from command line to 'None'
[0.231s] Level 5:colcon.colcon_core.verb:set package 'flexiv_test_nodes' build argument 'catkin_skip_building_tests' from command line to 'False'
[0.231s] DEBUG:colcon.colcon_core.verb:Building package 'flexiv_test_nodes' with the following arguments: {'ament_cmake_args': None, 'build_base': '/home/casey/flexiv_ros2_ws/build/flexiv_test_nodes', 'catkin_cmake_args': None, 'catkin_skip_building_tests': False, 'cmake_args': None, 'cmake_clean_cache': False, 'cmake_clean_first': False, 'cmake_force_configure': False, 'cmake_target': None, 'cmake_target_skip_unavailable': False, 'install_base': '/home/casey/flexiv_ros2_ws/install/flexiv_test_nodes', 'merge_install': False, 'path': '/home/casey/flexiv_ros2_ws/src/flexiv_ros2/flexiv_test_nodes', 'symlink_install': True, 'test_result_base': None}
[0.231s] Level 5:colcon.colcon_core.verb:set package 'flexiv_bringup' build argument 'cmake_args' from command line to 'None'
[0.231s] Level 5:colcon.colcon_core.verb:set package 'flexiv_bringup' build argument 'cmake_target' from command line to 'None'
[0.231s] Level 5:colcon.colcon_core.verb:set package 'flexiv_bringup' build argument 'cmake_target_skip_unavailable' from command line to 'False'
[0.231s] Level 5:colcon.colcon_core.verb:set package 'flexiv_bringup' build argument 'cmake_clean_cache' from command line to 'False'
[0.231s] Level 5:colcon.colcon_core.verb:set package 'flexiv_bringup' build argument 'cmake_clean_first' from command line to 'False'
[0.231s] Level 5:colcon.colcon_core.verb:set package 'flexiv_bringup' build argument 'cmake_force_configure' from command line to 'False'
[0.231s] Level 5:colcon.colcon_core.verb:set package 'flexiv_bringup' build argument 'ament_cmake_args' from command line to 'None'
[0.231s] Level 5:colcon.colcon_core.verb:set package 'flexiv_bringup' build argument 'catkin_cmake_args' from command line to 'None'
[0.231s] Level 5:colcon.colcon_core.verb:set package 'flexiv_bringup' build argument 'catkin_skip_building_tests' from command line to 'False'
[0.231s] DEBUG:colcon.colcon_core.verb:Building package 'flexiv_bringup' with the following arguments: {'ament_cmake_args': None, 'build_base': '/home/casey/flexiv_ros2_ws/build/flexiv_bringup', 'catkin_cmake_args': None, 'catkin_skip_building_tests': False, 'cmake_args': None, 'cmake_clean_cache': False, 'cmake_clean_first': False, 'cmake_force_configure': False, 'cmake_target': None, 'cmake_target_skip_unavailable': False, 'install_base': '/home/casey/flexiv_ros2_ws/install/flexiv_bringup', 'merge_install': False, 'path': '/home/casey/flexiv_ros2_ws/src/flexiv_ros2/flexiv_bringup', 'symlink_install': True, 'test_result_base': None}
[0.231s] Level 5:colcon.colcon_core.verb:set package 'flexiv_controllers' build argument 'cmake_args' from command line to 'None'
[0.231s] Level 5:colcon.colcon_core.verb:set package 'flexiv_controllers' build argument 'cmake_target' from command line to 'None'
[0.231s] Level 5:colcon.colcon_core.verb:set package 'flexiv_controllers' build argument 'cmake_target_skip_unavailable' from command line to 'False'
[0.231s] Level 5:colcon.colcon_core.verb:set package 'flexiv_controllers' build argument 'cmake_clean_cache' from command line to 'False'
[0.231s] Level 5:colcon.colcon_core.verb:set package 'flexiv_controllers' build argument 'cmake_clean_first' from command line to 'False'
[0.231s] Level 5:colcon.colcon_core.verb:set package 'flexiv_controllers' build argument 'cmake_force_configure' from command line to 'False'
[0.231s] Level 5:colcon.colcon_core.verb:set package 'flexiv_controllers' build argument 'ament_cmake_args' from command line to 'None'
[0.231s] Level 5:colcon.colcon_core.verb:set package 'flexiv_controllers' build argument 'catkin_cmake_args' from command line to 'None'
[0.231s] Level 5:colcon.colcon_core.verb:set package 'flexiv_controllers' build argument 'catkin_skip_building_tests' from command line to 'False'
[0.231s] DEBUG:colcon.colcon_core.verb:Building package 'flexiv_controllers' with the following arguments: {'ament_cmake_args': None, 'build_base': '/home/casey/flexiv_ros2_ws/build/flexiv_controllers', 'catkin_cmake_args': None, 'catkin_skip_building_tests': False, 'cmake_args': None, 'cmake_clean_cache': False, 'cmake_clean_first': False, 'cmake_force_configure': False, 'cmake_target': None, 'cmake_target_skip_unavailable': False, 'install_base': '/home/casey/flexiv_ros2_ws/install/flexiv_controllers', 'merge_install': False, 'path': '/home/casey/flexiv_ros2_ws/src/flexiv_ros2/flexiv_controllers', 'symlink_install': True, 'test_result_base': None}
[0.231s] Level 5:colcon.colcon_core.verb:set package 'flexiv_moveit_config' build argument 'cmake_args' from command line to 'None'
[0.231s] Level 5:colcon.colcon_core.verb:set package 'flexiv_moveit_config' build argument 'cmake_target' from command line to 'None'
[0.231s] Level 5:colcon.colcon_core.verb:set package 'flexiv_moveit_config' build argument 'cmake_target_skip_unavailable' from command line to 'False'
[0.231s] Level 5:colcon.colcon_core.verb:set package 'flexiv_moveit_config' build argument 'cmake_clean_cache' from command line to 'False'
[0.231s] Level 5:colcon.colcon_core.verb:set package 'flexiv_moveit_config' build argument 'cmake_clean_first' from command line to 'False'
[0.231s] Level 5:colcon.colcon_core.verb:set package 'flexiv_moveit_config' build argument 'cmake_force_configure' from command line to 'False'
[0.231s] Level 5:colcon.colcon_core.verb:set package 'flexiv_moveit_config' build argument 'ament_cmake_args' from command line to 'None'
[0.231s] Level 5:colcon.colcon_core.verb:set package 'flexiv_moveit_config' build argument 'catkin_cmake_args' from command line to 'None'
[0.231s] Level 5:colcon.colcon_core.verb:set package 'flexiv_moveit_config' build argument 'catkin_skip_building_tests' from command line to 'False'
[0.231s] DEBUG:colcon.colcon_core.verb:Building package 'flexiv_moveit_config' with the following arguments: {'ament_cmake_args': None, 'build_base': '/home/casey/flexiv_ros2_ws/build/flexiv_moveit_config', 'catkin_cmake_args': None, 'catkin_skip_building_tests': False, 'cmake_args': None, 'cmake_clean_cache': False, 'cmake_clean_first': False, 'cmake_force_configure': False, 'cmake_target': None, 'cmake_target_skip_unavailable': False, 'install_base': '/home/casey/flexiv_ros2_ws/install/flexiv_moveit_config', 'merge_install': False, 'path': '/home/casey/flexiv_ros2_ws/src/flexiv_ros2/flexiv_moveit_config', 'symlink_install': True, 'test_result_base': None}
[0.232s] INFO:colcon.colcon_core.executor:Executing jobs using 'parallel' executor
[0.232s] DEBUG:colcon.colcon_parallel_executor.executor.parallel:run_until_complete
[0.233s] INFO:colcon.colcon_ros.task.ament_cmake.build:Building ROS package in '/home/casey/flexiv_ros2_ws/src/flexiv_ros2/flexiv_description' with build type 'ament_cmake'
[0.233s] INFO:colcon.colcon_cmake.task.cmake.build:Building CMake package in '/home/casey/flexiv_ros2_ws/src/flexiv_ros2/flexiv_description'
[0.234s] INFO:colcon.colcon_core.plugin_system:Skipping extension 'colcon_core.shell.bat': Not used on non-Windows systems
[0.234s] INFO:colcon.colcon_core.shell:Skip shell extension 'powershell' for command environment: Not usable outside of PowerShell
[0.234s] DEBUG:colcon.colcon_core.shell:Skip shell extension 'dsv' for command environment
[0.237s] INFO:colcon.colcon_ros.task.ament_cmake.build:Building ROS package in '/home/casey/flexiv_ros2_ws/src/flexiv_ros2/flexiv_hardware' with build type 'ament_cmake'
[0.237s] INFO:colcon.colcon_cmake.task.cmake.build:Building CMake package in '/home/casey/flexiv_ros2_ws/src/flexiv_ros2/flexiv_hardware'
[0.237s] INFO:colcon.colcon_core.shell:Skip shell extension 'powershell' for command environment: Not usable outside of PowerShell
[0.237s] DEBUG:colcon.colcon_core.shell:Skip shell extension 'dsv' for command environment
[0.240s] INFO:colcon.colcon_ros.task.ament_cmake.build:Building ROS package in '/home/casey/flexiv_ros2_ws/src/flexiv_ros2/flexiv_msgs' with build type 'ament_cmake'
[0.240s] INFO:colcon.colcon_cmake.task.cmake.build:Building CMake package in '/home/casey/flexiv_ros2_ws/src/flexiv_ros2/flexiv_msgs'
[0.240s] INFO:colcon.colcon_core.shell:Skip shell extension 'powershell' for command environment: Not usable outside of PowerShell
[0.240s] DEBUG:colcon.colcon_core.shell:Skip shell extension 'dsv' for command environment
[0.243s] INFO:colcon.colcon_ros.task.ament_python.build:Building ROS package in '/home/casey/flexiv_ros2_ws/src/flexiv_ros2/flexiv_test_nodes' with build type 'ament_python'
[0.243s] Level 1:colcon.colcon_core.shell:create_environment_hook('flexiv_test_nodes', 'ament_prefix_path')
[0.243s] INFO:colcon.colcon_core.shell:Creating environment hook '/home/casey/flexiv_ros2_ws/install/flexiv_test_nodes/share/flexiv_test_nodes/hook/ament_prefix_path.ps1'
[0.243s] INFO:colcon.colcon_core.shell:Creating environment descriptor '/home/casey/flexiv_ros2_ws/install/flexiv_test_nodes/share/flexiv_test_nodes/hook/ament_prefix_path.dsv'
[0.243s] INFO:colcon.colcon_core.shell:Creating environment hook '/home/casey/flexiv_ros2_ws/install/flexiv_test_nodes/share/flexiv_test_nodes/hook/ament_prefix_path.sh'
[0.244s] INFO:colcon.colcon_core.shell:Skip shell extension 'powershell' for command environment: Not usable outside of PowerShell
[0.244s] DEBUG:colcon.colcon_core.shell:Skip shell extension 'dsv' for command environment
[0.253s] DEBUG:colcon.colcon_core.event_handler.log_command:Invoking command in '/home/casey/flexiv_ros2_ws/build/flexiv_description': CMAKE_PREFIX_PATH=${CMAKE_PREFIX_PATH}:/home/casey/flexiv_ros2_ws/install/flexiv_test_nodes:/opt/ros/humble /usr/bin/cmake --build /home/casey/flexiv_ros2_ws/build/flexiv_description -- -j16 -l16
[0.255s] DEBUG:colcon.colcon_core.event_handler.log_command:Invoking command in '/home/casey/flexiv_ros2_ws/build/flexiv_hardware': CMAKE_PREFIX_PATH=${CMAKE_PREFIX_PATH}:/home/casey/flexiv_ros2_ws/install/flexiv_test_nodes:/opt/ros/humble /usr/bin/cmake --build /home/casey/flexiv_ros2_ws/build/flexiv_hardware -- -j16 -l16
[0.258s] DEBUG:colcon.colcon_core.event_handler.log_command:Invoking command in '/home/casey/flexiv_ros2_ws/build/flexiv_msgs': CMAKE_PREFIX_PATH=${CMAKE_PREFIX_PATH}:/home/casey/flexiv_ros2_ws/install/flexiv_test_nodes:/opt/ros/humble /usr/bin/cmake --build /home/casey/flexiv_ros2_ws/build/flexiv_msgs -- -j16 -l16
[0.464s] INFO:colcon.colcon_core.task.python.build:Building Python package in '/home/casey/flexiv_ros2_ws/src/flexiv_ros2/flexiv_test_nodes'
[0.465s] INFO:colcon.colcon_core.shell:Skip shell extension 'powershell' for command environment: Not usable outside of PowerShell
[0.465s] DEBUG:colcon.colcon_core.shell:Skip shell extension 'dsv' for command environment
[0.470s] DEBUG:colcon.colcon_core.event_handler.log_command:Invoked command in '/home/casey/flexiv_ros2_ws/build/flexiv_description' returned '0': CMAKE_PREFIX_PATH=${CMAKE_PREFIX_PATH}:/home/casey/flexiv_ros2_ws/install/flexiv_test_nodes:/opt/ros/humble /usr/bin/cmake --build /home/casey/flexiv_ros2_ws/build/flexiv_description -- -j16 -l16
[0.472s] DEBUG:colcon.colcon_core.event_handler.log_command:Invoked command in '/home/casey/flexiv_ros2_ws/build/flexiv_hardware' returned '0': CMAKE_PREFIX_PATH=${CMAKE_PREFIX_PATH}:/home/casey/flexiv_ros2_ws/install/flexiv_test_nodes:/opt/ros/humble /usr/bin/cmake --build /home/casey/flexiv_ros2_ws/build/flexiv_hardware -- -j16 -l16
[0.509s] DEBUG:colcon.colcon_core.event_handler.log_command:Invoking command in '/home/casey/flexiv_ros2_ws/build/flexiv_description': CMAKE_PREFIX_PATH=${CMAKE_PREFIX_PATH}:/home/casey/flexiv_ros2_ws/install/flexiv_test_nodes:/opt/ros/humble /usr/bin/cmake --install /home/casey/flexiv_ros2_ws/build/flexiv_description
[0.511s] DEBUG:colcon.colcon_core.event_handler.log_command:Invoking command in '/home/casey/flexiv_ros2_ws/build/flexiv_hardware': CMAKE_PREFIX_PATH=${CMAKE_PREFIX_PATH}:/home/casey/flexiv_ros2_ws/install/flexiv_test_nodes:/opt/ros/humble /usr/bin/cmake --install /home/casey/flexiv_ros2_ws/build/flexiv_hardware
[0.536s] Level 1:colcon.colcon_core.environment:create_environment_scripts_only(flexiv_hardware)
[0.536s] DEBUG:colcon.colcon_core.event_handler.log_command:Invoked command in '/home/casey/flexiv_ros2_ws/build/flexiv_hardware' returned '0': CMAKE_PREFIX_PATH=${CMAKE_PREFIX_PATH}:/home/casey/flexiv_ros2_ws/install/flexiv_test_nodes:/opt/ros/humble /usr/bin/cmake --install /home/casey/flexiv_ros2_ws/build/flexiv_hardware
[0.539s] Level 1:colcon.colcon_core.environment:checking '/home/casey/flexiv_ros2_ws/install/flexiv_hardware' for CMake module files
[0.539s] Level 1:colcon.colcon_core.environment:checking '/home/casey/flexiv_ros2_ws/install/flexiv_hardware' for CMake config files
[0.539s] Level 1:colcon.colcon_core.shell:create_environment_hook('flexiv_hardware', 'cmake_prefix_path')
[0.540s] INFO:colcon.colcon_core.shell:Creating environment hook '/home/casey/flexiv_ros2_ws/install/flexiv_hardware/share/flexiv_hardware/hook/cmake_prefix_path.ps1'
[0.540s] INFO:colcon.colcon_core.shell:Creating environment descriptor '/home/casey/flexiv_ros2_ws/install/flexiv_hardware/share/flexiv_hardware/hook/cmake_prefix_path.dsv'
[0.540s] INFO:colcon.colcon_core.shell:Creating environment hook '/home/casey/flexiv_ros2_ws/install/flexiv_hardware/share/flexiv_hardware/hook/cmake_prefix_path.sh'
[0.541s] Level 1:colcon.colcon_core.environment:checking '/home/casey/flexiv_ros2_ws/install/flexiv_hardware/lib'
[0.541s] Level 1:colcon.colcon_core.shell:create_environment_hook('flexiv_hardware', 'ld_library_path_lib')
[0.541s] INFO:colcon.colcon_core.shell:Creating environment hook '/home/casey/flexiv_ros2_ws/install/flexiv_hardware/share/flexiv_hardware/hook/ld_library_path_lib.ps1'
[0.541s] INFO:colcon.colcon_core.shell:Creating environment descriptor '/home/casey/flexiv_ros2_ws/install/flexiv_hardware/share/flexiv_hardware/hook/ld_library_path_lib.dsv'
[0.541s] INFO:colcon.colcon_core.shell:Creating environment hook '/home/casey/flexiv_ros2_ws/install/flexiv_hardware/share/flexiv_hardware/hook/ld_library_path_lib.sh'
[0.542s] Level 1:colcon.colcon_core.environment:checking '/home/casey/flexiv_ros2_ws/install/flexiv_hardware/bin'
[0.542s] Level 1:colcon.colcon_core.environment:checking '/home/casey/flexiv_ros2_ws/install/flexiv_hardware/lib/pkgconfig/flexiv_hardware.pc'
[0.542s] Level 1:colcon.colcon_core.environment:checking '/home/casey/flexiv_ros2_ws/install/flexiv_hardware/lib/python3.10/site-packages'
[0.542s] Level 1:colcon.colcon_core.environment:checking '/home/casey/flexiv_ros2_ws/install/flexiv_hardware/bin'
[0.542s] INFO:colcon.colcon_core.shell:Creating package script '/home/casey/flexiv_ros2_ws/install/flexiv_hardware/share/flexiv_hardware/package.ps1'
[0.543s] INFO:colcon.colcon_core.shell:Creating package descriptor '/home/casey/flexiv_ros2_ws/install/flexiv_hardware/share/flexiv_hardware/package.dsv'
[0.543s] INFO:colcon.colcon_core.shell:Creating package script '/home/casey/flexiv_ros2_ws/install/flexiv_hardware/share/flexiv_hardware/package.sh'
[0.544s] INFO:colcon.colcon_core.shell:Creating package script '/home/casey/flexiv_ros2_ws/install/flexiv_hardware/share/flexiv_hardware/package.bash'
[0.544s] INFO:colcon.colcon_core.shell:Creating package script '/home/casey/flexiv_ros2_ws/install/flexiv_hardware/share/flexiv_hardware/package.zsh'
[0.545s] Level 1:colcon.colcon_core.environment:create_file_with_runtime_dependencies(/home/casey/flexiv_ros2_ws/install/flexiv_hardware/share/colcon-core/packages/flexiv_hardware)
[0.546s] Level 1:colcon.colcon_core.environment:create_environment_scripts_only(flexiv_description)
[0.547s] Level 1:colcon.colcon_core.environment:checking '/home/casey/flexiv_ros2_ws/install/flexiv_description' for CMake module files
[0.547s] DEBUG:colcon.colcon_core.event_handler.log_command:Invoked command in '/home/casey/flexiv_ros2_ws/build/flexiv_description' returned '0': CMAKE_PREFIX_PATH=${CMAKE_PREFIX_PATH}:/home/casey/flexiv_ros2_ws/install/flexiv_test_nodes:/opt/ros/humble /usr/bin/cmake --install /home/casey/flexiv_ros2_ws/build/flexiv_description
[0.548s] Level 1:colcon.colcon_core.environment:checking '/home/casey/flexiv_ros2_ws/install/flexiv_description' for CMake config files
[0.549s] Level 1:colcon.colcon_core.shell:create_environment_hook('flexiv_description', 'cmake_prefix_path')
[0.549s] INFO:colcon.colcon_core.shell:Creating environment hook '/home/casey/flexiv_ros2_ws/install/flexiv_description/share/flexiv_description/hook/cmake_prefix_path.ps1'
[0.549s] INFO:colcon.colcon_core.shell:Creating environment descriptor '/home/casey/flexiv_ros2_ws/install/flexiv_description/share/flexiv_description/hook/cmake_prefix_path.dsv'
[0.549s] INFO:colcon.colcon_core.shell:Creating environment hook '/home/casey/flexiv_ros2_ws/install/flexiv_description/share/flexiv_description/hook/cmake_prefix_path.sh'
[0.550s] Level 1:colcon.colcon_core.environment:checking '/home/casey/flexiv_ros2_ws/install/flexiv_description/bin'
[0.550s] Level 1:colcon.colcon_core.environment:checking '/home/casey/flexiv_ros2_ws/install/flexiv_description/lib/pkgconfig/flexiv_description.pc'
[0.550s] Level 1:colcon.colcon_core.environment:checking '/home/casey/flexiv_ros2_ws/install/flexiv_description/lib/python3.10/site-packages'
[0.550s] Level 1:colcon.colcon_core.environment:checking '/home/casey/flexiv_ros2_ws/install/flexiv_description/bin'
[0.550s] INFO:colcon.colcon_core.shell:Creating package script '/home/casey/flexiv_ros2_ws/install/flexiv_description/share/flexiv_description/package.ps1'
[0.550s] INFO:colcon.colcon_core.shell:Creating package descriptor '/home/casey/flexiv_ros2_ws/install/flexiv_description/share/flexiv_description/package.dsv'
[0.551s] INFO:colcon.colcon_core.shell:Creating package script '/home/casey/flexiv_ros2_ws/install/flexiv_description/share/flexiv_description/package.sh'
[0.551s] INFO:colcon.colcon_core.shell:Creating package script '/home/casey/flexiv_ros2_ws/install/flexiv_description/share/flexiv_description/package.bash'
[0.551s] INFO:colcon.colcon_core.shell:Creating package script '/home/casey/flexiv_ros2_ws/install/flexiv_description/share/flexiv_description/package.zsh'
[0.551s] Level 1:colcon.colcon_core.environment:create_file_with_runtime_dependencies(/home/casey/flexiv_ros2_ws/install/flexiv_description/share/colcon-core/packages/flexiv_description)
[0.554s] DEBUG:colcon.colcon_core.event_handler.log_command:Invoked command in '/home/casey/flexiv_ros2_ws/build/flexiv_msgs' returned '0': CMAKE_PREFIX_PATH=${CMAKE_PREFIX_PATH}:/home/casey/flexiv_ros2_ws/install/flexiv_test_nodes:/opt/ros/humble /usr/bin/cmake --build /home/casey/flexiv_ros2_ws/build/flexiv_msgs -- -j16 -l16
[0.577s] Level 1:colcon.colcon_core.environment:create_environment_scripts_only(flexiv_hardware)
[0.577s] Level 1:colcon.colcon_core.environment:checking '/home/casey/flexiv_ros2_ws/install/flexiv_hardware' for CMake module files
[0.577s] Level 1:colcon.colcon_core.environment:checking '/home/casey/flexiv_ros2_ws/install/flexiv_hardware' for CMake config files
[0.577s] Level 1:colcon.colcon_core.shell:create_environment_hook('flexiv_hardware', 'cmake_prefix_path')
[0.578s] INFO:colcon.colcon_core.shell:Creating environment hook '/home/casey/flexiv_ros2_ws/install/flexiv_hardware/share/flexiv_hardware/hook/cmake_prefix_path.ps1'
[0.578s] INFO:colcon.colcon_core.shell:Creating environment descriptor '/home/casey/flexiv_ros2_ws/install/flexiv_hardware/share/flexiv_hardware/hook/cmake_prefix_path.dsv'
[0.578s] INFO:colcon.colcon_core.shell:Creating environment hook '/home/casey/flexiv_ros2_ws/install/flexiv_hardware/share/flexiv_hardware/hook/cmake_prefix_path.sh'
[0.579s] Level 1:colcon.colcon_core.environment:checking '/home/casey/flexiv_ros2_ws/install/flexiv_hardware/lib'
[0.579s] Level 1:colcon.colcon_core.shell:create_environment_hook('flexiv_hardware', 'ld_library_path_lib')
[0.579s] INFO:colcon.colcon_core.shell:Creating environment hook '/home/casey/flexiv_ros2_ws/install/flexiv_hardware/share/flexiv_hardware/hook/ld_library_path_lib.ps1'
[0.579s] INFO:colcon.colcon_core.shell:Creating environment descriptor '/home/casey/flexiv_ros2_ws/install/flexiv_hardware/share/flexiv_hardware/hook/ld_library_path_lib.dsv'
[0.579s] INFO:colcon.colcon_core.shell:Creating environment hook '/home/casey/flexiv_ros2_ws/install/flexiv_hardware/share/flexiv_hardware/hook/ld_library_path_lib.sh'
[0.580s] Level 1:colcon.colcon_core.environment:checking '/home/casey/flexiv_ros2_ws/install/flexiv_hardware/bin'
[0.580s] Level 1:colcon.colcon_core.environment:checking '/home/casey/flexiv_ros2_ws/install/flexiv_hardware/lib/pkgconfig/flexiv_hardware.pc'
[0.580s] Level 1:colcon.colcon_core.environment:checking '/home/casey/flexiv_ros2_ws/install/flexiv_hardware/lib/python3.10/site-packages'
[0.580s] Level 1:colcon.colcon_core.environment:checking '/home/casey/flexiv_ros2_ws/install/flexiv_hardware/bin'
[0.580s] INFO:colcon.colcon_core.shell:Creating package script '/home/casey/flexiv_ros2_ws/install/flexiv_hardware/share/flexiv_hardware/package.ps1'
[0.580s] INFO:colcon.colcon_core.shell:Creating package descriptor '/home/casey/flexiv_ros2_ws/install/flexiv_hardware/share/flexiv_hardware/package.dsv'
[0.581s] INFO:colcon.colcon_core.shell:Creating package script '/home/casey/flexiv_ros2_ws/install/flexiv_hardware/share/flexiv_hardware/package.sh'
[0.581s] INFO:colcon.colcon_core.shell:Creating package script '/home/casey/flexiv_ros2_ws/install/flexiv_hardware/share/flexiv_hardware/package.bash'
[0.581s] INFO:colcon.colcon_core.shell:Creating package script '/home/casey/flexiv_ros2_ws/install/flexiv_hardware/share/flexiv_hardware/package.zsh'
[0.582s] Level 1:colcon.colcon_core.environment:create_file_with_runtime_dependencies(/home/casey/flexiv_ros2_ws/install/flexiv_hardware/share/colcon-core/packages/flexiv_hardware)
[0.583s] Level 1:colcon.colcon_core.environment:create_environment_scripts_only(flexiv_description)
[0.583s] Level 1:colcon.colcon_core.environment:checking '/home/casey/flexiv_ros2_ws/install/flexiv_description' for CMake module files
[0.583s] Level 1:colcon.colcon_core.environment:checking '/home/casey/flexiv_ros2_ws/install/flexiv_description' for CMake config files
[0.584s] Level 1:colcon.colcon_core.shell:create_environment_hook('flexiv_description', 'cmake_prefix_path')
[0.584s] INFO:colcon.colcon_core.shell:Creating environment hook '/home/casey/flexiv_ros2_ws/install/flexiv_description/share/flexiv_description/hook/cmake_prefix_path.ps1'
[0.585s] INFO:colcon.colcon_core.shell:Creating environment descriptor '/home/casey/flexiv_ros2_ws/install/flexiv_description/share/flexiv_description/hook/cmake_prefix_path.dsv'
[0.585s] INFO:colcon.colcon_core.shell:Creating environment hook '/home/casey/flexiv_ros2_ws/install/flexiv_description/share/flexiv_description/hook/cmake_prefix_path.sh'
[0.585s] Level 1:colcon.colcon_core.environment:checking '/home/casey/flexiv_ros2_ws/install/flexiv_description/bin'
[0.585s] Level 1:colcon.colcon_core.environment:checking '/home/casey/flexiv_ros2_ws/install/flexiv_description/lib/pkgconfig/flexiv_description.pc'
[0.585s] Level 1:colcon.colcon_core.environment:checking '/home/casey/flexiv_ros2_ws/install/flexiv_description/lib/python3.10/site-packages'
[0.585s] Level 1:colcon.colcon_core.environment:checking '/home/casey/flexiv_ros2_ws/install/flexiv_description/bin'
[0.586s] INFO:colcon.colcon_core.shell:Creating package script '/home/casey/flexiv_ros2_ws/install/flexiv_description/share/flexiv_description/package.ps1'
[0.586s] INFO:colcon.colcon_core.shell:Creating package descriptor '/home/casey/flexiv_ros2_ws/install/flexiv_description/share/flexiv_description/package.dsv'
[0.586s] INFO:colcon.colcon_core.shell:Creating package script '/home/casey/flexiv_ros2_ws/install/flexiv_description/share/flexiv_description/package.sh'
[0.586s] INFO:colcon.colcon_core.shell:Creating package script '/home/casey/flexiv_ros2_ws/install/flexiv_description/share/flexiv_description/package.bash'
[0.587s] INFO:colcon.colcon_core.shell:Creating package script '/home/casey/flexiv_ros2_ws/install/flexiv_description/share/flexiv_description/package.zsh'
[0.587s] Level 1:colcon.colcon_core.environment:create_file_with_runtime_dependencies(/home/casey/flexiv_ros2_ws/install/flexiv_description/share/colcon-core/packages/flexiv_description)
[0.587s] INFO:colcon.colcon_ros.task.ament_cmake.build:Building ROS package in '/home/casey/flexiv_ros2_ws/src/flexiv_ros2/flexiv_moveit_config' with build type 'ament_cmake'
[0.587s] INFO:colcon.colcon_cmake.task.cmake.build:Building CMake package in '/home/casey/flexiv_ros2_ws/src/flexiv_ros2/flexiv_moveit_config'
[0.587s] INFO:colcon.colcon_core.shell:Skip shell extension 'powershell' for command environment: Not usable outside of PowerShell
[0.587s] DEBUG:colcon.colcon_core.shell:Skip shell extension 'dsv' for command environment
[0.598s] DEBUG:colcon.colcon_core.event_handler.log_command:Invoking command in '/home/casey/flexiv_ros2_ws/build/flexiv_moveit_config': CMAKE_PREFIX_PATH=/home/casey/flexiv_ros2_ws/install/flexiv_description:/home/casey/flexiv_ros2_ws/install/flexiv_bringup:/home/casey/flexiv_ros2_ws/install/flexiv_controllers:/home/casey/flexiv_ros2_ws/install/flexiv_msgs:/home/casey/flexiv_ros2_ws/install/flexiv_moveit_config:/home/casey/flexiv_ros2_ws/install/flexiv_hardware:/home/casey/flexiv_ros2_ws/install/flexiv_test_nodes:/opt/ros/humble /usr/bin/cmake --build /home/casey/flexiv_ros2_ws/build/flexiv_moveit_config -- -j16 -l16
[0.641s] DEBUG:colcon.colcon_core.event_handler.log_command:Invoked command in '/home/casey/flexiv_ros2_ws/build/flexiv_moveit_config' returned '0': CMAKE_PREFIX_PATH=/home/casey/flexiv_ros2_ws/install/flexiv_description:/home/casey/flexiv_ros2_ws/install/flexiv_bringup:/home/casey/flexiv_ros2_ws/install/flexiv_controllers:/home/casey/flexiv_ros2_ws/install/flexiv_msgs:/home/casey/flexiv_ros2_ws/install/flexiv_moveit_config:/home/casey/flexiv_ros2_ws/install/flexiv_hardware:/home/casey/flexiv_ros2_ws/install/flexiv_test_nodes:/opt/ros/humble /usr/bin/cmake --build /home/casey/flexiv_ros2_ws/build/flexiv_moveit_config -- -j16 -l16
[0.671s] DEBUG:colcon.colcon_core.event_handler.log_command:Invoking command in '/home/casey/flexiv_ros2_ws/build/flexiv_moveit_config': CMAKE_PREFIX_PATH=/home/casey/flexiv_ros2_ws/install/flexiv_description:/home/casey/flexiv_ros2_ws/install/flexiv_bringup:/home/casey/flexiv_ros2_ws/install/flexiv_controllers:/home/casey/flexiv_ros2_ws/install/flexiv_msgs:/home/casey/flexiv_ros2_ws/install/flexiv_moveit_config:/home/casey/flexiv_ros2_ws/install/flexiv_hardware:/home/casey/flexiv_ros2_ws/install/flexiv_test_nodes:/opt/ros/humble /usr/bin/cmake --install /home/casey/flexiv_ros2_ws/build/flexiv_moveit_config
[0.697s] Level 1:colcon.colcon_core.environment:create_environment_scripts_only(flexiv_moveit_config)
[0.697s] Level 1:colcon.colcon_core.environment:checking '/home/casey/flexiv_ros2_ws/install/flexiv_moveit_config' for CMake module files
[0.698s] DEBUG:colcon.colcon_core.event_handler.log_command:Invoked command in '/home/casey/flexiv_ros2_ws/build/flexiv_moveit_config' returned '0': CMAKE_PREFIX_PATH=/home/casey/flexiv_ros2_ws/install/flexiv_description:/home/casey/flexiv_ros2_ws/install/flexiv_bringup:/home/casey/flexiv_ros2_ws/install/flexiv_controllers:/home/casey/flexiv_ros2_ws/install/flexiv_msgs:/home/casey/flexiv_ros2_ws/install/flexiv_moveit_config:/home/casey/flexiv_ros2_ws/install/flexiv_hardware:/home/casey/flexiv_ros2_ws/install/flexiv_test_nodes:/opt/ros/humble /usr/bin/cmake --install /home/casey/flexiv_ros2_ws/build/flexiv_moveit_config
[0.698s] Level 1:colcon.colcon_core.environment:checking '/home/casey/flexiv_ros2_ws/install/flexiv_moveit_config' for CMake config files
[0.698s] Level 1:colcon.colcon_core.shell:create_environment_hook('flexiv_moveit_config', 'cmake_prefix_path')
[0.698s] INFO:colcon.colcon_core.shell:Creating environment hook '/home/casey/flexiv_ros2_ws/install/flexiv_moveit_config/share/flexiv_moveit_config/hook/cmake_prefix_path.ps1'
[0.699s] INFO:colcon.colcon_core.shell:Creating environment descriptor '/home/casey/flexiv_ros2_ws/install/flexiv_moveit_config/share/flexiv_moveit_config/hook/cmake_prefix_path.dsv'
[0.699s] INFO:colcon.colcon_core.shell:Creating environment hook '/home/casey/flexiv_ros2_ws/install/flexiv_moveit_config/share/flexiv_moveit_config/hook/cmake_prefix_path.sh'
[0.700s] Level 1:colcon.colcon_core.environment:checking '/home/casey/flexiv_ros2_ws/install/flexiv_moveit_config/bin'
[0.700s] Level 1:colcon.colcon_core.environment:checking '/home/casey/flexiv_ros2_ws/install/flexiv_moveit_config/lib/pkgconfig/flexiv_moveit_config.pc'
[0.700s] Level 1:colcon.colcon_core.environment:checking '/home/casey/flexiv_ros2_ws/install/flexiv_moveit_config/lib/python3.10/site-packages'
[0.700s] Level 1:colcon.colcon_core.environment:checking '/home/casey/flexiv_ros2_ws/install/flexiv_moveit_config/bin'
[0.700s] INFO:colcon.colcon_core.shell:Creating package script '/home/casey/flexiv_ros2_ws/install/flexiv_moveit_config/share/flexiv_moveit_config/package.ps1'
[0.700s] INFO:colcon.colcon_core.shell:Creating package descriptor '/home/casey/flexiv_ros2_ws/install/flexiv_moveit_config/share/flexiv_moveit_config/package.dsv'
[0.701s] INFO:colcon.colcon_core.shell:Creating package script '/home/casey/flexiv_ros2_ws/install/flexiv_moveit_config/share/flexiv_moveit_config/package.sh'
[0.701s] INFO:colcon.colcon_core.shell:Creating package script '/home/casey/flexiv_ros2_ws/install/flexiv_moveit_config/share/flexiv_moveit_config/package.bash'
[0.701s] INFO:colcon.colcon_core.shell:Creating package script '/home/casey/flexiv_ros2_ws/install/flexiv_moveit_config/share/flexiv_moveit_config/package.zsh'
[0.701s] Level 1:colcon.colcon_core.environment:create_file_with_runtime_dependencies(/home/casey/flexiv_ros2_ws/install/flexiv_moveit_config/share/colcon-core/packages/flexiv_moveit_config)
[0.728s] Level 1:colcon.colcon_core.environment:create_environment_scripts_only(flexiv_moveit_config)
[0.729s] Level 1:colcon.colcon_core.environment:checking '/home/casey/flexiv_ros2_ws/install/flexiv_moveit_config' for CMake module files
[0.729s] Level 1:colcon.colcon_core.environment:checking '/home/casey/flexiv_ros2_ws/install/flexiv_moveit_config' for CMake config files
[0.729s] Level 1:colcon.colcon_core.shell:create_environment_hook('flexiv_moveit_config', 'cmake_prefix_path')
[0.729s] INFO:colcon.colcon_core.shell:Creating environment hook '/home/casey/flexiv_ros2_ws/install/flexiv_moveit_config/share/flexiv_moveit_config/hook/cmake_prefix_path.ps1'
[0.730s] INFO:colcon.colcon_core.shell:Creating environment descriptor '/home/casey/flexiv_ros2_ws/install/flexiv_moveit_config/share/flexiv_moveit_config/hook/cmake_prefix_path.dsv'
[0.730s] INFO:colcon.colcon_core.shell:Creating environment hook '/home/casey/flexiv_ros2_ws/install/flexiv_moveit_config/share/flexiv_moveit_config/hook/cmake_prefix_path.sh'
[0.730s] Level 1:colcon.colcon_core.environment:checking '/home/casey/flexiv_ros2_ws/install/flexiv_moveit_config/bin'
[0.731s] Level 1:colcon.colcon_core.environment:checking '/home/casey/flexiv_ros2_ws/install/flexiv_moveit_config/lib/pkgconfig/flexiv_moveit_config.pc'
[0.731s] Level 1:colcon.colcon_core.environment:checking '/home/casey/flexiv_ros2_ws/install/flexiv_moveit_config/lib/python3.10/site-packages'
[0.731s] Level 1:colcon.colcon_core.environment:checking '/home/casey/flexiv_ros2_ws/install/flexiv_moveit_config/bin'
[0.731s] INFO:colcon.colcon_core.shell:Creating package script '/home/casey/flexiv_ros2_ws/install/flexiv_moveit_config/share/flexiv_moveit_config/package.ps1'
[0.731s] INFO:colcon.colcon_core.shell:Creating package descriptor '/home/casey/flexiv_ros2_ws/install/flexiv_moveit_config/share/flexiv_moveit_config/package.dsv'
[0.731s] INFO:colcon.colcon_core.shell:Creating package script '/home/casey/flexiv_ros2_ws/install/flexiv_moveit_config/share/flexiv_moveit_config/package.sh'
[0.732s] INFO:colcon.colcon_core.shell:Creating package script '/home/casey/flexiv_ros2_ws/install/flexiv_moveit_config/share/flexiv_moveit_config/package.bash'
[0.732s] INFO:colcon.colcon_core.shell:Creating package script '/home/casey/flexiv_ros2_ws/install/flexiv_moveit_config/share/flexiv_moveit_config/package.zsh'
[0.732s] Level 1:colcon.colcon_core.environment:create_file_with_runtime_dependencies(/home/casey/flexiv_ros2_ws/install/flexiv_moveit_config/share/colcon-core/packages/flexiv_moveit_config)
[0.749s] DEBUG:colcon.colcon_core.event_handler.log_command:Invoking command in '/home/casey/flexiv_ros2_ws/build/flexiv_msgs': CMAKE_PREFIX_PATH=${CMAKE_PREFIX_PATH}:/home/casey/flexiv_ros2_ws/install/flexiv_test_nodes:/opt/ros/humble /usr/bin/cmake --install /home/casey/flexiv_ros2_ws/build/flexiv_msgs
[0.773s] DEBUG:colcon.colcon_core.event_handler.log_command:Invoking command in '/home/casey/flexiv_ros2_ws/build/flexiv_test_nodes': PYTHONPATH=/home/casey/flexiv_ros2_ws/build/flexiv_test_nodes/prefix_override:/home/casey/flexiv_ros2_ws/install/flexiv_test_nodes/lib/python3.10/site-packages:${PYTHONPATH} /usr/bin/python3 -W ignore:setup.py install is deprecated setup.py develop --editable --build-directory /home/casey/flexiv_ros2_ws/build/flexiv_test_nodes/build --no-deps symlink_data
[0.816s] Level 1:colcon.colcon_core.environment:create_environment_scripts_only(flexiv_msgs)
[0.816s] Level 1:colcon.colcon_core.environment:checking '/home/casey/flexiv_ros2_ws/install/flexiv_msgs' for CMake module files
[0.817s] DEBUG:colcon.colcon_core.event_handler.log_command:Invoked command in '/home/casey/flexiv_ros2_ws/build/flexiv_msgs' returned '0': CMAKE_PREFIX_PATH=${CMAKE_PREFIX_PATH}:/home/casey/flexiv_ros2_ws/install/flexiv_test_nodes:/opt/ros/humble /usr/bin/cmake --install /home/casey/flexiv_ros2_ws/build/flexiv_msgs
[0.817s] Level 1:colcon.colcon_core.environment:checking '/home/casey/flexiv_ros2_ws/install/flexiv_msgs' for CMake config files
[0.817s] Level 1:colcon.colcon_core.shell:create_environment_hook('flexiv_msgs', 'cmake_prefix_path')
[0.817s] INFO:colcon.colcon_core.shell:Creating environment hook '/home/casey/flexiv_ros2_ws/install/flexiv_msgs/share/flexiv_msgs/hook/cmake_prefix_path.ps1'
[0.818s] INFO:colcon.colcon_core.shell:Creating environment descriptor '/home/casey/flexiv_ros2_ws/install/flexiv_msgs/share/flexiv_msgs/hook/cmake_prefix_path.dsv'
[0.818s] INFO:colcon.colcon_core.shell:Creating environment hook '/home/casey/flexiv_ros2_ws/install/flexiv_msgs/share/flexiv_msgs/hook/cmake_prefix_path.sh'
[0.818s] Level 1:colcon.colcon_core.environment:checking '/home/casey/flexiv_ros2_ws/install/flexiv_msgs/lib'
[0.818s] Level 1:colcon.colcon_core.shell:create_environment_hook('flexiv_msgs', 'ld_library_path_lib')
[0.819s] INFO:colcon.colcon_core.shell:Creating environment hook '/home/casey/flexiv_ros2_ws/install/flexiv_msgs/share/flexiv_msgs/hook/ld_library_path_lib.ps1'
[0.819s] INFO:colcon.colcon_core.shell:Creating environment descriptor '/home/casey/flexiv_ros2_ws/install/flexiv_msgs/share/flexiv_msgs/hook/ld_library_path_lib.dsv'
[0.819s] INFO:colcon.colcon_core.shell:Creating environment hook '/home/casey/flexiv_ros2_ws/install/flexiv_msgs/share/flexiv_msgs/hook/ld_library_path_lib.sh'
[0.819s] Level 1:colcon.colcon_core.environment:checking '/home/casey/flexiv_ros2_ws/install/flexiv_msgs/bin'
[0.819s] Level 1:colcon.colcon_core.environment:checking '/home/casey/flexiv_ros2_ws/install/flexiv_msgs/lib/pkgconfig/flexiv_msgs.pc'
[0.819s] Level 1:colcon.colcon_core.environment:checking '/home/casey/flexiv_ros2_ws/install/flexiv_msgs/lib/python3.10/site-packages'
[0.819s] Level 1:colcon.colcon_core.environment:checking '/home/casey/flexiv_ros2_ws/install/flexiv_msgs/bin'
[0.820s] INFO:colcon.colcon_core.shell:Creating package script '/home/casey/flexiv_ros2_ws/install/flexiv_msgs/share/flexiv_msgs/package.ps1'
[0.820s] INFO:colcon.colcon_core.shell:Creating package descriptor '/home/casey/flexiv_ros2_ws/install/flexiv_msgs/share/flexiv_msgs/package.dsv'
[0.820s] INFO:colcon.colcon_core.shell:Creating package script '/home/casey/flexiv_ros2_ws/install/flexiv_msgs/share/flexiv_msgs/package.sh'
[0.820s] INFO:colcon.colcon_core.shell:Creating package script '/home/casey/flexiv_ros2_ws/install/flexiv_msgs/share/flexiv_msgs/package.bash'
[0.821s] INFO:colcon.colcon_core.shell:Creating package script '/home/casey/flexiv_ros2_ws/install/flexiv_msgs/share/flexiv_msgs/package.zsh'
[0.821s] Level 1:colcon.colcon_core.environment:create_file_with_runtime_dependencies(/home/casey/flexiv_ros2_ws/install/flexiv_msgs/share/colcon-core/packages/flexiv_msgs)
[1.027s] Level 1:colcon.colcon_core.environment:create_environment_scripts_only(flexiv_msgs)
[1.027s] Level 1:colcon.colcon_core.environment:checking '/home/casey/flexiv_ros2_ws/install/flexiv_msgs' for CMake module files
[1.028s] Level 1:colcon.colcon_core.environment:checking '/home/casey/flexiv_ros2_ws/install/flexiv_msgs' for CMake config files
[1.028s] Level 1:colcon.colcon_core.shell:create_environment_hook('flexiv_msgs', 'cmake_prefix_path')
[1.028s] INFO:colcon.colcon_core.shell:Creating environment hook '/home/casey/flexiv_ros2_ws/install/flexiv_msgs/share/flexiv_msgs/hook/cmake_prefix_path.ps1'
[1.028s] INFO:colcon.colcon_core.shell:Creating environment descriptor '/home/casey/flexiv_ros2_ws/install/flexiv_msgs/share/flexiv_msgs/hook/cmake_prefix_path.dsv'
[1.029s] INFO:colcon.colcon_core.shell:Creating environment hook '/home/casey/flexiv_ros2_ws/install/flexiv_msgs/share/flexiv_msgs/hook/cmake_prefix_path.sh'
[1.029s] Level 1:colcon.colcon_core.environment:checking '/home/casey/flexiv_ros2_ws/install/flexiv_msgs/lib'
[1.029s] Level 1:colcon.colcon_core.shell:create_environment_hook('flexiv_msgs', 'ld_library_path_lib')
[1.029s] INFO:colcon.colcon_core.shell:Creating environment hook '/home/casey/flexiv_ros2_ws/install/flexiv_msgs/share/flexiv_msgs/hook/ld_library_path_lib.ps1'
[1.029s] INFO:colcon.colcon_core.shell:Creating environment descriptor '/home/casey/flexiv_ros2_ws/install/flexiv_msgs/share/flexiv_msgs/hook/ld_library_path_lib.dsv'
[1.030s] INFO:colcon.colcon_core.shell:Creating environment hook '/home/casey/flexiv_ros2_ws/install/flexiv_msgs/share/flexiv_msgs/hook/ld_library_path_lib.sh'
[1.030s] Level 1:colcon.colcon_core.environment:checking '/home/casey/flexiv_ros2_ws/install/flexiv_msgs/bin'
[1.030s] Level 1:colcon.colcon_core.environment:checking '/home/casey/flexiv_ros2_ws/install/flexiv_msgs/lib/pkgconfig/flexiv_msgs.pc'
[1.030s] Level 1:colcon.colcon_core.environment:checking '/home/casey/flexiv_ros2_ws/install/flexiv_msgs/lib/python3.10/site-packages'
[1.030s] Level 1:colcon.colcon_core.environment:checking '/home/casey/flexiv_ros2_ws/install/flexiv_msgs/bin'
[1.030s] INFO:colcon.colcon_core.shell:Creating package script '/home/casey/flexiv_ros2_ws/install/flexiv_msgs/share/flexiv_msgs/package.ps1'
[1.031s] INFO:colcon.colcon_core.shell:Creating package descriptor '/home/casey/flexiv_ros2_ws/install/flexiv_msgs/share/flexiv_msgs/package.dsv'
[1.031s] INFO:colcon.colcon_core.shell:Creating package script '/home/casey/flexiv_ros2_ws/install/flexiv_msgs/share/flexiv_msgs/package.sh'
[1.031s] INFO:colcon.colcon_core.shell:Creating package script '/home/casey/flexiv_ros2_ws/install/flexiv_msgs/share/flexiv_msgs/package.bash'
[1.031s] INFO:colcon.colcon_core.shell:Creating package script '/home/casey/flexiv_ros2_ws/install/flexiv_msgs/share/flexiv_msgs/package.zsh'
[1.031s] Level 1:colcon.colcon_core.environment:create_file_with_runtime_dependencies(/home/casey/flexiv_ros2_ws/install/flexiv_msgs/share/colcon-core/packages/flexiv_msgs)
[1.032s] INFO:colcon.colcon_ros.task.ament_cmake.build:Building ROS package in '/home/casey/flexiv_ros2_ws/src/flexiv_ros2/flexiv_controllers' with build type 'ament_cmake'
[1.032s] INFO:colcon.colcon_cmake.task.cmake.build:Building CMake package in '/home/casey/flexiv_ros2_ws/src/flexiv_ros2/flexiv_controllers'
[1.032s] INFO:colcon.colcon_core.shell:Skip shell extension 'powershell' for command environment: Not usable outside of PowerShell
[1.032s] DEBUG:colcon.colcon_core.shell:Skip shell extension 'dsv' for command environment
[1.043s] DEBUG:colcon.colcon_core.event_handler.log_command:Invoking command in '/home/casey/flexiv_ros2_ws/build/flexiv_controllers': CMAKE_PREFIX_PATH=/home/casey/flexiv_ros2_ws/install/flexiv_msgs:/home/casey/flexiv_ros2_ws/install/flexiv_bringup:/home/casey/flexiv_ros2_ws/install/flexiv_controllers:/home/casey/flexiv_ros2_ws/install/flexiv_moveit_config:/home/casey/flexiv_ros2_ws/install/flexiv_hardware:/home/casey/flexiv_ros2_ws/install/flexiv_description:/home/casey/flexiv_ros2_ws/install/flexiv_test_nodes:/opt/ros/humble LD_LIBRARY_PATH=/home/casey/flexiv_ros2_ws/install/flexiv_msgs/lib:/home/casey/flexiv_ros2_ws/install/flexiv_controllers/lib:/home/casey/flexiv_ros2_ws/install/flexiv_hardware/lib:/opt/ros/humble/opt/rviz_ogre_vendor/lib:/opt/ros/humble/lib/x86_64-linux-gnu:/opt/ros/humble/lib /usr/bin/cmake --build /home/casey/flexiv_ros2_ws/build/flexiv_controllers -- -j16 -l16
[1.081s] Level 1:colcon.colcon_core.shell:create_environment_hook('flexiv_test_nodes', 'pythonpath_develop')
[1.082s] INFO:colcon.colcon_core.shell:Creating environment hook '/home/casey/flexiv_ros2_ws/build/flexiv_test_nodes/share/flexiv_test_nodes/hook/pythonpath_develop.ps1'
[1.082s] DEBUG:colcon.colcon_core.event_handler.log_command:Invoked command in '/home/casey/flexiv_ros2_ws/build/flexiv_test_nodes' returned '0': PYTHONPATH=/home/casey/flexiv_ros2_ws/build/flexiv_test_nodes/prefix_override:/home/casey/flexiv_ros2_ws/install/flexiv_test_nodes/lib/python3.10/site-packages:${PYTHONPATH} /usr/bin/python3 -W ignore:setup.py install is deprecated setup.py develop --editable --build-directory /home/casey/flexiv_ros2_ws/build/flexiv_test_nodes/build --no-deps symlink_data
[1.083s] INFO:colcon.colcon_core.shell:Creating environment descriptor '/home/casey/flexiv_ros2_ws/build/flexiv_test_nodes/share/flexiv_test_nodes/hook/pythonpath_develop.dsv'
[1.083s] INFO:colcon.colcon_core.shell:Creating environment hook '/home/casey/flexiv_ros2_ws/build/flexiv_test_nodes/share/flexiv_test_nodes/hook/pythonpath_develop.sh'
[1.083s] Level 1:colcon.colcon_core.environment:checking '/home/casey/flexiv_ros2_ws/install/flexiv_test_nodes' for CMake module files
[1.084s] Level 1:colcon.colcon_core.environment:checking '/home/casey/flexiv_ros2_ws/install/flexiv_test_nodes' for CMake config files
[1.084s] Level 1:colcon.colcon_core.environment:checking '/home/casey/flexiv_ros2_ws/install/flexiv_test_nodes/lib'
[1.084s] Level 1:colcon.colcon_core.environment:checking '/home/casey/flexiv_ros2_ws/install/flexiv_test_nodes/bin'
[1.084s] Level 1:colcon.colcon_core.environment:checking '/home/casey/flexiv_ros2_ws/install/flexiv_test_nodes/lib/pkgconfig/flexiv_test_nodes.pc'
[1.084s] Level 1:colcon.colcon_core.environment:checking '/home/casey/flexiv_ros2_ws/install/flexiv_test_nodes/lib/python3.10/site-packages'
[1.084s] Level 1:colcon.colcon_core.shell:create_environment_hook('flexiv_test_nodes', 'pythonpath')
[1.085s] INFO:colcon.colcon_core.shell:Creating environment hook '/home/casey/flexiv_ros2_ws/install/flexiv_test_nodes/share/flexiv_test_nodes/hook/pythonpath.ps1'
[1.085s] INFO:colcon.colcon_core.shell:Creating environment descriptor '/home/casey/flexiv_ros2_ws/install/flexiv_test_nodes/share/flexiv_test_nodes/hook/pythonpath.dsv'
[1.085s] INFO:colcon.colcon_core.shell:Creating environment hook '/home/casey/flexiv_ros2_ws/install/flexiv_test_nodes/share/flexiv_test_nodes/hook/pythonpath.sh'
[1.085s] Level 1:colcon.colcon_core.environment:checking '/home/casey/flexiv_ros2_ws/install/flexiv_test_nodes/bin'
[1.085s] Level 1:colcon.colcon_core.environment:create_environment_scripts_only(flexiv_test_nodes)
[1.086s] INFO:colcon.colcon_core.shell:Creating package script '/home/casey/flexiv_ros2_ws/install/flexiv_test_nodes/share/flexiv_test_nodes/package.ps1'
[1.086s] INFO:colcon.colcon_core.shell:Creating package descriptor '/home/casey/flexiv_ros2_ws/install/flexiv_test_nodes/share/flexiv_test_nodes/package.dsv'
[1.086s] INFO:colcon.colcon_core.shell:Creating package script '/home/casey/flexiv_ros2_ws/install/flexiv_test_nodes/share/flexiv_test_nodes/package.sh'
[1.086s] INFO:colcon.colcon_core.shell:Creating package script '/home/casey/flexiv_ros2_ws/install/flexiv_test_nodes/share/flexiv_test_nodes/package.bash'
[1.087s] INFO:colcon.colcon_core.shell:Creating package script '/home/casey/flexiv_ros2_ws/install/flexiv_test_nodes/share/flexiv_test_nodes/package.zsh'
[1.087s] Level 1:colcon.colcon_core.environment:create_file_with_runtime_dependencies(/home/casey/flexiv_ros2_ws/install/flexiv_test_nodes/share/colcon-core/packages/flexiv_test_nodes)
[1.087s] INFO:colcon.colcon_ros.task.ament_cmake.build:Building ROS package in '/home/casey/flexiv_ros2_ws/src/flexiv_ros2/flexiv_bringup' with build type 'ament_cmake'
[1.087s] INFO:colcon.colcon_cmake.task.cmake.build:Building CMake package in '/home/casey/flexiv_ros2_ws/src/flexiv_ros2/flexiv_bringup'
[1.087s] INFO:colcon.colcon_core.shell:Skip shell extension 'powershell' for command environment: Not usable outside of PowerShell
[1.087s] DEBUG:colcon.colcon_core.shell:Skip shell extension 'dsv' for command environment
[1.102s] DEBUG:colcon.colcon_core.event_handler.log_command:Invoking command in '/home/casey/flexiv_ros2_ws/build/flexiv_bringup': AMENT_PREFIX_PATH=/home/casey/flexiv_ros2_ws/install/flexiv_test_nodes:/home/casey/flexiv_ros2_ws/install/flexiv_bringup:/home/casey/flexiv_ros2_ws/install/flexiv_controllers:/home/casey/flexiv_ros2_ws/install/flexiv_msgs:/home/casey/flexiv_ros2_ws/install/flexiv_moveit_config:/home/casey/flexiv_ros2_ws/install/flexiv_hardware:/home/casey/flexiv_ros2_ws/install/flexiv_description:/opt/ros/humble CMAKE_PREFIX_PATH=/home/casey/flexiv_ros2_ws/install/flexiv_hardware:/home/casey/flexiv_ros2_ws/install/flexiv_description:/home/casey/flexiv_ros2_ws/install/flexiv_bringup:/home/casey/flexiv_ros2_ws/install/flexiv_controllers:/home/casey/flexiv_ros2_ws/install/flexiv_msgs:/home/casey/flexiv_ros2_ws/install/flexiv_moveit_config:/home/casey/flexiv_ros2_ws/install/flexiv_test_nodes:/opt/ros/humble LD_LIBRARY_PATH=/home/casey/flexiv_ros2_ws/install/flexiv_hardware/lib:/home/casey/flexiv_ros2_ws/install/flexiv_controllers/lib:/home/casey/flexiv_ros2_ws/install/flexiv_msgs/lib:/opt/ros/humble/opt/rviz_ogre_vendor/lib:/opt/ros/humble/lib/x86_64-linux-gnu:/opt/ros/humble/lib /usr/bin/cmake --build /home/casey/flexiv_ros2_ws/build/flexiv_bringup -- -j16 -l16
[1.139s] DEBUG:colcon.colcon_core.event_handler.log_command:Invoked command in '/home/casey/flexiv_ros2_ws/build/flexiv_controllers' returned '0': CMAKE_PREFIX_PATH=/home/casey/flexiv_ros2_ws/install/flexiv_msgs:/home/casey/flexiv_ros2_ws/install/flexiv_bringup:/home/casey/flexiv_ros2_ws/install/flexiv_controllers:/home/casey/flexiv_ros2_ws/install/flexiv_moveit_config:/home/casey/flexiv_ros2_ws/install/flexiv_hardware:/home/casey/flexiv_ros2_ws/install/flexiv_description:/home/casey/flexiv_ros2_ws/install/flexiv_test_nodes:/opt/ros/humble LD_LIBRARY_PATH=/home/casey/flexiv_ros2_ws/install/flexiv_msgs/lib:/home/casey/flexiv_ros2_ws/install/flexiv_controllers/lib:/home/casey/flexiv_ros2_ws/install/flexiv_hardware/lib:/opt/ros/humble/opt/rviz_ogre_vendor/lib:/opt/ros/humble/lib/x86_64-linux-gnu:/opt/ros/humble/lib /usr/bin/cmake --build /home/casey/flexiv_ros2_ws/build/flexiv_controllers -- -j16 -l16
[1.142s] DEBUG:colcon.colcon_core.event_handler.log_command:Invoked command in '/home/casey/flexiv_ros2_ws/build/flexiv_bringup' returned '0': AMENT_PREFIX_PATH=/home/casey/flexiv_ros2_ws/install/flexiv_test_nodes:/home/casey/flexiv_ros2_ws/install/flexiv_bringup:/home/casey/flexiv_ros2_ws/install/flexiv_controllers:/home/casey/flexiv_ros2_ws/install/flexiv_msgs:/home/casey/flexiv_ros2_ws/install/flexiv_moveit_config:/home/casey/flexiv_ros2_ws/install/flexiv_hardware:/home/casey/flexiv_ros2_ws/install/flexiv_description:/opt/ros/humble CMAKE_PREFIX_PATH=/home/casey/flexiv_ros2_ws/install/flexiv_hardware:/home/casey/flexiv_ros2_ws/install/flexiv_description:/home/casey/flexiv_ros2_ws/install/flexiv_bringup:/home/casey/flexiv_ros2_ws/install/flexiv_controllers:/home/casey/flexiv_ros2_ws/install/flexiv_msgs:/home/casey/flexiv_ros2_ws/install/flexiv_moveit_config:/home/casey/flexiv_ros2_ws/install/flexiv_test_nodes:/opt/ros/humble LD_LIBRARY_PATH=/home/casey/flexiv_ros2_ws/install/flexiv_hardware/lib:/home/casey/flexiv_ros2_ws/install/flexiv_controllers/lib:/home/casey/flexiv_ros2_ws/install/flexiv_msgs/lib:/opt/ros/humble/opt/rviz_ogre_vendor/lib:/opt/ros/humble/lib/x86_64-linux-gnu:/opt/ros/humble/lib /usr/bin/cmake --build /home/casey/flexiv_ros2_ws/build/flexiv_bringup -- -j16 -l16
[1.173s] DEBUG:colcon.colcon_core.event_handler.log_command:Invoking command in '/home/casey/flexiv_ros2_ws/build/flexiv_bringup': AMENT_PREFIX_PATH=/home/casey/flexiv_ros2_ws/install/flexiv_test_nodes:/home/casey/flexiv_ros2_ws/install/flexiv_bringup:/home/casey/flexiv_ros2_ws/install/flexiv_controllers:/home/casey/flexiv_ros2_ws/install/flexiv_msgs:/home/casey/flexiv_ros2_ws/install/flexiv_moveit_config:/home/casey/flexiv_ros2_ws/install/flexiv_hardware:/home/casey/flexiv_ros2_ws/install/flexiv_description:/opt/ros/humble CMAKE_PREFIX_PATH=/home/casey/flexiv_ros2_ws/install/flexiv_hardware:/home/casey/flexiv_ros2_ws/install/flexiv_description:/home/casey/flexiv_ros2_ws/install/flexiv_bringup:/home/casey/flexiv_ros2_ws/install/flexiv_controllers:/home/casey/flexiv_ros2_ws/install/flexiv_msgs:/home/casey/flexiv_ros2_ws/install/flexiv_moveit_config:/home/casey/flexiv_ros2_ws/install/flexiv_test_nodes:/opt/ros/humble LD_LIBRARY_PATH=/home/casey/flexiv_ros2_ws/install/flexiv_hardware/lib:/home/casey/flexiv_ros2_ws/install/flexiv_controllers/lib:/home/casey/flexiv_ros2_ws/install/flexiv_msgs/lib:/opt/ros/humble/opt/rviz_ogre_vendor/lib:/opt/ros/humble/lib/x86_64-linux-gnu:/opt/ros/humble/lib /usr/bin/cmake --install /home/casey/flexiv_ros2_ws/build/flexiv_bringup
[1.186s] DEBUG:colcon.colcon_core.event_handler.log_command:Invoking command in '/home/casey/flexiv_ros2_ws/build/flexiv_controllers': CMAKE_PREFIX_PATH=/home/casey/flexiv_ros2_ws/install/flexiv_msgs:/home/casey/flexiv_ros2_ws/install/flexiv_bringup:/home/casey/flexiv_ros2_ws/install/flexiv_controllers:/home/casey/flexiv_ros2_ws/install/flexiv_moveit_config:/home/casey/flexiv_ros2_ws/install/flexiv_hardware:/home/casey/flexiv_ros2_ws/install/flexiv_description:/home/casey/flexiv_ros2_ws/install/flexiv_test_nodes:/opt/ros/humble LD_LIBRARY_PATH=/home/casey/flexiv_ros2_ws/install/flexiv_msgs/lib:/home/casey/flexiv_ros2_ws/install/flexiv_controllers/lib:/home/casey/flexiv_ros2_ws/install/flexiv_hardware/lib:/opt/ros/humble/opt/rviz_ogre_vendor/lib:/opt/ros/humble/lib/x86_64-linux-gnu:/opt/ros/humble/lib /usr/bin/cmake --install /home/casey/flexiv_ros2_ws/build/flexiv_controllers
[1.195s] Level 1:colcon.colcon_core.environment:create_environment_scripts_only(flexiv_bringup)
[1.196s] DEBUG:colcon.colcon_core.event_handler.log_command:Invoked command in '/home/casey/flexiv_ros2_ws/build/flexiv_bringup' returned '0': AMENT_PREFIX_PATH=/home/casey/flexiv_ros2_ws/install/flexiv_test_nodes:/home/casey/flexiv_ros2_ws/install/flexiv_bringup:/home/casey/flexiv_ros2_ws/install/flexiv_controllers:/home/casey/flexiv_ros2_ws/install/flexiv_msgs:/home/casey/flexiv_ros2_ws/install/flexiv_moveit_config:/home/casey/flexiv_ros2_ws/install/flexiv_hardware:/home/casey/flexiv_ros2_ws/install/flexiv_description:/opt/ros/humble CMAKE_PREFIX_PATH=/home/casey/flexiv_ros2_ws/install/flexiv_hardware:/home/casey/flexiv_ros2_ws/install/flexiv_description:/home/casey/flexiv_ros2_ws/install/flexiv_bringup:/home/casey/flexiv_ros2_ws/install/flexiv_controllers:/home/casey/flexiv_ros2_ws/install/flexiv_msgs:/home/casey/flexiv_ros2_ws/install/flexiv_moveit_config:/home/casey/flexiv_ros2_ws/install/flexiv_test_nodes:/opt/ros/humble LD_LIBRARY_PATH=/home/casey/flexiv_ros2_ws/install/flexiv_hardware/lib:/home/casey/flexiv_ros2_ws/install/flexiv_controllers/lib:/home/casey/flexiv_ros2_ws/install/flexiv_msgs/lib:/opt/ros/humble/opt/rviz_ogre_vendor/lib:/opt/ros/humble/lib/x86_64-linux-gnu:/opt/ros/humble/lib /usr/bin/cmake --install /home/casey/flexiv_ros2_ws/build/flexiv_bringup
[1.196s] Level 1:colcon.colcon_core.environment:checking '/home/casey/flexiv_ros2_ws/install/flexiv_bringup' for CMake module files
[1.197s] Level 1:colcon.colcon_core.environment:checking '/home/casey/flexiv_ros2_ws/install/flexiv_bringup' for CMake config files
[1.197s] Level 1:colcon.colcon_core.shell:create_environment_hook('flexiv_bringup', 'cmake_prefix_path')
[1.197s] INFO:colcon.colcon_core.shell:Creating environment hook '/home/casey/flexiv_ros2_ws/install/flexiv_bringup/share/flexiv_bringup/hook/cmake_prefix_path.ps1'
[1.197s] INFO:colcon.colcon_core.shell:Creating environment descriptor '/home/casey/flexiv_ros2_ws/install/flexiv_bringup/share/flexiv_bringup/hook/cmake_prefix_path.dsv'
[1.198s] INFO:colcon.colcon_core.shell:Creating environment hook '/home/casey/flexiv_ros2_ws/install/flexiv_bringup/share/flexiv_bringup/hook/cmake_prefix_path.sh'
[1.198s] Level 1:colcon.colcon_core.environment:checking '/home/casey/flexiv_ros2_ws/install/flexiv_bringup/bin'
[1.198s] Level 1:colcon.colcon_core.environment:checking '/home/casey/flexiv_ros2_ws/install/flexiv_bringup/lib/pkgconfig/flexiv_bringup.pc'
[1.198s] Level 1:colcon.colcon_core.environment:checking '/home/casey/flexiv_ros2_ws/install/flexiv_bringup/lib/python3.10/site-packages'
[1.198s] Level 1:colcon.colcon_core.environment:checking '/home/casey/flexiv_ros2_ws/install/flexiv_bringup/bin'
[1.199s] INFO:colcon.colcon_core.shell:Creating package script '/home/casey/flexiv_ros2_ws/install/flexiv_bringup/share/flexiv_bringup/package.ps1'
[1.199s] INFO:colcon.colcon_core.shell:Creating package descriptor '/home/casey/flexiv_ros2_ws/install/flexiv_bringup/share/flexiv_bringup/package.dsv'
[1.199s] INFO:colcon.colcon_core.shell:Creating package script '/home/casey/flexiv_ros2_ws/install/flexiv_bringup/share/flexiv_bringup/package.sh'
[1.199s] INFO:colcon.colcon_core.shell:Creating package script '/home/casey/flexiv_ros2_ws/install/flexiv_bringup/share/flexiv_bringup/package.bash'
[1.200s] INFO:colcon.colcon_core.shell:Creating package script '/home/casey/flexiv_ros2_ws/install/flexiv_bringup/share/flexiv_bringup/package.zsh'
[1.200s] Level 1:colcon.colcon_core.environment:create_file_with_runtime_dependencies(/home/casey/flexiv_ros2_ws/install/flexiv_bringup/share/colcon-core/packages/flexiv_bringup)
[1.208s] Level 1:colcon.colcon_core.environment:create_environment_scripts_only(flexiv_controllers)
[1.208s] Level 1:colcon.colcon_core.environment:checking '/home/casey/flexiv_ros2_ws/install/flexiv_controllers' for CMake module files
[1.209s] DEBUG:colcon.colcon_core.event_handler.log_command:Invoked command in '/home/casey/flexiv_ros2_ws/build/flexiv_controllers' returned '0': CMAKE_PREFIX_PATH=/home/casey/flexiv_ros2_ws/install/flexiv_msgs:/home/casey/flexiv_ros2_ws/install/flexiv_bringup:/home/casey/flexiv_ros2_ws/install/flexiv_controllers:/home/casey/flexiv_ros2_ws/install/flexiv_moveit_config:/home/casey/flexiv_ros2_ws/install/flexiv_hardware:/home/casey/flexiv_ros2_ws/install/flexiv_description:/home/casey/flexiv_ros2_ws/install/flexiv_test_nodes:/opt/ros/humble LD_LIBRARY_PATH=/home/casey/flexiv_ros2_ws/install/flexiv_msgs/lib:/home/casey/flexiv_ros2_ws/install/flexiv_controllers/lib:/home/casey/flexiv_ros2_ws/install/flexiv_hardware/lib:/opt/ros/humble/opt/rviz_ogre_vendor/lib:/opt/ros/humble/lib/x86_64-linux-gnu:/opt/ros/humble/lib /usr/bin/cmake --install /home/casey/flexiv_ros2_ws/build/flexiv_controllers
[1.209s] Level 1:colcon.colcon_core.environment:checking '/home/casey/flexiv_ros2_ws/install/flexiv_controllers' for CMake config files
[1.209s] Level 1:colcon.colcon_core.shell:create_environment_hook('flexiv_controllers', 'cmake_prefix_path')
[1.209s] INFO:colcon.colcon_core.shell:Creating environment hook '/home/casey/flexiv_ros2_ws/install/flexiv_controllers/share/flexiv_controllers/hook/cmake_prefix_path.ps1'
[1.210s] INFO:colcon.colcon_core.shell:Creating environment descriptor '/home/casey/flexiv_ros2_ws/install/flexiv_controllers/share/flexiv_controllers/hook/cmake_prefix_path.dsv'
[1.210s] INFO:colcon.colcon_core.shell:Creating environment hook '/home/casey/flexiv_ros2_ws/install/flexiv_controllers/share/flexiv_controllers/hook/cmake_prefix_path.sh'
[1.210s] Level 1:colcon.colcon_core.environment:checking '/home/casey/flexiv_ros2_ws/install/flexiv_controllers/lib'
[1.210s] Level 1:colcon.colcon_core.shell:create_environment_hook('flexiv_controllers', 'ld_library_path_lib')
[1.211s] INFO:colcon.colcon_core.shell:Creating environment hook '/home/casey/flexiv_ros2_ws/install/flexiv_controllers/share/flexiv_controllers/hook/ld_library_path_lib.ps1'
[1.211s] INFO:colcon.colcon_core.shell:Creating environment descriptor '/home/casey/flexiv_ros2_ws/install/flexiv_controllers/share/flexiv_controllers/hook/ld_library_path_lib.dsv'
[1.211s] INFO:colcon.colcon_core.shell:Creating environment hook '/home/casey/flexiv_ros2_ws/install/flexiv_controllers/share/flexiv_controllers/hook/ld_library_path_lib.sh'
[1.211s] Level 1:colcon.colcon_core.environment:checking '/home/casey/flexiv_ros2_ws/install/flexiv_controllers/bin'
[1.211s] Level 1:colcon.colcon_core.environment:checking '/home/casey/flexiv_ros2_ws/install/flexiv_controllers/lib/pkgconfig/flexiv_controllers.pc'
[1.211s] Level 1:colcon.colcon_core.environment:checking '/home/casey/flexiv_ros2_ws/install/flexiv_controllers/lib/python3.10/site-packages'
[1.212s] Level 1:colcon.colcon_core.environment:checking '/home/casey/flexiv_ros2_ws/install/flexiv_controllers/bin'
[1.212s] INFO:colcon.colcon_core.shell:Creating package script '/home/casey/flexiv_ros2_ws/install/flexiv_controllers/share/flexiv_controllers/package.ps1'
[1.212s] INFO:colcon.colcon_core.shell:Creating package descriptor '/home/casey/flexiv_ros2_ws/install/flexiv_controllers/share/flexiv_controllers/package.dsv'
[1.212s] INFO:colcon.colcon_core.shell:Creating package script '/home/casey/flexiv_ros2_ws/install/flexiv_controllers/share/flexiv_controllers/package.sh'
[1.212s] INFO:colcon.colcon_core.shell:Creating package script '/home/casey/flexiv_ros2_ws/install/flexiv_controllers/share/flexiv_controllers/package.bash'
[1.213s] INFO:colcon.colcon_core.shell:Creating package script '/home/casey/flexiv_ros2_ws/install/flexiv_controllers/share/flexiv_controllers/package.zsh'
[1.213s] Level 1:colcon.colcon_core.environment:create_file_with_runtime_dependencies(/home/casey/flexiv_ros2_ws/install/flexiv_controllers/share/colcon-core/packages/flexiv_controllers)
[1.227s] Level 1:colcon.colcon_core.environment:create_environment_scripts_only(flexiv_bringup)
[1.227s] Level 1:colcon.colcon_core.environment:checking '/home/casey/flexiv_ros2_ws/install/flexiv_bringup' for CMake module files
[1.227s] Level 1:colcon.colcon_core.environment:checking '/home/casey/flexiv_ros2_ws/install/flexiv_bringup' for CMake config files
[1.228s] Level 1:colcon.colcon_core.shell:create_environment_hook('flexiv_bringup', 'cmake_prefix_path')
[1.228s] INFO:colcon.colcon_core.shell:Creating environment hook '/home/casey/flexiv_ros2_ws/install/flexiv_bringup/share/flexiv_bringup/hook/cmake_prefix_path.ps1'
[1.228s] INFO:colcon.colcon_core.shell:Creating environment descriptor '/home/casey/flexiv_ros2_ws/install/flexiv_bringup/share/flexiv_bringup/hook/cmake_prefix_path.dsv'
[1.228s] INFO:colcon.colcon_core.shell:Creating environment hook '/home/casey/flexiv_ros2_ws/install/flexiv_bringup/share/flexiv_bringup/hook/cmake_prefix_path.sh'
[1.229s] Level 1:colcon.colcon_core.environment:checking '/home/casey/flexiv_ros2_ws/install/flexiv_bringup/bin'
[1.229s] Level 1:colcon.colcon_core.environment:checking '/home/casey/flexiv_ros2_ws/install/flexiv_bringup/lib/pkgconfig/flexiv_bringup.pc'
[1.229s] Level 1:colcon.colcon_core.environment:checking '/home/casey/flexiv_ros2_ws/install/flexiv_bringup/lib/python3.10/site-packages'
[1.229s] Level 1:colcon.colcon_core.environment:checking '/home/casey/flexiv_ros2_ws/install/flexiv_bringup/bin'
[1.229s] INFO:colcon.colcon_core.shell:Creating package script '/home/casey/flexiv_ros2_ws/install/flexiv_bringup/share/flexiv_bringup/package.ps1'
[1.229s] INFO:colcon.colcon_core.shell:Creating package descriptor '/home/casey/flexiv_ros2_ws/install/flexiv_bringup/share/flexiv_bringup/package.dsv'
[1.230s] INFO:colcon.colcon_core.shell:Creating package script '/home/casey/flexiv_ros2_ws/install/flexiv_bringup/share/flexiv_bringup/package.sh'
[1.230s] INFO:colcon.colcon_core.shell:Creating package script '/home/casey/flexiv_ros2_ws/install/flexiv_bringup/share/flexiv_bringup/package.bash'
[1.230s] INFO:colcon.colcon_core.shell:Creating package script '/home/casey/flexiv_ros2_ws/install/flexiv_bringup/share/flexiv_bringup/package.zsh'
[1.230s] Level 1:colcon.colcon_core.environment:create_file_with_runtime_dependencies(/home/casey/flexiv_ros2_ws/install/flexiv_bringup/share/colcon-core/packages/flexiv_bringup)
[1.258s] Level 1:colcon.colcon_core.environment:create_environment_scripts_only(flexiv_controllers)
[1.258s] Level 1:colcon.colcon_core.environment:checking '/home/casey/flexiv_ros2_ws/install/flexiv_controllers' for CMake module files
[1.259s] Level 1:colcon.colcon_core.environment:checking '/home/casey/flexiv_ros2_ws/install/flexiv_controllers' for CMake config files
[1.259s] Level 1:colcon.colcon_core.shell:create_environment_hook('flexiv_controllers', 'cmake_prefix_path')
[1.259s] INFO:colcon.colcon_core.shell:Creating environment hook '/home/casey/flexiv_ros2_ws/install/flexiv_controllers/share/flexiv_controllers/hook/cmake_prefix_path.ps1'
[1.259s] INFO:colcon.colcon_core.shell:Creating environment descriptor '/home/casey/flexiv_ros2_ws/install/flexiv_controllers/share/flexiv_controllers/hook/cmake_prefix_path.dsv'
[1.260s] INFO:colcon.colcon_core.shell:Creating environment hook '/home/casey/flexiv_ros2_ws/install/flexiv_controllers/share/flexiv_controllers/hook/cmake_prefix_path.sh'
[1.260s] Level 1:colcon.colcon_core.environment:checking '/home/casey/flexiv_ros2_ws/install/flexiv_controllers/lib'
[1.260s] Level 1:colcon.colcon_core.shell:create_environment_hook('flexiv_controllers', 'ld_library_path_lib')
[1.260s] INFO:colcon.colcon_core.shell:Creating environment hook '/home/casey/flexiv_ros2_ws/install/flexiv_controllers/share/flexiv_controllers/hook/ld_library_path_lib.ps1'
[1.260s] INFO:colcon.colcon_core.shell:Creating environment descriptor '/home/casey/flexiv_ros2_ws/install/flexiv_controllers/share/flexiv_controllers/hook/ld_library_path_lib.dsv'
[1.261s] INFO:colcon.colcon_core.shell:Creating environment hook '/home/casey/flexiv_ros2_ws/install/flexiv_controllers/share/flexiv_controllers/hook/ld_library_path_lib.sh'
[1.261s] Level 1:colcon.colcon_core.environment:checking '/home/casey/flexiv_ros2_ws/install/flexiv_controllers/bin'
[1.261s] Level 1:colcon.colcon_core.environment:checking '/home/casey/flexiv_ros2_ws/install/flexiv_controllers/lib/pkgconfig/flexiv_controllers.pc'
[1.261s] Level 1:colcon.colcon_core.environment:checking '/home/casey/flexiv_ros2_ws/install/flexiv_controllers/lib/python3.10/site-packages'
[1.261s] Level 1:colcon.colcon_core.environment:checking '/home/casey/flexiv_ros2_ws/install/flexiv_controllers/bin'
[1.261s] INFO:colcon.colcon_core.shell:Creating package script '/home/casey/flexiv_ros2_ws/install/flexiv_controllers/share/flexiv_controllers/package.ps1'
[1.262s] INFO:colcon.colcon_core.shell:Creating package descriptor '/home/casey/flexiv_ros2_ws/install/flexiv_controllers/share/flexiv_controllers/package.dsv'
[1.262s] INFO:colcon.colcon_core.shell:Creating package script '/home/casey/flexiv_ros2_ws/install/flexiv_controllers/share/flexiv_controllers/package.sh'
[1.262s] INFO:colcon.colcon_core.shell:Creating package script '/home/casey/flexiv_ros2_ws/install/flexiv_controllers/share/flexiv_controllers/package.bash'
[1.263s] INFO:colcon.colcon_core.shell:Creating package script '/home/casey/flexiv_ros2_ws/install/flexiv_controllers/share/flexiv_controllers/package.zsh'
[1.263s] Level 1:colcon.colcon_core.environment:create_file_with_runtime_dependencies(/home/casey/flexiv_ros2_ws/install/flexiv_controllers/share/colcon-core/packages/flexiv_controllers)
[1.263s] DEBUG:colcon.colcon_parallel_executor.executor.parallel:closing loop
[1.263s] DEBUG:colcon.colcon_parallel_executor.executor.parallel:loop closed
[1.264s] DEBUG:colcon.colcon_parallel_executor.executor.parallel:run_until_complete finished with '0'
[1.264s] DEBUG:colcon.colcon_core.event_reactor:joining thread
[1.269s] INFO:colcon.colcon_core.plugin_system:Skipping extension 'colcon_notification.desktop_notification.terminal_notifier': Not used on non-Darwin systems
[1.269s] INFO:colcon.colcon_core.plugin_system:Skipping extension 'colcon_notification.desktop_notification.win32': Not used on non-Windows systems
[1.269s] INFO:colcon.colcon_notification.desktop_notification:Sending desktop notification using 'notify2'
[1.283s] DEBUG:colcon.colcon_core.event_reactor:joined thread
[1.283s] INFO:colcon.colcon_core.shell:Creating prefix script '/home/casey/flexiv_ros2_ws/install/local_setup.ps1'
[1.284s] INFO:colcon.colcon_core.shell:Creating prefix util module '/home/casey/flexiv_ros2_ws/install/_local_setup_util_ps1.py'
[1.285s] INFO:colcon.colcon_core.shell:Creating prefix chain script '/home/casey/flexiv_ros2_ws/install/setup.ps1'
[1.286s] INFO:colcon.colcon_core.shell:Creating prefix script '/home/casey/flexiv_ros2_ws/install/local_setup.sh'
[1.286s] INFO:colcon.colcon_core.shell:Creating prefix util module '/home/casey/flexiv_ros2_ws/install/_local_setup_util_sh.py'
[1.286s] INFO:colcon.colcon_core.shell:Creating prefix chain script '/home/casey/flexiv_ros2_ws/install/setup.sh'
[1.287s] INFO:colcon.colcon_core.shell:Creating prefix script '/home/casey/flexiv_ros2_ws/install/local_setup.bash'
[1.287s] INFO:colcon.colcon_core.shell:Creating prefix chain script '/home/casey/flexiv_ros2_ws/install/setup.bash'
[1.288s] INFO:colcon.colcon_core.shell:Creating prefix script '/home/casey/flexiv_ros2_ws/install/local_setup.zsh'
[1.288s] INFO:colcon.colcon_core.shell:Creating prefix chain script '/home/casey/flexiv_ros2_ws/install/setup.zsh'
