[0.186s] Invoking command in '/home/casey/flexiv_ros2_ws/build/flexiv_gazebo': CMAKE_PREFIX_PATH=${CMAKE_PREFIX_PATH}:/home/casey/flexiv_ros2_ws/install/flexiv_test_nodes:/opt/ros/humble /usr/bin/cmake /home/casey/flexiv_ros2_ws/src/flexiv_ros2/flexiv_gazebo -DCMAKE_INSTALL_PREFIX=/home/casey/flexiv_ros2_ws/install/flexiv_gazebo
[0.288s] -- The C compiler identification is GNU 11.4.0
[0.366s] -- The CXX compiler identification is GNU 11.4.0
[0.373s] -- Detecting C compiler ABI info
[0.452s] -- Detecting C compiler ABI info - done
[0.456s] -- Check for working C compiler: /usr/bin/cc - skipped
[0.456s] -- Detecting C compile features
[0.457s] -- Detecting C compile features - done
[0.459s] -- Detecting CXX compiler ABI info
[0.549s] -- Detecting CXX compiler ABI info - done
[0.553s] -- Check for working CXX compiler: /usr/bin/c++ - skipped
[0.553s] -- Detecting CXX compile features
[0.553s] -- Detecting CXX compile features - done
[0.557s] -- Found ament_cmake: 1.3.9 (/opt/ros/humble/share/ament_cmake/cmake)
[0.885s] -- Found Python3: /usr/bin/python3 (found version "3.10.12") found components: Interpreter 
[0.972s] -- Found controller_manager: 2.41.0 (/opt/ros/humble/share/controller_manager/cmake)
[1.022s] -- Found rosidl_generator_c: 3.1.5 (/opt/ros/humble/share/rosidl_generator_c/cmake)
[1.028s] -- Found rosidl_adapter: 3.1.5 (/opt/ros/humble/share/rosidl_adapter/cmake)
[1.036s] -- Found rosidl_generator_cpp: 3.1.5 (/opt/ros/humble/share/rosidl_generator_cpp/cmake)
[1.047s] -- Using all available rosidl_typesupport_c: rosidl_typesupport_fastrtps_c;rosidl_typesupport_introspection_c
[1.063s] -- Using all available rosidl_typesupport_cpp: rosidl_typesupport_fastrtps_cpp;rosidl_typesupport_introspection_cpp
[1.520s] -- Found rmw_implementation_cmake: 6.1.2 (/opt/ros/humble/share/rmw_implementation_cmake/cmake)
[1.523s] -- Found rmw_fastrtps_cpp: 6.2.6 (/opt/ros/humble/share/rmw_fastrtps_cpp/cmake)
[1.551s] -- Found TinyXML2 via Config file: TinyXML2_DIR-NOTFOUND
[1.621s] -- Found OpenSSL: /usr/lib/x86_64-linux-gnu/libcrypto.so (found version "3.0.2")  
[1.623s] -- Found TinyXML2 via Config file: TinyXML2_DIR-NOTFOUND
[1.637s] -- Found FastRTPS: /opt/ros/humble/include  
[1.643s] -- Found TinyXML2 via Config file: TinyXML2_DIR-NOTFOUND
[1.650s] -- Found TinyXML2 via Config file: TinyXML2_DIR-NOTFOUND
[1.662s] -- Using RMW implementation 'rmw_fastrtps_cpp' as default
[1.670s] -- Looking for pthread.h
[1.748s] -- Looking for pthread.h - found
[1.748s] -- Performing Test CMAKE_HAVE_LIBC_PTHREAD
[1.830s] -- Performing Test CMAKE_HAVE_LIBC_PTHREAD - Success
[1.831s] -- Found Threads: TRUE  
[2.219s] -- Found gazebo_ros: 3.7.0 (/opt/ros/humble/share/gazebo_ros/cmake)
[2.230s] -- Found PkgConfig: /usr/bin/pkg-config (found version "0.29.2") 
[2.231s] -- Checking for module 'bullet>=2.82'
[2.248s] --   Found bullet, version 3.05
[2.373s] -- Found fcl: /usr/include (found suitable version "0.7.0", minimum required is "0.5.0") 
[2.436s] -- Found assimp: /usr/include (found version "5.2.0") 
[2.456s] -- Found DART: /usr/include (Required is at least version "6.6") found components: dart 
[2.480s] -- Found Boost: /usr/lib/x86_64-linux-gnu/cmake/Boost-1.74.0/BoostConfig.cmake (found suitable version "1.74.0", minimum required is "1.40.0") found components: thread system filesystem program_options regex iostreams date_time 
[2.492s] -- Found Protobuf: /usr/lib/x86_64-linux-gnu/libprotobuf.so (found version "3.12.4") 
[2.497s] -- Looking for ignition-math6 -- found version 6.15.1
[2.503s] -- Searching for dependencies of ignition-math6
[2.504s] -- Looking for OGRE...
[2.505s] -- OGRE_PREFIX_WATCH changed.
[2.509s] -- Checking for module 'OGRE'
[2.527s] --   Found OGRE, version 1.9.0
[2.567s] -- Found Ogre Ghadamon (1.9.0)
[2.572s] -- Found OGRE: optimized;/usr/lib/x86_64-linux-gnu/libOgreMain.so;debug;/usr/lib/x86_64-linux-gnu/libOgreMain.so
[2.578s] -- Looking for OGRE_Paging...
[2.582s] -- Found OGRE_Paging: optimized;/usr/lib/x86_64-linux-gnu/libOgrePaging.so;debug;/usr/lib/x86_64-linux-gnu/libOgrePaging.so
[2.582s] -- Looking for OGRE_Terrain...
[2.584s] -- Found OGRE_Terrain: optimized;/usr/lib/x86_64-linux-gnu/libOgreTerrain.so;debug;/usr/lib/x86_64-linux-gnu/libOgreTerrain.so
[2.584s] -- Looking for OGRE_Property...
[2.588s] -- Found OGRE_Property: optimized;/usr/lib/x86_64-linux-gnu/libOgreProperty.so;debug;/usr/lib/x86_64-linux-gnu/libOgreProperty.so
[2.588s] -- Looking for OGRE_RTShaderSystem...
[2.591s] -- Found OGRE_RTShaderSystem: optimized;/usr/lib/x86_64-linux-gnu/libOgreRTShaderSystem.so;debug;/usr/lib/x86_64-linux-gnu/libOgreRTShaderSystem.so
[2.591s] -- Looking for OGRE_Volume...
[2.594s] -- Found OGRE_Volume: optimized;/usr/lib/x86_64-linux-gnu/libOgreVolume.so;debug;/usr/lib/x86_64-linux-gnu/libOgreVolume.so
[2.594s] -- Looking for OGRE_Overlay...
[2.597s] -- Found OGRE_Overlay: optimized;/usr/lib/x86_64-linux-gnu/libOgreOverlay.so;debug;/usr/lib/x86_64-linux-gnu/libOgreOverlay.so
[2.676s] -- Looking for ignition-math6 -- found version 6.15.1
[2.678s] -- Looking for ignition-transport8 -- found version 8.2.1
[2.678s] -- Searching for dependencies of ignition-transport8
[2.694s] -- Found Protobuf: /usr/lib/x86_64-linux-gnu/libprotobuf.so (found suitable version "3.12.4", minimum required is "3") 
[2.703s] -- Config-file not installed for ZeroMQ -- checking for pkg-config
[2.708s] -- Checking for module 'libzmq >= 4'
[2.728s] --   Found libzmq , version 4.3.4
[2.774s] -- Found ZeroMQ: TRUE (Required is at least version "4") 
[2.779s] -- Checking for module 'uuid'
[2.796s] --   Found uuid, version 2.37.2
[2.840s] -- Found UUID: TRUE  
[2.841s] -- Looking for ignition-msgs5 -- found version 5.8.1
[2.842s] -- Searching for dependencies of ignition-msgs5
[2.859s] -- Looking for ignition-math6 -- found version 6.15.1
[2.864s] -- Checking for module 'tinyxml2'
[2.878s] --   Found tinyxml2, version 9.0.0
[2.917s] -- Looking for ignition-msgs5 -- found version 5.8.1
[2.920s] -- Looking for ignition-common3 -- found version 3.14.0
[2.920s] -- Searching for dependencies of ignition-common3
[2.921s] -- Looking for dlfcn.h - found
[2.921s] -- Looking for libdl - found
[2.922s] -- Found DL: TRUE  
[2.933s] -- Found tinyobjloader: /usr/lib/x86_64-linux-gnu/cmake/tinyobjloader/tinyobjloader-config.cmake (found version "2.0.0") 
[2.933s] -- Searching for <ignition-common3> component [graphics]
[2.935s] -- Looking for ignition-common3-graphics -- found version 3.14.0
[2.936s] -- Searching for dependencies of ignition-common3-graphics
[2.936s] -- Looking for ignition-math6 -- found version 6.15.1
[2.939s] -- Looking for ignition-fuel_tools4 -- found version 4.4.0
[2.939s] -- Searching for dependencies of ignition-fuel_tools4
[3.029s] -- Found CURL: /usr/lib/x86_64-linux-gnu/libcurl.so (found version "7.81.0")  
[3.039s] -- Checking for module 'jsoncpp'
[3.056s] --   Found jsoncpp, version 1.9.5
[3.096s] -- Found JSONCPP: TRUE  
[3.101s] -- Checking for module 'libzip'
[3.118s] --   Found libzip, version 1.7.3
[3.162s] -- Found ZIP: TRUE  
[3.162s] -- Looking for ignition-common3 -- found version 3.14.0
[3.163s] -- Looking for ignition-math6 -- found version 6.15.1
[3.163s] -- Looking for ignition-msgs5 -- found version 5.8.1
[3.166s] -- Gazebo version: 11.10
[3.166s] -- Checking for module 'tbb'
[3.181s] --   Found tbb, version 2021.5.0
[3.231s] -- Found ros_gz: 0.244.14 (/opt/ros/humble/share/ros_gz/cmake)
[3.232s] -- Found ros_gz_bridge: 0.244.14 (/opt/ros/humble/share/ros_gz_bridge/cmake)
[3.386s] -- Found Protobuf: /usr/lib/x86_64-linux-gnu/libprotobuf.so (found version "3.12.4") 
[3.875s] -- Found ros_gz_sim: 0.244.14 (/opt/ros/humble/share/ros_gz_sim/cmake)
[3.878s] -- Found ros_gz_image: 0.244.14 (/opt/ros/humble/share/ros_gz_image/cmake)
[3.880s] -- Found xacro: 2.0.8 (/opt/ros/humble/share/xacro/cmake)
[3.935s] [31mCMake Error at /opt/ros/humble/share/ament_cmake_python/cmake/ament_python_install_package.cmake:66 (message):
[3.935s]   ament_python_install_package() the Python package folder
[3.935s]   '/home/casey/flexiv_ros2_ws/src/flexiv_ros2/flexiv_gazebo/flexiv_gazebo'
[3.935s]   doesn't contain an '__init__.py' file
[3.935s] Call Stack (most recent call first):
[3.936s]   /opt/ros/humble/share/ament_cmake_python/cmake/ament_python_install_package.cmake:39 (_ament_cmake_python_install_package)
[3.936s]   CMakeLists.txt:62 (ament_python_install_package)
[3.936s] 
[3.936s] [0m
[3.936s] -- Configuring incomplete, errors occurred!
[3.936s] See also "/home/casey/flexiv_ros2_ws/build/flexiv_gazebo/CMakeFiles/CMakeOutput.log".
[3.947s] Invoked command in '/home/casey/flexiv_ros2_ws/build/flexiv_gazebo' returned '1': CMAKE_PREFIX_PATH=${CMAKE_PREFIX_PATH}:/home/casey/flexiv_ros2_ws/install/flexiv_test_nodes:/opt/ros/humble /usr/bin/cmake /home/casey/flexiv_ros2_ws/src/flexiv_ros2/flexiv_gazebo -DCMAKE_INSTALL_PREFIX=/home/casey/flexiv_ros2_ws/install/flexiv_gazebo
