[0.010s] Invoking command in '/home/casey/flexiv_ros2_ws/build/flexiv_bringup': AMENT_PREFIX_PATH=/home/casey/flexiv_ros2_ws/install/flexiv_test_nodes:/home/casey/flexiv_ros2_ws/install/flexiv_hardware:/home/casey/flexiv_ros2_ws/install/flexiv_description:${AMENT_PREFIX_PATH} CMAKE_PREFIX_PATH=/home/casey/flexiv_ros2_ws/install/flexiv_hardware:/home/casey/flexiv_ros2_ws/install/flexiv_description:/opt/ros/humble LD_LIBRARY_PATH=/home/casey/flexiv_ros2_ws/install/flexiv_hardware/lib:${LD_LIBRARY_PATH} PYTHONPATH=/home/casey/flexiv_ros2_ws/build/flexiv_test_nodes:/home/casey/flexiv_ros2_ws/install/flexiv_test_nodes/lib/python3.10/site-packages:${PYTHONPATH} /usr/bin/cmake /home/casey/flexiv_ros2_ws/src/flexiv_ros2/flexiv_bringup -DAMENT_CMAKE_SYMLINK_INSTALL=1 -DCMAKE_INSTALL_PREFIX=/home/casey/flexiv_ros2_ws/install/flexiv_bringup
[0.061s] -- The C compiler identification is GNU 11.4.0
[0.100s] -- The CXX compiler identification is GNU 11.4.0
[0.105s] -- Detecting C compiler ABI info
[0.168s] -- Detecting C compiler ABI info - done
[0.172s] -- Check for working C compiler: /usr/bin/cc - skipped
[0.172s] -- Detecting C compile features
[0.172s] -- Detecting C compile features - done
[0.174s] -- Detecting CXX compiler ABI info
[0.243s] -- Detecting CXX compiler ABI info - done
[0.247s] -- Check for working CXX compiler: /usr/bin/c++ - skipped
[0.247s] -- Detecting CXX compile features
[0.247s] -- Detecting CXX compile features - done
[0.250s] -- Found ament_cmake: 1.3.9 (/opt/ros/humble/share/ament_cmake/cmake)
[0.360s] -- Found Python3: /usr/bin/python3 (found version "3.10.12") found components: Interpreter 
[0.403s] -- Override CMake install command with custom implementation using symlinks instead of copying resources
[0.473s] -- Configuring done
[0.476s] -- Generating done
[0.476s] -- Build files have been written to: /home/casey/flexiv_ros2_ws/build/flexiv_bringup
[0.480s] Invoked command in '/home/casey/flexiv_ros2_ws/build/flexiv_bringup' returned '0': AMENT_PREFIX_PATH=/home/casey/flexiv_ros2_ws/install/flexiv_test_nodes:/home/casey/flexiv_ros2_ws/install/flexiv_hardware:/home/casey/flexiv_ros2_ws/install/flexiv_description:${AMENT_PREFIX_PATH} CMAKE_PREFIX_PATH=/home/casey/flexiv_ros2_ws/install/flexiv_hardware:/home/casey/flexiv_ros2_ws/install/flexiv_description:/opt/ros/humble LD_LIBRARY_PATH=/home/casey/flexiv_ros2_ws/install/flexiv_hardware/lib:${LD_LIBRARY_PATH} PYTHONPATH=/home/casey/flexiv_ros2_ws/build/flexiv_test_nodes:/home/casey/flexiv_ros2_ws/install/flexiv_test_nodes/lib/python3.10/site-packages:${PYTHONPATH} /usr/bin/cmake /home/casey/flexiv_ros2_ws/src/flexiv_ros2/flexiv_bringup -DAMENT_CMAKE_SYMLINK_INSTALL=1 -DCMAKE_INSTALL_PREFIX=/home/casey/flexiv_ros2_ws/install/flexiv_bringup
[0.482s] Invoking command in '/home/casey/flexiv_ros2_ws/build/flexiv_bringup': AMENT_PREFIX_PATH=/home/casey/flexiv_ros2_ws/install/flexiv_test_nodes:/home/casey/flexiv_ros2_ws/install/flexiv_hardware:/home/casey/flexiv_ros2_ws/install/flexiv_description:${AMENT_PREFIX_PATH} CMAKE_PREFIX_PATH=/home/casey/flexiv_ros2_ws/install/flexiv_hardware:/home/casey/flexiv_ros2_ws/install/flexiv_description:/opt/ros/humble LD_LIBRARY_PATH=/home/casey/flexiv_ros2_ws/install/flexiv_hardware/lib:${LD_LIBRARY_PATH} PYTHONPATH=/home/casey/flexiv_ros2_ws/build/flexiv_test_nodes:/home/casey/flexiv_ros2_ws/install/flexiv_test_nodes/lib/python3.10/site-packages:${PYTHONPATH} /usr/bin/cmake --build /home/casey/flexiv_ros2_ws/build/flexiv_bringup -- -j16 -l16
[0.518s] Invoked command in '/home/casey/flexiv_ros2_ws/build/flexiv_bringup' returned '0': AMENT_PREFIX_PATH=/home/casey/flexiv_ros2_ws/install/flexiv_test_nodes:/home/casey/flexiv_ros2_ws/install/flexiv_hardware:/home/casey/flexiv_ros2_ws/install/flexiv_description:${AMENT_PREFIX_PATH} CMAKE_PREFIX_PATH=/home/casey/flexiv_ros2_ws/install/flexiv_hardware:/home/casey/flexiv_ros2_ws/install/flexiv_description:/opt/ros/humble LD_LIBRARY_PATH=/home/casey/flexiv_ros2_ws/install/flexiv_hardware/lib:${LD_LIBRARY_PATH} PYTHONPATH=/home/casey/flexiv_ros2_ws/build/flexiv_test_nodes:/home/casey/flexiv_ros2_ws/install/flexiv_test_nodes/lib/python3.10/site-packages:${PYTHONPATH} /usr/bin/cmake --build /home/casey/flexiv_ros2_ws/build/flexiv_bringup -- -j16 -l16
[0.544s] Invoking command in '/home/casey/flexiv_ros2_ws/build/flexiv_bringup': AMENT_PREFIX_PATH=/home/casey/flexiv_ros2_ws/install/flexiv_test_nodes:/home/casey/flexiv_ros2_ws/install/flexiv_hardware:/home/casey/flexiv_ros2_ws/install/flexiv_description:${AMENT_PREFIX_PATH} CMAKE_PREFIX_PATH=/home/casey/flexiv_ros2_ws/install/flexiv_hardware:/home/casey/flexiv_ros2_ws/install/flexiv_description:/opt/ros/humble LD_LIBRARY_PATH=/home/casey/flexiv_ros2_ws/install/flexiv_hardware/lib:${LD_LIBRARY_PATH} PYTHONPATH=/home/casey/flexiv_ros2_ws/build/flexiv_test_nodes:/home/casey/flexiv_ros2_ws/install/flexiv_test_nodes/lib/python3.10/site-packages:${PYTHONPATH} /usr/bin/cmake --install /home/casey/flexiv_ros2_ws/build/flexiv_bringup
[0.550s] -- Install configuration: ""
[0.550s] -- Execute custom install script
[0.550s] -- Symlinking: /home/casey/flexiv_ros2_ws/install/flexiv_bringup/share/flexiv_bringup/config/joint_trajectory_position_publisher.yaml
[0.559s] -- Symlinking: /home/casey/flexiv_ros2_ws/install/flexiv_bringup/share/flexiv_bringup/config/rizon_controllers.yaml
[0.567s] -- Symlinking: /home/casey/flexiv_ros2_ws/install/flexiv_bringup/share/flexiv_bringup/config/sine_sweep_impedance_config.yaml
[0.576s] -- Symlinking: /home/casey/flexiv_ros2_ws/install/flexiv_bringup/share/flexiv_bringup/config/sine_sweep_position_config.yaml
[0.585s] -- Symlinking: /home/casey/flexiv_ros2_ws/install/flexiv_bringup/share/flexiv_bringup/launch/rizon.launch.py
[0.593s] -- Symlinking: /home/casey/flexiv_ros2_ws/install/flexiv_bringup/share/flexiv_bringup/launch/rizon_moveit.launch.py
[0.601s] -- Symlinking: /home/casey/flexiv_ros2_ws/install/flexiv_bringup/share/flexiv_bringup/launch/sine_sweep_impedance.launch.py
[0.609s] -- Symlinking: /home/casey/flexiv_ros2_ws/install/flexiv_bringup/share/flexiv_bringup/launch/sine_sweep_position.launch.py
[0.618s] -- Symlinking: /home/casey/flexiv_ros2_ws/install/flexiv_bringup/share/flexiv_bringup/launch/test_joint_trajectory_controller.launch.py
[0.627s] -- Symlinking: /home/casey/flexiv_ros2_ws/install/flexiv_bringup/share/ament_index/resource_index/package_run_dependencies/flexiv_bringup
[0.636s] -- Symlinking: /home/casey/flexiv_ros2_ws/install/flexiv_bringup/share/ament_index/resource_index/parent_prefix_path/flexiv_bringup
[0.645s] -- Symlinking: /home/casey/flexiv_ros2_ws/install/flexiv_bringup/share/flexiv_bringup/environment/ament_prefix_path.sh
[0.652s] -- Symlinking: /home/casey/flexiv_ros2_ws/install/flexiv_bringup/share/flexiv_bringup/environment/ament_prefix_path.dsv
[0.661s] -- Symlinking: /home/casey/flexiv_ros2_ws/install/flexiv_bringup/share/flexiv_bringup/environment/path.sh
[0.670s] -- Symlinking: /home/casey/flexiv_ros2_ws/install/flexiv_bringup/share/flexiv_bringup/environment/path.dsv
[0.678s] -- Symlinking: /home/casey/flexiv_ros2_ws/install/flexiv_bringup/share/flexiv_bringup/local_setup.bash
[0.686s] -- Symlinking: /home/casey/flexiv_ros2_ws/install/flexiv_bringup/share/flexiv_bringup/local_setup.sh
[0.694s] -- Symlinking: /home/casey/flexiv_ros2_ws/install/flexiv_bringup/share/flexiv_bringup/local_setup.zsh
[0.704s] -- Symlinking: /home/casey/flexiv_ros2_ws/install/flexiv_bringup/share/flexiv_bringup/local_setup.dsv
[0.713s] -- Symlinking: /home/casey/flexiv_ros2_ws/install/flexiv_bringup/share/flexiv_bringup/package.dsv
[0.721s] -- Symlinking: /home/casey/flexiv_ros2_ws/install/flexiv_bringup/share/ament_index/resource_index/packages/flexiv_bringup
[0.729s] -- Symlinking: /home/casey/flexiv_ros2_ws/install/flexiv_bringup/share/flexiv_bringup/cmake/flexiv_bringupConfig.cmake
[0.738s] -- Symlinking: /home/casey/flexiv_ros2_ws/install/flexiv_bringup/share/flexiv_bringup/cmake/flexiv_bringupConfig-version.cmake
[0.747s] -- Symlinking: /home/casey/flexiv_ros2_ws/install/flexiv_bringup/share/flexiv_bringup/package.xml
[0.759s] Invoked command in '/home/casey/flexiv_ros2_ws/build/flexiv_bringup' returned '0': AMENT_PREFIX_PATH=/home/casey/flexiv_ros2_ws/install/flexiv_test_nodes:/home/casey/flexiv_ros2_ws/install/flexiv_hardware:/home/casey/flexiv_ros2_ws/install/flexiv_description:${AMENT_PREFIX_PATH} CMAKE_PREFIX_PATH=/home/casey/flexiv_ros2_ws/install/flexiv_hardware:/home/casey/flexiv_ros2_ws/install/flexiv_description:/opt/ros/humble LD_LIBRARY_PATH=/home/casey/flexiv_ros2_ws/install/flexiv_hardware/lib:${LD_LIBRARY_PATH} PYTHONPATH=/home/casey/flexiv_ros2_ws/build/flexiv_test_nodes:/home/casey/flexiv_ros2_ws/install/flexiv_test_nodes/lib/python3.10/site-packages:${PYTHONPATH} /usr/bin/cmake --install /home/casey/flexiv_ros2_ws/build/flexiv_bringup
