[0.013s] Invoking command in '/home/casey/flexiv_ros2_ws/build/flexiv_moveit_config': AMENT_PREFIX_PATH=/home/casey/flexiv_ros2_ws/install/flexiv_description:${AMENT_PREFIX_PATH} CMAKE_PREFIX_PATH=/home/casey/flexiv_ros2_ws/install/flexiv_description:/opt/ros/humble /usr/bin/cmake /home/casey/flexiv_ros2_ws/src/flexiv_ros2/flexiv_moveit_config -DAMENT_CMAKE_SYMLINK_INSTALL=1 -DCMAKE_INSTALL_PREFIX=/home/casey/flexiv_ros2_ws/install/flexiv_moveit_config
[0.081s] -- The C compiler identification is GNU 11.4.0
[0.133s] -- The CXX compiler identification is GNU 11.4.0
[0.140s] -- Detecting C compiler ABI info
[0.241s] -- Detecting C compiler ABI info - done
[0.247s] -- Check for working C compiler: /usr/bin/cc - skipped
[0.247s] -- Detecting C compile features
[0.247s] -- Detecting C compile features - done
[0.250s] -- Detecting CXX compiler ABI info
[0.338s] -- Detecting CXX compiler ABI info - done
[0.343s] -- Check for working CXX compiler: /usr/bin/c++ - skipped
[0.343s] -- Detecting CXX compile features
[0.343s] -- Detecting CXX compile features - done
[0.346s] -- Found ament_cmake: 1.3.9 (/opt/ros/humble/share/ament_cmake/cmake)
[0.456s] -- Found Python3: /usr/bin/python3 (found version "3.10.12") found components: Interpreter 
[0.504s] -- Override CMake install command with custom implementation using symlinks instead of copying resources
[0.612s] -- Configuring done
[0.616s] -- Generating done
[0.618s] -- Build files have been written to: /home/casey/flexiv_ros2_ws/build/flexiv_moveit_config
[0.630s] Invoked command in '/home/casey/flexiv_ros2_ws/build/flexiv_moveit_config' returned '0': AMENT_PREFIX_PATH=/home/casey/flexiv_ros2_ws/install/flexiv_description:${AMENT_PREFIX_PATH} CMAKE_PREFIX_PATH=/home/casey/flexiv_ros2_ws/install/flexiv_description:/opt/ros/humble /usr/bin/cmake /home/casey/flexiv_ros2_ws/src/flexiv_ros2/flexiv_moveit_config -DAMENT_CMAKE_SYMLINK_INSTALL=1 -DCMAKE_INSTALL_PREFIX=/home/casey/flexiv_ros2_ws/install/flexiv_moveit_config
[0.630s] Invoking command in '/home/casey/flexiv_ros2_ws/build/flexiv_moveit_config': AMENT_PREFIX_PATH=/home/casey/flexiv_ros2_ws/install/flexiv_description:${AMENT_PREFIX_PATH} CMAKE_PREFIX_PATH=/home/casey/flexiv_ros2_ws/install/flexiv_description:/opt/ros/humble /usr/bin/cmake --build /home/casey/flexiv_ros2_ws/build/flexiv_moveit_config -- -j16 -l16
[0.704s] Invoked command in '/home/casey/flexiv_ros2_ws/build/flexiv_moveit_config' returned '0': AMENT_PREFIX_PATH=/home/casey/flexiv_ros2_ws/install/flexiv_description:${AMENT_PREFIX_PATH} CMAKE_PREFIX_PATH=/home/casey/flexiv_ros2_ws/install/flexiv_description:/opt/ros/humble /usr/bin/cmake --build /home/casey/flexiv_ros2_ws/build/flexiv_moveit_config -- -j16 -l16
[0.790s] Invoking command in '/home/casey/flexiv_ros2_ws/build/flexiv_moveit_config': AMENT_PREFIX_PATH=/home/casey/flexiv_ros2_ws/install/flexiv_description:${AMENT_PREFIX_PATH} CMAKE_PREFIX_PATH=/home/casey/flexiv_ros2_ws/install/flexiv_description:/opt/ros/humble /usr/bin/cmake --install /home/casey/flexiv_ros2_ws/build/flexiv_moveit_config
[0.801s] -- Install configuration: ""
[0.801s] -- Execute custom install script
[0.802s] -- Symlinking: /home/casey/flexiv_ros2_ws/install/flexiv_moveit_config/share/flexiv_moveit_config/config/joint_limits.yaml
[0.815s] -- Symlinking: /home/casey/flexiv_ros2_ws/install/flexiv_moveit_config/share/flexiv_moveit_config/config/kinematics.yaml
[0.826s] -- Symlinking: /home/casey/flexiv_ros2_ws/install/flexiv_moveit_config/share/flexiv_moveit_config/config/moveit_controllers.yaml
[0.835s] -- Symlinking: /home/casey/flexiv_ros2_ws/install/flexiv_moveit_config/share/flexiv_moveit_config/config/ompl_planning.yaml
[0.845s] -- Symlinking: /home/casey/flexiv_ros2_ws/install/flexiv_moveit_config/share/flexiv_moveit_config/config/rizon_moveit_servo_config.yaml
[0.854s] -- Symlinking: /home/casey/flexiv_ros2_ws/install/flexiv_moveit_config/share/flexiv_moveit_config/srdf/rizon.srdf.xacro
[0.876s] -- Symlinking: /home/casey/flexiv_ros2_ws/install/flexiv_moveit_config/share/flexiv_moveit_config/srdf/rizon_macro.srdf.xacro
[0.888s] -- Symlinking: /home/casey/flexiv_ros2_ws/install/flexiv_moveit_config/share/flexiv_moveit_config/rviz/moveit.rviz
[0.908s] -- Symlinking: /home/casey/flexiv_ros2_ws/install/flexiv_moveit_config/share/ament_index/resource_index/package_run_dependencies/flexiv_moveit_config
[0.920s] -- Symlinking: /home/casey/flexiv_ros2_ws/install/flexiv_moveit_config/share/ament_index/resource_index/parent_prefix_path/flexiv_moveit_config
[0.946s] -- Symlinking: /home/casey/flexiv_ros2_ws/install/flexiv_moveit_config/share/flexiv_moveit_config/environment/ament_prefix_path.sh
[0.958s] -- Symlinking: /home/casey/flexiv_ros2_ws/install/flexiv_moveit_config/share/flexiv_moveit_config/environment/ament_prefix_path.dsv
[0.970s] -- Symlinking: /home/casey/flexiv_ros2_ws/install/flexiv_moveit_config/share/flexiv_moveit_config/environment/path.sh
[1.009s] -- Symlinking: /home/casey/flexiv_ros2_ws/install/flexiv_moveit_config/share/flexiv_moveit_config/environment/path.dsv
[1.024s] -- Symlinking: /home/casey/flexiv_ros2_ws/install/flexiv_moveit_config/share/flexiv_moveit_config/local_setup.bash
[1.045s] -- Symlinking: /home/casey/flexiv_ros2_ws/install/flexiv_moveit_config/share/flexiv_moveit_config/local_setup.sh
[1.057s] -- Symlinking: /home/casey/flexiv_ros2_ws/install/flexiv_moveit_config/share/flexiv_moveit_config/local_setup.zsh
[1.069s] -- Symlinking: /home/casey/flexiv_ros2_ws/install/flexiv_moveit_config/share/flexiv_moveit_config/local_setup.dsv
[1.081s] -- Symlinking: /home/casey/flexiv_ros2_ws/install/flexiv_moveit_config/share/flexiv_moveit_config/package.dsv
[1.093s] -- Symlinking: /home/casey/flexiv_ros2_ws/install/flexiv_moveit_config/share/ament_index/resource_index/packages/flexiv_moveit_config
[1.111s] -- Symlinking: /home/casey/flexiv_ros2_ws/install/flexiv_moveit_config/share/flexiv_moveit_config/cmake/flexiv_moveit_configConfig.cmake
[1.125s] -- Symlinking: /home/casey/flexiv_ros2_ws/install/flexiv_moveit_config/share/flexiv_moveit_config/cmake/flexiv_moveit_configConfig-version.cmake
[1.138s] -- Symlinking: /home/casey/flexiv_ros2_ws/install/flexiv_moveit_config/share/flexiv_moveit_config/package.xml
[1.159s] Invoked command in '/home/casey/flexiv_ros2_ws/build/flexiv_moveit_config' returned '0': AMENT_PREFIX_PATH=/home/casey/flexiv_ros2_ws/install/flexiv_description:${AMENT_PREFIX_PATH} CMAKE_PREFIX_PATH=/home/casey/flexiv_ros2_ws/install/flexiv_description:/opt/ros/humble /usr/bin/cmake --install /home/casey/flexiv_ros2_ws/build/flexiv_moveit_config
