-- The C compiler identification is GNU 11.4.0
-- The CXX compiler identification is GNU 11.4.0
-- Detecting C compiler ABI info
-- Detecting C compiler ABI info - done
-- Check for working C compiler: /usr/bin/cc - skipped
-- Detecting C compile features
-- Detecting C compile features - done
-- Detecting CXX compiler ABI info
-- Detecting CXX compiler ABI info - done
-- Check for working CXX compiler: /usr/bin/c++ - skipped
-- Detecting CXX compile features
-- Detecting CXX compile features - done
-- Found ament_cmake: 1.3.9 (/opt/ros/humble/share/ament_cmake/cmake)
-- Found Python3: /usr/bin/python3 (found version "3.10.12") found components: Interpreter 
-- Override CMake install command with custom implementation using symlinks instead of copying resources
-- Found rosidl_default_generators: 1.2.0 (/opt/ros/humble/share/rosidl_default_generators/cmake)
-- Using all available rosidl_typesupport_c: rosidl_typesupport_fastrtps_c;rosidl_typesupport_introspection_c
-- Found rosidl_adapter: 3.1.5 (/opt/ros/humble/share/rosidl_adapter/cmake)
-- Using all available rosidl_typesupport_cpp: rosidl_typesupport_fastrtps_cpp;rosidl_typesupport_introspection_cpp
-- Found std_msgs: 4.2.4 (/opt/ros/humble/share/std_msgs/cmake)
-- Found geometry_msgs: 4.2.4 (/opt/ros/humble/share/geometry_msgs/cmake)
-- Found ament_cmake_ros: 0.10.0 (/opt/ros/humble/share/ament_cmake_ros/cmake)
-- Using all available rosidl_typesupport_c: rosidl_typesupport_fastrtps_c;rosidl_typesupport_introspection_c
-- Using all available rosidl_typesupport_cpp: rosidl_typesupport_fastrtps_cpp;rosidl_typesupport_introspection_cpp
-- Found PythonInterp: /usr/bin/python3 (found suitable version "3.10.12", minimum required is "3.6") 
-- Found python_cmake_module: 0.10.0 (/opt/ros/humble/share/python_cmake_module/cmake)
-- Found PythonLibs: /usr/lib/x86_64-linux-gnu/libpython3.10.so (found suitable version "3.10.12", minimum required is "3.5") 
-- Using PYTHON_EXECUTABLE: /usr/bin/python3
-- Using PYTHON_INCLUDE_DIRS: /usr/include/python3.10
-- Using PYTHON_LIBRARIES: /usr/lib/x86_64-linux-gnu/libpython3.10.so
-- Found PythonExtra: .so  
-- Found ament_lint_auto: 0.12.11 (/opt/ros/humble/share/ament_lint_auto/cmake)
-- Added test 'copyright' to check source files copyright and LICENSE
-- Added test 'lint_cmake' to check CMake code style
-- Added test 'xmllint' to check XML markup files
-- Configuring done
-- Generating done
-- Build files have been written to: /home/casey/flexiv_ros2_ws/build/flexiv_msgs
[  1%] [34m[1mGenerating C code for ROS interfaces[0m
[  3%] [34m[1mGenerating C++ code for ROS interfaces[0m
[  3%] Built target ament_cmake_python_symlink_flexiv_msgs
running egg_info
creating flexiv_msgs.egg-info
writing flexiv_msgs.egg-info/PKG-INFO
writing dependency_links to flexiv_msgs.egg-info/dependency_links.txt
writing top-level names to flexiv_msgs.egg-info/top_level.txt
writing manifest file 'flexiv_msgs.egg-info/SOURCES.txt'
reading manifest file 'flexiv_msgs.egg-info/SOURCES.txt'
writing manifest file 'flexiv_msgs.egg-info/SOURCES.txt'
[  3%] Built target ament_cmake_python_build_flexiv_msgs_egg
[  3%] Built target flexiv_msgs__cpp
[  7%] [34m[1mGenerating C++ type support for eProsima Fast-RTPS[0m
[  7%] [34m[1mGenerating C++ introspection for ROS interfaces[0m
[  7%] [34m[1mGenerating C++ type support dispatch for ROS interfaces[0m
[ 14%] [32mBuilding C object CMakeFiles/flexiv_msgs__rosidl_generator_c.dir/rosidl_generator_c/flexiv_msgs/msg/detail/mode__functions.c.o[0m
[ 14%] [32mBuilding C object CMakeFiles/flexiv_msgs__rosidl_generator_c.dir/rosidl_generator_c/flexiv_msgs/msg/detail/gpio_states__functions.c.o[0m
[ 14%] [32mBuilding C object CMakeFiles/flexiv_msgs__rosidl_generator_c.dir/rosidl_generator_c/flexiv_msgs/msg/detail/digital__functions.c.o[0m
[ 14%] [32mBuilding C object CMakeFiles/flexiv_msgs__rosidl_generator_c.dir/rosidl_generator_c/flexiv_msgs/msg/detail/joint_pos_vel__functions.c.o[0m
[ 15%] [32mBuilding C object CMakeFiles/flexiv_msgs__rosidl_generator_c.dir/rosidl_generator_c/flexiv_msgs/msg/detail/robot_states__functions.c.o[0m
[ 17%] [32m[1mLinking C shared library libflexiv_msgs__rosidl_generator_c.so[0m
[ 17%] Built target flexiv_msgs__rosidl_generator_c
[ 22%] [34m[1mGenerating C type support dispatch for ROS interfaces[0m
[ 22%] [34m[1mGenerating C type support for eProsima Fast-RTPS[0m
[ 22%] [34m[1mGenerating C introspection for ROS interfaces[0m
[ 25%] [32mBuilding CXX object CMakeFiles/flexiv_msgs__rosidl_typesupport_cpp.dir/rosidl_typesupport_cpp/flexiv_msgs/msg/gpio_states__type_support.cpp.o[0m
[ 25%] [32mBuilding CXX object CMakeFiles/flexiv_msgs__rosidl_typesupport_cpp.dir/rosidl_typesupport_cpp/flexiv_msgs/msg/mode__type_support.cpp.o[0m
[ 28%] [32mBuilding CXX object CMakeFiles/flexiv_msgs__rosidl_typesupport_cpp.dir/rosidl_typesupport_cpp/flexiv_msgs/msg/digital__type_support.cpp.o[0m
[ 28%] [32mBuilding CXX object CMakeFiles/flexiv_msgs__rosidl_typesupport_cpp.dir/rosidl_typesupport_cpp/flexiv_msgs/msg/robot_states__type_support.cpp.o[0m
[ 30%] [32mBuilding CXX object CMakeFiles/flexiv_msgs__rosidl_typesupport_cpp.dir/rosidl_typesupport_cpp/flexiv_msgs/msg/joint_pos_vel__type_support.cpp.o[0m
[ 31%] [32mBuilding CXX object CMakeFiles/flexiv_msgs__rosidl_typesupport_introspection_cpp.dir/rosidl_typesupport_introspection_cpp/flexiv_msgs/msg/detail/digital__type_support.cpp.o[0m
[ 34%] [32mBuilding CXX object CMakeFiles/flexiv_msgs__rosidl_typesupport_introspection_cpp.dir/rosidl_typesupport_introspection_cpp/flexiv_msgs/msg/detail/joint_pos_vel__type_support.cpp.o[0m
[ 34%] [32mBuilding CXX object CMakeFiles/flexiv_msgs__rosidl_typesupport_introspection_cpp.dir/rosidl_typesupport_introspection_cpp/flexiv_msgs/msg/detail/mode__type_support.cpp.o[0m
[ 36%] [32mBuilding CXX object CMakeFiles/flexiv_msgs__rosidl_typesupport_introspection_cpp.dir/rosidl_typesupport_introspection_cpp/flexiv_msgs/msg/detail/robot_states__type_support.cpp.o[0m
[ 38%] [32mBuilding CXX object CMakeFiles/flexiv_msgs__rosidl_typesupport_introspection_cpp.dir/rosidl_typesupport_introspection_cpp/flexiv_msgs/msg/detail/gpio_states__type_support.cpp.o[0m
[ 39%] [32mBuilding CXX object CMakeFiles/flexiv_msgs__rosidl_typesupport_c.dir/rosidl_typesupport_c/flexiv_msgs/msg/digital__type_support.cpp.o[0m
[ 41%] [32mBuilding CXX object CMakeFiles/flexiv_msgs__rosidl_typesupport_c.dir/rosidl_typesupport_c/flexiv_msgs/msg/gpio_states__type_support.cpp.o[0m
[ 42%] [32mBuilding CXX object CMakeFiles/flexiv_msgs__rosidl_typesupport_c.dir/rosidl_typesupport_c/flexiv_msgs/msg/joint_pos_vel__type_support.cpp.o[0m
[ 44%] [32mBuilding CXX object CMakeFiles/flexiv_msgs__rosidl_typesupport_c.dir/rosidl_typesupport_c/flexiv_msgs/msg/mode__type_support.cpp.o[0m
[ 46%] [32mBuilding CXX object CMakeFiles/flexiv_msgs__rosidl_typesupport_c.dir/rosidl_typesupport_c/flexiv_msgs/msg/robot_states__type_support.cpp.o[0m
[ 47%] [32mBuilding C object CMakeFiles/flexiv_msgs__rosidl_typesupport_introspection_c.dir/rosidl_typesupport_introspection_c/flexiv_msgs/msg/detail/gpio_states__type_support.c.o[0m
[ 52%] [32mBuilding C object CMakeFiles/flexiv_msgs__rosidl_typesupport_introspection_c.dir/rosidl_typesupport_introspection_c/flexiv_msgs/msg/detail/mode__type_support.c.o[0m
[ 52%] [32mBuilding C object CMakeFiles/flexiv_msgs__rosidl_typesupport_introspection_c.dir/rosidl_typesupport_introspection_c/flexiv_msgs/msg/detail/joint_pos_vel__type_support.c.o[0m
[ 52%] [32mBuilding C object CMakeFiles/flexiv_msgs__rosidl_typesupport_introspection_c.dir/rosidl_typesupport_introspection_c/flexiv_msgs/msg/detail/robot_states__type_support.c.o[0m
[ 53%] [32mBuilding C object CMakeFiles/flexiv_msgs__rosidl_typesupport_introspection_c.dir/rosidl_typesupport_introspection_c/flexiv_msgs/msg/detail/digital__type_support.c.o[0m
[ 55%] [32mBuilding CXX object CMakeFiles/flexiv_msgs__rosidl_typesupport_fastrtps_cpp.dir/rosidl_typesupport_fastrtps_cpp/flexiv_msgs/msg/detail/dds_fastrtps/digital__type_support.cpp.o[0m
[ 57%] [32mBuilding CXX object CMakeFiles/flexiv_msgs__rosidl_typesupport_fastrtps_cpp.dir/rosidl_typesupport_fastrtps_cpp/flexiv_msgs/msg/detail/dds_fastrtps/gpio_states__type_support.cpp.o[0m
[ 58%] [32mBuilding CXX object CMakeFiles/flexiv_msgs__rosidl_typesupport_fastrtps_c.dir/rosidl_typesupport_fastrtps_c/flexiv_msgs/msg/detail/digital__type_support_c.cpp.o[0m
[ 60%] [32m[1mLinking CXX shared library libflexiv_msgs__rosidl_typesupport_c.so[0m
[ 61%] [32mBuilding CXX object CMakeFiles/flexiv_msgs__rosidl_typesupport_fastrtps_cpp.dir/rosidl_typesupport_fastrtps_cpp/flexiv_msgs/msg/detail/dds_fastrtps/joint_pos_vel__type_support.cpp.o[0m
[ 63%] [32m[1mLinking CXX shared library libflexiv_msgs__rosidl_typesupport_cpp.so[0m
[ 65%] [32mBuilding CXX object CMakeFiles/flexiv_msgs__rosidl_typesupport_fastrtps_c.dir/rosidl_typesupport_fastrtps_c/flexiv_msgs/msg/detail/gpio_states__type_support_c.cpp.o[0m
[ 66%] [32mBuilding CXX object CMakeFiles/flexiv_msgs__rosidl_typesupport_fastrtps_cpp.dir/rosidl_typesupport_fastrtps_cpp/flexiv_msgs/msg/detail/dds_fastrtps/mode__type_support.cpp.o[0m
[ 68%] [32mBuilding CXX object CMakeFiles/flexiv_msgs__rosidl_typesupport_fastrtps_cpp.dir/rosidl_typesupport_fastrtps_cpp/flexiv_msgs/msg/detail/dds_fastrtps/robot_states__type_support.cpp.o[0m
[ 69%] [32mBuilding CXX object CMakeFiles/flexiv_msgs__rosidl_typesupport_fastrtps_c.dir/rosidl_typesupport_fastrtps_c/flexiv_msgs/msg/detail/joint_pos_vel__type_support_c.cpp.o[0m
[ 71%] [32m[1mLinking C shared library libflexiv_msgs__rosidl_typesupport_introspection_c.so[0m
[ 71%] Built target flexiv_msgs__rosidl_typesupport_c
[ 73%] [32mBuilding CXX object CMakeFiles/flexiv_msgs__rosidl_typesupport_fastrtps_c.dir/rosidl_typesupport_fastrtps_c/flexiv_msgs/msg/detail/mode__type_support_c.cpp.o[0m
[ 73%] Built target flexiv_msgs__rosidl_typesupport_cpp
[ 73%] Built target flexiv_msgs__rosidl_typesupport_introspection_c
[ 74%] [32mBuilding CXX object CMakeFiles/flexiv_msgs__rosidl_typesupport_fastrtps_c.dir/rosidl_typesupport_fastrtps_c/flexiv_msgs/msg/detail/robot_states__type_support_c.cpp.o[0m
[ 76%] [32m[1mLinking CXX shared library libflexiv_msgs__rosidl_typesupport_introspection_cpp.so[0m
[ 76%] Built target flexiv_msgs__rosidl_typesupport_introspection_cpp
[ 77%] [32m[1mLinking CXX shared library libflexiv_msgs__rosidl_typesupport_fastrtps_cpp.so[0m
[ 79%] [32m[1mLinking CXX shared library libflexiv_msgs__rosidl_typesupport_fastrtps_c.so[0m
[ 79%] Built target flexiv_msgs__rosidl_typesupport_fastrtps_cpp
[ 79%] Built target flexiv_msgs__rosidl_typesupport_fastrtps_c
[ 79%] Built target flexiv_msgs
[ 80%] [34m[1mGenerating Python code for ROS interfaces[0m
[ 80%] Built target flexiv_msgs__py
[ 87%] [32mBuilding C object CMakeFiles/flexiv_msgs__rosidl_generator_py.dir/rosidl_generator_py/flexiv_msgs/msg/_joint_pos_vel_s.c.o[0m
[ 87%] [32mBuilding C object CMakeFiles/flexiv_msgs__rosidl_generator_py.dir/rosidl_generator_py/flexiv_msgs/msg/_digital_s.c.o[0m
[ 87%] [32mBuilding C object CMakeFiles/flexiv_msgs__rosidl_generator_py.dir/rosidl_generator_py/flexiv_msgs/msg/_gpio_states_s.c.o[0m
[ 87%] [32mBuilding C object CMakeFiles/flexiv_msgs__rosidl_generator_py.dir/rosidl_generator_py/flexiv_msgs/msg/_mode_s.c.o[0m
[ 88%] [32mBuilding C object CMakeFiles/flexiv_msgs__rosidl_generator_py.dir/rosidl_generator_py/flexiv_msgs/msg/_robot_states_s.c.o[0m
[ 90%] [32m[1mLinking C shared library rosidl_generator_py/flexiv_msgs/libflexiv_msgs__rosidl_generator_py.so[0m
[ 90%] Built target flexiv_msgs__rosidl_generator_py
[ 93%] [32mBuilding C object CMakeFiles/flexiv_msgs__rosidl_typesupport_introspection_c__pyext.dir/rosidl_generator_py/flexiv_msgs/_flexiv_msgs_s.ep.rosidl_typesupport_introspection_c.c.o[0m
[ 93%] [32mBuilding C object CMakeFiles/flexiv_msgs__rosidl_typesupport_c__pyext.dir/rosidl_generator_py/flexiv_msgs/_flexiv_msgs_s.ep.rosidl_typesupport_c.c.o[0m
[ 95%] [32mBuilding C object CMakeFiles/flexiv_msgs__rosidl_typesupport_fastrtps_c__pyext.dir/rosidl_generator_py/flexiv_msgs/_flexiv_msgs_s.ep.rosidl_typesupport_fastrtps_c.c.o[0m
[100%] [32m[1mLinking C shared library rosidl_generator_py/flexiv_msgs/flexiv_msgs_s__rosidl_typesupport_introspection_c.cpython-310-x86_64-linux-gnu.so[0m
[100%] [32m[1mLinking C shared library rosidl_generator_py/flexiv_msgs/flexiv_msgs_s__rosidl_typesupport_fastrtps_c.cpython-310-x86_64-linux-gnu.so[0m
[100%] [32m[1mLinking C shared library rosidl_generator_py/flexiv_msgs/flexiv_msgs_s__rosidl_typesupport_c.cpython-310-x86_64-linux-gnu.so[0m
[100%] Built target flexiv_msgs__rosidl_typesupport_c__pyext
[100%] Built target flexiv_msgs__rosidl_typesupport_introspection_c__pyext
[100%] Built target flexiv_msgs__rosidl_typesupport_fastrtps_c__pyext
-- Install configuration: ""
-- Execute custom install script
-- Symlinking: /home/casey/flexiv_ros2_ws/install/flexiv_msgs/share/ament_index/resource_index/rosidl_interfaces/flexiv_msgs
-- Symlinking: /home/casey/flexiv_ros2_ws/install/flexiv_msgs/include/flexiv_msgs/flexiv_msgs/msg/detail/digital__functions.h
-- Symlinking: /home/casey/flexiv_ros2_ws/install/flexiv_msgs/include/flexiv_msgs/flexiv_msgs/msg/detail/digital__struct.h
-- Symlinking: /home/casey/flexiv_ros2_ws/install/flexiv_msgs/include/flexiv_msgs/flexiv_msgs/msg/detail/digital__type_support.h
-- Symlinking: /home/casey/flexiv_ros2_ws/install/flexiv_msgs/include/flexiv_msgs/flexiv_msgs/msg/detail/gpio_states__functions.h
-- Symlinking: /home/casey/flexiv_ros2_ws/install/flexiv_msgs/include/flexiv_msgs/flexiv_msgs/msg/detail/gpio_states__struct.h
-- Symlinking: /home/casey/flexiv_ros2_ws/install/flexiv_msgs/include/flexiv_msgs/flexiv_msgs/msg/detail/gpio_states__type_support.h
-- Symlinking: /home/casey/flexiv_ros2_ws/install/flexiv_msgs/include/flexiv_msgs/flexiv_msgs/msg/detail/joint_pos_vel__functions.h
-- Symlinking: /home/casey/flexiv_ros2_ws/install/flexiv_msgs/include/flexiv_msgs/flexiv_msgs/msg/detail/joint_pos_vel__struct.h
-- Symlinking: /home/casey/flexiv_ros2_ws/install/flexiv_msgs/include/flexiv_msgs/flexiv_msgs/msg/detail/joint_pos_vel__type_support.h
-- Symlinking: /home/casey/flexiv_ros2_ws/install/flexiv_msgs/include/flexiv_msgs/flexiv_msgs/msg/detail/mode__functions.h
-- Symlinking: /home/casey/flexiv_ros2_ws/install/flexiv_msgs/include/flexiv_msgs/flexiv_msgs/msg/detail/mode__struct.h
-- Symlinking: /home/casey/flexiv_ros2_ws/install/flexiv_msgs/include/flexiv_msgs/flexiv_msgs/msg/detail/mode__type_support.h
-- Symlinking: /home/casey/flexiv_ros2_ws/install/flexiv_msgs/include/flexiv_msgs/flexiv_msgs/msg/detail/robot_states__functions.h
-- Symlinking: /home/casey/flexiv_ros2_ws/install/flexiv_msgs/include/flexiv_msgs/flexiv_msgs/msg/detail/robot_states__struct.h
-- Symlinking: /home/casey/flexiv_ros2_ws/install/flexiv_msgs/include/flexiv_msgs/flexiv_msgs/msg/detail/robot_states__type_support.h
-- Symlinking: /home/casey/flexiv_ros2_ws/install/flexiv_msgs/include/flexiv_msgs/flexiv_msgs/msg/digital.h
-- Symlinking: /home/casey/flexiv_ros2_ws/install/flexiv_msgs/include/flexiv_msgs/flexiv_msgs/msg/gpio_states.h
-- Symlinking: /home/casey/flexiv_ros2_ws/install/flexiv_msgs/include/flexiv_msgs/flexiv_msgs/msg/joint_pos_vel.h
-- Symlinking: /home/casey/flexiv_ros2_ws/install/flexiv_msgs/include/flexiv_msgs/flexiv_msgs/msg/mode.h
-- Symlinking: /home/casey/flexiv_ros2_ws/install/flexiv_msgs/include/flexiv_msgs/flexiv_msgs/msg/robot_states.h
-- Symlinking: /home/casey/flexiv_ros2_ws/install/flexiv_msgs/include/flexiv_msgs/flexiv_msgs/msg/rosidl_generator_c__visibility_control.h
-- Symlinking: /home/casey/flexiv_ros2_ws/install/flexiv_msgs/share/flexiv_msgs/environment/library_path.sh
-- Symlinking: /home/casey/flexiv_ros2_ws/install/flexiv_msgs/share/flexiv_msgs/environment/library_path.dsv
-- Symlinking: /home/casey/flexiv_ros2_ws/install/flexiv_msgs/include/flexiv_msgs/flexiv_msgs/msg/detail/digital__rosidl_typesupport_fastrtps_c.h
-- Symlinking: /home/casey/flexiv_ros2_ws/install/flexiv_msgs/include/flexiv_msgs/flexiv_msgs/msg/detail/gpio_states__rosidl_typesupport_fastrtps_c.h
-- Symlinking: /home/casey/flexiv_ros2_ws/install/flexiv_msgs/include/flexiv_msgs/flexiv_msgs/msg/detail/joint_pos_vel__rosidl_typesupport_fastrtps_c.h
-- Symlinking: /home/casey/flexiv_ros2_ws/install/flexiv_msgs/include/flexiv_msgs/flexiv_msgs/msg/detail/mode__rosidl_typesupport_fastrtps_c.h
-- Symlinking: /home/casey/flexiv_ros2_ws/install/flexiv_msgs/include/flexiv_msgs/flexiv_msgs/msg/detail/robot_states__rosidl_typesupport_fastrtps_c.h
-- Symlinking: /home/casey/flexiv_ros2_ws/install/flexiv_msgs/include/flexiv_msgs/flexiv_msgs/msg/rosidl_typesupport_fastrtps_c__visibility_control.h
-- Symlinking: /home/casey/flexiv_ros2_ws/install/flexiv_msgs/include/flexiv_msgs/flexiv_msgs/msg/detail/digital__rosidl_typesupport_introspection_c.h
-- Symlinking: /home/casey/flexiv_ros2_ws/install/flexiv_msgs/include/flexiv_msgs/flexiv_msgs/msg/detail/gpio_states__rosidl_typesupport_introspection_c.h
-- Symlinking: /home/casey/flexiv_ros2_ws/install/flexiv_msgs/include/flexiv_msgs/flexiv_msgs/msg/detail/joint_pos_vel__rosidl_typesupport_introspection_c.h
-- Symlinking: /home/casey/flexiv_ros2_ws/install/flexiv_msgs/include/flexiv_msgs/flexiv_msgs/msg/detail/mode__rosidl_typesupport_introspection_c.h
-- Symlinking: /home/casey/flexiv_ros2_ws/install/flexiv_msgs/include/flexiv_msgs/flexiv_msgs/msg/detail/robot_states__rosidl_typesupport_introspection_c.h
-- Symlinking: /home/casey/flexiv_ros2_ws/install/flexiv_msgs/include/flexiv_msgs/flexiv_msgs/msg/rosidl_typesupport_introspection_c__visibility_control.h
-- Symlinking: /home/casey/flexiv_ros2_ws/install/flexiv_msgs/include/flexiv_msgs/flexiv_msgs/msg/detail/digital__builder.hpp
-- Symlinking: /home/casey/flexiv_ros2_ws/install/flexiv_msgs/include/flexiv_msgs/flexiv_msgs/msg/detail/digital__struct.hpp
-- Symlinking: /home/casey/flexiv_ros2_ws/install/flexiv_msgs/include/flexiv_msgs/flexiv_msgs/msg/detail/digital__traits.hpp
-- Symlinking: /home/casey/flexiv_ros2_ws/install/flexiv_msgs/include/flexiv_msgs/flexiv_msgs/msg/detail/gpio_states__builder.hpp
-- Symlinking: /home/casey/flexiv_ros2_ws/install/flexiv_msgs/include/flexiv_msgs/flexiv_msgs/msg/detail/gpio_states__struct.hpp
-- Symlinking: /home/casey/flexiv_ros2_ws/install/flexiv_msgs/include/flexiv_msgs/flexiv_msgs/msg/detail/gpio_states__traits.hpp
-- Symlinking: /home/casey/flexiv_ros2_ws/install/flexiv_msgs/include/flexiv_msgs/flexiv_msgs/msg/detail/joint_pos_vel__builder.hpp
-- Symlinking: /home/casey/flexiv_ros2_ws/install/flexiv_msgs/include/flexiv_msgs/flexiv_msgs/msg/detail/joint_pos_vel__struct.hpp
-- Symlinking: /home/casey/flexiv_ros2_ws/install/flexiv_msgs/include/flexiv_msgs/flexiv_msgs/msg/detail/joint_pos_vel__traits.hpp
-- Symlinking: /home/casey/flexiv_ros2_ws/install/flexiv_msgs/include/flexiv_msgs/flexiv_msgs/msg/detail/mode__builder.hpp
-- Symlinking: /home/casey/flexiv_ros2_ws/install/flexiv_msgs/include/flexiv_msgs/flexiv_msgs/msg/detail/mode__struct.hpp
-- Symlinking: /home/casey/flexiv_ros2_ws/install/flexiv_msgs/include/flexiv_msgs/flexiv_msgs/msg/detail/mode__traits.hpp
-- Symlinking: /home/casey/flexiv_ros2_ws/install/flexiv_msgs/include/flexiv_msgs/flexiv_msgs/msg/detail/robot_states__builder.hpp
-- Symlinking: /home/casey/flexiv_ros2_ws/install/flexiv_msgs/include/flexiv_msgs/flexiv_msgs/msg/detail/robot_states__struct.hpp
-- Symlinking: /home/casey/flexiv_ros2_ws/install/flexiv_msgs/include/flexiv_msgs/flexiv_msgs/msg/detail/robot_states__traits.hpp
-- Symlinking: /home/casey/flexiv_ros2_ws/install/flexiv_msgs/include/flexiv_msgs/flexiv_msgs/msg/digital.hpp
-- Symlinking: /home/casey/flexiv_ros2_ws/install/flexiv_msgs/include/flexiv_msgs/flexiv_msgs/msg/gpio_states.hpp
-- Symlinking: /home/casey/flexiv_ros2_ws/install/flexiv_msgs/include/flexiv_msgs/flexiv_msgs/msg/joint_pos_vel.hpp
-- Symlinking: /home/casey/flexiv_ros2_ws/install/flexiv_msgs/include/flexiv_msgs/flexiv_msgs/msg/mode.hpp
-- Symlinking: /home/casey/flexiv_ros2_ws/install/flexiv_msgs/include/flexiv_msgs/flexiv_msgs/msg/robot_states.hpp
-- Symlinking: /home/casey/flexiv_ros2_ws/install/flexiv_msgs/include/flexiv_msgs/flexiv_msgs/msg/detail/digital__rosidl_typesupport_fastrtps_cpp.hpp
-- Symlinking: /home/casey/flexiv_ros2_ws/install/flexiv_msgs/include/flexiv_msgs/flexiv_msgs/msg/detail/gpio_states__rosidl_typesupport_fastrtps_cpp.hpp
-- Symlinking: /home/casey/flexiv_ros2_ws/install/flexiv_msgs/include/flexiv_msgs/flexiv_msgs/msg/detail/joint_pos_vel__rosidl_typesupport_fastrtps_cpp.hpp
-- Symlinking: /home/casey/flexiv_ros2_ws/install/flexiv_msgs/include/flexiv_msgs/flexiv_msgs/msg/detail/mode__rosidl_typesupport_fastrtps_cpp.hpp
-- Symlinking: /home/casey/flexiv_ros2_ws/install/flexiv_msgs/include/flexiv_msgs/flexiv_msgs/msg/detail/robot_states__rosidl_typesupport_fastrtps_cpp.hpp
-- Symlinking: /home/casey/flexiv_ros2_ws/install/flexiv_msgs/include/flexiv_msgs/flexiv_msgs/msg/rosidl_typesupport_fastrtps_cpp__visibility_control.h
-- Symlinking: /home/casey/flexiv_ros2_ws/install/flexiv_msgs/include/flexiv_msgs/flexiv_msgs/msg/detail/digital__rosidl_typesupport_introspection_cpp.hpp
-- Symlinking: /home/casey/flexiv_ros2_ws/install/flexiv_msgs/include/flexiv_msgs/flexiv_msgs/msg/detail/gpio_states__rosidl_typesupport_introspection_cpp.hpp
-- Symlinking: /home/casey/flexiv_ros2_ws/install/flexiv_msgs/include/flexiv_msgs/flexiv_msgs/msg/detail/joint_pos_vel__rosidl_typesupport_introspection_cpp.hpp
-- Symlinking: /home/casey/flexiv_ros2_ws/install/flexiv_msgs/include/flexiv_msgs/flexiv_msgs/msg/detail/mode__rosidl_typesupport_introspection_cpp.hpp
-- Symlinking: /home/casey/flexiv_ros2_ws/install/flexiv_msgs/include/flexiv_msgs/flexiv_msgs/msg/detail/robot_states__rosidl_typesupport_introspection_cpp.hpp
-- Symlinking: /home/casey/flexiv_ros2_ws/install/flexiv_msgs/share/flexiv_msgs/environment/pythonpath.sh
-- Symlinking: /home/casey/flexiv_ros2_ws/install/flexiv_msgs/share/flexiv_msgs/environment/pythonpath.dsv
-- Symlinking: /home/casey/flexiv_ros2_ws/install/flexiv_msgs/local/lib/python3.10/dist-packages/flexiv_msgs-0.10.0-py3.10.egg-info/PKG-INFO
-- Symlinking: /home/casey/flexiv_ros2_ws/install/flexiv_msgs/local/lib/python3.10/dist-packages/flexiv_msgs-0.10.0-py3.10.egg-info/SOURCES.txt
-- Symlinking: /home/casey/flexiv_ros2_ws/install/flexiv_msgs/local/lib/python3.10/dist-packages/flexiv_msgs-0.10.0-py3.10.egg-info/dependency_links.txt
-- Symlinking: /home/casey/flexiv_ros2_ws/install/flexiv_msgs/local/lib/python3.10/dist-packages/flexiv_msgs-0.10.0-py3.10.egg-info/top_level.txt
-- Symlinking: /home/casey/flexiv_ros2_ws/install/flexiv_msgs/local/lib/python3.10/dist-packages/flexiv_msgs/__init__.py
-- Symlinking: /home/casey/flexiv_ros2_ws/install/flexiv_msgs/local/lib/python3.10/dist-packages/flexiv_msgs/_flexiv_msgs_s.ep.rosidl_typesupport_c.c
-- Symlinking: /home/casey/flexiv_ros2_ws/install/flexiv_msgs/local/lib/python3.10/dist-packages/flexiv_msgs/_flexiv_msgs_s.ep.rosidl_typesupport_fastrtps_c.c
-- Symlinking: /home/casey/flexiv_ros2_ws/install/flexiv_msgs/local/lib/python3.10/dist-packages/flexiv_msgs/_flexiv_msgs_s.ep.rosidl_typesupport_introspection_c.c
-- Symlinking: /home/casey/flexiv_ros2_ws/install/flexiv_msgs/local/lib/python3.10/dist-packages/flexiv_msgs/flexiv_msgs_s__rosidl_typesupport_c.cpython-310-x86_64-linux-gnu.so
-- Symlinking: /home/casey/flexiv_ros2_ws/install/flexiv_msgs/local/lib/python3.10/dist-packages/flexiv_msgs/flexiv_msgs_s__rosidl_typesupport_fastrtps_c.cpython-310-x86_64-linux-gnu.so
-- Symlinking: /home/casey/flexiv_ros2_ws/install/flexiv_msgs/local/lib/python3.10/dist-packages/flexiv_msgs/flexiv_msgs_s__rosidl_typesupport_introspection_c.cpython-310-x86_64-linux-gnu.so
-- Symlinking: /home/casey/flexiv_ros2_ws/install/flexiv_msgs/local/lib/python3.10/dist-packages/flexiv_msgs/libflexiv_msgs__rosidl_generator_py.so
-- Symlinking: /home/casey/flexiv_ros2_ws/install/flexiv_msgs/local/lib/python3.10/dist-packages/flexiv_msgs/msg/__init__.py
-- Symlinking: /home/casey/flexiv_ros2_ws/install/flexiv_msgs/local/lib/python3.10/dist-packages/flexiv_msgs/msg/_digital.py
-- Symlinking: /home/casey/flexiv_ros2_ws/install/flexiv_msgs/local/lib/python3.10/dist-packages/flexiv_msgs/msg/_digital_s.c
-- Symlinking: /home/casey/flexiv_ros2_ws/install/flexiv_msgs/local/lib/python3.10/dist-packages/flexiv_msgs/msg/_gpio_states.py
-- Symlinking: /home/casey/flexiv_ros2_ws/install/flexiv_msgs/local/lib/python3.10/dist-packages/flexiv_msgs/msg/_gpio_states_s.c
-- Symlinking: /home/casey/flexiv_ros2_ws/install/flexiv_msgs/local/lib/python3.10/dist-packages/flexiv_msgs/msg/_joint_pos_vel.py
-- Symlinking: /home/casey/flexiv_ros2_ws/install/flexiv_msgs/local/lib/python3.10/dist-packages/flexiv_msgs/msg/_joint_pos_vel_s.c
-- Symlinking: /home/casey/flexiv_ros2_ws/install/flexiv_msgs/local/lib/python3.10/dist-packages/flexiv_msgs/msg/_mode.py
-- Symlinking: /home/casey/flexiv_ros2_ws/install/flexiv_msgs/local/lib/python3.10/dist-packages/flexiv_msgs/msg/_mode_s.c
-- Symlinking: /home/casey/flexiv_ros2_ws/install/flexiv_msgs/local/lib/python3.10/dist-packages/flexiv_msgs/msg/_robot_states.py
-- Symlinking: /home/casey/flexiv_ros2_ws/install/flexiv_msgs/local/lib/python3.10/dist-packages/flexiv_msgs/msg/_robot_states_s.c
-- Up-to-date symlink: /home/casey/flexiv_ros2_ws/install/flexiv_msgs/local/lib/python3.10/dist-packages/flexiv_msgs/flexiv_msgs_s__rosidl_typesupport_fastrtps_c.cpython-310-x86_64-linux-gnu.so
-- Up-to-date symlink: /home/casey/flexiv_ros2_ws/install/flexiv_msgs/local/lib/python3.10/dist-packages/flexiv_msgs/flexiv_msgs_s__rosidl_typesupport_introspection_c.cpython-310-x86_64-linux-gnu.so
-- Up-to-date symlink: /home/casey/flexiv_ros2_ws/install/flexiv_msgs/local/lib/python3.10/dist-packages/flexiv_msgs/flexiv_msgs_s__rosidl_typesupport_c.cpython-310-x86_64-linux-gnu.so
-- Symlinking: /home/casey/flexiv_ros2_ws/install/flexiv_msgs/share/flexiv_msgs/msg/Digital.idl
-- Symlinking: /home/casey/flexiv_ros2_ws/install/flexiv_msgs/share/flexiv_msgs/msg/GPIOStates.idl
-- Symlinking: /home/casey/flexiv_ros2_ws/install/flexiv_msgs/share/flexiv_msgs/msg/JointPosVel.idl
-- Symlinking: /home/casey/flexiv_ros2_ws/install/flexiv_msgs/share/flexiv_msgs/msg/Mode.idl
-- Symlinking: /home/casey/flexiv_ros2_ws/install/flexiv_msgs/share/flexiv_msgs/msg/RobotStates.idl
-- Symlinking: /home/casey/flexiv_ros2_ws/install/flexiv_msgs/share/flexiv_msgs/msg/Digital.msg
-- Symlinking: /home/casey/flexiv_ros2_ws/install/flexiv_msgs/share/flexiv_msgs/msg/GPIOStates.msg
-- Symlinking: /home/casey/flexiv_ros2_ws/install/flexiv_msgs/share/flexiv_msgs/msg/JointPosVel.msg
-- Symlinking: /home/casey/flexiv_ros2_ws/install/flexiv_msgs/share/flexiv_msgs/msg/Mode.msg
-- Symlinking: /home/casey/flexiv_ros2_ws/install/flexiv_msgs/share/flexiv_msgs/msg/RobotStates.msg
-- Symlinking: /home/casey/flexiv_ros2_ws/install/flexiv_msgs/share/ament_index/resource_index/package_run_dependencies/flexiv_msgs
-- Symlinking: /home/casey/flexiv_ros2_ws/install/flexiv_msgs/share/ament_index/resource_index/parent_prefix_path/flexiv_msgs
-- Symlinking: /home/casey/flexiv_ros2_ws/install/flexiv_msgs/share/flexiv_msgs/environment/ament_prefix_path.sh
-- Symlinking: /home/casey/flexiv_ros2_ws/install/flexiv_msgs/share/flexiv_msgs/environment/ament_prefix_path.dsv
-- Symlinking: /home/casey/flexiv_ros2_ws/install/flexiv_msgs/share/flexiv_msgs/environment/path.sh
-- Symlinking: /home/casey/flexiv_ros2_ws/install/flexiv_msgs/share/flexiv_msgs/environment/path.dsv
-- Symlinking: /home/casey/flexiv_ros2_ws/install/flexiv_msgs/share/flexiv_msgs/local_setup.bash
-- Symlinking: /home/casey/flexiv_ros2_ws/install/flexiv_msgs/share/flexiv_msgs/local_setup.sh
-- Symlinking: /home/casey/flexiv_ros2_ws/install/flexiv_msgs/share/flexiv_msgs/local_setup.zsh
-- Symlinking: /home/casey/flexiv_ros2_ws/install/flexiv_msgs/share/flexiv_msgs/local_setup.dsv
-- Symlinking: /home/casey/flexiv_ros2_ws/install/flexiv_msgs/share/flexiv_msgs/package.dsv
-- Symlinking: /home/casey/flexiv_ros2_ws/install/flexiv_msgs/share/ament_index/resource_index/packages/flexiv_msgs
-- Symlinking: /home/casey/flexiv_ros2_ws/install/flexiv_msgs/share/flexiv_msgs/cmake/rosidl_cmake-extras.cmake
-- Symlinking: /home/casey/flexiv_ros2_ws/install/flexiv_msgs/share/flexiv_msgs/cmake/ament_cmake_export_dependencies-extras.cmake
-- Symlinking: /home/casey/flexiv_ros2_ws/install/flexiv_msgs/share/flexiv_msgs/cmake/ament_cmake_export_include_directories-extras.cmake
-- Symlinking: /home/casey/flexiv_ros2_ws/install/flexiv_msgs/share/flexiv_msgs/cmake/ament_cmake_export_libraries-extras.cmake
-- Symlinking: /home/casey/flexiv_ros2_ws/install/flexiv_msgs/share/flexiv_msgs/cmake/ament_cmake_export_targets-extras.cmake
-- Symlinking: /home/casey/flexiv_ros2_ws/install/flexiv_msgs/share/flexiv_msgs/cmake/rosidl_cmake_export_typesupport_targets-extras.cmake
-- Symlinking: /home/casey/flexiv_ros2_ws/install/flexiv_msgs/share/flexiv_msgs/cmake/rosidl_cmake_export_typesupport_libraries-extras.cmake
-- Symlinking: /home/casey/flexiv_ros2_ws/install/flexiv_msgs/share/flexiv_msgs/cmake/flexiv_msgsConfig.cmake
-- Symlinking: /home/casey/flexiv_ros2_ws/install/flexiv_msgs/share/flexiv_msgs/cmake/flexiv_msgsConfig-version.cmake
-- Symlinking: /home/casey/flexiv_ros2_ws/install/flexiv_msgs/share/flexiv_msgs/package.xml
-- Installing: /home/casey/flexiv_ros2_ws/install/flexiv_msgs/lib/libflexiv_msgs__rosidl_generator_c.so
-- Set runtime path of "/home/casey/flexiv_ros2_ws/install/flexiv_msgs/lib/libflexiv_msgs__rosidl_generator_c.so" to ""
-- Installing: /home/casey/flexiv_ros2_ws/install/flexiv_msgs/lib/libflexiv_msgs__rosidl_typesupport_fastrtps_c.so
-- Set runtime path of "/home/casey/flexiv_ros2_ws/install/flexiv_msgs/lib/libflexiv_msgs__rosidl_typesupport_fastrtps_c.so" to ""
-- Installing: /home/casey/flexiv_ros2_ws/install/flexiv_msgs/lib/libflexiv_msgs__rosidl_typesupport_introspection_c.so
-- Set runtime path of "/home/casey/flexiv_ros2_ws/install/flexiv_msgs/lib/libflexiv_msgs__rosidl_typesupport_introspection_c.so" to ""
-- Installing: /home/casey/flexiv_ros2_ws/install/flexiv_msgs/lib/libflexiv_msgs__rosidl_typesupport_c.so
-- Set runtime path of "/home/casey/flexiv_ros2_ws/install/flexiv_msgs/lib/libflexiv_msgs__rosidl_typesupport_c.so" to ""
-- Installing: /home/casey/flexiv_ros2_ws/install/flexiv_msgs/lib/libflexiv_msgs__rosidl_typesupport_fastrtps_cpp.so
-- Set runtime path of "/home/casey/flexiv_ros2_ws/install/flexiv_msgs/lib/libflexiv_msgs__rosidl_typesupport_fastrtps_cpp.so" to ""
-- Installing: /home/casey/flexiv_ros2_ws/install/flexiv_msgs/lib/libflexiv_msgs__rosidl_typesupport_introspection_cpp.so
-- Set runtime path of "/home/casey/flexiv_ros2_ws/install/flexiv_msgs/lib/libflexiv_msgs__rosidl_typesupport_introspection_cpp.so" to ""
-- Installing: /home/casey/flexiv_ros2_ws/install/flexiv_msgs/lib/libflexiv_msgs__rosidl_typesupport_cpp.so
-- Set runtime path of "/home/casey/flexiv_ros2_ws/install/flexiv_msgs/lib/libflexiv_msgs__rosidl_typesupport_cpp.so" to ""
Listing '/home/casey/flexiv_ros2_ws/install/flexiv_msgs/local/lib/python3.10/dist-packages/flexiv_msgs'...
Compiling '/home/casey/flexiv_ros2_ws/install/flexiv_msgs/local/lib/python3.10/dist-packages/flexiv_msgs/__init__.py'...
Listing '/home/casey/flexiv_ros2_ws/install/flexiv_msgs/local/lib/python3.10/dist-packages/flexiv_msgs/msg'...
Compiling '/home/casey/flexiv_ros2_ws/install/flexiv_msgs/local/lib/python3.10/dist-packages/flexiv_msgs/msg/__init__.py'...
Compiling '/home/casey/flexiv_ros2_ws/install/flexiv_msgs/local/lib/python3.10/dist-packages/flexiv_msgs/msg/_digital.py'...
Compiling '/home/casey/flexiv_ros2_ws/install/flexiv_msgs/local/lib/python3.10/dist-packages/flexiv_msgs/msg/_gpio_states.py'...
Compiling '/home/casey/flexiv_ros2_ws/install/flexiv_msgs/local/lib/python3.10/dist-packages/flexiv_msgs/msg/_joint_pos_vel.py'...
Compiling '/home/casey/flexiv_ros2_ws/install/flexiv_msgs/local/lib/python3.10/dist-packages/flexiv_msgs/msg/_mode.py'...
Compiling '/home/casey/flexiv_ros2_ws/install/flexiv_msgs/local/lib/python3.10/dist-packages/flexiv_msgs/msg/_robot_states.py'...
-- Installing: /home/casey/flexiv_ros2_ws/install/flexiv_msgs/lib/libflexiv_msgs__rosidl_generator_py.so
-- Set runtime path of "/home/casey/flexiv_ros2_ws/install/flexiv_msgs/lib/libflexiv_msgs__rosidl_generator_py.so" to ""
-- Installing: /home/casey/flexiv_ros2_ws/install/flexiv_msgs/share/flexiv_msgs/cmake/export_flexiv_msgs__rosidl_generator_cExport.cmake
-- Installing: /home/casey/flexiv_ros2_ws/install/flexiv_msgs/share/flexiv_msgs/cmake/export_flexiv_msgs__rosidl_generator_cExport-noconfig.cmake
-- Installing: /home/casey/flexiv_ros2_ws/install/flexiv_msgs/share/flexiv_msgs/cmake/export_flexiv_msgs__rosidl_typesupport_fastrtps_cExport.cmake
-- Installing: /home/casey/flexiv_ros2_ws/install/flexiv_msgs/share/flexiv_msgs/cmake/export_flexiv_msgs__rosidl_typesupport_fastrtps_cExport-noconfig.cmake
-- Installing: /home/casey/flexiv_ros2_ws/install/flexiv_msgs/share/flexiv_msgs/cmake/flexiv_msgs__rosidl_typesupport_introspection_cExport.cmake
-- Installing: /home/casey/flexiv_ros2_ws/install/flexiv_msgs/share/flexiv_msgs/cmake/flexiv_msgs__rosidl_typesupport_introspection_cExport-noconfig.cmake
-- Installing: /home/casey/flexiv_ros2_ws/install/flexiv_msgs/share/flexiv_msgs/cmake/flexiv_msgs__rosidl_typesupport_cExport.cmake
-- Installing: /home/casey/flexiv_ros2_ws/install/flexiv_msgs/share/flexiv_msgs/cmake/flexiv_msgs__rosidl_typesupport_cExport-noconfig.cmake
-- Installing: /home/casey/flexiv_ros2_ws/install/flexiv_msgs/share/flexiv_msgs/cmake/export_flexiv_msgs__rosidl_generator_cppExport.cmake
-- Installing: /home/casey/flexiv_ros2_ws/install/flexiv_msgs/share/flexiv_msgs/cmake/export_flexiv_msgs__rosidl_typesupport_fastrtps_cppExport.cmake
-- Installing: /home/casey/flexiv_ros2_ws/install/flexiv_msgs/share/flexiv_msgs/cmake/export_flexiv_msgs__rosidl_typesupport_fastrtps_cppExport-noconfig.cmake
-- Installing: /home/casey/flexiv_ros2_ws/install/flexiv_msgs/share/flexiv_msgs/cmake/flexiv_msgs__rosidl_typesupport_introspection_cppExport.cmake
-- Installing: /home/casey/flexiv_ros2_ws/install/flexiv_msgs/share/flexiv_msgs/cmake/flexiv_msgs__rosidl_typesupport_introspection_cppExport-noconfig.cmake
-- Installing: /home/casey/flexiv_ros2_ws/install/flexiv_msgs/share/flexiv_msgs/cmake/flexiv_msgs__rosidl_typesupport_cppExport.cmake
-- Installing: /home/casey/flexiv_ros2_ws/install/flexiv_msgs/share/flexiv_msgs/cmake/flexiv_msgs__rosidl_typesupport_cppExport-noconfig.cmake
-- Installing: /home/casey/flexiv_ros2_ws/install/flexiv_msgs/share/flexiv_msgs/cmake/export_flexiv_msgs__rosidl_generator_pyExport.cmake
-- Installing: /home/casey/flexiv_ros2_ws/install/flexiv_msgs/share/flexiv_msgs/cmake/export_flexiv_msgs__rosidl_generator_pyExport-noconfig.cmake
