[0.015s] Invoking command in '/home/casey/flexiv_ros2_ws/build/flexiv_msgs': CMAKE_PREFIX_PATH=/opt/ros/humble /usr/bin/cmake /home/casey/flexiv_ros2_ws/src/flexiv_ros2/flexiv_msgs -DAMENT_CMAKE_SYMLINK_INSTALL=1 -DCMAKE_INSTALL_PREFIX=/home/casey/flexiv_ros2_ws/install/flexiv_msgs
[0.063s] -- The C compiler identification is GNU 11.4.0
[0.112s] -- The CXX compiler identification is GNU 11.4.0
[0.119s] -- Detecting C compiler ABI info
[0.186s] -- Detecting C compiler ABI info - done
[0.189s] -- Check for working C compiler: /usr/bin/cc - skipped
[0.190s] -- Detecting C compile features
[0.190s] -- Detecting C compile features - done
[0.194s] -- Detecting CXX compiler ABI info
[0.273s] -- Detecting CXX compiler ABI info - done
[0.276s] -- Check for working CXX compiler: /usr/bin/c++ - skipped
[0.276s] -- Detecting CXX compile features
[0.277s] -- Detecting CXX compile features - done
[0.280s] -- Found ament_cmake: 1.3.9 (/opt/ros/humble/share/ament_cmake/cmake)
[0.401s] -- Found Python3: /usr/bin/python3 (found version "3.10.12") found components: Interpreter 
[0.456s] -- Override CMake install command with custom implementation using symlinks instead of copying resources
[0.482s] -- Found rosidl_default_generators: 1.2.0 (/opt/ros/humble/share/rosidl_default_generators/cmake)
[0.484s] -- Using all available rosidl_typesupport_c: rosidl_typesupport_fastrtps_c;rosidl_typesupport_introspection_c
[0.489s] -- Found rosidl_adapter: 3.1.5 (/opt/ros/humble/share/rosidl_adapter/cmake)
[0.525s] -- Using all available rosidl_typesupport_cpp: rosidl_typesupport_fastrtps_cpp;rosidl_typesupport_introspection_cpp
[0.556s] -- Found std_msgs: 4.2.4 (/opt/ros/humble/share/std_msgs/cmake)
[0.596s] -- Found geometry_msgs: 4.2.4 (/opt/ros/humble/share/geometry_msgs/cmake)
[0.878s] -- Found ament_cmake_ros: 0.10.0 (/opt/ros/humble/share/ament_cmake_ros/cmake)
[1.081s] -- Using all available rosidl_typesupport_c: rosidl_typesupport_fastrtps_c;rosidl_typesupport_introspection_c
[1.362s] -- Using all available rosidl_typesupport_cpp: rosidl_typesupport_fastrtps_cpp;rosidl_typesupport_introspection_cpp
[1.384s] -- Found PythonInterp: /usr/bin/python3 (found suitable version "3.10.12", minimum required is "3.6") 
[1.386s] -- Found python_cmake_module: 0.10.0 (/opt/ros/humble/share/python_cmake_module/cmake)
[1.413s] -- Found PythonLibs: /usr/lib/x86_64-linux-gnu/libpython3.10.so (found suitable version "3.10.12", minimum required is "3.5") 
[1.413s] -- Using PYTHON_EXECUTABLE: /usr/bin/python3
[1.413s] -- Using PYTHON_INCLUDE_DIRS: /usr/include/python3.10
[1.413s] -- Using PYTHON_LIBRARIES: /usr/lib/x86_64-linux-gnu/libpython3.10.so
[1.436s] -- Found PythonExtra: .so  
[1.488s] -- Found ament_lint_auto: 0.12.11 (/opt/ros/humble/share/ament_lint_auto/cmake)
[1.512s] -- Added test 'copyright' to check source files copyright and LICENSE
[1.514s] -- Added test 'lint_cmake' to check CMake code style
[1.515s] -- Added test 'xmllint' to check XML markup files
[1.518s] -- Configuring done
[1.556s] -- Generating done
[1.559s] -- Build files have been written to: /home/casey/flexiv_ros2_ws/build/flexiv_msgs
[1.587s] Invoked command in '/home/casey/flexiv_ros2_ws/build/flexiv_msgs' returned '0': CMAKE_PREFIX_PATH=/opt/ros/humble /usr/bin/cmake /home/casey/flexiv_ros2_ws/src/flexiv_ros2/flexiv_msgs -DAMENT_CMAKE_SYMLINK_INSTALL=1 -DCMAKE_INSTALL_PREFIX=/home/casey/flexiv_ros2_ws/install/flexiv_msgs
[1.588s] Invoking command in '/home/casey/flexiv_ros2_ws/build/flexiv_msgs': CMAKE_PREFIX_PATH=/opt/ros/humble /usr/bin/cmake --build /home/casey/flexiv_ros2_ws/build/flexiv_msgs -- -j16 -l16
[1.637s] [  1%] [34m[1mGenerating C code for ROS interfaces[0m
[1.651s] [  3%] [34m[1mGenerating C++ code for ROS interfaces[0m
[1.663s] [  3%] Built target ament_cmake_python_symlink_flexiv_msgs
[1.858s] running egg_info
[1.858s] creating flexiv_msgs.egg-info
[1.858s] writing flexiv_msgs.egg-info/PKG-INFO
[1.859s] writing dependency_links to flexiv_msgs.egg-info/dependency_links.txt
[1.859s] writing top-level names to flexiv_msgs.egg-info/top_level.txt
[1.860s] writing manifest file 'flexiv_msgs.egg-info/SOURCES.txt'
[1.862s] reading manifest file 'flexiv_msgs.egg-info/SOURCES.txt'
[1.863s] writing manifest file 'flexiv_msgs.egg-info/SOURCES.txt'
[1.938s] [  3%] Built target ament_cmake_python_build_flexiv_msgs_egg
[2.075s] [  3%] Built target flexiv_msgs__cpp
[2.089s] [  7%] [34m[1mGenerating C++ type support for eProsima Fast-RTPS[0m
[2.089s] [  7%] [34m[1mGenerating C++ introspection for ROS interfaces[0m
[2.089s] [  7%] [34m[1mGenerating C++ type support dispatch for ROS interfaces[0m
[2.095s] [ 14%] [32mBuilding C object CMakeFiles/flexiv_msgs__rosidl_generator_c.dir/rosidl_generator_c/flexiv_msgs/msg/detail/mode__functions.c.o[0m
[2.095s] [ 14%] [32mBuilding C object CMakeFiles/flexiv_msgs__rosidl_generator_c.dir/rosidl_generator_c/flexiv_msgs/msg/detail/gpio_states__functions.c.o[0m
[2.095s] [ 14%] [32mBuilding C object CMakeFiles/flexiv_msgs__rosidl_generator_c.dir/rosidl_generator_c/flexiv_msgs/msg/detail/digital__functions.c.o[0m
[2.095s] [ 14%] [32mBuilding C object CMakeFiles/flexiv_msgs__rosidl_generator_c.dir/rosidl_generator_c/flexiv_msgs/msg/detail/joint_pos_vel__functions.c.o[0m
[2.098s] [ 15%] [32mBuilding C object CMakeFiles/flexiv_msgs__rosidl_generator_c.dir/rosidl_generator_c/flexiv_msgs/msg/detail/robot_states__functions.c.o[0m
[2.159s] [ 17%] [32m[1mLinking C shared library libflexiv_msgs__rosidl_generator_c.so[0m
[2.194s] [ 17%] Built target flexiv_msgs__rosidl_generator_c
[2.203s] [ 22%] [34m[1mGenerating C type support dispatch for ROS interfaces[0m
[2.203s] [ 22%] [34m[1mGenerating C type support for eProsima Fast-RTPS[0m
[2.204s] [ 22%] [34m[1mGenerating C introspection for ROS interfaces[0m
[2.370s] [ 25%] [32mBuilding CXX object CMakeFiles/flexiv_msgs__rosidl_typesupport_cpp.dir/rosidl_typesupport_cpp/flexiv_msgs/msg/gpio_states__type_support.cpp.o[0m
[2.370s] [ 25%] [32mBuilding CXX object CMakeFiles/flexiv_msgs__rosidl_typesupport_cpp.dir/rosidl_typesupport_cpp/flexiv_msgs/msg/mode__type_support.cpp.o[0m
[2.370s] [ 28%] [32mBuilding CXX object CMakeFiles/flexiv_msgs__rosidl_typesupport_cpp.dir/rosidl_typesupport_cpp/flexiv_msgs/msg/digital__type_support.cpp.o[0m
[2.370s] [ 28%] [32mBuilding CXX object CMakeFiles/flexiv_msgs__rosidl_typesupport_cpp.dir/rosidl_typesupport_cpp/flexiv_msgs/msg/robot_states__type_support.cpp.o[0m
[2.370s] [ 30%] [32mBuilding CXX object CMakeFiles/flexiv_msgs__rosidl_typesupport_cpp.dir/rosidl_typesupport_cpp/flexiv_msgs/msg/joint_pos_vel__type_support.cpp.o[0m
[2.457s] [ 31%] [32mBuilding CXX object CMakeFiles/flexiv_msgs__rosidl_typesupport_introspection_cpp.dir/rosidl_typesupport_introspection_cpp/flexiv_msgs/msg/detail/digital__type_support.cpp.o[0m
[2.469s] [ 34%] [32mBuilding CXX object CMakeFiles/flexiv_msgs__rosidl_typesupport_introspection_cpp.dir/rosidl_typesupport_introspection_cpp/flexiv_msgs/msg/detail/joint_pos_vel__type_support.cpp.o[0m
[2.469s] [ 34%] [32mBuilding CXX object CMakeFiles/flexiv_msgs__rosidl_typesupport_introspection_cpp.dir/rosidl_typesupport_introspection_cpp/flexiv_msgs/msg/detail/mode__type_support.cpp.o[0m
[2.484s] [ 36%] [32mBuilding CXX object CMakeFiles/flexiv_msgs__rosidl_typesupport_introspection_cpp.dir/rosidl_typesupport_introspection_cpp/flexiv_msgs/msg/detail/robot_states__type_support.cpp.o[0m
[2.486s] [ 38%] [32mBuilding CXX object CMakeFiles/flexiv_msgs__rosidl_typesupport_introspection_cpp.dir/rosidl_typesupport_introspection_cpp/flexiv_msgs/msg/detail/gpio_states__type_support.cpp.o[0m
[2.567s] [ 39%] [32mBuilding CXX object CMakeFiles/flexiv_msgs__rosidl_typesupport_c.dir/rosidl_typesupport_c/flexiv_msgs/msg/digital__type_support.cpp.o[0m
[2.569s] [ 41%] [32mBuilding CXX object CMakeFiles/flexiv_msgs__rosidl_typesupport_c.dir/rosidl_typesupport_c/flexiv_msgs/msg/gpio_states__type_support.cpp.o[0m
[2.589s] [ 42%] [32mBuilding CXX object CMakeFiles/flexiv_msgs__rosidl_typesupport_c.dir/rosidl_typesupport_c/flexiv_msgs/msg/joint_pos_vel__type_support.cpp.o[0m
[2.638s] [ 44%] [32mBuilding CXX object CMakeFiles/flexiv_msgs__rosidl_typesupport_c.dir/rosidl_typesupport_c/flexiv_msgs/msg/mode__type_support.cpp.o[0m
[2.640s] [ 46%] [32mBuilding CXX object CMakeFiles/flexiv_msgs__rosidl_typesupport_c.dir/rosidl_typesupport_c/flexiv_msgs/msg/robot_states__type_support.cpp.o[0m
[2.666s] [ 47%] [32mBuilding C object CMakeFiles/flexiv_msgs__rosidl_typesupport_introspection_c.dir/rosidl_typesupport_introspection_c/flexiv_msgs/msg/detail/gpio_states__type_support.c.o[0m
[2.668s] [ 52%] [32mBuilding C object CMakeFiles/flexiv_msgs__rosidl_typesupport_introspection_c.dir/rosidl_typesupport_introspection_c/flexiv_msgs/msg/detail/mode__type_support.c.o[0m
[2.668s] [ 52%] [32mBuilding C object CMakeFiles/flexiv_msgs__rosidl_typesupport_introspection_c.dir/rosidl_typesupport_introspection_c/flexiv_msgs/msg/detail/joint_pos_vel__type_support.c.o[0m
[2.668s] [ 52%] [32mBuilding C object CMakeFiles/flexiv_msgs__rosidl_typesupport_introspection_c.dir/rosidl_typesupport_introspection_c/flexiv_msgs/msg/detail/robot_states__type_support.c.o[0m
[2.677s] [ 53%] [32mBuilding C object CMakeFiles/flexiv_msgs__rosidl_typesupport_introspection_c.dir/rosidl_typesupport_introspection_c/flexiv_msgs/msg/detail/digital__type_support.c.o[0m
[2.679s] [ 55%] [32mBuilding CXX object CMakeFiles/flexiv_msgs__rosidl_typesupport_fastrtps_cpp.dir/rosidl_typesupport_fastrtps_cpp/flexiv_msgs/msg/detail/dds_fastrtps/digital__type_support.cpp.o[0m
[2.683s] [ 57%] [32mBuilding CXX object CMakeFiles/flexiv_msgs__rosidl_typesupport_fastrtps_cpp.dir/rosidl_typesupport_fastrtps_cpp/flexiv_msgs/msg/detail/dds_fastrtps/gpio_states__type_support.cpp.o[0m
[2.684s] [ 58%] [32mBuilding CXX object CMakeFiles/flexiv_msgs__rosidl_typesupport_fastrtps_c.dir/rosidl_typesupport_fastrtps_c/flexiv_msgs/msg/detail/digital__type_support_c.cpp.o[0m
[2.687s] [ 60%] [32m[1mLinking CXX shared library libflexiv_msgs__rosidl_typesupport_c.so[0m
[2.691s] [ 61%] [32mBuilding CXX object CMakeFiles/flexiv_msgs__rosidl_typesupport_fastrtps_cpp.dir/rosidl_typesupport_fastrtps_cpp/flexiv_msgs/msg/detail/dds_fastrtps/joint_pos_vel__type_support.cpp.o[0m
[2.696s] [ 63%] [32m[1mLinking CXX shared library libflexiv_msgs__rosidl_typesupport_cpp.so[0m
[2.716s] [ 65%] [32mBuilding CXX object CMakeFiles/flexiv_msgs__rosidl_typesupport_fastrtps_c.dir/rosidl_typesupport_fastrtps_c/flexiv_msgs/msg/detail/gpio_states__type_support_c.cpp.o[0m
[2.723s] [ 66%] [32mBuilding CXX object CMakeFiles/flexiv_msgs__rosidl_typesupport_fastrtps_cpp.dir/rosidl_typesupport_fastrtps_cpp/flexiv_msgs/msg/detail/dds_fastrtps/mode__type_support.cpp.o[0m
[2.723s] [ 68%] [32mBuilding CXX object CMakeFiles/flexiv_msgs__rosidl_typesupport_fastrtps_cpp.dir/rosidl_typesupport_fastrtps_cpp/flexiv_msgs/msg/detail/dds_fastrtps/robot_states__type_support.cpp.o[0m
[2.732s] [ 69%] [32mBuilding CXX object CMakeFiles/flexiv_msgs__rosidl_typesupport_fastrtps_c.dir/rosidl_typesupport_fastrtps_c/flexiv_msgs/msg/detail/joint_pos_vel__type_support_c.cpp.o[0m
[2.743s] [ 71%] [32m[1mLinking C shared library libflexiv_msgs__rosidl_typesupport_introspection_c.so[0m
[2.744s] [ 71%] Built target flexiv_msgs__rosidl_typesupport_c
[2.755s] [ 73%] [32mBuilding CXX object CMakeFiles/flexiv_msgs__rosidl_typesupport_fastrtps_c.dir/rosidl_typesupport_fastrtps_c/flexiv_msgs/msg/detail/mode__type_support_c.cpp.o[0m
[2.829s] [ 73%] Built target flexiv_msgs__rosidl_typesupport_cpp
[2.860s] [ 73%] Built target flexiv_msgs__rosidl_typesupport_introspection_c
[2.870s] [ 74%] [32mBuilding CXX object CMakeFiles/flexiv_msgs__rosidl_typesupport_fastrtps_c.dir/rosidl_typesupport_fastrtps_c/flexiv_msgs/msg/detail/robot_states__type_support_c.cpp.o[0m
[2.963s] [ 76%] [32m[1mLinking CXX shared library libflexiv_msgs__rosidl_typesupport_introspection_cpp.so[0m
[3.062s] [ 76%] Built target flexiv_msgs__rosidl_typesupport_introspection_cpp
[3.132s] [ 77%] [32m[1mLinking CXX shared library libflexiv_msgs__rosidl_typesupport_fastrtps_cpp.so[0m
[3.157s] [ 79%] [32m[1mLinking CXX shared library libflexiv_msgs__rosidl_typesupport_fastrtps_c.so[0m
[3.199s] [ 79%] Built target flexiv_msgs__rosidl_typesupport_fastrtps_cpp
[3.221s] [ 79%] Built target flexiv_msgs__rosidl_typesupport_fastrtps_c
[3.245s] [ 79%] Built target flexiv_msgs
[3.265s] [ 80%] [34m[1mGenerating Python code for ROS interfaces[0m
[3.702s] [ 80%] Built target flexiv_msgs__py
[3.723s] [ 87%] [32mBuilding C object CMakeFiles/flexiv_msgs__rosidl_generator_py.dir/rosidl_generator_py/flexiv_msgs/msg/_joint_pos_vel_s.c.o[0m
[3.723s] [ 87%] [32mBuilding C object CMakeFiles/flexiv_msgs__rosidl_generator_py.dir/rosidl_generator_py/flexiv_msgs/msg/_digital_s.c.o[0m
[3.723s] [ 87%] [32mBuilding C object CMakeFiles/flexiv_msgs__rosidl_generator_py.dir/rosidl_generator_py/flexiv_msgs/msg/_gpio_states_s.c.o[0m
[3.723s] [ 87%] [32mBuilding C object CMakeFiles/flexiv_msgs__rosidl_generator_py.dir/rosidl_generator_py/flexiv_msgs/msg/_mode_s.c.o[0m
[3.723s] [ 88%] [32mBuilding C object CMakeFiles/flexiv_msgs__rosidl_generator_py.dir/rosidl_generator_py/flexiv_msgs/msg/_robot_states_s.c.o[0m
[3.833s] [ 90%] [32m[1mLinking C shared library rosidl_generator_py/flexiv_msgs/libflexiv_msgs__rosidl_generator_py.so[0m
[3.872s] [ 90%] Built target flexiv_msgs__rosidl_generator_py
[3.889s] [ 93%] [32mBuilding C object CMakeFiles/flexiv_msgs__rosidl_typesupport_introspection_c__pyext.dir/rosidl_generator_py/flexiv_msgs/_flexiv_msgs_s.ep.rosidl_typesupport_introspection_c.c.o[0m
[3.889s] [ 93%] [32mBuilding C object CMakeFiles/flexiv_msgs__rosidl_typesupport_c__pyext.dir/rosidl_generator_py/flexiv_msgs/_flexiv_msgs_s.ep.rosidl_typesupport_c.c.o[0m
[3.890s] [ 95%] [32mBuilding C object CMakeFiles/flexiv_msgs__rosidl_typesupport_fastrtps_c__pyext.dir/rosidl_generator_py/flexiv_msgs/_flexiv_msgs_s.ep.rosidl_typesupport_fastrtps_c.c.o[0m
[3.966s] [100%] [32m[1mLinking C shared library rosidl_generator_py/flexiv_msgs/flexiv_msgs_s__rosidl_typesupport_introspection_c.cpython-310-x86_64-linux-gnu.so[0m
[3.966s] [100%] [32m[1mLinking C shared library rosidl_generator_py/flexiv_msgs/flexiv_msgs_s__rosidl_typesupport_fastrtps_c.cpython-310-x86_64-linux-gnu.so[0m
[3.966s] [100%] [32m[1mLinking C shared library rosidl_generator_py/flexiv_msgs/flexiv_msgs_s__rosidl_typesupport_c.cpython-310-x86_64-linux-gnu.so[0m
[4.000s] [100%] Built target flexiv_msgs__rosidl_typesupport_c__pyext
[4.001s] [100%] Built target flexiv_msgs__rosidl_typesupport_introspection_c__pyext
[4.004s] [100%] Built target flexiv_msgs__rosidl_typesupport_fastrtps_c__pyext
[4.017s] Invoked command in '/home/casey/flexiv_ros2_ws/build/flexiv_msgs' returned '0': CMAKE_PREFIX_PATH=/opt/ros/humble /usr/bin/cmake --build /home/casey/flexiv_ros2_ws/build/flexiv_msgs -- -j16 -l16
[4.194s] Invoking command in '/home/casey/flexiv_ros2_ws/build/flexiv_msgs': CMAKE_PREFIX_PATH=/opt/ros/humble /usr/bin/cmake --install /home/casey/flexiv_ros2_ws/build/flexiv_msgs
[4.201s] -- Install configuration: ""
[4.201s] -- Execute custom install script
[4.201s] -- Symlinking: /home/casey/flexiv_ros2_ws/install/flexiv_msgs/share/ament_index/resource_index/rosidl_interfaces/flexiv_msgs
[4.210s] -- Symlinking: /home/casey/flexiv_ros2_ws/install/flexiv_msgs/include/flexiv_msgs/flexiv_msgs/msg/detail/digital__functions.h
[4.221s] -- Symlinking: /home/casey/flexiv_ros2_ws/install/flexiv_msgs/include/flexiv_msgs/flexiv_msgs/msg/detail/digital__struct.h
[4.230s] -- Symlinking: /home/casey/flexiv_ros2_ws/install/flexiv_msgs/include/flexiv_msgs/flexiv_msgs/msg/detail/digital__type_support.h
[4.239s] -- Symlinking: /home/casey/flexiv_ros2_ws/install/flexiv_msgs/include/flexiv_msgs/flexiv_msgs/msg/detail/gpio_states__functions.h
[4.247s] -- Symlinking: /home/casey/flexiv_ros2_ws/install/flexiv_msgs/include/flexiv_msgs/flexiv_msgs/msg/detail/gpio_states__struct.h
[4.256s] -- Symlinking: /home/casey/flexiv_ros2_ws/install/flexiv_msgs/include/flexiv_msgs/flexiv_msgs/msg/detail/gpio_states__type_support.h
[4.265s] -- Symlinking: /home/casey/flexiv_ros2_ws/install/flexiv_msgs/include/flexiv_msgs/flexiv_msgs/msg/detail/joint_pos_vel__functions.h
[4.274s] -- Symlinking: /home/casey/flexiv_ros2_ws/install/flexiv_msgs/include/flexiv_msgs/flexiv_msgs/msg/detail/joint_pos_vel__struct.h
[4.282s] -- Symlinking: /home/casey/flexiv_ros2_ws/install/flexiv_msgs/include/flexiv_msgs/flexiv_msgs/msg/detail/joint_pos_vel__type_support.h
[4.289s] -- Symlinking: /home/casey/flexiv_ros2_ws/install/flexiv_msgs/include/flexiv_msgs/flexiv_msgs/msg/detail/mode__functions.h
[4.296s] -- Symlinking: /home/casey/flexiv_ros2_ws/install/flexiv_msgs/include/flexiv_msgs/flexiv_msgs/msg/detail/mode__struct.h
[4.302s] -- Symlinking: /home/casey/flexiv_ros2_ws/install/flexiv_msgs/include/flexiv_msgs/flexiv_msgs/msg/detail/mode__type_support.h
[4.309s] -- Symlinking: /home/casey/flexiv_ros2_ws/install/flexiv_msgs/include/flexiv_msgs/flexiv_msgs/msg/detail/robot_states__functions.h
[4.317s] -- Symlinking: /home/casey/flexiv_ros2_ws/install/flexiv_msgs/include/flexiv_msgs/flexiv_msgs/msg/detail/robot_states__struct.h
[4.324s] -- Symlinking: /home/casey/flexiv_ros2_ws/install/flexiv_msgs/include/flexiv_msgs/flexiv_msgs/msg/detail/robot_states__type_support.h
[4.336s] -- Symlinking: /home/casey/flexiv_ros2_ws/install/flexiv_msgs/include/flexiv_msgs/flexiv_msgs/msg/digital.h
[4.344s] -- Symlinking: /home/casey/flexiv_ros2_ws/install/flexiv_msgs/include/flexiv_msgs/flexiv_msgs/msg/gpio_states.h
[4.352s] -- Symlinking: /home/casey/flexiv_ros2_ws/install/flexiv_msgs/include/flexiv_msgs/flexiv_msgs/msg/joint_pos_vel.h
[4.362s] -- Symlinking: /home/casey/flexiv_ros2_ws/install/flexiv_msgs/include/flexiv_msgs/flexiv_msgs/msg/mode.h
[4.371s] -- Symlinking: /home/casey/flexiv_ros2_ws/install/flexiv_msgs/include/flexiv_msgs/flexiv_msgs/msg/robot_states.h
[4.380s] -- Symlinking: /home/casey/flexiv_ros2_ws/install/flexiv_msgs/include/flexiv_msgs/flexiv_msgs/msg/rosidl_generator_c__visibility_control.h
[4.388s] -- Symlinking: /home/casey/flexiv_ros2_ws/install/flexiv_msgs/share/flexiv_msgs/environment/library_path.sh
[4.396s] -- Symlinking: /home/casey/flexiv_ros2_ws/install/flexiv_msgs/share/flexiv_msgs/environment/library_path.dsv
[4.406s] -- Symlinking: /home/casey/flexiv_ros2_ws/install/flexiv_msgs/include/flexiv_msgs/flexiv_msgs/msg/detail/digital__rosidl_typesupport_fastrtps_c.h
[4.414s] -- Symlinking: /home/casey/flexiv_ros2_ws/install/flexiv_msgs/include/flexiv_msgs/flexiv_msgs/msg/detail/gpio_states__rosidl_typesupport_fastrtps_c.h
[4.422s] -- Symlinking: /home/casey/flexiv_ros2_ws/install/flexiv_msgs/include/flexiv_msgs/flexiv_msgs/msg/detail/joint_pos_vel__rosidl_typesupport_fastrtps_c.h
[4.430s] -- Symlinking: /home/casey/flexiv_ros2_ws/install/flexiv_msgs/include/flexiv_msgs/flexiv_msgs/msg/detail/mode__rosidl_typesupport_fastrtps_c.h
[4.438s] -- Symlinking: /home/casey/flexiv_ros2_ws/install/flexiv_msgs/include/flexiv_msgs/flexiv_msgs/msg/detail/robot_states__rosidl_typesupport_fastrtps_c.h
[4.446s] -- Symlinking: /home/casey/flexiv_ros2_ws/install/flexiv_msgs/include/flexiv_msgs/flexiv_msgs/msg/rosidl_typesupport_fastrtps_c__visibility_control.h
[4.454s] -- Symlinking: /home/casey/flexiv_ros2_ws/install/flexiv_msgs/include/flexiv_msgs/flexiv_msgs/msg/detail/digital__rosidl_typesupport_introspection_c.h
[4.463s] -- Symlinking: /home/casey/flexiv_ros2_ws/install/flexiv_msgs/include/flexiv_msgs/flexiv_msgs/msg/detail/gpio_states__rosidl_typesupport_introspection_c.h
[4.470s] -- Symlinking: /home/casey/flexiv_ros2_ws/install/flexiv_msgs/include/flexiv_msgs/flexiv_msgs/msg/detail/joint_pos_vel__rosidl_typesupport_introspection_c.h
[4.479s] -- Symlinking: /home/casey/flexiv_ros2_ws/install/flexiv_msgs/include/flexiv_msgs/flexiv_msgs/msg/detail/mode__rosidl_typesupport_introspection_c.h
[4.486s] -- Symlinking: /home/casey/flexiv_ros2_ws/install/flexiv_msgs/include/flexiv_msgs/flexiv_msgs/msg/detail/robot_states__rosidl_typesupport_introspection_c.h
[4.494s] -- Symlinking: /home/casey/flexiv_ros2_ws/install/flexiv_msgs/include/flexiv_msgs/flexiv_msgs/msg/rosidl_typesupport_introspection_c__visibility_control.h
[4.503s] -- Symlinking: /home/casey/flexiv_ros2_ws/install/flexiv_msgs/include/flexiv_msgs/flexiv_msgs/msg/detail/digital__builder.hpp
[4.511s] -- Symlinking: /home/casey/flexiv_ros2_ws/install/flexiv_msgs/include/flexiv_msgs/flexiv_msgs/msg/detail/digital__struct.hpp
[4.519s] -- Symlinking: /home/casey/flexiv_ros2_ws/install/flexiv_msgs/include/flexiv_msgs/flexiv_msgs/msg/detail/digital__traits.hpp
[4.526s] -- Symlinking: /home/casey/flexiv_ros2_ws/install/flexiv_msgs/include/flexiv_msgs/flexiv_msgs/msg/detail/gpio_states__builder.hpp
[4.537s] -- Symlinking: /home/casey/flexiv_ros2_ws/install/flexiv_msgs/include/flexiv_msgs/flexiv_msgs/msg/detail/gpio_states__struct.hpp
[4.546s] -- Symlinking: /home/casey/flexiv_ros2_ws/install/flexiv_msgs/include/flexiv_msgs/flexiv_msgs/msg/detail/gpio_states__traits.hpp
[4.554s] -- Symlinking: /home/casey/flexiv_ros2_ws/install/flexiv_msgs/include/flexiv_msgs/flexiv_msgs/msg/detail/joint_pos_vel__builder.hpp
[4.562s] -- Symlinking: /home/casey/flexiv_ros2_ws/install/flexiv_msgs/include/flexiv_msgs/flexiv_msgs/msg/detail/joint_pos_vel__struct.hpp
[4.570s] -- Symlinking: /home/casey/flexiv_ros2_ws/install/flexiv_msgs/include/flexiv_msgs/flexiv_msgs/msg/detail/joint_pos_vel__traits.hpp
[4.578s] -- Symlinking: /home/casey/flexiv_ros2_ws/install/flexiv_msgs/include/flexiv_msgs/flexiv_msgs/msg/detail/mode__builder.hpp
[4.586s] -- Symlinking: /home/casey/flexiv_ros2_ws/install/flexiv_msgs/include/flexiv_msgs/flexiv_msgs/msg/detail/mode__struct.hpp
[4.595s] -- Symlinking: /home/casey/flexiv_ros2_ws/install/flexiv_msgs/include/flexiv_msgs/flexiv_msgs/msg/detail/mode__traits.hpp
[4.604s] -- Symlinking: /home/casey/flexiv_ros2_ws/install/flexiv_msgs/include/flexiv_msgs/flexiv_msgs/msg/detail/robot_states__builder.hpp
[4.612s] -- Symlinking: /home/casey/flexiv_ros2_ws/install/flexiv_msgs/include/flexiv_msgs/flexiv_msgs/msg/detail/robot_states__struct.hpp
[4.620s] -- Symlinking: /home/casey/flexiv_ros2_ws/install/flexiv_msgs/include/flexiv_msgs/flexiv_msgs/msg/detail/robot_states__traits.hpp
[4.629s] -- Symlinking: /home/casey/flexiv_ros2_ws/install/flexiv_msgs/include/flexiv_msgs/flexiv_msgs/msg/digital.hpp
[4.638s] -- Symlinking: /home/casey/flexiv_ros2_ws/install/flexiv_msgs/include/flexiv_msgs/flexiv_msgs/msg/gpio_states.hpp
[4.646s] -- Symlinking: /home/casey/flexiv_ros2_ws/install/flexiv_msgs/include/flexiv_msgs/flexiv_msgs/msg/joint_pos_vel.hpp
[4.655s] -- Symlinking: /home/casey/flexiv_ros2_ws/install/flexiv_msgs/include/flexiv_msgs/flexiv_msgs/msg/mode.hpp
[4.663s] -- Symlinking: /home/casey/flexiv_ros2_ws/install/flexiv_msgs/include/flexiv_msgs/flexiv_msgs/msg/robot_states.hpp
[4.672s] -- Symlinking: /home/casey/flexiv_ros2_ws/install/flexiv_msgs/include/flexiv_msgs/flexiv_msgs/msg/detail/digital__rosidl_typesupport_fastrtps_cpp.hpp
[4.680s] -- Symlinking: /home/casey/flexiv_ros2_ws/install/flexiv_msgs/include/flexiv_msgs/flexiv_msgs/msg/detail/gpio_states__rosidl_typesupport_fastrtps_cpp.hpp
[4.688s] -- Symlinking: /home/casey/flexiv_ros2_ws/install/flexiv_msgs/include/flexiv_msgs/flexiv_msgs/msg/detail/joint_pos_vel__rosidl_typesupport_fastrtps_cpp.hpp
[4.697s] -- Symlinking: /home/casey/flexiv_ros2_ws/install/flexiv_msgs/include/flexiv_msgs/flexiv_msgs/msg/detail/mode__rosidl_typesupport_fastrtps_cpp.hpp
[4.705s] -- Symlinking: /home/casey/flexiv_ros2_ws/install/flexiv_msgs/include/flexiv_msgs/flexiv_msgs/msg/detail/robot_states__rosidl_typesupport_fastrtps_cpp.hpp
[4.711s] -- Symlinking: /home/casey/flexiv_ros2_ws/install/flexiv_msgs/include/flexiv_msgs/flexiv_msgs/msg/rosidl_typesupport_fastrtps_cpp__visibility_control.h
[4.719s] -- Symlinking: /home/casey/flexiv_ros2_ws/install/flexiv_msgs/include/flexiv_msgs/flexiv_msgs/msg/detail/digital__rosidl_typesupport_introspection_cpp.hpp
[4.725s] -- Symlinking: /home/casey/flexiv_ros2_ws/install/flexiv_msgs/include/flexiv_msgs/flexiv_msgs/msg/detail/gpio_states__rosidl_typesupport_introspection_cpp.hpp
[4.736s] -- Symlinking: /home/casey/flexiv_ros2_ws/install/flexiv_msgs/include/flexiv_msgs/flexiv_msgs/msg/detail/joint_pos_vel__rosidl_typesupport_introspection_cpp.hpp
[4.745s] -- Symlinking: /home/casey/flexiv_ros2_ws/install/flexiv_msgs/include/flexiv_msgs/flexiv_msgs/msg/detail/mode__rosidl_typesupport_introspection_cpp.hpp
[4.753s] -- Symlinking: /home/casey/flexiv_ros2_ws/install/flexiv_msgs/include/flexiv_msgs/flexiv_msgs/msg/detail/robot_states__rosidl_typesupport_introspection_cpp.hpp
[4.762s] -- Symlinking: /home/casey/flexiv_ros2_ws/install/flexiv_msgs/share/flexiv_msgs/environment/pythonpath.sh
[4.769s] -- Symlinking: /home/casey/flexiv_ros2_ws/install/flexiv_msgs/share/flexiv_msgs/environment/pythonpath.dsv
[4.777s] -- Symlinking: /home/casey/flexiv_ros2_ws/install/flexiv_msgs/local/lib/python3.10/dist-packages/flexiv_msgs-0.10.0-py3.10.egg-info/PKG-INFO
[4.785s] -- Symlinking: /home/casey/flexiv_ros2_ws/install/flexiv_msgs/local/lib/python3.10/dist-packages/flexiv_msgs-0.10.0-py3.10.egg-info/SOURCES.txt
[4.792s] -- Symlinking: /home/casey/flexiv_ros2_ws/install/flexiv_msgs/local/lib/python3.10/dist-packages/flexiv_msgs-0.10.0-py3.10.egg-info/dependency_links.txt
[4.799s] -- Symlinking: /home/casey/flexiv_ros2_ws/install/flexiv_msgs/local/lib/python3.10/dist-packages/flexiv_msgs-0.10.0-py3.10.egg-info/top_level.txt
[4.807s] -- Symlinking: /home/casey/flexiv_ros2_ws/install/flexiv_msgs/local/lib/python3.10/dist-packages/flexiv_msgs/__init__.py
[4.813s] -- Symlinking: /home/casey/flexiv_ros2_ws/install/flexiv_msgs/local/lib/python3.10/dist-packages/flexiv_msgs/_flexiv_msgs_s.ep.rosidl_typesupport_c.c
[4.820s] -- Symlinking: /home/casey/flexiv_ros2_ws/install/flexiv_msgs/local/lib/python3.10/dist-packages/flexiv_msgs/_flexiv_msgs_s.ep.rosidl_typesupport_fastrtps_c.c
[4.827s] -- Symlinking: /home/casey/flexiv_ros2_ws/install/flexiv_msgs/local/lib/python3.10/dist-packages/flexiv_msgs/_flexiv_msgs_s.ep.rosidl_typesupport_introspection_c.c
[4.838s] -- Symlinking: /home/casey/flexiv_ros2_ws/install/flexiv_msgs/local/lib/python3.10/dist-packages/flexiv_msgs/flexiv_msgs_s__rosidl_typesupport_c.cpython-310-x86_64-linux-gnu.so
[4.846s] -- Symlinking: /home/casey/flexiv_ros2_ws/install/flexiv_msgs/local/lib/python3.10/dist-packages/flexiv_msgs/flexiv_msgs_s__rosidl_typesupport_fastrtps_c.cpython-310-x86_64-linux-gnu.so
[4.854s] -- Symlinking: /home/casey/flexiv_ros2_ws/install/flexiv_msgs/local/lib/python3.10/dist-packages/flexiv_msgs/flexiv_msgs_s__rosidl_typesupport_introspection_c.cpython-310-x86_64-linux-gnu.so
[4.863s] -- Symlinking: /home/casey/flexiv_ros2_ws/install/flexiv_msgs/local/lib/python3.10/dist-packages/flexiv_msgs/libflexiv_msgs__rosidl_generator_py.so
[4.872s] -- Symlinking: /home/casey/flexiv_ros2_ws/install/flexiv_msgs/local/lib/python3.10/dist-packages/flexiv_msgs/msg/__init__.py
[4.879s] -- Symlinking: /home/casey/flexiv_ros2_ws/install/flexiv_msgs/local/lib/python3.10/dist-packages/flexiv_msgs/msg/_digital.py
[4.887s] -- Symlinking: /home/casey/flexiv_ros2_ws/install/flexiv_msgs/local/lib/python3.10/dist-packages/flexiv_msgs/msg/_digital_s.c
[4.896s] -- Symlinking: /home/casey/flexiv_ros2_ws/install/flexiv_msgs/local/lib/python3.10/dist-packages/flexiv_msgs/msg/_gpio_states.py
[4.906s] -- Symlinking: /home/casey/flexiv_ros2_ws/install/flexiv_msgs/local/lib/python3.10/dist-packages/flexiv_msgs/msg/_gpio_states_s.c
[4.914s] -- Symlinking: /home/casey/flexiv_ros2_ws/install/flexiv_msgs/local/lib/python3.10/dist-packages/flexiv_msgs/msg/_joint_pos_vel.py
[4.921s] -- Symlinking: /home/casey/flexiv_ros2_ws/install/flexiv_msgs/local/lib/python3.10/dist-packages/flexiv_msgs/msg/_joint_pos_vel_s.c
[4.931s] -- Symlinking: /home/casey/flexiv_ros2_ws/install/flexiv_msgs/local/lib/python3.10/dist-packages/flexiv_msgs/msg/_mode.py
[4.940s] -- Symlinking: /home/casey/flexiv_ros2_ws/install/flexiv_msgs/local/lib/python3.10/dist-packages/flexiv_msgs/msg/_mode_s.c
[4.948s] -- Symlinking: /home/casey/flexiv_ros2_ws/install/flexiv_msgs/local/lib/python3.10/dist-packages/flexiv_msgs/msg/_robot_states.py
[4.956s] -- Symlinking: /home/casey/flexiv_ros2_ws/install/flexiv_msgs/local/lib/python3.10/dist-packages/flexiv_msgs/msg/_robot_states_s.c
[4.965s] -- Up-to-date symlink: /home/casey/flexiv_ros2_ws/install/flexiv_msgs/local/lib/python3.10/dist-packages/flexiv_msgs/flexiv_msgs_s__rosidl_typesupport_fastrtps_c.cpython-310-x86_64-linux-gnu.so
[4.965s] -- Up-to-date symlink: /home/casey/flexiv_ros2_ws/install/flexiv_msgs/local/lib/python3.10/dist-packages/flexiv_msgs/flexiv_msgs_s__rosidl_typesupport_introspection_c.cpython-310-x86_64-linux-gnu.so
[4.965s] -- Up-to-date symlink: /home/casey/flexiv_ros2_ws/install/flexiv_msgs/local/lib/python3.10/dist-packages/flexiv_msgs/flexiv_msgs_s__rosidl_typesupport_c.cpython-310-x86_64-linux-gnu.so
[4.965s] -- Symlinking: /home/casey/flexiv_ros2_ws/install/flexiv_msgs/share/flexiv_msgs/msg/Digital.idl
[4.974s] -- Symlinking: /home/casey/flexiv_ros2_ws/install/flexiv_msgs/share/flexiv_msgs/msg/GPIOStates.idl
[4.983s] -- Symlinking: /home/casey/flexiv_ros2_ws/install/flexiv_msgs/share/flexiv_msgs/msg/JointPosVel.idl
[4.991s] -- Symlinking: /home/casey/flexiv_ros2_ws/install/flexiv_msgs/share/flexiv_msgs/msg/Mode.idl
[4.999s] -- Symlinking: /home/casey/flexiv_ros2_ws/install/flexiv_msgs/share/flexiv_msgs/msg/RobotStates.idl
[5.006s] -- Symlinking: /home/casey/flexiv_ros2_ws/install/flexiv_msgs/share/flexiv_msgs/msg/Digital.msg
[5.013s] -- Symlinking: /home/casey/flexiv_ros2_ws/install/flexiv_msgs/share/flexiv_msgs/msg/GPIOStates.msg
[5.019s] -- Symlinking: /home/casey/flexiv_ros2_ws/install/flexiv_msgs/share/flexiv_msgs/msg/JointPosVel.msg
[5.026s] -- Symlinking: /home/casey/flexiv_ros2_ws/install/flexiv_msgs/share/flexiv_msgs/msg/Mode.msg
[5.037s] -- Symlinking: /home/casey/flexiv_ros2_ws/install/flexiv_msgs/share/flexiv_msgs/msg/RobotStates.msg
[5.045s] -- Symlinking: /home/casey/flexiv_ros2_ws/install/flexiv_msgs/share/ament_index/resource_index/package_run_dependencies/flexiv_msgs
[5.054s] -- Symlinking: /home/casey/flexiv_ros2_ws/install/flexiv_msgs/share/ament_index/resource_index/parent_prefix_path/flexiv_msgs
[5.062s] -- Symlinking: /home/casey/flexiv_ros2_ws/install/flexiv_msgs/share/flexiv_msgs/environment/ament_prefix_path.sh
[5.070s] -- Symlinking: /home/casey/flexiv_ros2_ws/install/flexiv_msgs/share/flexiv_msgs/environment/ament_prefix_path.dsv
[5.078s] -- Symlinking: /home/casey/flexiv_ros2_ws/install/flexiv_msgs/share/flexiv_msgs/environment/path.sh
[5.085s] -- Symlinking: /home/casey/flexiv_ros2_ws/install/flexiv_msgs/share/flexiv_msgs/environment/path.dsv
[5.094s] -- Symlinking: /home/casey/flexiv_ros2_ws/install/flexiv_msgs/share/flexiv_msgs/local_setup.bash
[5.100s] -- Symlinking: /home/casey/flexiv_ros2_ws/install/flexiv_msgs/share/flexiv_msgs/local_setup.sh
[5.112s] -- Symlinking: /home/casey/flexiv_ros2_ws/install/flexiv_msgs/share/flexiv_msgs/local_setup.zsh
[5.121s] -- Symlinking: /home/casey/flexiv_ros2_ws/install/flexiv_msgs/share/flexiv_msgs/local_setup.dsv
[5.131s] -- Symlinking: /home/casey/flexiv_ros2_ws/install/flexiv_msgs/share/flexiv_msgs/package.dsv
[5.140s] -- Symlinking: /home/casey/flexiv_ros2_ws/install/flexiv_msgs/share/ament_index/resource_index/packages/flexiv_msgs
[5.150s] -- Symlinking: /home/casey/flexiv_ros2_ws/install/flexiv_msgs/share/flexiv_msgs/cmake/rosidl_cmake-extras.cmake
[5.158s] -- Symlinking: /home/casey/flexiv_ros2_ws/install/flexiv_msgs/share/flexiv_msgs/cmake/ament_cmake_export_dependencies-extras.cmake
[5.166s] -- Symlinking: /home/casey/flexiv_ros2_ws/install/flexiv_msgs/share/flexiv_msgs/cmake/ament_cmake_export_include_directories-extras.cmake
[5.174s] -- Symlinking: /home/casey/flexiv_ros2_ws/install/flexiv_msgs/share/flexiv_msgs/cmake/ament_cmake_export_libraries-extras.cmake
[5.183s] -- Symlinking: /home/casey/flexiv_ros2_ws/install/flexiv_msgs/share/flexiv_msgs/cmake/ament_cmake_export_targets-extras.cmake
[5.190s] -- Symlinking: /home/casey/flexiv_ros2_ws/install/flexiv_msgs/share/flexiv_msgs/cmake/rosidl_cmake_export_typesupport_targets-extras.cmake
[5.197s] -- Symlinking: /home/casey/flexiv_ros2_ws/install/flexiv_msgs/share/flexiv_msgs/cmake/rosidl_cmake_export_typesupport_libraries-extras.cmake
[5.204s] -- Symlinking: /home/casey/flexiv_ros2_ws/install/flexiv_msgs/share/flexiv_msgs/cmake/flexiv_msgsConfig.cmake
[5.211s] -- Symlinking: /home/casey/flexiv_ros2_ws/install/flexiv_msgs/share/flexiv_msgs/cmake/flexiv_msgsConfig-version.cmake
[5.218s] -- Symlinking: /home/casey/flexiv_ros2_ws/install/flexiv_msgs/share/flexiv_msgs/package.xml
[5.224s] -- Installing: /home/casey/flexiv_ros2_ws/install/flexiv_msgs/lib/libflexiv_msgs__rosidl_generator_c.so
[5.225s] -- Set runtime path of "/home/casey/flexiv_ros2_ws/install/flexiv_msgs/lib/libflexiv_msgs__rosidl_generator_c.so" to ""
[5.225s] -- Installing: /home/casey/flexiv_ros2_ws/install/flexiv_msgs/lib/libflexiv_msgs__rosidl_typesupport_fastrtps_c.so
[5.225s] -- Set runtime path of "/home/casey/flexiv_ros2_ws/install/flexiv_msgs/lib/libflexiv_msgs__rosidl_typesupport_fastrtps_c.so" to ""
[5.225s] -- Installing: /home/casey/flexiv_ros2_ws/install/flexiv_msgs/lib/libflexiv_msgs__rosidl_typesupport_introspection_c.so
[5.225s] -- Set runtime path of "/home/casey/flexiv_ros2_ws/install/flexiv_msgs/lib/libflexiv_msgs__rosidl_typesupport_introspection_c.so" to ""
[5.226s] -- Installing: /home/casey/flexiv_ros2_ws/install/flexiv_msgs/lib/libflexiv_msgs__rosidl_typesupport_c.so
[5.226s] -- Set runtime path of "/home/casey/flexiv_ros2_ws/install/flexiv_msgs/lib/libflexiv_msgs__rosidl_typesupport_c.so" to ""
[5.226s] -- Installing: /home/casey/flexiv_ros2_ws/install/flexiv_msgs/lib/libflexiv_msgs__rosidl_typesupport_fastrtps_cpp.so
[5.226s] -- Set runtime path of "/home/casey/flexiv_ros2_ws/install/flexiv_msgs/lib/libflexiv_msgs__rosidl_typesupport_fastrtps_cpp.so" to ""
[5.226s] -- Installing: /home/casey/flexiv_ros2_ws/install/flexiv_msgs/lib/libflexiv_msgs__rosidl_typesupport_introspection_cpp.so
[5.226s] -- Set runtime path of "/home/casey/flexiv_ros2_ws/install/flexiv_msgs/lib/libflexiv_msgs__rosidl_typesupport_introspection_cpp.so" to ""
[5.226s] -- Installing: /home/casey/flexiv_ros2_ws/install/flexiv_msgs/lib/libflexiv_msgs__rosidl_typesupport_cpp.so
[5.227s] -- Set runtime path of "/home/casey/flexiv_ros2_ws/install/flexiv_msgs/lib/libflexiv_msgs__rosidl_typesupport_cpp.so" to ""
[5.256s] Listing '/home/casey/flexiv_ros2_ws/install/flexiv_msgs/local/lib/python3.10/dist-packages/flexiv_msgs'...
[5.256s] Compiling '/home/casey/flexiv_ros2_ws/install/flexiv_msgs/local/lib/python3.10/dist-packages/flexiv_msgs/__init__.py'...
[5.256s] Listing '/home/casey/flexiv_ros2_ws/install/flexiv_msgs/local/lib/python3.10/dist-packages/flexiv_msgs/msg'...
[5.256s] Compiling '/home/casey/flexiv_ros2_ws/install/flexiv_msgs/local/lib/python3.10/dist-packages/flexiv_msgs/msg/__init__.py'...
[5.256s] Compiling '/home/casey/flexiv_ros2_ws/install/flexiv_msgs/local/lib/python3.10/dist-packages/flexiv_msgs/msg/_digital.py'...
[5.256s] Compiling '/home/casey/flexiv_ros2_ws/install/flexiv_msgs/local/lib/python3.10/dist-packages/flexiv_msgs/msg/_gpio_states.py'...
[5.256s] Compiling '/home/casey/flexiv_ros2_ws/install/flexiv_msgs/local/lib/python3.10/dist-packages/flexiv_msgs/msg/_joint_pos_vel.py'...
[5.256s] Compiling '/home/casey/flexiv_ros2_ws/install/flexiv_msgs/local/lib/python3.10/dist-packages/flexiv_msgs/msg/_mode.py'...
[5.256s] Compiling '/home/casey/flexiv_ros2_ws/install/flexiv_msgs/local/lib/python3.10/dist-packages/flexiv_msgs/msg/_robot_states.py'...
[5.260s] -- Installing: /home/casey/flexiv_ros2_ws/install/flexiv_msgs/lib/libflexiv_msgs__rosidl_generator_py.so
[5.260s] -- Set runtime path of "/home/casey/flexiv_ros2_ws/install/flexiv_msgs/lib/libflexiv_msgs__rosidl_generator_py.so" to ""
[5.260s] -- Installing: /home/casey/flexiv_ros2_ws/install/flexiv_msgs/share/flexiv_msgs/cmake/export_flexiv_msgs__rosidl_generator_cExport.cmake
[5.260s] -- Installing: /home/casey/flexiv_ros2_ws/install/flexiv_msgs/share/flexiv_msgs/cmake/export_flexiv_msgs__rosidl_generator_cExport-noconfig.cmake
[5.261s] -- Installing: /home/casey/flexiv_ros2_ws/install/flexiv_msgs/share/flexiv_msgs/cmake/export_flexiv_msgs__rosidl_typesupport_fastrtps_cExport.cmake
[5.261s] -- Installing: /home/casey/flexiv_ros2_ws/install/flexiv_msgs/share/flexiv_msgs/cmake/export_flexiv_msgs__rosidl_typesupport_fastrtps_cExport-noconfig.cmake
[5.261s] -- Installing: /home/casey/flexiv_ros2_ws/install/flexiv_msgs/share/flexiv_msgs/cmake/flexiv_msgs__rosidl_typesupport_introspection_cExport.cmake
[5.261s] -- Installing: /home/casey/flexiv_ros2_ws/install/flexiv_msgs/share/flexiv_msgs/cmake/flexiv_msgs__rosidl_typesupport_introspection_cExport-noconfig.cmake
[5.261s] -- Installing: /home/casey/flexiv_ros2_ws/install/flexiv_msgs/share/flexiv_msgs/cmake/flexiv_msgs__rosidl_typesupport_cExport.cmake
[5.261s] -- Installing: /home/casey/flexiv_ros2_ws/install/flexiv_msgs/share/flexiv_msgs/cmake/flexiv_msgs__rosidl_typesupport_cExport-noconfig.cmake
[5.261s] -- Installing: /home/casey/flexiv_ros2_ws/install/flexiv_msgs/share/flexiv_msgs/cmake/export_flexiv_msgs__rosidl_generator_cppExport.cmake
[5.261s] -- Installing: /home/casey/flexiv_ros2_ws/install/flexiv_msgs/share/flexiv_msgs/cmake/export_flexiv_msgs__rosidl_typesupport_fastrtps_cppExport.cmake
[5.261s] -- Installing: /home/casey/flexiv_ros2_ws/install/flexiv_msgs/share/flexiv_msgs/cmake/export_flexiv_msgs__rosidl_typesupport_fastrtps_cppExport-noconfig.cmake
[5.261s] -- Installing: /home/casey/flexiv_ros2_ws/install/flexiv_msgs/share/flexiv_msgs/cmake/flexiv_msgs__rosidl_typesupport_introspection_cppExport.cmake
[5.262s] -- Installing: /home/casey/flexiv_ros2_ws/install/flexiv_msgs/share/flexiv_msgs/cmake/flexiv_msgs__rosidl_typesupport_introspection_cppExport-noconfig.cmake
[5.262s] -- Installing: /home/casey/flexiv_ros2_ws/install/flexiv_msgs/share/flexiv_msgs/cmake/flexiv_msgs__rosidl_typesupport_cppExport.cmake
[5.262s] -- Installing: /home/casey/flexiv_ros2_ws/install/flexiv_msgs/share/flexiv_msgs/cmake/flexiv_msgs__rosidl_typesupport_cppExport-noconfig.cmake
[5.262s] -- Installing: /home/casey/flexiv_ros2_ws/install/flexiv_msgs/share/flexiv_msgs/cmake/export_flexiv_msgs__rosidl_generator_pyExport.cmake
[5.262s] -- Installing: /home/casey/flexiv_ros2_ws/install/flexiv_msgs/share/flexiv_msgs/cmake/export_flexiv_msgs__rosidl_generator_pyExport-noconfig.cmake
[5.265s] Invoked command in '/home/casey/flexiv_ros2_ws/build/flexiv_msgs' returned '0': CMAKE_PREFIX_PATH=/opt/ros/humble /usr/bin/cmake --install /home/casey/flexiv_ros2_ws/build/flexiv_msgs
