[0.021s] Invoking command in '/home/casey/flexiv_ros2_ws/build/flexiv_msgs': CMAKE_PREFIX_PATH=${CMAKE_PREFIX_PATH}:/home/casey/flexiv_ros2_ws/install/flexiv_test_nodes:/opt/ros/humble /usr/bin/cmake --build /home/casey/flexiv_ros2_ws/build/flexiv_msgs -- -j16 -l16
[0.211s] [  1%] Built target flexiv_msgs__cpp
[0.212s] [ 12%] Built target flexiv_msgs__rosidl_generator_c
[0.212s] [ 12%] Built target ament_cmake_python_symlink_flexiv_msgs
[0.212s] [ 79%] Built target flexiv_msgs__rosidl_typesupport_introspection_c
[0.212s] [ 79%] Built target flexiv_msgs__rosidl_typesupport_introspection_cpp
[0.212s] [ 79%] Built target flexiv_msgs__rosidl_typesupport_cpp
[0.212s] [ 79%] Built target flexiv_msgs__rosidl_typesupport_fastrtps_c
[0.212s] [ 79%] Built target flexiv_msgs__rosidl_typesupport_fastrtps_cpp
[0.212s] [ 79%] Built target flexiv_msgs__rosidl_typesupport_c
[0.212s] [ 79%] Built target flexiv_msgs
[0.212s] [ 80%] Built target flexiv_msgs__py
[0.213s] [ 90%] Built target flexiv_msgs__rosidl_generator_py
[0.213s] [100%] Built target flexiv_msgs__rosidl_typesupport_introspection_c__pyext
[0.213s] [100%] Built target flexiv_msgs__rosidl_typesupport_c__pyext
[0.213s] [100%] Built target flexiv_msgs__rosidl_typesupport_fastrtps_c__pyext
[0.235s] running egg_info
[0.245s] writing flexiv_msgs.egg-info/PKG-INFO
[0.245s] writing dependency_links to flexiv_msgs.egg-info/dependency_links.txt
[0.245s] writing top-level names to flexiv_msgs.egg-info/top_level.txt
[0.273s] reading manifest file 'flexiv_msgs.egg-info/SOURCES.txt'
[0.274s] writing manifest file 'flexiv_msgs.egg-info/SOURCES.txt'
[0.338s] [100%] Built target ament_cmake_python_build_flexiv_msgs_egg
[0.353s] Invoked command in '/home/casey/flexiv_ros2_ws/build/flexiv_msgs' returned '0': CMAKE_PREFIX_PATH=${CMAKE_PREFIX_PATH}:/home/casey/flexiv_ros2_ws/install/flexiv_test_nodes:/opt/ros/humble /usr/bin/cmake --build /home/casey/flexiv_ros2_ws/build/flexiv_msgs -- -j16 -l16
[0.559s] Invoking command in '/home/casey/flexiv_ros2_ws/build/flexiv_msgs': CMAKE_PREFIX_PATH=${CMAKE_PREFIX_PATH}:/home/casey/flexiv_ros2_ws/install/flexiv_test_nodes:/opt/ros/humble /usr/bin/cmake --install /home/casey/flexiv_ros2_ws/build/flexiv_msgs
[0.568s] -- Install configuration: ""
[0.568s] -- Execute custom install script
[0.569s] -- Up-to-date symlink: /home/casey/flexiv_ros2_ws/install/flexiv_msgs/share/ament_index/resource_index/rosidl_interfaces/flexiv_msgs
[0.569s] -- Up-to-date symlink: /home/casey/flexiv_ros2_ws/install/flexiv_msgs/include/flexiv_msgs/flexiv_msgs/msg/detail/digital__functions.h
[0.569s] -- Up-to-date symlink: /home/casey/flexiv_ros2_ws/install/flexiv_msgs/include/flexiv_msgs/flexiv_msgs/msg/detail/digital__struct.h
[0.569s] -- Up-to-date symlink: /home/casey/flexiv_ros2_ws/install/flexiv_msgs/include/flexiv_msgs/flexiv_msgs/msg/detail/digital__type_support.h
[0.569s] -- Up-to-date symlink: /home/casey/flexiv_ros2_ws/install/flexiv_msgs/include/flexiv_msgs/flexiv_msgs/msg/detail/gpio_states__functions.h
[0.569s] -- Up-to-date symlink: /home/casey/flexiv_ros2_ws/install/flexiv_msgs/include/flexiv_msgs/flexiv_msgs/msg/detail/gpio_states__struct.h
[0.569s] -- Up-to-date symlink: /home/casey/flexiv_ros2_ws/install/flexiv_msgs/include/flexiv_msgs/flexiv_msgs/msg/detail/gpio_states__type_support.h
[0.569s] -- Up-to-date symlink: /home/casey/flexiv_ros2_ws/install/flexiv_msgs/include/flexiv_msgs/flexiv_msgs/msg/detail/joint_pos_vel__functions.h
[0.570s] -- Up-to-date symlink: /home/casey/flexiv_ros2_ws/install/flexiv_msgs/include/flexiv_msgs/flexiv_msgs/msg/detail/joint_pos_vel__struct.h
[0.570s] -- Up-to-date symlink: /home/casey/flexiv_ros2_ws/install/flexiv_msgs/include/flexiv_msgs/flexiv_msgs/msg/detail/joint_pos_vel__type_support.h
[0.570s] -- Up-to-date symlink: /home/casey/flexiv_ros2_ws/install/flexiv_msgs/include/flexiv_msgs/flexiv_msgs/msg/detail/mode__functions.h
[0.570s] -- Up-to-date symlink: /home/casey/flexiv_ros2_ws/install/flexiv_msgs/include/flexiv_msgs/flexiv_msgs/msg/detail/mode__struct.h
[0.570s] -- Up-to-date symlink: /home/casey/flexiv_ros2_ws/install/flexiv_msgs/include/flexiv_msgs/flexiv_msgs/msg/detail/mode__type_support.h
[0.570s] -- Up-to-date symlink: /home/casey/flexiv_ros2_ws/install/flexiv_msgs/include/flexiv_msgs/flexiv_msgs/msg/detail/robot_states__functions.h
[0.570s] -- Up-to-date symlink: /home/casey/flexiv_ros2_ws/install/flexiv_msgs/include/flexiv_msgs/flexiv_msgs/msg/detail/robot_states__struct.h
[0.570s] -- Up-to-date symlink: /home/casey/flexiv_ros2_ws/install/flexiv_msgs/include/flexiv_msgs/flexiv_msgs/msg/detail/robot_states__type_support.h
[0.570s] -- Up-to-date symlink: /home/casey/flexiv_ros2_ws/install/flexiv_msgs/include/flexiv_msgs/flexiv_msgs/msg/digital.h
[0.570s] -- Up-to-date symlink: /home/casey/flexiv_ros2_ws/install/flexiv_msgs/include/flexiv_msgs/flexiv_msgs/msg/gpio_states.h
[0.570s] -- Up-to-date symlink: /home/casey/flexiv_ros2_ws/install/flexiv_msgs/include/flexiv_msgs/flexiv_msgs/msg/joint_pos_vel.h
[0.570s] -- Up-to-date symlink: /home/casey/flexiv_ros2_ws/install/flexiv_msgs/include/flexiv_msgs/flexiv_msgs/msg/mode.h
[0.570s] -- Up-to-date symlink: /home/casey/flexiv_ros2_ws/install/flexiv_msgs/include/flexiv_msgs/flexiv_msgs/msg/robot_states.h
[0.570s] -- Up-to-date symlink: /home/casey/flexiv_ros2_ws/install/flexiv_msgs/include/flexiv_msgs/flexiv_msgs/msg/rosidl_generator_c__visibility_control.h
[0.570s] -- Up-to-date symlink: /home/casey/flexiv_ros2_ws/install/flexiv_msgs/share/flexiv_msgs/environment/library_path.sh
[0.570s] -- Up-to-date symlink: /home/casey/flexiv_ros2_ws/install/flexiv_msgs/share/flexiv_msgs/environment/library_path.dsv
[0.571s] -- Up-to-date symlink: /home/casey/flexiv_ros2_ws/install/flexiv_msgs/include/flexiv_msgs/flexiv_msgs/msg/detail/digital__rosidl_typesupport_fastrtps_c.h
[0.571s] -- Up-to-date symlink: /home/casey/flexiv_ros2_ws/install/flexiv_msgs/include/flexiv_msgs/flexiv_msgs/msg/detail/gpio_states__rosidl_typesupport_fastrtps_c.h
[0.571s] -- Up-to-date symlink: /home/casey/flexiv_ros2_ws/install/flexiv_msgs/include/flexiv_msgs/flexiv_msgs/msg/detail/joint_pos_vel__rosidl_typesupport_fastrtps_c.h
[0.571s] -- Up-to-date symlink: /home/casey/flexiv_ros2_ws/install/flexiv_msgs/include/flexiv_msgs/flexiv_msgs/msg/detail/mode__rosidl_typesupport_fastrtps_c.h
[0.571s] -- Up-to-date symlink: /home/casey/flexiv_ros2_ws/install/flexiv_msgs/include/flexiv_msgs/flexiv_msgs/msg/detail/robot_states__rosidl_typesupport_fastrtps_c.h
[0.571s] -- Up-to-date symlink: /home/casey/flexiv_ros2_ws/install/flexiv_msgs/include/flexiv_msgs/flexiv_msgs/msg/rosidl_typesupport_fastrtps_c__visibility_control.h
[0.571s] -- Up-to-date symlink: /home/casey/flexiv_ros2_ws/install/flexiv_msgs/include/flexiv_msgs/flexiv_msgs/msg/detail/digital__rosidl_typesupport_introspection_c.h
[0.571s] -- Up-to-date symlink: /home/casey/flexiv_ros2_ws/install/flexiv_msgs/include/flexiv_msgs/flexiv_msgs/msg/detail/gpio_states__rosidl_typesupport_introspection_c.h
[0.571s] -- Up-to-date symlink: /home/casey/flexiv_ros2_ws/install/flexiv_msgs/include/flexiv_msgs/flexiv_msgs/msg/detail/joint_pos_vel__rosidl_typesupport_introspection_c.h
[0.571s] -- Up-to-date symlink: /home/casey/flexiv_ros2_ws/install/flexiv_msgs/include/flexiv_msgs/flexiv_msgs/msg/detail/mode__rosidl_typesupport_introspection_c.h
[0.571s] -- Up-to-date symlink: /home/casey/flexiv_ros2_ws/install/flexiv_msgs/include/flexiv_msgs/flexiv_msgs/msg/detail/robot_states__rosidl_typesupport_introspection_c.h
[0.572s] -- Up-to-date symlink: /home/casey/flexiv_ros2_ws/install/flexiv_msgs/include/flexiv_msgs/flexiv_msgs/msg/rosidl_typesupport_introspection_c__visibility_control.h
[0.572s] -- Up-to-date symlink: /home/casey/flexiv_ros2_ws/install/flexiv_msgs/include/flexiv_msgs/flexiv_msgs/msg/detail/digital__builder.hpp
[0.572s] -- Up-to-date symlink: /home/casey/flexiv_ros2_ws/install/flexiv_msgs/include/flexiv_msgs/flexiv_msgs/msg/detail/digital__struct.hpp
[0.572s] -- Up-to-date symlink: /home/casey/flexiv_ros2_ws/install/flexiv_msgs/include/flexiv_msgs/flexiv_msgs/msg/detail/digital__traits.hpp
[0.572s] -- Up-to-date symlink: /home/casey/flexiv_ros2_ws/install/flexiv_msgs/include/flexiv_msgs/flexiv_msgs/msg/detail/gpio_states__builder.hpp
[0.572s] -- Up-to-date symlink: /home/casey/flexiv_ros2_ws/install/flexiv_msgs/include/flexiv_msgs/flexiv_msgs/msg/detail/gpio_states__struct.hpp
[0.572s] -- Up-to-date symlink: /home/casey/flexiv_ros2_ws/install/flexiv_msgs/include/flexiv_msgs/flexiv_msgs/msg/detail/gpio_states__traits.hpp
[0.572s] -- Up-to-date symlink: /home/casey/flexiv_ros2_ws/install/flexiv_msgs/include/flexiv_msgs/flexiv_msgs/msg/detail/joint_pos_vel__builder.hpp
[0.572s] -- Up-to-date symlink: /home/casey/flexiv_ros2_ws/install/flexiv_msgs/include/flexiv_msgs/flexiv_msgs/msg/detail/joint_pos_vel__struct.hpp
[0.572s] -- Up-to-date symlink: /home/casey/flexiv_ros2_ws/install/flexiv_msgs/include/flexiv_msgs/flexiv_msgs/msg/detail/joint_pos_vel__traits.hpp
[0.572s] -- Up-to-date symlink: /home/casey/flexiv_ros2_ws/install/flexiv_msgs/include/flexiv_msgs/flexiv_msgs/msg/detail/mode__builder.hpp
[0.573s] -- Up-to-date symlink: /home/casey/flexiv_ros2_ws/install/flexiv_msgs/include/flexiv_msgs/flexiv_msgs/msg/detail/mode__struct.hpp
[0.573s] -- Up-to-date symlink: /home/casey/flexiv_ros2_ws/install/flexiv_msgs/include/flexiv_msgs/flexiv_msgs/msg/detail/mode__traits.hpp
[0.573s] -- Up-to-date symlink: /home/casey/flexiv_ros2_ws/install/flexiv_msgs/include/flexiv_msgs/flexiv_msgs/msg/detail/robot_states__builder.hpp
[0.573s] -- Up-to-date symlink: /home/casey/flexiv_ros2_ws/install/flexiv_msgs/include/flexiv_msgs/flexiv_msgs/msg/detail/robot_states__struct.hpp
[0.573s] -- Up-to-date symlink: /home/casey/flexiv_ros2_ws/install/flexiv_msgs/include/flexiv_msgs/flexiv_msgs/msg/detail/robot_states__traits.hpp
[0.573s] -- Up-to-date symlink: /home/casey/flexiv_ros2_ws/install/flexiv_msgs/include/flexiv_msgs/flexiv_msgs/msg/digital.hpp
[0.573s] -- Up-to-date symlink: /home/casey/flexiv_ros2_ws/install/flexiv_msgs/include/flexiv_msgs/flexiv_msgs/msg/gpio_states.hpp
[0.573s] -- Up-to-date symlink: /home/casey/flexiv_ros2_ws/install/flexiv_msgs/include/flexiv_msgs/flexiv_msgs/msg/joint_pos_vel.hpp
[0.573s] -- Up-to-date symlink: /home/casey/flexiv_ros2_ws/install/flexiv_msgs/include/flexiv_msgs/flexiv_msgs/msg/mode.hpp
[0.573s] -- Up-to-date symlink: /home/casey/flexiv_ros2_ws/install/flexiv_msgs/include/flexiv_msgs/flexiv_msgs/msg/robot_states.hpp
[0.573s] -- Up-to-date symlink: /home/casey/flexiv_ros2_ws/install/flexiv_msgs/include/flexiv_msgs/flexiv_msgs/msg/detail/digital__rosidl_typesupport_fastrtps_cpp.hpp
[0.573s] -- Up-to-date symlink: /home/casey/flexiv_ros2_ws/install/flexiv_msgs/include/flexiv_msgs/flexiv_msgs/msg/detail/gpio_states__rosidl_typesupport_fastrtps_cpp.hpp
[0.574s] -- Up-to-date symlink: /home/casey/flexiv_ros2_ws/install/flexiv_msgs/include/flexiv_msgs/flexiv_msgs/msg/detail/joint_pos_vel__rosidl_typesupport_fastrtps_cpp.hpp
[0.574s] -- Up-to-date symlink: /home/casey/flexiv_ros2_ws/install/flexiv_msgs/include/flexiv_msgs/flexiv_msgs/msg/detail/mode__rosidl_typesupport_fastrtps_cpp.hpp
[0.574s] -- Up-to-date symlink: /home/casey/flexiv_ros2_ws/install/flexiv_msgs/include/flexiv_msgs/flexiv_msgs/msg/detail/robot_states__rosidl_typesupport_fastrtps_cpp.hpp
[0.574s] -- Up-to-date symlink: /home/casey/flexiv_ros2_ws/install/flexiv_msgs/include/flexiv_msgs/flexiv_msgs/msg/rosidl_typesupport_fastrtps_cpp__visibility_control.h
[0.574s] -- Up-to-date symlink: /home/casey/flexiv_ros2_ws/install/flexiv_msgs/include/flexiv_msgs/flexiv_msgs/msg/detail/digital__rosidl_typesupport_introspection_cpp.hpp
[0.574s] -- Up-to-date symlink: /home/casey/flexiv_ros2_ws/install/flexiv_msgs/include/flexiv_msgs/flexiv_msgs/msg/detail/gpio_states__rosidl_typesupport_introspection_cpp.hpp
[0.574s] -- Up-to-date symlink: /home/casey/flexiv_ros2_ws/install/flexiv_msgs/include/flexiv_msgs/flexiv_msgs/msg/detail/joint_pos_vel__rosidl_typesupport_introspection_cpp.hpp
[0.574s] -- Up-to-date symlink: /home/casey/flexiv_ros2_ws/install/flexiv_msgs/include/flexiv_msgs/flexiv_msgs/msg/detail/mode__rosidl_typesupport_introspection_cpp.hpp
[0.574s] -- Up-to-date symlink: /home/casey/flexiv_ros2_ws/install/flexiv_msgs/include/flexiv_msgs/flexiv_msgs/msg/detail/robot_states__rosidl_typesupport_introspection_cpp.hpp
[0.574s] -- Up-to-date symlink: /home/casey/flexiv_ros2_ws/install/flexiv_msgs/share/flexiv_msgs/environment/pythonpath.sh
[0.574s] -- Up-to-date symlink: /home/casey/flexiv_ros2_ws/install/flexiv_msgs/share/flexiv_msgs/environment/pythonpath.dsv
[0.575s] -- Up-to-date symlink: /home/casey/flexiv_ros2_ws/install/flexiv_msgs/local/lib/python3.10/dist-packages/flexiv_msgs-0.10.0-py3.10.egg-info/PKG-INFO
[0.575s] -- Up-to-date symlink: /home/casey/flexiv_ros2_ws/install/flexiv_msgs/local/lib/python3.10/dist-packages/flexiv_msgs-0.10.0-py3.10.egg-info/SOURCES.txt
[0.575s] -- Up-to-date symlink: /home/casey/flexiv_ros2_ws/install/flexiv_msgs/local/lib/python3.10/dist-packages/flexiv_msgs-0.10.0-py3.10.egg-info/dependency_links.txt
[0.575s] -- Up-to-date symlink: /home/casey/flexiv_ros2_ws/install/flexiv_msgs/local/lib/python3.10/dist-packages/flexiv_msgs-0.10.0-py3.10.egg-info/top_level.txt
[0.575s] -- Up-to-date symlink: /home/casey/flexiv_ros2_ws/install/flexiv_msgs/local/lib/python3.10/dist-packages/flexiv_msgs/__init__.py
[0.575s] -- Up-to-date symlink: /home/casey/flexiv_ros2_ws/install/flexiv_msgs/local/lib/python3.10/dist-packages/flexiv_msgs/_flexiv_msgs_s.ep.rosidl_typesupport_c.c
[0.575s] -- Up-to-date symlink: /home/casey/flexiv_ros2_ws/install/flexiv_msgs/local/lib/python3.10/dist-packages/flexiv_msgs/_flexiv_msgs_s.ep.rosidl_typesupport_fastrtps_c.c
[0.575s] -- Up-to-date symlink: /home/casey/flexiv_ros2_ws/install/flexiv_msgs/local/lib/python3.10/dist-packages/flexiv_msgs/_flexiv_msgs_s.ep.rosidl_typesupport_introspection_c.c
[0.575s] -- Up-to-date symlink: /home/casey/flexiv_ros2_ws/install/flexiv_msgs/local/lib/python3.10/dist-packages/flexiv_msgs/flexiv_msgs_s__rosidl_typesupport_c.cpython-310-x86_64-linux-gnu.so
[0.575s] -- Up-to-date symlink: /home/casey/flexiv_ros2_ws/install/flexiv_msgs/local/lib/python3.10/dist-packages/flexiv_msgs/flexiv_msgs_s__rosidl_typesupport_fastrtps_c.cpython-310-x86_64-linux-gnu.so
[0.575s] -- Up-to-date symlink: /home/casey/flexiv_ros2_ws/install/flexiv_msgs/local/lib/python3.10/dist-packages/flexiv_msgs/flexiv_msgs_s__rosidl_typesupport_introspection_c.cpython-310-x86_64-linux-gnu.so
[0.576s] -- Up-to-date symlink: /home/casey/flexiv_ros2_ws/install/flexiv_msgs/local/lib/python3.10/dist-packages/flexiv_msgs/libflexiv_msgs__rosidl_generator_py.so
[0.576s] -- Up-to-date symlink: /home/casey/flexiv_ros2_ws/install/flexiv_msgs/local/lib/python3.10/dist-packages/flexiv_msgs/msg/__init__.py
[0.576s] -- Up-to-date symlink: /home/casey/flexiv_ros2_ws/install/flexiv_msgs/local/lib/python3.10/dist-packages/flexiv_msgs/msg/_digital.py
[0.576s] -- Up-to-date symlink: /home/casey/flexiv_ros2_ws/install/flexiv_msgs/local/lib/python3.10/dist-packages/flexiv_msgs/msg/_digital_s.c
[0.576s] -- Up-to-date symlink: /home/casey/flexiv_ros2_ws/install/flexiv_msgs/local/lib/python3.10/dist-packages/flexiv_msgs/msg/_gpio_states.py
[0.576s] -- Up-to-date symlink: /home/casey/flexiv_ros2_ws/install/flexiv_msgs/local/lib/python3.10/dist-packages/flexiv_msgs/msg/_gpio_states_s.c
[0.576s] -- Up-to-date symlink: /home/casey/flexiv_ros2_ws/install/flexiv_msgs/local/lib/python3.10/dist-packages/flexiv_msgs/msg/_joint_pos_vel.py
[0.576s] -- Up-to-date symlink: /home/casey/flexiv_ros2_ws/install/flexiv_msgs/local/lib/python3.10/dist-packages/flexiv_msgs/msg/_joint_pos_vel_s.c
[0.576s] -- Up-to-date symlink: /home/casey/flexiv_ros2_ws/install/flexiv_msgs/local/lib/python3.10/dist-packages/flexiv_msgs/msg/_mode.py
[0.576s] -- Up-to-date symlink: /home/casey/flexiv_ros2_ws/install/flexiv_msgs/local/lib/python3.10/dist-packages/flexiv_msgs/msg/_mode_s.c
[0.576s] -- Up-to-date symlink: /home/casey/flexiv_ros2_ws/install/flexiv_msgs/local/lib/python3.10/dist-packages/flexiv_msgs/msg/_robot_states.py
[0.576s] -- Up-to-date symlink: /home/casey/flexiv_ros2_ws/install/flexiv_msgs/local/lib/python3.10/dist-packages/flexiv_msgs/msg/_robot_states_s.c
[0.576s] -- Up-to-date symlink: /home/casey/flexiv_ros2_ws/install/flexiv_msgs/local/lib/python3.10/dist-packages/flexiv_msgs/flexiv_msgs_s__rosidl_typesupport_fastrtps_c.cpython-310-x86_64-linux-gnu.so
[0.577s] -- Up-to-date symlink: /home/casey/flexiv_ros2_ws/install/flexiv_msgs/local/lib/python3.10/dist-packages/flexiv_msgs/flexiv_msgs_s__rosidl_typesupport_introspection_c.cpython-310-x86_64-linux-gnu.so
[0.577s] -- Up-to-date symlink: /home/casey/flexiv_ros2_ws/install/flexiv_msgs/local/lib/python3.10/dist-packages/flexiv_msgs/flexiv_msgs_s__rosidl_typesupport_c.cpython-310-x86_64-linux-gnu.so
[0.577s] -- Up-to-date symlink: /home/casey/flexiv_ros2_ws/install/flexiv_msgs/share/flexiv_msgs/msg/Digital.idl
[0.577s] -- Up-to-date symlink: /home/casey/flexiv_ros2_ws/install/flexiv_msgs/share/flexiv_msgs/msg/GPIOStates.idl
[0.577s] -- Up-to-date symlink: /home/casey/flexiv_ros2_ws/install/flexiv_msgs/share/flexiv_msgs/msg/JointPosVel.idl
[0.577s] -- Up-to-date symlink: /home/casey/flexiv_ros2_ws/install/flexiv_msgs/share/flexiv_msgs/msg/Mode.idl
[0.577s] -- Up-to-date symlink: /home/casey/flexiv_ros2_ws/install/flexiv_msgs/share/flexiv_msgs/msg/RobotStates.idl
[0.577s] -- Up-to-date symlink: /home/casey/flexiv_ros2_ws/install/flexiv_msgs/share/flexiv_msgs/msg/Digital.msg
[0.577s] -- Up-to-date symlink: /home/casey/flexiv_ros2_ws/install/flexiv_msgs/share/flexiv_msgs/msg/GPIOStates.msg
[0.577s] -- Up-to-date symlink: /home/casey/flexiv_ros2_ws/install/flexiv_msgs/share/flexiv_msgs/msg/JointPosVel.msg
[0.577s] -- Up-to-date symlink: /home/casey/flexiv_ros2_ws/install/flexiv_msgs/share/flexiv_msgs/msg/Mode.msg
[0.577s] -- Up-to-date symlink: /home/casey/flexiv_ros2_ws/install/flexiv_msgs/share/flexiv_msgs/msg/RobotStates.msg
[0.578s] -- Up-to-date symlink: /home/casey/flexiv_ros2_ws/install/flexiv_msgs/share/ament_index/resource_index/package_run_dependencies/flexiv_msgs
[0.578s] -- Up-to-date symlink: /home/casey/flexiv_ros2_ws/install/flexiv_msgs/share/ament_index/resource_index/parent_prefix_path/flexiv_msgs
[0.578s] -- Up-to-date symlink: /home/casey/flexiv_ros2_ws/install/flexiv_msgs/share/flexiv_msgs/environment/ament_prefix_path.sh
[0.578s] -- Up-to-date symlink: /home/casey/flexiv_ros2_ws/install/flexiv_msgs/share/flexiv_msgs/environment/ament_prefix_path.dsv
[0.578s] -- Up-to-date symlink: /home/casey/flexiv_ros2_ws/install/flexiv_msgs/share/flexiv_msgs/environment/path.sh
[0.578s] -- Up-to-date symlink: /home/casey/flexiv_ros2_ws/install/flexiv_msgs/share/flexiv_msgs/environment/path.dsv
[0.578s] -- Up-to-date symlink: /home/casey/flexiv_ros2_ws/install/flexiv_msgs/share/flexiv_msgs/local_setup.bash
[0.578s] -- Up-to-date symlink: /home/casey/flexiv_ros2_ws/install/flexiv_msgs/share/flexiv_msgs/local_setup.sh
[0.578s] -- Up-to-date symlink: /home/casey/flexiv_ros2_ws/install/flexiv_msgs/share/flexiv_msgs/local_setup.zsh
[0.578s] -- Up-to-date symlink: /home/casey/flexiv_ros2_ws/install/flexiv_msgs/share/flexiv_msgs/local_setup.dsv
[0.578s] -- Symlinking: /home/casey/flexiv_ros2_ws/install/flexiv_msgs/share/flexiv_msgs/package.dsv
[0.590s] -- Up-to-date symlink: /home/casey/flexiv_ros2_ws/install/flexiv_msgs/share/ament_index/resource_index/packages/flexiv_msgs
[0.590s] -- Up-to-date symlink: /home/casey/flexiv_ros2_ws/install/flexiv_msgs/share/flexiv_msgs/cmake/rosidl_cmake-extras.cmake
[0.590s] -- Up-to-date symlink: /home/casey/flexiv_ros2_ws/install/flexiv_msgs/share/flexiv_msgs/cmake/ament_cmake_export_dependencies-extras.cmake
[0.590s] -- Up-to-date symlink: /home/casey/flexiv_ros2_ws/install/flexiv_msgs/share/flexiv_msgs/cmake/ament_cmake_export_include_directories-extras.cmake
[0.590s] -- Up-to-date symlink: /home/casey/flexiv_ros2_ws/install/flexiv_msgs/share/flexiv_msgs/cmake/ament_cmake_export_libraries-extras.cmake
[0.590s] -- Up-to-date symlink: /home/casey/flexiv_ros2_ws/install/flexiv_msgs/share/flexiv_msgs/cmake/ament_cmake_export_targets-extras.cmake
[0.590s] -- Up-to-date symlink: /home/casey/flexiv_ros2_ws/install/flexiv_msgs/share/flexiv_msgs/cmake/rosidl_cmake_export_typesupport_targets-extras.cmake
[0.590s] -- Up-to-date symlink: /home/casey/flexiv_ros2_ws/install/flexiv_msgs/share/flexiv_msgs/cmake/rosidl_cmake_export_typesupport_libraries-extras.cmake
[0.590s] -- Up-to-date symlink: /home/casey/flexiv_ros2_ws/install/flexiv_msgs/share/flexiv_msgs/cmake/flexiv_msgsConfig.cmake
[0.590s] -- Up-to-date symlink: /home/casey/flexiv_ros2_ws/install/flexiv_msgs/share/flexiv_msgs/cmake/flexiv_msgsConfig-version.cmake
[0.590s] -- Up-to-date symlink: /home/casey/flexiv_ros2_ws/install/flexiv_msgs/share/flexiv_msgs/package.xml
[0.590s] -- Up-to-date: /home/casey/flexiv_ros2_ws/install/flexiv_msgs/lib/libflexiv_msgs__rosidl_generator_c.so
[0.591s] -- Up-to-date: /home/casey/flexiv_ros2_ws/install/flexiv_msgs/lib/libflexiv_msgs__rosidl_typesupport_fastrtps_c.so
[0.591s] -- Up-to-date: /home/casey/flexiv_ros2_ws/install/flexiv_msgs/lib/libflexiv_msgs__rosidl_typesupport_introspection_c.so
[0.591s] -- Up-to-date: /home/casey/flexiv_ros2_ws/install/flexiv_msgs/lib/libflexiv_msgs__rosidl_typesupport_c.so
[0.591s] -- Up-to-date: /home/casey/flexiv_ros2_ws/install/flexiv_msgs/lib/libflexiv_msgs__rosidl_typesupport_fastrtps_cpp.so
[0.591s] -- Up-to-date: /home/casey/flexiv_ros2_ws/install/flexiv_msgs/lib/libflexiv_msgs__rosidl_typesupport_introspection_cpp.so
[0.592s] -- Up-to-date: /home/casey/flexiv_ros2_ws/install/flexiv_msgs/lib/libflexiv_msgs__rosidl_typesupport_cpp.so
[0.613s] Listing '/home/casey/flexiv_ros2_ws/install/flexiv_msgs/local/lib/python3.10/dist-packages/flexiv_msgs'...
[0.613s] Listing '/home/casey/flexiv_ros2_ws/install/flexiv_msgs/local/lib/python3.10/dist-packages/flexiv_msgs/msg'...
[0.617s] -- Up-to-date: /home/casey/flexiv_ros2_ws/install/flexiv_msgs/lib/libflexiv_msgs__rosidl_generator_py.so
[0.617s] -- Up-to-date: /home/casey/flexiv_ros2_ws/install/flexiv_msgs/share/flexiv_msgs/cmake/export_flexiv_msgs__rosidl_generator_cExport.cmake
[0.617s] -- Up-to-date: /home/casey/flexiv_ros2_ws/install/flexiv_msgs/share/flexiv_msgs/cmake/export_flexiv_msgs__rosidl_generator_cExport-noconfig.cmake
[0.617s] -- Up-to-date: /home/casey/flexiv_ros2_ws/install/flexiv_msgs/share/flexiv_msgs/cmake/export_flexiv_msgs__rosidl_typesupport_fastrtps_cExport.cmake
[0.617s] -- Up-to-date: /home/casey/flexiv_ros2_ws/install/flexiv_msgs/share/flexiv_msgs/cmake/export_flexiv_msgs__rosidl_typesupport_fastrtps_cExport-noconfig.cmake
[0.617s] -- Up-to-date: /home/casey/flexiv_ros2_ws/install/flexiv_msgs/share/flexiv_msgs/cmake/flexiv_msgs__rosidl_typesupport_introspection_cExport.cmake
[0.617s] -- Up-to-date: /home/casey/flexiv_ros2_ws/install/flexiv_msgs/share/flexiv_msgs/cmake/flexiv_msgs__rosidl_typesupport_introspection_cExport-noconfig.cmake
[0.617s] -- Up-to-date: /home/casey/flexiv_ros2_ws/install/flexiv_msgs/share/flexiv_msgs/cmake/flexiv_msgs__rosidl_typesupport_cExport.cmake
[0.617s] -- Up-to-date: /home/casey/flexiv_ros2_ws/install/flexiv_msgs/share/flexiv_msgs/cmake/flexiv_msgs__rosidl_typesupport_cExport-noconfig.cmake
[0.617s] -- Up-to-date: /home/casey/flexiv_ros2_ws/install/flexiv_msgs/share/flexiv_msgs/cmake/export_flexiv_msgs__rosidl_generator_cppExport.cmake
[0.617s] -- Up-to-date: /home/casey/flexiv_ros2_ws/install/flexiv_msgs/share/flexiv_msgs/cmake/export_flexiv_msgs__rosidl_typesupport_fastrtps_cppExport.cmake
[0.618s] -- Up-to-date: /home/casey/flexiv_ros2_ws/install/flexiv_msgs/share/flexiv_msgs/cmake/export_flexiv_msgs__rosidl_typesupport_fastrtps_cppExport-noconfig.cmake
[0.618s] -- Up-to-date: /home/casey/flexiv_ros2_ws/install/flexiv_msgs/share/flexiv_msgs/cmake/flexiv_msgs__rosidl_typesupport_introspection_cppExport.cmake
[0.618s] -- Up-to-date: /home/casey/flexiv_ros2_ws/install/flexiv_msgs/share/flexiv_msgs/cmake/flexiv_msgs__rosidl_typesupport_introspection_cppExport-noconfig.cmake
[0.618s] -- Up-to-date: /home/casey/flexiv_ros2_ws/install/flexiv_msgs/share/flexiv_msgs/cmake/flexiv_msgs__rosidl_typesupport_cppExport.cmake
[0.618s] -- Up-to-date: /home/casey/flexiv_ros2_ws/install/flexiv_msgs/share/flexiv_msgs/cmake/flexiv_msgs__rosidl_typesupport_cppExport-noconfig.cmake
[0.618s] -- Up-to-date: /home/casey/flexiv_ros2_ws/install/flexiv_msgs/share/flexiv_msgs/cmake/export_flexiv_msgs__rosidl_generator_pyExport.cmake
[0.618s] -- Up-to-date: /home/casey/flexiv_ros2_ws/install/flexiv_msgs/share/flexiv_msgs/cmake/export_flexiv_msgs__rosidl_generator_pyExport-noconfig.cmake
[0.626s] Invoked command in '/home/casey/flexiv_ros2_ws/build/flexiv_msgs' returned '0': CMAKE_PREFIX_PATH=${CMAKE_PREFIX_PATH}:/home/casey/flexiv_ros2_ws/install/flexiv_test_nodes:/opt/ros/humble /usr/bin/cmake --install /home/casey/flexiv_ros2_ws/build/flexiv_msgs
