-- Install configuration: ""
-- Execute custom install script
-- Up-to-date symlink: /home/casey/flexiv_ros2_ws/install/flexiv_description/share/flexiv_description//config/initial_positions.yaml
-- Up-to-date symlink: /home/casey/flexiv_ros2_ws/install/flexiv_description/share/flexiv_description//launch/view_rizon.launch.py
-- Up-to-date symlink: /home/casey/flexiv_ros2_ws/install/flexiv_description/share/flexiv_description//meshes/rizon10/collision/link0.stl
-- Up-to-date symlink: /home/casey/flexiv_ros2_ws/install/flexiv_description/share/flexiv_description//meshes/rizon10/collision/link1.stl
-- Up-to-date symlink: /home/casey/flexiv_ros2_ws/install/flexiv_description/share/flexiv_description//meshes/rizon10/collision/link2.stl
-- Up-to-date symlink: /home/casey/flexiv_ros2_ws/install/flexiv_description/share/flexiv_description//meshes/rizon10/collision/link3.stl
-- Up-to-date symlink: /home/casey/flexiv_ros2_ws/install/flexiv_description/share/flexiv_description//meshes/rizon10/collision/link4.stl
-- Up-to-date symlink: /home/casey/flexiv_ros2_ws/install/flexiv_description/share/flexiv_description//meshes/rizon10/collision/link5.stl
-- Up-to-date symlink: /home/casey/flexiv_ros2_ws/install/flexiv_description/share/flexiv_description//meshes/rizon10/collision/link6.stl
-- Up-to-date symlink: /home/casey/flexiv_ros2_ws/install/flexiv_description/share/flexiv_description//meshes/rizon10/collision/link7.stl
-- Up-to-date symlink: /home/casey/flexiv_ros2_ws/install/flexiv_description/share/flexiv_description//meshes/rizon10/visual/link0.dae
-- Up-to-date symlink: /home/casey/flexiv_ros2_ws/install/flexiv_description/share/flexiv_description//meshes/rizon10/visual/link0.obj
-- Up-to-date symlink: /home/casey/flexiv_ros2_ws/install/flexiv_description/share/flexiv_description//meshes/rizon10/visual/link1.dae
-- Up-to-date symlink: /home/casey/flexiv_ros2_ws/install/flexiv_description/share/flexiv_description//meshes/rizon10/visual/link1.obj
-- Up-to-date symlink: /home/casey/flexiv_ros2_ws/install/flexiv_description/share/flexiv_description//meshes/rizon10/visual/link2.dae
-- Up-to-date symlink: /home/casey/flexiv_ros2_ws/install/flexiv_description/share/flexiv_description//meshes/rizon10/visual/link2.obj
-- Up-to-date symlink: /home/casey/flexiv_ros2_ws/install/flexiv_description/share/flexiv_description//meshes/rizon10/visual/link3.dae
-- Up-to-date symlink: /home/casey/flexiv_ros2_ws/install/flexiv_description/share/flexiv_description//meshes/rizon10/visual/link3.obj
-- Up-to-date symlink: /home/casey/flexiv_ros2_ws/install/flexiv_description/share/flexiv_description//meshes/rizon10/visual/link4.dae
-- Up-to-date symlink: /home/casey/flexiv_ros2_ws/install/flexiv_description/share/flexiv_description//meshes/rizon10/visual/link4.obj
-- Up-to-date symlink: /home/casey/flexiv_ros2_ws/install/flexiv_description/share/flexiv_description//meshes/rizon10/visual/link5.dae
-- Up-to-date symlink: /home/casey/flexiv_ros2_ws/install/flexiv_description/share/flexiv_description//meshes/rizon10/visual/link5.obj
-- Up-to-date symlink: /home/casey/flexiv_ros2_ws/install/flexiv_description/share/flexiv_description//meshes/rizon10/visual/link6.dae
-- Up-to-date symlink: /home/casey/flexiv_ros2_ws/install/flexiv_description/share/flexiv_description//meshes/rizon10/visual/link6.obj
-- Up-to-date symlink: /home/casey/flexiv_ros2_ws/install/flexiv_description/share/flexiv_description//meshes/rizon10/visual/link7.dae
-- Up-to-date symlink: /home/casey/flexiv_ros2_ws/install/flexiv_description/share/flexiv_description//meshes/rizon10/visual/link7.obj
-- Up-to-date symlink: /home/casey/flexiv_ros2_ws/install/flexiv_description/share/flexiv_description//meshes/rizon4/collision/link0.stl
-- Up-to-date symlink: /home/casey/flexiv_ros2_ws/install/flexiv_description/share/flexiv_description//meshes/rizon4/collision/link1.stl
-- Up-to-date symlink: /home/casey/flexiv_ros2_ws/install/flexiv_description/share/flexiv_description//meshes/rizon4/collision/link2.stl
-- Up-to-date symlink: /home/casey/flexiv_ros2_ws/install/flexiv_description/share/flexiv_description//meshes/rizon4/collision/link3.stl
-- Up-to-date symlink: /home/casey/flexiv_ros2_ws/install/flexiv_description/share/flexiv_description//meshes/rizon4/collision/link4.stl
-- Up-to-date symlink: /home/casey/flexiv_ros2_ws/install/flexiv_description/share/flexiv_description//meshes/rizon4/collision/link5.stl
-- Up-to-date symlink: /home/casey/flexiv_ros2_ws/install/flexiv_description/share/flexiv_description//meshes/rizon4/collision/link6.stl
-- Up-to-date symlink: /home/casey/flexiv_ros2_ws/install/flexiv_description/share/flexiv_description//meshes/rizon4/collision/link7.stl
-- Up-to-date symlink: /home/casey/flexiv_ros2_ws/install/flexiv_description/share/flexiv_description//meshes/rizon4/visual/link0.dae
-- Up-to-date symlink: /home/casey/flexiv_ros2_ws/install/flexiv_description/share/flexiv_description//meshes/rizon4/visual/link0.obj
-- Up-to-date symlink: /home/casey/flexiv_ros2_ws/install/flexiv_description/share/flexiv_description//meshes/rizon4/visual/link1.dae
-- Up-to-date symlink: /home/casey/flexiv_ros2_ws/install/flexiv_description/share/flexiv_description//meshes/rizon4/visual/link1.obj
-- Up-to-date symlink: /home/casey/flexiv_ros2_ws/install/flexiv_description/share/flexiv_description//meshes/rizon4/visual/link2.dae
-- Up-to-date symlink: /home/casey/flexiv_ros2_ws/install/flexiv_description/share/flexiv_description//meshes/rizon4/visual/link2.obj
-- Up-to-date symlink: /home/casey/flexiv_ros2_ws/install/flexiv_description/share/flexiv_description//meshes/rizon4/visual/link3.dae
-- Up-to-date symlink: /home/casey/flexiv_ros2_ws/install/flexiv_description/share/flexiv_description//meshes/rizon4/visual/link3.obj
-- Up-to-date symlink: /home/casey/flexiv_ros2_ws/install/flexiv_description/share/flexiv_description//meshes/rizon4/visual/link4.dae
-- Up-to-date symlink: /home/casey/flexiv_ros2_ws/install/flexiv_description/share/flexiv_description//meshes/rizon4/visual/link4.obj
-- Up-to-date symlink: /home/casey/flexiv_ros2_ws/install/flexiv_description/share/flexiv_description//meshes/rizon4/visual/link5.dae
-- Up-to-date symlink: /home/casey/flexiv_ros2_ws/install/flexiv_description/share/flexiv_description//meshes/rizon4/visual/link5.obj
-- Up-to-date symlink: /home/casey/flexiv_ros2_ws/install/flexiv_description/share/flexiv_description//meshes/rizon4/visual/link6.dae
-- Up-to-date symlink: /home/casey/flexiv_ros2_ws/install/flexiv_description/share/flexiv_description//meshes/rizon4/visual/link6.obj
-- Up-to-date symlink: /home/casey/flexiv_ros2_ws/install/flexiv_description/share/flexiv_description//meshes/rizon4/visual/link7.dae
-- Up-to-date symlink: /home/casey/flexiv_ros2_ws/install/flexiv_description/share/flexiv_description//meshes/rizon4/visual/link7.obj
-- Up-to-date symlink: /home/casey/flexiv_ros2_ws/install/flexiv_description/share/flexiv_description//meshes/rizon4s/collision/link0.stl
-- Up-to-date symlink: /home/casey/flexiv_ros2_ws/install/flexiv_description/share/flexiv_description//meshes/rizon4s/collision/link1.stl
-- Up-to-date symlink: /home/casey/flexiv_ros2_ws/install/flexiv_description/share/flexiv_description//meshes/rizon4s/collision/link2.stl
-- Up-to-date symlink: /home/casey/flexiv_ros2_ws/install/flexiv_description/share/flexiv_description//meshes/rizon4s/collision/link3.stl
-- Up-to-date symlink: /home/casey/flexiv_ros2_ws/install/flexiv_description/share/flexiv_description//meshes/rizon4s/collision/link4.stl
-- Up-to-date symlink: /home/casey/flexiv_ros2_ws/install/flexiv_description/share/flexiv_description//meshes/rizon4s/collision/link5.stl
-- Up-to-date symlink: /home/casey/flexiv_ros2_ws/install/flexiv_description/share/flexiv_description//meshes/rizon4s/collision/link6.stl
-- Up-to-date symlink: /home/casey/flexiv_ros2_ws/install/flexiv_description/share/flexiv_description//meshes/rizon4s/collision/link7.stl
-- Up-to-date symlink: /home/casey/flexiv_ros2_ws/install/flexiv_description/share/flexiv_description//meshes/rizon4s/visual/link0.dae
-- Up-to-date symlink: /home/casey/flexiv_ros2_ws/install/flexiv_description/share/flexiv_description//meshes/rizon4s/visual/link0.obj
-- Up-to-date symlink: /home/casey/flexiv_ros2_ws/install/flexiv_description/share/flexiv_description//meshes/rizon4s/visual/link1.dae
-- Up-to-date symlink: /home/casey/flexiv_ros2_ws/install/flexiv_description/share/flexiv_description//meshes/rizon4s/visual/link1.obj
-- Up-to-date symlink: /home/casey/flexiv_ros2_ws/install/flexiv_description/share/flexiv_description//meshes/rizon4s/visual/link2.dae
-- Up-to-date symlink: /home/casey/flexiv_ros2_ws/install/flexiv_description/share/flexiv_description//meshes/rizon4s/visual/link2.obj
-- Up-to-date symlink: /home/casey/flexiv_ros2_ws/install/flexiv_description/share/flexiv_description//meshes/rizon4s/visual/link3.dae
-- Up-to-date symlink: /home/casey/flexiv_ros2_ws/install/flexiv_description/share/flexiv_description//meshes/rizon4s/visual/link3.obj
-- Up-to-date symlink: /home/casey/flexiv_ros2_ws/install/flexiv_description/share/flexiv_description//meshes/rizon4s/visual/link4.dae
-- Up-to-date symlink: /home/casey/flexiv_ros2_ws/install/flexiv_description/share/flexiv_description//meshes/rizon4s/visual/link4.obj
-- Up-to-date symlink: /home/casey/flexiv_ros2_ws/install/flexiv_description/share/flexiv_description//meshes/rizon4s/visual/link5.dae
-- Up-to-date symlink: /home/casey/flexiv_ros2_ws/install/flexiv_description/share/flexiv_description//meshes/rizon4s/visual/link5.obj
-- Up-to-date symlink: /home/casey/flexiv_ros2_ws/install/flexiv_description/share/flexiv_description//meshes/rizon4s/visual/link6.dae
-- Up-to-date symlink: /home/casey/flexiv_ros2_ws/install/flexiv_description/share/flexiv_description//meshes/rizon4s/visual/link6.obj
-- Up-to-date symlink: /home/casey/flexiv_ros2_ws/install/flexiv_description/share/flexiv_description//meshes/rizon4s/visual/link7.dae
-- Up-to-date symlink: /home/casey/flexiv_ros2_ws/install/flexiv_description/share/flexiv_description//meshes/rizon4s/visual/link7.obj
-- Up-to-date symlink: /home/casey/flexiv_ros2_ws/install/flexiv_description/share/flexiv_description//rviz/view_rizon.rviz
-- Up-to-date symlink: /home/casey/flexiv_ros2_ws/install/flexiv_description/share/flexiv_description//urdf/flexiv_arm.materials.xacro
-- Up-to-date symlink: /home/casey/flexiv_ros2_ws/install/flexiv_description/share/flexiv_description//urdf/rizon.urdf.xacro
-- Up-to-date symlink: /home/casey/flexiv_ros2_ws/install/flexiv_description/share/flexiv_description//urdf/rizon10.ros2_control.xacro
-- Up-to-date symlink: /home/casey/flexiv_ros2_ws/install/flexiv_description/share/flexiv_description//urdf/rizon10_joints_links.xacro
-- Up-to-date symlink: /home/casey/flexiv_ros2_ws/install/flexiv_description/share/flexiv_description//urdf/rizon4.ros2_control.xacro
-- Up-to-date symlink: /home/casey/flexiv_ros2_ws/install/flexiv_description/share/flexiv_description//urdf/rizon4_joints_links.xacro
-- Up-to-date symlink: /home/casey/flexiv_ros2_ws/install/flexiv_description/share/flexiv_description//urdf/rizon_macro.xacro
-- Up-to-date symlink: /home/casey/flexiv_ros2_ws/install/flexiv_description/share/ament_index/resource_index/package_run_dependencies/flexiv_description
-- Up-to-date symlink: /home/casey/flexiv_ros2_ws/install/flexiv_description/share/ament_index/resource_index/parent_prefix_path/flexiv_description
-- Up-to-date symlink: /home/casey/flexiv_ros2_ws/install/flexiv_description/share/flexiv_description/environment/ament_prefix_path.sh
-- Up-to-date symlink: /home/casey/flexiv_ros2_ws/install/flexiv_description/share/flexiv_description/environment/ament_prefix_path.dsv
-- Up-to-date symlink: /home/casey/flexiv_ros2_ws/install/flexiv_description/share/flexiv_description/environment/path.sh
-- Up-to-date symlink: /home/casey/flexiv_ros2_ws/install/flexiv_description/share/flexiv_description/environment/path.dsv
-- Up-to-date symlink: /home/casey/flexiv_ros2_ws/install/flexiv_description/share/flexiv_description/local_setup.bash
-- Up-to-date symlink: /home/casey/flexiv_ros2_ws/install/flexiv_description/share/flexiv_description/local_setup.sh
-- Up-to-date symlink: /home/casey/flexiv_ros2_ws/install/flexiv_description/share/flexiv_description/local_setup.zsh
-- Up-to-date symlink: /home/casey/flexiv_ros2_ws/install/flexiv_description/share/flexiv_description/local_setup.dsv
-- Symlinking: /home/casey/flexiv_ros2_ws/install/flexiv_description/share/flexiv_description/package.dsv
-- Up-to-date symlink: /home/casey/flexiv_ros2_ws/install/flexiv_description/share/ament_index/resource_index/packages/flexiv_description
-- Up-to-date symlink: /home/casey/flexiv_ros2_ws/install/flexiv_description/share/flexiv_description/cmake/flexiv_descriptionConfig.cmake
-- Up-to-date symlink: /home/casey/flexiv_ros2_ws/install/flexiv_description/share/flexiv_description/cmake/flexiv_descriptionConfig-version.cmake
-- Up-to-date symlink: /home/casey/flexiv_ros2_ws/install/flexiv_description/share/flexiv_description/package.xml
