[0.199s] Invoking command in '/home/casey/flexiv_ros2_ws/build/flexiv_gazebo': CMAKE_PREFIX_PATH=${CMAKE_PREFIX_PATH}:/home/casey/flexiv_ros2_ws/install/flexiv_test_nodes:/opt/ros/humble /usr/bin/cmake /home/casey/flexiv_ros2_ws/src/flexiv_ros2/flexiv_gazebo -DCMAKE_INSTALL_PREFIX=/home/casey/flexiv_ros2_ws/install/flexiv_gazebo
[0.209s] -- Found ament_cmake: 1.3.9 (/opt/ros/humble/share/ament_cmake/cmake)
[0.316s] -- Found controller_manager: 2.41.0 (/opt/ros/humble/share/controller_manager/cmake)
[0.338s] -- Found rosidl_generator_c: 3.1.5 (/opt/ros/humble/share/rosidl_generator_c/cmake)
[0.340s] -- Found rosidl_adapter: 3.1.5 (/opt/ros/humble/share/rosidl_adapter/cmake)
[0.344s] -- Found rosidl_generator_cpp: 3.1.5 (/opt/ros/humble/share/rosidl_generator_cpp/cmake)
[0.352s] -- Using all available rosidl_typesupport_c: rosidl_typesupport_fastrtps_c;rosidl_typesupport_introspection_c
[0.362s] -- Using all available rosidl_typesupport_cpp: rosidl_typesupport_fastrtps_cpp;rosidl_typesupport_introspection_cpp
[0.759s] -- Found rmw_implementation_cmake: 6.1.2 (/opt/ros/humble/share/rmw_implementation_cmake/cmake)
[0.760s] -- Found rmw_fastrtps_cpp: 6.2.6 (/opt/ros/humble/share/rmw_fastrtps_cpp/cmake)
[0.777s] -- Found TinyXML2 via Config file: TinyXML2_DIR-NOTFOUND
[0.785s] -- Found TinyXML2 via Config file: TinyXML2_DIR-NOTFOUND
[0.802s] -- Found TinyXML2 via Config file: TinyXML2_DIR-NOTFOUND
[0.810s] -- Found TinyXML2 via Config file: TinyXML2_DIR-NOTFOUND
[0.826s] -- Using RMW implementation 'rmw_fastrtps_cpp' as default
[1.216s] -- Found gazebo_ros: 3.7.0 (/opt/ros/humble/share/gazebo_ros/cmake)
[1.243s] -- Found DART: /usr/include (Required is at least version "6.6") found components: dart 
[1.266s] -- Looking for ignition-math6 -- found version 6.15.1
[1.269s] -- Searching for dependencies of ignition-math6
[1.270s] -- Looking for OGRE...
[1.275s] -- Found Ogre Ghadamon (1.9.0)
[1.275s] -- Found OGRE: optimized;/usr/lib/x86_64-linux-gnu/libOgreMain.so;debug;/usr/lib/x86_64-linux-gnu/libOgreMain.so
[1.280s] -- Looking for OGRE_Paging...
[1.281s] -- Found OGRE_Paging: optimized;/usr/lib/x86_64-linux-gnu/libOgrePaging.so;debug;/usr/lib/x86_64-linux-gnu/libOgrePaging.so
[1.281s] -- Looking for OGRE_Terrain...
[1.281s] -- Found OGRE_Terrain: optimized;/usr/lib/x86_64-linux-gnu/libOgreTerrain.so;debug;/usr/lib/x86_64-linux-gnu/libOgreTerrain.so
[1.281s] -- Looking for OGRE_Property...
[1.281s] -- Found OGRE_Property: optimized;/usr/lib/x86_64-linux-gnu/libOgreProperty.so;debug;/usr/lib/x86_64-linux-gnu/libOgreProperty.so
[1.281s] -- Looking for OGRE_RTShaderSystem...
[1.281s] -- Found OGRE_RTShaderSystem: optimized;/usr/lib/x86_64-linux-gnu/libOgreRTShaderSystem.so;debug;/usr/lib/x86_64-linux-gnu/libOgreRTShaderSystem.so
[1.281s] -- Looking for OGRE_Volume...
[1.281s] -- Found OGRE_Volume: optimized;/usr/lib/x86_64-linux-gnu/libOgreVolume.so;debug;/usr/lib/x86_64-linux-gnu/libOgreVolume.so
[1.281s] -- Looking for OGRE_Overlay...
[1.281s] -- Found OGRE_Overlay: optimized;/usr/lib/x86_64-linux-gnu/libOgreOverlay.so;debug;/usr/lib/x86_64-linux-gnu/libOgreOverlay.so
[1.361s] -- Looking for ignition-math6 -- found version 6.15.1
[1.361s] -- Looking for ignition-transport8 -- found version 8.2.1
[1.362s] -- Searching for dependencies of ignition-transport8
[1.379s] -- Found Protobuf: /usr/lib/x86_64-linux-gnu/libprotobuf.so (found suitable version "3.12.4", minimum required is "3") 
[1.388s] -- Config-file not installed for ZeroMQ -- checking for pkg-config
[1.393s] -- Checking for module 'libzmq >= 4'
[1.408s] --   Found libzmq , version 4.3.4
[1.468s] -- Checking for module 'uuid'
[1.482s] --   Found uuid, version 2.37.2
[1.529s] -- Looking for ignition-msgs5 -- found version 5.8.1
[1.529s] -- Searching for dependencies of ignition-msgs5
[1.548s] -- Looking for ignition-math6 -- found version 6.15.1
[1.552s] -- Checking for module 'tinyxml2'
[1.570s] --   Found tinyxml2, version 9.0.0
[1.611s] -- Looking for ignition-msgs5 -- found version 5.8.1
[1.611s] -- Looking for ignition-common3 -- found version 3.14.0
[1.611s] -- Searching for dependencies of ignition-common3
[1.611s] -- Looking for dlfcn.h - found
[1.611s] -- Looking for libdl - found
[1.627s] -- Searching for <ignition-common3> component [graphics]
[1.627s] -- Looking for ignition-common3-graphics -- found version 3.14.0
[1.627s] -- Searching for dependencies of ignition-common3-graphics
[1.628s] -- Looking for ignition-math6 -- found version 6.15.1
[1.628s] -- Looking for ignition-fuel_tools4 -- found version 4.4.0
[1.628s] -- Searching for dependencies of ignition-fuel_tools4
[1.668s] -- Checking for module 'jsoncpp'
[1.682s] --   Found jsoncpp, version 1.9.5
[1.735s] -- Checking for module 'libzip'
[1.752s] --   Found libzip, version 1.7.3
[1.792s] -- Looking for ignition-common3 -- found version 3.14.0
[1.792s] -- Looking for ignition-math6 -- found version 6.15.1
[1.792s] -- Looking for ignition-msgs5 -- found version 5.8.1
[1.793s] -- Gazebo version: 11.10
[1.796s] -- Found ros_gz: 0.244.14 (/opt/ros/humble/share/ros_gz/cmake)
[1.796s] -- Found ros_gz_bridge: 0.244.14 (/opt/ros/humble/share/ros_gz_bridge/cmake)
[1.942s] -- Found Protobuf: /usr/lib/x86_64-linux-gnu/libprotobuf.so (found version "3.12.4") 
[2.396s] -- Found ros_gz_sim: 0.244.14 (/opt/ros/humble/share/ros_gz_sim/cmake)
[2.397s] -- Found ros_gz_image: 0.244.14 (/opt/ros/humble/share/ros_gz_image/cmake)
[2.398s] -- Found xacro: 2.0.8 (/opt/ros/humble/share/xacro/cmake)
[2.439s] [31mCMake Error at /opt/ros/humble/share/ament_cmake_python/cmake/ament_python_install_package.cmake:66 (message):
[2.439s]   ament_python_install_package() the Python package folder
[2.439s]   '/home/casey/flexiv_ros2_ws/src/flexiv_ros2/flexiv_gazebo/flexiv_gazebo'
[2.439s]   doesn't contain an '__init__.py' file
[2.439s] Call Stack (most recent call first):
[2.439s]   /opt/ros/humble/share/ament_cmake_python/cmake/ament_python_install_package.cmake:39 (_ament_cmake_python_install_package)
[2.439s]   CMakeLists.txt:62 (ament_python_install_package)
[2.439s] 
[2.440s] [0m
[2.440s] -- Configuring incomplete, errors occurred!
[2.440s] See also "/home/casey/flexiv_ros2_ws/build/flexiv_gazebo/CMakeFiles/CMakeOutput.log".
[2.450s] Invoked command in '/home/casey/flexiv_ros2_ws/build/flexiv_gazebo' returned '1': CMAKE_PREFIX_PATH=${CMAKE_PREFIX_PATH}:/home/casey/flexiv_ros2_ws/install/flexiv_test_nodes:/opt/ros/humble /usr/bin/cmake /home/casey/flexiv_ros2_ws/src/flexiv_ros2/flexiv_gazebo -DCMAKE_INSTALL_PREFIX=/home/casey/flexiv_ros2_ws/install/flexiv_gazebo
