-- The C compiler identification is GNU 11.4.0
-- The CXX compiler identification is GNU 11.4.0
-- Detecting C compiler ABI info
-- Detecting C compiler ABI info - done
-- Check for working C compiler: /usr/bin/cc - skipped
-- Detecting C compile features
-- Detecting C compile features - done
-- Detecting CXX compiler ABI info
-- Detecting CXX compiler ABI info - done
-- Check for working CXX compiler: /usr/bin/c++ - skipped
-- Detecting CXX compile features
-- Detecting CXX compile features - done
-- Found ament_cmake: 1.3.9 (/opt/ros/humble/share/ament_cmake/cmake)
-- Found Python3: /usr/bin/python3 (found version "3.10.12") found components: Interpreter 
-- Override CMake install command with custom implementation using symlinks instead of copying resources
-- Found controller_interface: 2.41.0 (/opt/ros/humble/share/controller_interface/cmake)
-- Found rosidl_generator_c: 3.1.5 (/opt/ros/humble/share/rosidl_generator_c/cmake)
-- Found rosidl_adapter: 3.1.5 (/opt/ros/humble/share/rosidl_adapter/cmake)
-- Found rosidl_generator_cpp: 3.1.5 (/opt/ros/humble/share/rosidl_generator_cpp/cmake)
-- Using all available rosidl_typesupport_c: rosidl_typesupport_fastrtps_c;rosidl_typesupport_introspection_c
-- Using all available rosidl_typesupport_cpp: rosidl_typesupport_fastrtps_cpp;rosidl_typesupport_introspection_cpp
-- Found rmw_implementation_cmake: 6.1.2 (/opt/ros/humble/share/rmw_implementation_cmake/cmake)
-- Found rmw_fastrtps_cpp: 6.2.6 (/opt/ros/humble/share/rmw_fastrtps_cpp/cmake)
-- Found TinyXML2 via Config file: TinyXML2_DIR-NOTFOUND
-- Found OpenSSL: /usr/lib/x86_64-linux-gnu/libcrypto.so (found version "3.0.2")  
-- Found TinyXML2 via Config file: TinyXML2_DIR-NOTFOUND
-- Found FastRTPS: /opt/ros/humble/include  
-- Found TinyXML2 via Config file: TinyXML2_DIR-NOTFOUND
-- Found TinyXML2 via Config file: TinyXML2_DIR-NOTFOUND
-- Using RMW implementation 'rmw_fastrtps_cpp' as default
-- Looking for pthread.h
-- Looking for pthread.h - found
-- Performing Test CMAKE_HAVE_LIBC_PTHREAD
-- Performing Test CMAKE_HAVE_LIBC_PTHREAD - Success
-- Found Threads: TRUE  
-- Found realtime_tools: 2.5.0 (/opt/ros/humble/share/realtime_tools/cmake)
-- Found flexiv_msgs: 0.10.0 (/home/casey/flexiv_ros2_ws/install/flexiv_msgs/share/flexiv_msgs/cmake)
-- Configuring done
-- Generating done
-- Build files have been written to: /home/casey/flexiv_ros2_ws/build/flexiv_controllers
[ 40%] [32mBuilding CXX object CMakeFiles/flexiv_controllers.dir/src/joint_impedance_controller.cpp.o[0m
[ 40%] [32mBuilding CXX object CMakeFiles/flexiv_controllers.dir/src/external_tcp_wrench_broadcaster.cpp.o[0m
[ 80%] [32mBuilding CXX object CMakeFiles/flexiv_controllers.dir/src/tcp_pose_state_broadcaster.cpp.o[0m
[ 80%] [32mBuilding CXX object CMakeFiles/flexiv_controllers.dir/src/gpio_controller.cpp.o[0m
[100%] [32m[1mLinking CXX shared library libflexiv_controllers.so[0m
[100%] Built target flexiv_controllers
-- Install configuration: ""
-- Execute custom install script
-- Symlinking: /home/casey/flexiv_ros2_ws/install/flexiv_controllers/share/flexiv_controllers//flexiv_controllers_plugins.xml
-- Symlinking: /home/casey/flexiv_ros2_ws/install/flexiv_controllers/include/flexiv_controllers/cartesian_pose_sensor.hpp
-- Symlinking: /home/casey/flexiv_ros2_ws/install/flexiv_controllers/include/flexiv_controllers/external_tcp_wrench_broadcaster.hpp
-- Symlinking: /home/casey/flexiv_ros2_ws/install/flexiv_controllers/include/flexiv_controllers/gpio_controller.hpp
-- Symlinking: /home/casey/flexiv_ros2_ws/install/flexiv_controllers/include/flexiv_controllers/joint_impedance_controller.hpp
-- Symlinking: /home/casey/flexiv_ros2_ws/install/flexiv_controllers/include/flexiv_controllers/tcp_pose_state_broadcaster.hpp
-- Symlinking: /home/casey/flexiv_ros2_ws/install/flexiv_controllers/lib/libflexiv_controllers.so
-- Up-to-date symlink: /home/casey/flexiv_ros2_ws/install/flexiv_controllers/share/flexiv_controllers/flexiv_controllers_plugins.xml
-- Symlinking: /home/casey/flexiv_ros2_ws/install/flexiv_controllers/share/flexiv_controllers/environment/library_path.sh
-- Symlinking: /home/casey/flexiv_ros2_ws/install/flexiv_controllers/share/flexiv_controllers/environment/library_path.dsv
-- Symlinking: /home/casey/flexiv_ros2_ws/install/flexiv_controllers/share/ament_index/resource_index/package_run_dependencies/flexiv_controllers
-- Symlinking: /home/casey/flexiv_ros2_ws/install/flexiv_controllers/share/ament_index/resource_index/parent_prefix_path/flexiv_controllers
-- Symlinking: /home/casey/flexiv_ros2_ws/install/flexiv_controllers/share/flexiv_controllers/environment/ament_prefix_path.sh
-- Symlinking: /home/casey/flexiv_ros2_ws/install/flexiv_controllers/share/flexiv_controllers/environment/ament_prefix_path.dsv
-- Symlinking: /home/casey/flexiv_ros2_ws/install/flexiv_controllers/share/flexiv_controllers/environment/path.sh
-- Symlinking: /home/casey/flexiv_ros2_ws/install/flexiv_controllers/share/flexiv_controllers/environment/path.dsv
-- Symlinking: /home/casey/flexiv_ros2_ws/install/flexiv_controllers/share/flexiv_controllers/local_setup.bash
-- Symlinking: /home/casey/flexiv_ros2_ws/install/flexiv_controllers/share/flexiv_controllers/local_setup.sh
-- Symlinking: /home/casey/flexiv_ros2_ws/install/flexiv_controllers/share/flexiv_controllers/local_setup.zsh
-- Symlinking: /home/casey/flexiv_ros2_ws/install/flexiv_controllers/share/flexiv_controllers/local_setup.dsv
-- Symlinking: /home/casey/flexiv_ros2_ws/install/flexiv_controllers/share/flexiv_controllers/package.dsv
-- Symlinking: /home/casey/flexiv_ros2_ws/install/flexiv_controllers/share/ament_index/resource_index/packages/flexiv_controllers
-- Symlinking: /home/casey/flexiv_ros2_ws/install/flexiv_controllers/share/ament_index/resource_index/controller_interface__pluginlib__plugin/flexiv_controllers
-- Symlinking: /home/casey/flexiv_ros2_ws/install/flexiv_controllers/share/flexiv_controllers/cmake/ament_cmake_export_dependencies-extras.cmake
-- Symlinking: /home/casey/flexiv_ros2_ws/install/flexiv_controllers/share/flexiv_controllers/cmake/ament_cmake_export_include_directories-extras.cmake
-- Symlinking: /home/casey/flexiv_ros2_ws/install/flexiv_controllers/share/flexiv_controllers/cmake/ament_cmake_export_libraries-extras.cmake
-- Symlinking: /home/casey/flexiv_ros2_ws/install/flexiv_controllers/share/flexiv_controllers/cmake/flexiv_controllersConfig.cmake
-- Symlinking: /home/casey/flexiv_ros2_ws/install/flexiv_controllers/share/flexiv_controllers/cmake/flexiv_controllersConfig-version.cmake
-- Symlinking: /home/casey/flexiv_ros2_ws/install/flexiv_controllers/share/flexiv_controllers/package.xml
