[0.009s] Invoking command in '/home/casey/flexiv_ros2_ws/build/flexiv_controllers': AMENT_PREFIX_PATH=/home/casey/flexiv_ros2_ws/install/flexiv_msgs:${AMENT_PREFIX_PATH} CMAKE_PREFIX_PATH=/home/casey/flexiv_ros2_ws/install/flexiv_msgs:/opt/ros/humble LD_LIBRARY_PATH=/home/casey/flexiv_ros2_ws/install/flexiv_msgs/lib:${LD_LIBRARY_PATH} PYTHONPATH=/home/casey/flexiv_ros2_ws/install/flexiv_msgs/local/lib/python3.10/dist-packages:${PYTHONPATH} /usr/bin/cmake /home/casey/flexiv_ros2_ws/src/flexiv_ros2/flexiv_controllers -DAMENT_CMAKE_SYMLINK_INSTALL=1 -DCMAKE_INSTALL_PREFIX=/home/casey/flexiv_ros2_ws/install/flexiv_controllers
[0.057s] -- The C compiler identification is GNU 11.4.0
[0.104s] -- The CXX compiler identification is GNU 11.4.0
[0.111s] -- Detecting C compiler ABI info
[0.171s] -- Detecting C compiler ABI info - done
[0.175s] -- Check for working C compiler: /usr/bin/cc - skipped
[0.175s] -- Detecting C compile features
[0.175s] -- Detecting C compile features - done
[0.177s] -- Detecting CXX compiler ABI info
[0.246s] -- Detecting CXX compiler ABI info - done
[0.250s] -- Check for working CXX compiler: /usr/bin/c++ - skipped
[0.250s] -- Detecting CXX compile features
[0.251s] -- Detecting CXX compile features - done
[0.253s] -- Found ament_cmake: 1.3.9 (/opt/ros/humble/share/ament_cmake/cmake)
[0.361s] -- Found Python3: /usr/bin/python3 (found version "3.10.12") found components: Interpreter 
[0.401s] -- Override CMake install command with custom implementation using symlinks instead of copying resources
[0.427s] -- Found controller_interface: 2.41.0 (/opt/ros/humble/share/controller_interface/cmake)
[0.459s] -- Found rosidl_generator_c: 3.1.5 (/opt/ros/humble/share/rosidl_generator_c/cmake)
[0.463s] -- Found rosidl_adapter: 3.1.5 (/opt/ros/humble/share/rosidl_adapter/cmake)
[0.469s] -- Found rosidl_generator_cpp: 3.1.5 (/opt/ros/humble/share/rosidl_generator_cpp/cmake)
[0.482s] -- Using all available rosidl_typesupport_c: rosidl_typesupport_fastrtps_c;rosidl_typesupport_introspection_c
[0.495s] -- Using all available rosidl_typesupport_cpp: rosidl_typesupport_fastrtps_cpp;rosidl_typesupport_introspection_cpp
[0.953s] -- Found rmw_implementation_cmake: 6.1.2 (/opt/ros/humble/share/rmw_implementation_cmake/cmake)
[0.955s] -- Found rmw_fastrtps_cpp: 6.2.6 (/opt/ros/humble/share/rmw_fastrtps_cpp/cmake)
[0.981s] -- Found TinyXML2 via Config file: TinyXML2_DIR-NOTFOUND
[1.045s] -- Found OpenSSL: /usr/lib/x86_64-linux-gnu/libcrypto.so (found version "3.0.2")  
[1.046s] -- Found TinyXML2 via Config file: TinyXML2_DIR-NOTFOUND
[1.056s] -- Found FastRTPS: /opt/ros/humble/include  
[1.061s] -- Found TinyXML2 via Config file: TinyXML2_DIR-NOTFOUND
[1.067s] -- Found TinyXML2 via Config file: TinyXML2_DIR-NOTFOUND
[1.074s] -- Using RMW implementation 'rmw_fastrtps_cpp' as default
[1.080s] -- Looking for pthread.h
[1.147s] -- Looking for pthread.h - found
[1.147s] -- Performing Test CMAKE_HAVE_LIBC_PTHREAD
[1.209s] -- Performing Test CMAKE_HAVE_LIBC_PTHREAD - Success
[1.210s] -- Found Threads: TRUE  
[1.364s] -- Found realtime_tools: 2.5.0 (/opt/ros/humble/share/realtime_tools/cmake)
[1.400s] -- Found flexiv_msgs: 0.10.0 (/home/casey/flexiv_ros2_ws/install/flexiv_msgs/share/flexiv_msgs/cmake)
[1.627s] -- Configuring done
[1.646s] -- Generating done
[1.648s] -- Build files have been written to: /home/casey/flexiv_ros2_ws/build/flexiv_controllers
[1.656s] Invoked command in '/home/casey/flexiv_ros2_ws/build/flexiv_controllers' returned '0': AMENT_PREFIX_PATH=/home/casey/flexiv_ros2_ws/install/flexiv_msgs:${AMENT_PREFIX_PATH} CMAKE_PREFIX_PATH=/home/casey/flexiv_ros2_ws/install/flexiv_msgs:/opt/ros/humble LD_LIBRARY_PATH=/home/casey/flexiv_ros2_ws/install/flexiv_msgs/lib:${LD_LIBRARY_PATH} PYTHONPATH=/home/casey/flexiv_ros2_ws/install/flexiv_msgs/local/lib/python3.10/dist-packages:${PYTHONPATH} /usr/bin/cmake /home/casey/flexiv_ros2_ws/src/flexiv_ros2/flexiv_controllers -DAMENT_CMAKE_SYMLINK_INSTALL=1 -DCMAKE_INSTALL_PREFIX=/home/casey/flexiv_ros2_ws/install/flexiv_controllers
[1.657s] Invoking command in '/home/casey/flexiv_ros2_ws/build/flexiv_controllers': AMENT_PREFIX_PATH=/home/casey/flexiv_ros2_ws/install/flexiv_msgs:${AMENT_PREFIX_PATH} CMAKE_PREFIX_PATH=/home/casey/flexiv_ros2_ws/install/flexiv_msgs:/opt/ros/humble LD_LIBRARY_PATH=/home/casey/flexiv_ros2_ws/install/flexiv_msgs/lib:${LD_LIBRARY_PATH} PYTHONPATH=/home/casey/flexiv_ros2_ws/install/flexiv_msgs/local/lib/python3.10/dist-packages:${PYTHONPATH} /usr/bin/cmake --build /home/casey/flexiv_ros2_ws/build/flexiv_controllers -- -j16 -l16
[1.701s] [ 40%] [32mBuilding CXX object CMakeFiles/flexiv_controllers.dir/src/joint_impedance_controller.cpp.o[0m
[1.701s] [ 40%] [32mBuilding CXX object CMakeFiles/flexiv_controllers.dir/src/external_tcp_wrench_broadcaster.cpp.o[0m
[1.701s] [ 80%] [32mBuilding CXX object CMakeFiles/flexiv_controllers.dir/src/tcp_pose_state_broadcaster.cpp.o[0m
[1.701s] [ 80%] [32mBuilding CXX object CMakeFiles/flexiv_controllers.dir/src/gpio_controller.cpp.o[0m
[7.953s] [100%] [32m[1mLinking CXX shared library libflexiv_controllers.so[0m
[8.541s] [100%] Built target flexiv_controllers
[8.552s] Invoked command in '/home/casey/flexiv_ros2_ws/build/flexiv_controllers' returned '0': AMENT_PREFIX_PATH=/home/casey/flexiv_ros2_ws/install/flexiv_msgs:${AMENT_PREFIX_PATH} CMAKE_PREFIX_PATH=/home/casey/flexiv_ros2_ws/install/flexiv_msgs:/opt/ros/humble LD_LIBRARY_PATH=/home/casey/flexiv_ros2_ws/install/flexiv_msgs/lib:${LD_LIBRARY_PATH} PYTHONPATH=/home/casey/flexiv_ros2_ws/install/flexiv_msgs/local/lib/python3.10/dist-packages:${PYTHONPATH} /usr/bin/cmake --build /home/casey/flexiv_ros2_ws/build/flexiv_controllers -- -j16 -l16
[8.595s] Invoking command in '/home/casey/flexiv_ros2_ws/build/flexiv_controllers': AMENT_PREFIX_PATH=/home/casey/flexiv_ros2_ws/install/flexiv_msgs:${AMENT_PREFIX_PATH} CMAKE_PREFIX_PATH=/home/casey/flexiv_ros2_ws/install/flexiv_msgs:/opt/ros/humble LD_LIBRARY_PATH=/home/casey/flexiv_ros2_ws/install/flexiv_msgs/lib:${LD_LIBRARY_PATH} PYTHONPATH=/home/casey/flexiv_ros2_ws/install/flexiv_msgs/local/lib/python3.10/dist-packages:${PYTHONPATH} /usr/bin/cmake --install /home/casey/flexiv_ros2_ws/build/flexiv_controllers
[8.601s] -- Install configuration: ""
[8.601s] -- Execute custom install script
[8.601s] -- Symlinking: /home/casey/flexiv_ros2_ws/install/flexiv_controllers/share/flexiv_controllers//flexiv_controllers_plugins.xml
[8.610s] -- Symlinking: /home/casey/flexiv_ros2_ws/install/flexiv_controllers/include/flexiv_controllers/cartesian_pose_sensor.hpp
[8.617s] -- Symlinking: /home/casey/flexiv_ros2_ws/install/flexiv_controllers/include/flexiv_controllers/external_tcp_wrench_broadcaster.hpp
[8.628s] -- Symlinking: /home/casey/flexiv_ros2_ws/install/flexiv_controllers/include/flexiv_controllers/gpio_controller.hpp
[8.635s] -- Symlinking: /home/casey/flexiv_ros2_ws/install/flexiv_controllers/include/flexiv_controllers/joint_impedance_controller.hpp
[8.644s] -- Symlinking: /home/casey/flexiv_ros2_ws/install/flexiv_controllers/include/flexiv_controllers/tcp_pose_state_broadcaster.hpp
[8.652s] -- Symlinking: /home/casey/flexiv_ros2_ws/install/flexiv_controllers/lib/libflexiv_controllers.so
[8.660s] -- Up-to-date symlink: /home/casey/flexiv_ros2_ws/install/flexiv_controllers/share/flexiv_controllers/flexiv_controllers_plugins.xml
[8.660s] -- Symlinking: /home/casey/flexiv_ros2_ws/install/flexiv_controllers/share/flexiv_controllers/environment/library_path.sh
[8.667s] -- Symlinking: /home/casey/flexiv_ros2_ws/install/flexiv_controllers/share/flexiv_controllers/environment/library_path.dsv
[8.675s] -- Symlinking: /home/casey/flexiv_ros2_ws/install/flexiv_controllers/share/ament_index/resource_index/package_run_dependencies/flexiv_controllers
[8.682s] -- Symlinking: /home/casey/flexiv_ros2_ws/install/flexiv_controllers/share/ament_index/resource_index/parent_prefix_path/flexiv_controllers
[8.689s] -- Symlinking: /home/casey/flexiv_ros2_ws/install/flexiv_controllers/share/flexiv_controllers/environment/ament_prefix_path.sh
[8.695s] -- Symlinking: /home/casey/flexiv_ros2_ws/install/flexiv_controllers/share/flexiv_controllers/environment/ament_prefix_path.dsv
[8.702s] -- Symlinking: /home/casey/flexiv_ros2_ws/install/flexiv_controllers/share/flexiv_controllers/environment/path.sh
[8.709s] -- Symlinking: /home/casey/flexiv_ros2_ws/install/flexiv_controllers/share/flexiv_controllers/environment/path.dsv
[8.716s] -- Symlinking: /home/casey/flexiv_ros2_ws/install/flexiv_controllers/share/flexiv_controllers/local_setup.bash
[8.722s] -- Symlinking: /home/casey/flexiv_ros2_ws/install/flexiv_controllers/share/flexiv_controllers/local_setup.sh
[8.733s] -- Symlinking: /home/casey/flexiv_ros2_ws/install/flexiv_controllers/share/flexiv_controllers/local_setup.zsh
[8.741s] -- Symlinking: /home/casey/flexiv_ros2_ws/install/flexiv_controllers/share/flexiv_controllers/local_setup.dsv
[8.748s] -- Symlinking: /home/casey/flexiv_ros2_ws/install/flexiv_controllers/share/flexiv_controllers/package.dsv
[8.756s] -- Symlinking: /home/casey/flexiv_ros2_ws/install/flexiv_controllers/share/ament_index/resource_index/packages/flexiv_controllers
[8.763s] -- Symlinking: /home/casey/flexiv_ros2_ws/install/flexiv_controllers/share/ament_index/resource_index/controller_interface__pluginlib__plugin/flexiv_controllers
[8.772s] -- Symlinking: /home/casey/flexiv_ros2_ws/install/flexiv_controllers/share/flexiv_controllers/cmake/ament_cmake_export_dependencies-extras.cmake
[8.779s] -- Symlinking: /home/casey/flexiv_ros2_ws/install/flexiv_controllers/share/flexiv_controllers/cmake/ament_cmake_export_include_directories-extras.cmake
[8.789s] -- Symlinking: /home/casey/flexiv_ros2_ws/install/flexiv_controllers/share/flexiv_controllers/cmake/ament_cmake_export_libraries-extras.cmake
[8.798s] -- Symlinking: /home/casey/flexiv_ros2_ws/install/flexiv_controllers/share/flexiv_controllers/cmake/flexiv_controllersConfig.cmake
[8.806s] -- Symlinking: /home/casey/flexiv_ros2_ws/install/flexiv_controllers/share/flexiv_controllers/cmake/flexiv_controllersConfig-version.cmake
[8.815s] -- Symlinking: /home/casey/flexiv_ros2_ws/install/flexiv_controllers/share/flexiv_controllers/package.xml
[8.825s] Invoked command in '/home/casey/flexiv_ros2_ws/build/flexiv_controllers' returned '0': AMENT_PREFIX_PATH=/home/casey/flexiv_ros2_ws/install/flexiv_msgs:${AMENT_PREFIX_PATH} CMAKE_PREFIX_PATH=/home/casey/flexiv_ros2_ws/install/flexiv_msgs:/opt/ros/humble LD_LIBRARY_PATH=/home/casey/flexiv_ros2_ws/install/flexiv_msgs/lib:${LD_LIBRARY_PATH} PYTHONPATH=/home/casey/flexiv_ros2_ws/install/flexiv_msgs/local/lib/python3.10/dist-packages:${PYTHONPATH} /usr/bin/cmake --install /home/casey/flexiv_ros2_ws/build/flexiv_controllers
