-- Found ament_cmake: 1.3.9 (/opt/ros/humble/share/ament_cmake/cmake)
-- Found controller_manager: 2.41.0 (/opt/ros/humble/share/controller_manager/cmake)
-- Found rosidl_generator_c: 3.1.5 (/opt/ros/humble/share/rosidl_generator_c/cmake)
-- Found rosidl_adapter: 3.1.5 (/opt/ros/humble/share/rosidl_adapter/cmake)
-- Found rosidl_generator_cpp: 3.1.5 (/opt/ros/humble/share/rosidl_generator_cpp/cmake)
-- Using all available rosidl_typesupport_c: rosidl_typesupport_fastrtps_c;rosidl_typesupport_introspection_c
-- Using all available rosidl_typesupport_cpp: rosidl_typesupport_fastrtps_cpp;rosidl_typesupport_introspection_cpp
-- Found rmw_implementation_cmake: 6.1.2 (/opt/ros/humble/share/rmw_implementation_cmake/cmake)
-- Found rmw_fastrtps_cpp: 6.2.6 (/opt/ros/humble/share/rmw_fastrtps_cpp/cmake)
-- Found TinyXML2 via Config file: TinyXML2_DIR-NOTFOUND
-- Found TinyXML2 via Config file: TinyXML2_DIR-NOTFOUND
-- Found TinyXML2 via Config file: TinyXML2_DIR-NOTFOUND
-- Found TinyXML2 via Config file: TinyXML2_DIR-NOTFOUND
-- Using RMW implementation 'rmw_fastrtps_cpp' as default
-- Found gazebo_ros: 3.7.0 (/opt/ros/humble/share/gazebo_ros/cmake)
-- Found DART: /usr/include (Required is at least version "6.6") found components: dart 
-- Looking for ignition-math6 -- found version 6.15.1
-- Searching for dependencies of ignition-math6
-- Looking for OGRE...
-- Found Ogre Ghadamon (1.9.0)
-- Found OGRE: optimized;/usr/lib/x86_64-linux-gnu/libOgreMain.so;debug;/usr/lib/x86_64-linux-gnu/libOgreMain.so
-- Looking for OGRE_Paging...
-- Found OGRE_Paging: optimized;/usr/lib/x86_64-linux-gnu/libOgrePaging.so;debug;/usr/lib/x86_64-linux-gnu/libOgrePaging.so
-- Looking for OGRE_Terrain...
-- Found OGRE_Terrain: optimized;/usr/lib/x86_64-linux-gnu/libOgreTerrain.so;debug;/usr/lib/x86_64-linux-gnu/libOgreTerrain.so
-- Looking for OGRE_Property...
-- Found OGRE_Property: optimized;/usr/lib/x86_64-linux-gnu/libOgreProperty.so;debug;/usr/lib/x86_64-linux-gnu/libOgreProperty.so
-- Looking for OGRE_RTShaderSystem...
-- Found OGRE_RTShaderSystem: optimized;/usr/lib/x86_64-linux-gnu/libOgreRTShaderSystem.so;debug;/usr/lib/x86_64-linux-gnu/libOgreRTShaderSystem.so
-- Looking for OGRE_Volume...
-- Found OGRE_Volume: optimized;/usr/lib/x86_64-linux-gnu/libOgreVolume.so;debug;/usr/lib/x86_64-linux-gnu/libOgreVolume.so
-- Looking for OGRE_Overlay...
-- Found OGRE_Overlay: optimized;/usr/lib/x86_64-linux-gnu/libOgreOverlay.so;debug;/usr/lib/x86_64-linux-gnu/libOgreOverlay.so
-- Looking for ignition-math6 -- found version 6.15.1
-- Looking for ignition-transport8 -- found version 8.2.1
-- Searching for dependencies of ignition-transport8
-- Found Protobuf: /usr/lib/x86_64-linux-gnu/libprotobuf.so (found suitable version "3.12.4", minimum required is "3") 
-- Config-file not installed for ZeroMQ -- checking for pkg-config
-- Checking for module 'libzmq >= 4'
--   Found libzmq , version 4.3.4
-- Checking for module 'uuid'
--   Found uuid, version 2.37.2
-- Looking for ignition-msgs5 -- found version 5.8.1
-- Searching for dependencies of ignition-msgs5
-- Looking for ignition-math6 -- found version 6.15.1
-- Checking for module 'tinyxml2'
--   Found tinyxml2, version 9.0.0
-- Looking for ignition-msgs5 -- found version 5.8.1
-- Looking for ignition-common3 -- found version 3.14.0
-- Searching for dependencies of ignition-common3
-- Looking for dlfcn.h - found
-- Looking for libdl - found
-- Searching for <ignition-common3> component [graphics]
-- Looking for ignition-common3-graphics -- found version 3.14.0
-- Searching for dependencies of ignition-common3-graphics
-- Looking for ignition-math6 -- found version 6.15.1
-- Looking for ignition-fuel_tools4 -- found version 4.4.0
-- Searching for dependencies of ignition-fuel_tools4
-- Checking for module 'jsoncpp'
--   Found jsoncpp, version 1.9.5
-- Checking for module 'libzip'
--   Found libzip, version 1.7.3
-- Looking for ignition-common3 -- found version 3.14.0
-- Looking for ignition-math6 -- found version 6.15.1
-- Looking for ignition-msgs5 -- found version 5.8.1
-- Gazebo version: 11.10
-- Found ros_gz: 0.244.14 (/opt/ros/humble/share/ros_gz/cmake)
-- Found ros_gz_bridge: 0.244.14 (/opt/ros/humble/share/ros_gz_bridge/cmake)
-- Found Protobuf: /usr/lib/x86_64-linux-gnu/libprotobuf.so (found version "3.12.4") 
-- Found ros_gz_sim: 0.244.14 (/opt/ros/humble/share/ros_gz_sim/cmake)
-- Found ros_gz_image: 0.244.14 (/opt/ros/humble/share/ros_gz_image/cmake)
-- Found xacro: 2.0.8 (/opt/ros/humble/share/xacro/cmake)
-- Found ament_lint_auto: 0.12.11 (/opt/ros/humble/share/ament_lint_auto/cmake)
-- Added test 'flake8' to check Python code syntax and style conventions
-- Added test 'lint_cmake' to check CMake code style
-- Added test 'pep257' to check Python code against some of the docstring style conventions in PEP 257
-- Added test 'xmllint' to check XML markup files
-- Configuring done
-- Generating done
-- Build files have been written to: /home/casey/flexiv_ros2_ws/build/flexiv_gazebo
Built target ament_cmake_python_copy_flexiv_gazebo
running egg_info
creating flexiv_gazebo.egg-info
writing flexiv_gazebo.egg-info/PKG-INFO
writing dependency_links to flexiv_gazebo.egg-info/dependency_links.txt
writing top-level names to flexiv_gazebo.egg-info/top_level.txt
writing manifest file 'flexiv_gazebo.egg-info/SOURCES.txt'
reading manifest file 'flexiv_gazebo.egg-info/SOURCES.txt'
writing manifest file 'flexiv_gazebo.egg-info/SOURCES.txt'
Built target ament_cmake_python_build_flexiv_gazebo_egg
-- Install configuration: ""
-- Installing: /home/casey/flexiv_ros2_ws/install/flexiv_gazebo/share/flexiv_gazebo/config
-- Installing: /home/casey/flexiv_ros2_ws/install/flexiv_gazebo/share/flexiv_gazebo/config/ros_gz_bridge.yaml
-- Installing: /home/casey/flexiv_ros2_ws/install/flexiv_gazebo/share/flexiv_gazebo/launch
-- Installing: /home/casey/flexiv_ros2_ws/install/flexiv_gazebo/share/flexiv_gazebo/launch/rizon_bringup_gazebo.launch.py
-- Installing: /home/casey/flexiv_ros2_ws/install/flexiv_gazebo/share/flexiv_gazebo/models
-- Installing: /home/casey/flexiv_ros2_ws/install/flexiv_gazebo/share/flexiv_gazebo/scripts
-- Installing: /home/casey/flexiv_ros2_ws/install/flexiv_gazebo/share/flexiv_gazebo/scripts/__init__.py
-- Installing: /home/casey/flexiv_ros2_ws/install/flexiv_gazebo/share/flexiv_gazebo/scripts/publisher_joint_trajectory_controller.py
-- Installing: /home/casey/flexiv_ros2_ws/install/flexiv_gazebo/share/flexiv_gazebo/scripts/sine_sweep_impedance_controller.py
-- Installing: /home/casey/flexiv_ros2_ws/install/flexiv_gazebo/share/flexiv_gazebo/scripts/sine_sweep_position_controller.py
-- Installing: /home/casey/flexiv_ros2_ws/install/flexiv_gazebo/share/flexiv_gazebo/src
-- Installing: /home/casey/flexiv_ros2_ws/install/flexiv_gazebo/share/flexiv_gazebo/urdf
-- Installing: /home/casey/flexiv_ros2_ws/install/flexiv_gazebo/share/flexiv_gazebo/urdf/rizon.urdf.xacro
-- Installing: /home/casey/flexiv_ros2_ws/install/flexiv_gazebo/share/flexiv_gazebo/urdf/rizon_macro.xacro
-- Installing: /home/casey/flexiv_ros2_ws/install/flexiv_gazebo/share/flexiv_gazebo/urdf/rizon10_joints_links.xacro
-- Installing: /home/casey/flexiv_ros2_ws/install/flexiv_gazebo/share/flexiv_gazebo/urdf/rizon4.ros2_control.xacro
-- Installing: /home/casey/flexiv_ros2_ws/install/flexiv_gazebo/share/flexiv_gazebo/urdf/rizon4_joints_links.xacro
-- Installing: /home/casey/flexiv_ros2_ws/install/flexiv_gazebo/share/flexiv_gazebo/urdf/rizon10.ros2_control.xacro
-- Installing: /home/casey/flexiv_ros2_ws/install/flexiv_gazebo/share/flexiv_gazebo/urdf/flexiv_arm.materials.xacro
-- Installing: /home/casey/flexiv_ros2_ws/install/flexiv_gazebo/share/flexiv_gazebo/worlds
-- Installing: /home/casey/flexiv_ros2_ws/install/flexiv_gazebo/share/flexiv_gazebo/worlds/empty.world
-- Installing: /home/casey/flexiv_ros2_ws/install/flexiv_gazebo/include
-- Installing: /home/casey/flexiv_ros2_ws/install/flexiv_gazebo/include/flexiv_gazebo
-- Installing: /home/casey/flexiv_ros2_ws/install/flexiv_gazebo/share/flexiv_gazebo/environment/pythonpath.sh
-- Installing: /home/casey/flexiv_ros2_ws/install/flexiv_gazebo/share/flexiv_gazebo/environment/pythonpath.dsv
-- Installing: /home/casey/flexiv_ros2_ws/install/flexiv_gazebo/local/lib/python3.10/dist-packages/flexiv_gazebo-0.0.0-py3.10.egg-info
-- Installing: /home/casey/flexiv_ros2_ws/install/flexiv_gazebo/local/lib/python3.10/dist-packages/flexiv_gazebo-0.0.0-py3.10.egg-info/PKG-INFO
-- Installing: /home/casey/flexiv_ros2_ws/install/flexiv_gazebo/local/lib/python3.10/dist-packages/flexiv_gazebo-0.0.0-py3.10.egg-info/SOURCES.txt
-- Installing: /home/casey/flexiv_ros2_ws/install/flexiv_gazebo/local/lib/python3.10/dist-packages/flexiv_gazebo-0.0.0-py3.10.egg-info/top_level.txt
-- Installing: /home/casey/flexiv_ros2_ws/install/flexiv_gazebo/local/lib/python3.10/dist-packages/flexiv_gazebo-0.0.0-py3.10.egg-info/dependency_links.txt
-- Installing: /home/casey/flexiv_ros2_ws/install/flexiv_gazebo/local/lib/python3.10/dist-packages/flexiv_gazebo
-- Installing: /home/casey/flexiv_ros2_ws/install/flexiv_gazebo/local/lib/python3.10/dist-packages/flexiv_gazebo/__init__.py
Listing '/home/casey/flexiv_ros2_ws/install/flexiv_gazebo/local/lib/python3.10/dist-packages/flexiv_gazebo'...
Compiling '/home/casey/flexiv_ros2_ws/install/flexiv_gazebo/local/lib/python3.10/dist-packages/flexiv_gazebo/__init__.py'...
-- Installing: /home/casey/flexiv_ros2_ws/install/flexiv_gazebo/lib/flexiv_gazebo/publisher_joint_trajectory_controller.py
-- Installing: /home/casey/flexiv_ros2_ws/install/flexiv_gazebo/lib/flexiv_gazebo/sine_sweep_impedance_controller.py
-- Installing: /home/casey/flexiv_ros2_ws/install/flexiv_gazebo/lib/flexiv_gazebo/sine_sweep_position_controller.py
-- Installing: /home/casey/flexiv_ros2_ws/install/flexiv_gazebo/share/ament_index/resource_index/package_run_dependencies/flexiv_gazebo
-- Installing: /home/casey/flexiv_ros2_ws/install/flexiv_gazebo/share/ament_index/resource_index/parent_prefix_path/flexiv_gazebo
-- Installing: /home/casey/flexiv_ros2_ws/install/flexiv_gazebo/share/flexiv_gazebo/environment/ament_prefix_path.sh
-- Installing: /home/casey/flexiv_ros2_ws/install/flexiv_gazebo/share/flexiv_gazebo/environment/ament_prefix_path.dsv
-- Installing: /home/casey/flexiv_ros2_ws/install/flexiv_gazebo/share/flexiv_gazebo/environment/path.sh
-- Installing: /home/casey/flexiv_ros2_ws/install/flexiv_gazebo/share/flexiv_gazebo/environment/path.dsv
-- Installing: /home/casey/flexiv_ros2_ws/install/flexiv_gazebo/share/flexiv_gazebo/local_setup.bash
-- Installing: /home/casey/flexiv_ros2_ws/install/flexiv_gazebo/share/flexiv_gazebo/local_setup.sh
-- Installing: /home/casey/flexiv_ros2_ws/install/flexiv_gazebo/share/flexiv_gazebo/local_setup.zsh
-- Installing: /home/casey/flexiv_ros2_ws/install/flexiv_gazebo/share/flexiv_gazebo/local_setup.dsv
-- Installing: /home/casey/flexiv_ros2_ws/install/flexiv_gazebo/share/flexiv_gazebo/package.dsv
-- Installing: /home/casey/flexiv_ros2_ws/install/flexiv_gazebo/share/ament_index/resource_index/packages/flexiv_gazebo
-- Installing: /home/casey/flexiv_ros2_ws/install/flexiv_gazebo/share/flexiv_gazebo/cmake/flexiv_gazeboConfig.cmake
-- Installing: /home/casey/flexiv_ros2_ws/install/flexiv_gazebo/share/flexiv_gazebo/cmake/flexiv_gazeboConfig-version.cmake
-- Installing: /home/casey/flexiv_ros2_ws/install/flexiv_gazebo/share/flexiv_gazebo/package.xml
