[0.210s] Invoking command in '/home/casey/flexiv_ros2_ws/build/flexiv_gazebo': CMAKE_PREFIX_PATH=${CMAKE_PREFIX_PATH}:/home/casey/flexiv_ros2_ws/install/flexiv_test_nodes:/opt/ros/humble /usr/bin/cmake /home/casey/flexiv_ros2_ws/src/flexiv_ros2/flexiv_gazebo -DCMAKE_INSTALL_PREFIX=/home/casey/flexiv_ros2_ws/install/flexiv_gazebo
[0.222s] -- Found ament_cmake: 1.3.9 (/opt/ros/humble/share/ament_cmake/cmake)
[0.327s] -- Found controller_manager: 2.41.0 (/opt/ros/humble/share/controller_manager/cmake)
[0.349s] -- Found rosidl_generator_c: 3.1.5 (/opt/ros/humble/share/rosidl_generator_c/cmake)
[0.350s] -- Found rosidl_adapter: 3.1.5 (/opt/ros/humble/share/rosidl_adapter/cmake)
[0.355s] -- Found rosidl_generator_cpp: 3.1.5 (/opt/ros/humble/share/rosidl_generator_cpp/cmake)
[0.362s] -- Using all available rosidl_typesupport_c: rosidl_typesupport_fastrtps_c;rosidl_typesupport_introspection_c
[0.372s] -- Using all available rosidl_typesupport_cpp: rosidl_typesupport_fastrtps_cpp;rosidl_typesupport_introspection_cpp
[0.763s] -- Found rmw_implementation_cmake: 6.1.2 (/opt/ros/humble/share/rmw_implementation_cmake/cmake)
[0.764s] -- Found rmw_fastrtps_cpp: 6.2.6 (/opt/ros/humble/share/rmw_fastrtps_cpp/cmake)
[0.780s] -- Found TinyXML2 via Config file: TinyXML2_DIR-NOTFOUND
[0.787s] -- Found TinyXML2 via Config file: TinyXML2_DIR-NOTFOUND
[0.805s] -- Found TinyXML2 via Config file: TinyXML2_DIR-NOTFOUND
[0.812s] -- Found TinyXML2 via Config file: TinyXML2_DIR-NOTFOUND
[0.827s] -- Using RMW implementation 'rmw_fastrtps_cpp' as default
[1.212s] -- Found gazebo_ros: 3.7.0 (/opt/ros/humble/share/gazebo_ros/cmake)
[1.240s] -- Found DART: /usr/include (Required is at least version "6.6") found components: dart 
[1.264s] -- Looking for ignition-math6 -- found version 6.15.1
[1.266s] -- Searching for dependencies of ignition-math6
[1.267s] -- Looking for OGRE...
[1.271s] -- Found Ogre Ghadamon (1.9.0)
[1.272s] -- Found OGRE: optimized;/usr/lib/x86_64-linux-gnu/libOgreMain.so;debug;/usr/lib/x86_64-linux-gnu/libOgreMain.so
[1.277s] -- Looking for OGRE_Paging...
[1.277s] -- Found OGRE_Paging: optimized;/usr/lib/x86_64-linux-gnu/libOgrePaging.so;debug;/usr/lib/x86_64-linux-gnu/libOgrePaging.so
[1.277s] -- Looking for OGRE_Terrain...
[1.278s] -- Found OGRE_Terrain: optimized;/usr/lib/x86_64-linux-gnu/libOgreTerrain.so;debug;/usr/lib/x86_64-linux-gnu/libOgreTerrain.so
[1.278s] -- Looking for OGRE_Property...
[1.278s] -- Found OGRE_Property: optimized;/usr/lib/x86_64-linux-gnu/libOgreProperty.so;debug;/usr/lib/x86_64-linux-gnu/libOgreProperty.so
[1.278s] -- Looking for OGRE_RTShaderSystem...
[1.278s] -- Found OGRE_RTShaderSystem: optimized;/usr/lib/x86_64-linux-gnu/libOgreRTShaderSystem.so;debug;/usr/lib/x86_64-linux-gnu/libOgreRTShaderSystem.so
[1.278s] -- Looking for OGRE_Volume...
[1.278s] -- Found OGRE_Volume: optimized;/usr/lib/x86_64-linux-gnu/libOgreVolume.so;debug;/usr/lib/x86_64-linux-gnu/libOgreVolume.so
[1.278s] -- Looking for OGRE_Overlay...
[1.278s] -- Found OGRE_Overlay: optimized;/usr/lib/x86_64-linux-gnu/libOgreOverlay.so;debug;/usr/lib/x86_64-linux-gnu/libOgreOverlay.so
[1.356s] -- Looking for ignition-math6 -- found version 6.15.1
[1.356s] -- Looking for ignition-transport8 -- found version 8.2.1
[1.356s] -- Searching for dependencies of ignition-transport8
[1.374s] -- Found Protobuf: /usr/lib/x86_64-linux-gnu/libprotobuf.so (found suitable version "3.12.4", minimum required is "3") 
[1.383s] -- Config-file not installed for ZeroMQ -- checking for pkg-config
[1.388s] -- Checking for module 'libzmq >= 4'
[1.403s] --   Found libzmq , version 4.3.4
[1.458s] -- Checking for module 'uuid'
[1.472s] --   Found uuid, version 2.37.2
[1.510s] -- Looking for ignition-msgs5 -- found version 5.8.1
[1.510s] -- Searching for dependencies of ignition-msgs5
[1.531s] -- Looking for ignition-math6 -- found version 6.15.1
[1.537s] -- Checking for module 'tinyxml2'
[1.556s] --   Found tinyxml2, version 9.0.0
[1.602s] -- Looking for ignition-msgs5 -- found version 5.8.1
[1.602s] -- Looking for ignition-common3 -- found version 3.14.0
[1.602s] -- Searching for dependencies of ignition-common3
[1.602s] -- Looking for dlfcn.h - found
[1.603s] -- Looking for libdl - found
[1.616s] -- Searching for <ignition-common3> component [graphics]
[1.616s] -- Looking for ignition-common3-graphics -- found version 3.14.0
[1.616s] -- Searching for dependencies of ignition-common3-graphics
[1.617s] -- Looking for ignition-math6 -- found version 6.15.1
[1.617s] -- Looking for ignition-fuel_tools4 -- found version 4.4.0
[1.617s] -- Searching for dependencies of ignition-fuel_tools4
[1.655s] -- Checking for module 'jsoncpp'
[1.670s] --   Found jsoncpp, version 1.9.5
[1.716s] -- Checking for module 'libzip'
[1.737s] --   Found libzip, version 1.7.3
[1.783s] -- Looking for ignition-common3 -- found version 3.14.0
[1.784s] -- Looking for ignition-math6 -- found version 6.15.1
[1.784s] -- Looking for ignition-msgs5 -- found version 5.8.1
[1.784s] -- Gazebo version: 11.10
[1.788s] -- Found ros_gz: 0.244.14 (/opt/ros/humble/share/ros_gz/cmake)
[1.788s] -- Found ros_gz_bridge: 0.244.14 (/opt/ros/humble/share/ros_gz_bridge/cmake)
[1.936s] -- Found Protobuf: /usr/lib/x86_64-linux-gnu/libprotobuf.so (found version "3.12.4") 
[2.393s] -- Found ros_gz_sim: 0.244.14 (/opt/ros/humble/share/ros_gz_sim/cmake)
[2.394s] -- Found ros_gz_image: 0.244.14 (/opt/ros/humble/share/ros_gz_image/cmake)
[2.394s] -- Found xacro: 2.0.8 (/opt/ros/humble/share/xacro/cmake)
[2.438s] -- Found ament_lint_auto: 0.12.11 (/opt/ros/humble/share/ament_lint_auto/cmake)
[2.492s] -- Added test 'flake8' to check Python code syntax and style conventions
[2.493s] -- Added test 'lint_cmake' to check CMake code style
[2.493s] -- Added test 'pep257' to check Python code against some of the docstring style conventions in PEP 257
[2.494s] -- Added test 'xmllint' to check XML markup files
[2.495s] -- Configuring done
[2.501s] -- Generating done
[2.503s] -- Build files have been written to: /home/casey/flexiv_ros2_ws/build/flexiv_gazebo
[2.512s] Invoked command in '/home/casey/flexiv_ros2_ws/build/flexiv_gazebo' returned '0': CMAKE_PREFIX_PATH=${CMAKE_PREFIX_PATH}:/home/casey/flexiv_ros2_ws/install/flexiv_test_nodes:/opt/ros/humble /usr/bin/cmake /home/casey/flexiv_ros2_ws/src/flexiv_ros2/flexiv_gazebo -DCMAKE_INSTALL_PREFIX=/home/casey/flexiv_ros2_ws/install/flexiv_gazebo
[2.514s] Invoking command in '/home/casey/flexiv_ros2_ws/build/flexiv_gazebo': CMAKE_PREFIX_PATH=${CMAKE_PREFIX_PATH}:/home/casey/flexiv_ros2_ws/install/flexiv_test_nodes:/opt/ros/humble /usr/bin/cmake --build /home/casey/flexiv_ros2_ws/build/flexiv_gazebo -- -j16 -l16
[2.571s] Built target ament_cmake_python_copy_flexiv_gazebo
[2.685s] running egg_info
[2.685s] creating flexiv_gazebo.egg-info
[2.691s] writing flexiv_gazebo.egg-info/PKG-INFO
[2.691s] writing dependency_links to flexiv_gazebo.egg-info/dependency_links.txt
[2.691s] writing top-level names to flexiv_gazebo.egg-info/top_level.txt
[2.692s] writing manifest file 'flexiv_gazebo.egg-info/SOURCES.txt'
[2.709s] reading manifest file 'flexiv_gazebo.egg-info/SOURCES.txt'
[2.709s] writing manifest file 'flexiv_gazebo.egg-info/SOURCES.txt'
[2.733s] Built target ament_cmake_python_build_flexiv_gazebo_egg
[2.744s] Invoked command in '/home/casey/flexiv_ros2_ws/build/flexiv_gazebo' returned '0': CMAKE_PREFIX_PATH=${CMAKE_PREFIX_PATH}:/home/casey/flexiv_ros2_ws/install/flexiv_test_nodes:/opt/ros/humble /usr/bin/cmake --build /home/casey/flexiv_ros2_ws/build/flexiv_gazebo -- -j16 -l16
[2.777s] Invoking command in '/home/casey/flexiv_ros2_ws/build/flexiv_gazebo': CMAKE_PREFIX_PATH=${CMAKE_PREFIX_PATH}:/home/casey/flexiv_ros2_ws/install/flexiv_test_nodes:/opt/ros/humble /usr/bin/cmake --install /home/casey/flexiv_ros2_ws/build/flexiv_gazebo
[2.784s] -- Install configuration: ""
[2.784s] -- Installing: /home/casey/flexiv_ros2_ws/install/flexiv_gazebo/share/flexiv_gazebo/config
[2.784s] -- Installing: /home/casey/flexiv_ros2_ws/install/flexiv_gazebo/share/flexiv_gazebo/config/ros_gz_bridge.yaml
[2.784s] -- Installing: /home/casey/flexiv_ros2_ws/install/flexiv_gazebo/share/flexiv_gazebo/launch
[2.784s] -- Installing: /home/casey/flexiv_ros2_ws/install/flexiv_gazebo/share/flexiv_gazebo/launch/rizon_bringup_gazebo.launch.py
[2.784s] -- Installing: /home/casey/flexiv_ros2_ws/install/flexiv_gazebo/share/flexiv_gazebo/models
[2.784s] -- Installing: /home/casey/flexiv_ros2_ws/install/flexiv_gazebo/share/flexiv_gazebo/scripts
[2.784s] -- Installing: /home/casey/flexiv_ros2_ws/install/flexiv_gazebo/share/flexiv_gazebo/scripts/__init__.py
[2.784s] -- Installing: /home/casey/flexiv_ros2_ws/install/flexiv_gazebo/share/flexiv_gazebo/scripts/publisher_joint_trajectory_controller.py
[2.784s] -- Installing: /home/casey/flexiv_ros2_ws/install/flexiv_gazebo/share/flexiv_gazebo/scripts/sine_sweep_impedance_controller.py
[2.784s] -- Installing: /home/casey/flexiv_ros2_ws/install/flexiv_gazebo/share/flexiv_gazebo/scripts/sine_sweep_position_controller.py
[2.785s] -- Installing: /home/casey/flexiv_ros2_ws/install/flexiv_gazebo/share/flexiv_gazebo/src
[2.785s] -- Installing: /home/casey/flexiv_ros2_ws/install/flexiv_gazebo/share/flexiv_gazebo/urdf
[2.785s] -- Installing: /home/casey/flexiv_ros2_ws/install/flexiv_gazebo/share/flexiv_gazebo/urdf/rizon.urdf.xacro
[2.785s] -- Installing: /home/casey/flexiv_ros2_ws/install/flexiv_gazebo/share/flexiv_gazebo/urdf/rizon_macro.xacro
[2.785s] -- Installing: /home/casey/flexiv_ros2_ws/install/flexiv_gazebo/share/flexiv_gazebo/urdf/rizon10_joints_links.xacro
[2.785s] -- Installing: /home/casey/flexiv_ros2_ws/install/flexiv_gazebo/share/flexiv_gazebo/urdf/rizon4.ros2_control.xacro
[2.785s] -- Installing: /home/casey/flexiv_ros2_ws/install/flexiv_gazebo/share/flexiv_gazebo/urdf/rizon4_joints_links.xacro
[2.785s] -- Installing: /home/casey/flexiv_ros2_ws/install/flexiv_gazebo/share/flexiv_gazebo/urdf/rizon10.ros2_control.xacro
[2.785s] -- Installing: /home/casey/flexiv_ros2_ws/install/flexiv_gazebo/share/flexiv_gazebo/urdf/flexiv_arm.materials.xacro
[2.785s] -- Installing: /home/casey/flexiv_ros2_ws/install/flexiv_gazebo/share/flexiv_gazebo/worlds
[2.785s] -- Installing: /home/casey/flexiv_ros2_ws/install/flexiv_gazebo/share/flexiv_gazebo/worlds/empty.world
[2.785s] -- Installing: /home/casey/flexiv_ros2_ws/install/flexiv_gazebo/include
[2.785s] -- Installing: /home/casey/flexiv_ros2_ws/install/flexiv_gazebo/include/flexiv_gazebo
[2.785s] -- Installing: /home/casey/flexiv_ros2_ws/install/flexiv_gazebo/share/flexiv_gazebo/environment/pythonpath.sh
[2.785s] -- Installing: /home/casey/flexiv_ros2_ws/install/flexiv_gazebo/share/flexiv_gazebo/environment/pythonpath.dsv
[2.785s] -- Installing: /home/casey/flexiv_ros2_ws/install/flexiv_gazebo/local/lib/python3.10/dist-packages/flexiv_gazebo-0.0.0-py3.10.egg-info
[2.785s] -- Installing: /home/casey/flexiv_ros2_ws/install/flexiv_gazebo/local/lib/python3.10/dist-packages/flexiv_gazebo-0.0.0-py3.10.egg-info/PKG-INFO
[2.785s] -- Installing: /home/casey/flexiv_ros2_ws/install/flexiv_gazebo/local/lib/python3.10/dist-packages/flexiv_gazebo-0.0.0-py3.10.egg-info/SOURCES.txt
[2.785s] -- Installing: /home/casey/flexiv_ros2_ws/install/flexiv_gazebo/local/lib/python3.10/dist-packages/flexiv_gazebo-0.0.0-py3.10.egg-info/top_level.txt
[2.785s] -- Installing: /home/casey/flexiv_ros2_ws/install/flexiv_gazebo/local/lib/python3.10/dist-packages/flexiv_gazebo-0.0.0-py3.10.egg-info/dependency_links.txt
[2.785s] -- Installing: /home/casey/flexiv_ros2_ws/install/flexiv_gazebo/local/lib/python3.10/dist-packages/flexiv_gazebo
[2.785s] -- Installing: /home/casey/flexiv_ros2_ws/install/flexiv_gazebo/local/lib/python3.10/dist-packages/flexiv_gazebo/__init__.py
[2.804s] Listing '/home/casey/flexiv_ros2_ws/install/flexiv_gazebo/local/lib/python3.10/dist-packages/flexiv_gazebo'...
[2.804s] Compiling '/home/casey/flexiv_ros2_ws/install/flexiv_gazebo/local/lib/python3.10/dist-packages/flexiv_gazebo/__init__.py'...
[2.807s] -- Installing: /home/casey/flexiv_ros2_ws/install/flexiv_gazebo/lib/flexiv_gazebo/publisher_joint_trajectory_controller.py
[2.807s] -- Installing: /home/casey/flexiv_ros2_ws/install/flexiv_gazebo/lib/flexiv_gazebo/sine_sweep_impedance_controller.py
[2.807s] -- Installing: /home/casey/flexiv_ros2_ws/install/flexiv_gazebo/lib/flexiv_gazebo/sine_sweep_position_controller.py
[2.807s] -- Installing: /home/casey/flexiv_ros2_ws/install/flexiv_gazebo/share/ament_index/resource_index/package_run_dependencies/flexiv_gazebo
[2.807s] -- Installing: /home/casey/flexiv_ros2_ws/install/flexiv_gazebo/share/ament_index/resource_index/parent_prefix_path/flexiv_gazebo
[2.807s] -- Installing: /home/casey/flexiv_ros2_ws/install/flexiv_gazebo/share/flexiv_gazebo/environment/ament_prefix_path.sh
[2.808s] -- Installing: /home/casey/flexiv_ros2_ws/install/flexiv_gazebo/share/flexiv_gazebo/environment/ament_prefix_path.dsv
[2.808s] -- Installing: /home/casey/flexiv_ros2_ws/install/flexiv_gazebo/share/flexiv_gazebo/environment/path.sh
[2.808s] -- Installing: /home/casey/flexiv_ros2_ws/install/flexiv_gazebo/share/flexiv_gazebo/environment/path.dsv
[2.808s] -- Installing: /home/casey/flexiv_ros2_ws/install/flexiv_gazebo/share/flexiv_gazebo/local_setup.bash
[2.808s] -- Installing: /home/casey/flexiv_ros2_ws/install/flexiv_gazebo/share/flexiv_gazebo/local_setup.sh
[2.808s] -- Installing: /home/casey/flexiv_ros2_ws/install/flexiv_gazebo/share/flexiv_gazebo/local_setup.zsh
[2.808s] -- Installing: /home/casey/flexiv_ros2_ws/install/flexiv_gazebo/share/flexiv_gazebo/local_setup.dsv
[2.808s] -- Installing: /home/casey/flexiv_ros2_ws/install/flexiv_gazebo/share/flexiv_gazebo/package.dsv
[2.808s] -- Installing: /home/casey/flexiv_ros2_ws/install/flexiv_gazebo/share/ament_index/resource_index/packages/flexiv_gazebo
[2.809s] -- Installing: /home/casey/flexiv_ros2_ws/install/flexiv_gazebo/share/flexiv_gazebo/cmake/flexiv_gazeboConfig.cmake
[2.810s] -- Installing: /home/casey/flexiv_ros2_ws/install/flexiv_gazebo/share/flexiv_gazebo/cmake/flexiv_gazeboConfig-version.cmake
[2.811s] -- Installing: /home/casey/flexiv_ros2_ws/install/flexiv_gazebo/share/flexiv_gazebo/package.xml
[2.814s] Invoked command in '/home/casey/flexiv_ros2_ws/build/flexiv_gazebo' returned '0': CMAKE_PREFIX_PATH=${CMAKE_PREFIX_PATH}:/home/casey/flexiv_ros2_ws/install/flexiv_test_nodes:/opt/ros/humble /usr/bin/cmake --install /home/casey/flexiv_ros2_ws/build/flexiv_gazebo
