[0.062s] DEBUG:colcon:Command line arguments: ['/usr/bin/colcon', 'build']
[0.062s] DEBUG:colcon:Parsed command line arguments: Namespace(log_base=None, log_level=None, verb_name='build', build_base='build', install_base='install', merge_install=False, symlink_install=False, test_result_base=None, continue_on_error=False, executor='parallel', parallel_workers=16, event_handlers=None, ignore_user_meta=False, metas=['./colcon.meta'], base_paths=['.'], packages_ignore=None, packages_ignore_regex=None, paths=None, packages_up_to=None, packages_up_to_regex=None, packages_above=None, packages_above_and_dependencies=None, packages_above_depth=None, packages_select_by_dep=None, packages_skip_by_dep=None, packages_skip_up_to=None, packages_select_build_failed=False, packages_skip_build_finished=False, packages_select_test_failures=False, packages_skip_test_passed=False, packages_select=None, packages_skip=None, packages_select_regex=None, packages_skip_regex=None, packages_start=None, packages_end=None, allow_overriding=[], cmake_args=None, cmake_target=None, cmake_target_skip_unavailable=False, cmake_clean_cache=False, cmake_clean_first=False, cmake_force_configure=False, ament_cmake_args=None, catkin_cmake_args=None, catkin_skip_building_tests=False, verb_parser=<colcon_defaults.argument_parser.defaults.DefaultArgumentsDecorator object at 0x7081751344f0>, verb_extension=<colcon_core.verb.build.BuildVerb object at 0x7081752310c0>, main=<bound method BuildVerb.main of <colcon_core.verb.build.BuildVerb object at 0x7081752310c0>>)
[0.084s] Level 1:colcon.colcon_core.package_discovery:discover_packages(colcon_meta) check parameters
[0.084s] Level 1:colcon.colcon_core.package_discovery:discover_packages(recursive) check parameters
[0.084s] Level 1:colcon.colcon_core.package_discovery:discover_packages(ignore) check parameters
[0.084s] Level 1:colcon.colcon_core.package_discovery:discover_packages(path) check parameters
[0.084s] Level 1:colcon.colcon_core.package_discovery:discover_packages(colcon_meta) discover
[0.084s] Level 1:colcon.colcon_core.package_discovery:discover_packages(recursive) discover
[0.084s] INFO:colcon.colcon_core.package_discovery:Crawling recursively for packages in '/home/casey/flexiv_ros2_ws'
[0.084s] Level 1:colcon.colcon_core.package_identification:_identify(.) by extensions ['ignore', 'ignore_ament_install']
[0.084s] Level 1:colcon.colcon_core.package_identification:_identify(.) by extension 'ignore'
[0.084s] Level 1:colcon.colcon_core.package_identification:_identify(.) by extension 'ignore_ament_install'
[0.084s] Level 1:colcon.colcon_core.package_identification:_identify(.) by extensions ['colcon_pkg']
[0.084s] Level 1:colcon.colcon_core.package_identification:_identify(.) by extension 'colcon_pkg'
[0.084s] Level 1:colcon.colcon_core.package_identification:_identify(.) by extensions ['colcon_meta']
[0.084s] Level 1:colcon.colcon_core.package_identification:_identify(.) by extension 'colcon_meta'
[0.084s] Level 1:colcon.colcon_core.package_identification:_identify(.) by extensions ['ros']
[0.084s] Level 1:colcon.colcon_core.package_identification:_identify(.) by extension 'ros'
[0.093s] Level 1:colcon.colcon_core.package_identification:_identify(.) by extensions ['cmake', 'python']
[0.093s] Level 1:colcon.colcon_core.package_identification:_identify(.) by extension 'cmake'
[0.093s] Level 1:colcon.colcon_core.package_identification:_identify(.) by extension 'python'
[0.093s] Level 1:colcon.colcon_core.package_identification:_identify(.) by extensions ['python_setup_py']
[0.093s] Level 1:colcon.colcon_core.package_identification:_identify(.) by extension 'python_setup_py'
[0.093s] Level 1:colcon.colcon_core.package_identification:_identify(build) by extensions ['ignore', 'ignore_ament_install']
[0.093s] Level 1:colcon.colcon_core.package_identification:_identify(build) by extension 'ignore'
[0.093s] Level 1:colcon.colcon_core.package_identification:_identify(build) ignored
[0.093s] Level 1:colcon.colcon_core.package_identification:_identify(install) by extensions ['ignore', 'ignore_ament_install']
[0.093s] Level 1:colcon.colcon_core.package_identification:_identify(install) by extension 'ignore'
[0.093s] Level 1:colcon.colcon_core.package_identification:_identify(install) ignored
[0.093s] Level 1:colcon.colcon_core.package_identification:_identify(log) by extensions ['ignore', 'ignore_ament_install']
[0.093s] Level 1:colcon.colcon_core.package_identification:_identify(log) by extension 'ignore'
[0.094s] Level 1:colcon.colcon_core.package_identification:_identify(log) ignored
[0.094s] Level 1:colcon.colcon_core.package_identification:_identify(src) by extensions ['ignore', 'ignore_ament_install']
[0.094s] Level 1:colcon.colcon_core.package_identification:_identify(src) by extension 'ignore'
[0.094s] Level 1:colcon.colcon_core.package_identification:_identify(src) by extension 'ignore_ament_install'
[0.094s] Level 1:colcon.colcon_core.package_identification:_identify(src) by extensions ['colcon_pkg']
[0.094s] Level 1:colcon.colcon_core.package_identification:_identify(src) by extension 'colcon_pkg'
[0.094s] Level 1:colcon.colcon_core.package_identification:_identify(src) by extensions ['colcon_meta']
[0.094s] Level 1:colcon.colcon_core.package_identification:_identify(src) by extension 'colcon_meta'
[0.094s] Level 1:colcon.colcon_core.package_identification:_identify(src) by extensions ['ros']
[0.094s] Level 1:colcon.colcon_core.package_identification:_identify(src) by extension 'ros'
[0.094s] Level 1:colcon.colcon_core.package_identification:_identify(src) by extensions ['cmake', 'python']
[0.094s] Level 1:colcon.colcon_core.package_identification:_identify(src) by extension 'cmake'
[0.094s] Level 1:colcon.colcon_core.package_identification:_identify(src) by extension 'python'
[0.094s] Level 1:colcon.colcon_core.package_identification:_identify(src) by extensions ['python_setup_py']
[0.094s] Level 1:colcon.colcon_core.package_identification:_identify(src) by extension 'python_setup_py'
[0.094s] Level 1:colcon.colcon_core.package_identification:_identify(src/flexiv_ros2) by extensions ['ignore', 'ignore_ament_install']
[0.094s] Level 1:colcon.colcon_core.package_identification:_identify(src/flexiv_ros2) by extension 'ignore'
[0.094s] Level 1:colcon.colcon_core.package_identification:_identify(src/flexiv_ros2) by extension 'ignore_ament_install'
[0.094s] Level 1:colcon.colcon_core.package_identification:_identify(src/flexiv_ros2) by extensions ['colcon_pkg']
[0.094s] Level 1:colcon.colcon_core.package_identification:_identify(src/flexiv_ros2) by extension 'colcon_pkg'
[0.094s] Level 1:colcon.colcon_core.package_identification:_identify(src/flexiv_ros2) by extensions ['colcon_meta']
[0.094s] Level 1:colcon.colcon_core.package_identification:_identify(src/flexiv_ros2) by extension 'colcon_meta'
[0.094s] Level 1:colcon.colcon_core.package_identification:_identify(src/flexiv_ros2) by extensions ['ros']
[0.094s] Level 1:colcon.colcon_core.package_identification:_identify(src/flexiv_ros2) by extension 'ros'
[0.094s] Level 1:colcon.colcon_core.package_identification:_identify(src/flexiv_ros2) by extensions ['cmake', 'python']
[0.094s] Level 1:colcon.colcon_core.package_identification:_identify(src/flexiv_ros2) by extension 'cmake'
[0.094s] Level 1:colcon.colcon_core.package_identification:_identify(src/flexiv_ros2) by extension 'python'
[0.094s] Level 1:colcon.colcon_core.package_identification:_identify(src/flexiv_ros2) by extensions ['python_setup_py']
[0.094s] Level 1:colcon.colcon_core.package_identification:_identify(src/flexiv_ros2) by extension 'python_setup_py'
[0.094s] Level 1:colcon.colcon_core.package_identification:_identify(src/flexiv_ros2/flexiv_bringup) by extensions ['ignore', 'ignore_ament_install']
[0.094s] Level 1:colcon.colcon_core.package_identification:_identify(src/flexiv_ros2/flexiv_bringup) by extension 'ignore'
[0.094s] Level 1:colcon.colcon_core.package_identification:_identify(src/flexiv_ros2/flexiv_bringup) by extension 'ignore_ament_install'
[0.094s] Level 1:colcon.colcon_core.package_identification:_identify(src/flexiv_ros2/flexiv_bringup) by extensions ['colcon_pkg']
[0.094s] Level 1:colcon.colcon_core.package_identification:_identify(src/flexiv_ros2/flexiv_bringup) by extension 'colcon_pkg'
[0.094s] Level 1:colcon.colcon_core.package_identification:_identify(src/flexiv_ros2/flexiv_bringup) by extensions ['colcon_meta']
[0.094s] Level 1:colcon.colcon_core.package_identification:_identify(src/flexiv_ros2/flexiv_bringup) by extension 'colcon_meta'
[0.094s] Level 1:colcon.colcon_core.package_identification:_identify(src/flexiv_ros2/flexiv_bringup) by extensions ['ros']
[0.094s] Level 1:colcon.colcon_core.package_identification:_identify(src/flexiv_ros2/flexiv_bringup) by extension 'ros'
[0.096s] DEBUG:colcon.colcon_core.package_identification:Package 'src/flexiv_ros2/flexiv_bringup' with type 'ros.ament_cmake' and name 'flexiv_bringup'
[0.096s] Level 1:colcon.colcon_core.package_identification:_identify(src/flexiv_ros2/flexiv_controllers) by extensions ['ignore', 'ignore_ament_install']
[0.096s] Level 1:colcon.colcon_core.package_identification:_identify(src/flexiv_ros2/flexiv_controllers) by extension 'ignore'
[0.096s] Level 1:colcon.colcon_core.package_identification:_identify(src/flexiv_ros2/flexiv_controllers) by extension 'ignore_ament_install'
[0.096s] Level 1:colcon.colcon_core.package_identification:_identify(src/flexiv_ros2/flexiv_controllers) by extensions ['colcon_pkg']
[0.096s] Level 1:colcon.colcon_core.package_identification:_identify(src/flexiv_ros2/flexiv_controllers) by extension 'colcon_pkg'
[0.096s] Level 1:colcon.colcon_core.package_identification:_identify(src/flexiv_ros2/flexiv_controllers) by extensions ['colcon_meta']
[0.096s] Level 1:colcon.colcon_core.package_identification:_identify(src/flexiv_ros2/flexiv_controllers) by extension 'colcon_meta'
[0.096s] Level 1:colcon.colcon_core.package_identification:_identify(src/flexiv_ros2/flexiv_controllers) by extensions ['ros']
[0.096s] Level 1:colcon.colcon_core.package_identification:_identify(src/flexiv_ros2/flexiv_controllers) by extension 'ros'
[0.096s] DEBUG:colcon.colcon_core.package_identification:Package 'src/flexiv_ros2/flexiv_controllers' with type 'ros.ament_cmake' and name 'flexiv_controllers'
[0.096s] Level 1:colcon.colcon_core.package_identification:_identify(src/flexiv_ros2/flexiv_description) by extensions ['ignore', 'ignore_ament_install']
[0.096s] Level 1:colcon.colcon_core.package_identification:_identify(src/flexiv_ros2/flexiv_description) by extension 'ignore'
[0.096s] Level 1:colcon.colcon_core.package_identification:_identify(src/flexiv_ros2/flexiv_description) by extension 'ignore_ament_install'
[0.096s] Level 1:colcon.colcon_core.package_identification:_identify(src/flexiv_ros2/flexiv_description) by extensions ['colcon_pkg']
[0.096s] Level 1:colcon.colcon_core.package_identification:_identify(src/flexiv_ros2/flexiv_description) by extension 'colcon_pkg'
[0.096s] Level 1:colcon.colcon_core.package_identification:_identify(src/flexiv_ros2/flexiv_description) by extensions ['colcon_meta']
[0.096s] Level 1:colcon.colcon_core.package_identification:_identify(src/flexiv_ros2/flexiv_description) by extension 'colcon_meta'
[0.096s] Level 1:colcon.colcon_core.package_identification:_identify(src/flexiv_ros2/flexiv_description) by extensions ['ros']
[0.096s] Level 1:colcon.colcon_core.package_identification:_identify(src/flexiv_ros2/flexiv_description) by extension 'ros'
[0.097s] DEBUG:colcon.colcon_core.package_identification:Package 'src/flexiv_ros2/flexiv_description' with type 'ros.ament_cmake' and name 'flexiv_description'
[0.097s] Level 1:colcon.colcon_core.package_identification:_identify(src/flexiv_ros2/flexiv_gazebo) by extensions ['ignore', 'ignore_ament_install']
[0.097s] Level 1:colcon.colcon_core.package_identification:_identify(src/flexiv_ros2/flexiv_gazebo) by extension 'ignore'
[0.097s] Level 1:colcon.colcon_core.package_identification:_identify(src/flexiv_ros2/flexiv_gazebo) by extension 'ignore_ament_install'
[0.097s] Level 1:colcon.colcon_core.package_identification:_identify(src/flexiv_ros2/flexiv_gazebo) by extensions ['colcon_pkg']
[0.097s] Level 1:colcon.colcon_core.package_identification:_identify(src/flexiv_ros2/flexiv_gazebo) by extension 'colcon_pkg'
[0.097s] Level 1:colcon.colcon_core.package_identification:_identify(src/flexiv_ros2/flexiv_gazebo) by extensions ['colcon_meta']
[0.097s] Level 1:colcon.colcon_core.package_identification:_identify(src/flexiv_ros2/flexiv_gazebo) by extension 'colcon_meta'
[0.097s] Level 1:colcon.colcon_core.package_identification:_identify(src/flexiv_ros2/flexiv_gazebo) by extensions ['ros']
[0.097s] Level 1:colcon.colcon_core.package_identification:_identify(src/flexiv_ros2/flexiv_gazebo) by extension 'ros'
[0.097s] DEBUG:colcon.colcon_core.package_identification:Package 'src/flexiv_ros2/flexiv_gazebo' with type 'ros.ament_cmake' and name 'flexiv_gazebo'
[0.097s] Level 1:colcon.colcon_core.package_identification:_identify(src/flexiv_ros2/flexiv_hardware) by extensions ['ignore', 'ignore_ament_install']
[0.097s] Level 1:colcon.colcon_core.package_identification:_identify(src/flexiv_ros2/flexiv_hardware) by extension 'ignore'
[0.097s] Level 1:colcon.colcon_core.package_identification:_identify(src/flexiv_ros2/flexiv_hardware) by extension 'ignore_ament_install'
[0.097s] Level 1:colcon.colcon_core.package_identification:_identify(src/flexiv_ros2/flexiv_hardware) by extensions ['colcon_pkg']
[0.097s] Level 1:colcon.colcon_core.package_identification:_identify(src/flexiv_ros2/flexiv_hardware) by extension 'colcon_pkg'
[0.097s] Level 1:colcon.colcon_core.package_identification:_identify(src/flexiv_ros2/flexiv_hardware) by extensions ['colcon_meta']
[0.097s] Level 1:colcon.colcon_core.package_identification:_identify(src/flexiv_ros2/flexiv_hardware) by extension 'colcon_meta'
[0.097s] Level 1:colcon.colcon_core.package_identification:_identify(src/flexiv_ros2/flexiv_hardware) by extensions ['ros']
[0.097s] Level 1:colcon.colcon_core.package_identification:_identify(src/flexiv_ros2/flexiv_hardware) by extension 'ros'
[0.098s] DEBUG:colcon.colcon_core.package_identification:Package 'src/flexiv_ros2/flexiv_hardware' with type 'ros.ament_cmake' and name 'flexiv_hardware'
[0.098s] Level 1:colcon.colcon_core.package_identification:_identify(src/flexiv_ros2/flexiv_moveit_config) by extensions ['ignore', 'ignore_ament_install']
[0.098s] Level 1:colcon.colcon_core.package_identification:_identify(src/flexiv_ros2/flexiv_moveit_config) by extension 'ignore'
[0.098s] Level 1:colcon.colcon_core.package_identification:_identify(src/flexiv_ros2/flexiv_moveit_config) by extension 'ignore_ament_install'
[0.098s] Level 1:colcon.colcon_core.package_identification:_identify(src/flexiv_ros2/flexiv_moveit_config) by extensions ['colcon_pkg']
[0.098s] Level 1:colcon.colcon_core.package_identification:_identify(src/flexiv_ros2/flexiv_moveit_config) by extension 'colcon_pkg'
[0.098s] Level 1:colcon.colcon_core.package_identification:_identify(src/flexiv_ros2/flexiv_moveit_config) by extensions ['colcon_meta']
[0.098s] Level 1:colcon.colcon_core.package_identification:_identify(src/flexiv_ros2/flexiv_moveit_config) by extension 'colcon_meta'
[0.098s] Level 1:colcon.colcon_core.package_identification:_identify(src/flexiv_ros2/flexiv_moveit_config) by extensions ['ros']
[0.098s] Level 1:colcon.colcon_core.package_identification:_identify(src/flexiv_ros2/flexiv_moveit_config) by extension 'ros'
[0.098s] DEBUG:colcon.colcon_core.package_identification:Package 'src/flexiv_ros2/flexiv_moveit_config' with type 'ros.ament_cmake' and name 'flexiv_moveit_config'
[0.098s] Level 1:colcon.colcon_core.package_identification:_identify(src/flexiv_ros2/flexiv_msgs) by extensions ['ignore', 'ignore_ament_install']
[0.098s] Level 1:colcon.colcon_core.package_identification:_identify(src/flexiv_ros2/flexiv_msgs) by extension 'ignore'
[0.098s] Level 1:colcon.colcon_core.package_identification:_identify(src/flexiv_ros2/flexiv_msgs) by extension 'ignore_ament_install'
[0.098s] Level 1:colcon.colcon_core.package_identification:_identify(src/flexiv_ros2/flexiv_msgs) by extensions ['colcon_pkg']
[0.098s] Level 1:colcon.colcon_core.package_identification:_identify(src/flexiv_ros2/flexiv_msgs) by extension 'colcon_pkg'
[0.098s] Level 1:colcon.colcon_core.package_identification:_identify(src/flexiv_ros2/flexiv_msgs) by extensions ['colcon_meta']
[0.098s] Level 1:colcon.colcon_core.package_identification:_identify(src/flexiv_ros2/flexiv_msgs) by extension 'colcon_meta'
[0.098s] Level 1:colcon.colcon_core.package_identification:_identify(src/flexiv_ros2/flexiv_msgs) by extensions ['ros']
[0.098s] Level 1:colcon.colcon_core.package_identification:_identify(src/flexiv_ros2/flexiv_msgs) by extension 'ros'
[0.099s] DEBUG:colcon.colcon_core.package_identification:Package 'src/flexiv_ros2/flexiv_msgs' with type 'ros.ament_cmake' and name 'flexiv_msgs'
[0.099s] Level 1:colcon.colcon_core.package_identification:_identify(src/flexiv_ros2/flexiv_test_nodes) by extensions ['ignore', 'ignore_ament_install']
[0.099s] Level 1:colcon.colcon_core.package_identification:_identify(src/flexiv_ros2/flexiv_test_nodes) by extension 'ignore'
[0.099s] Level 1:colcon.colcon_core.package_identification:_identify(src/flexiv_ros2/flexiv_test_nodes) by extension 'ignore_ament_install'
[0.099s] Level 1:colcon.colcon_core.package_identification:_identify(src/flexiv_ros2/flexiv_test_nodes) by extensions ['colcon_pkg']
[0.099s] Level 1:colcon.colcon_core.package_identification:_identify(src/flexiv_ros2/flexiv_test_nodes) by extension 'colcon_pkg'
[0.099s] Level 1:colcon.colcon_core.package_identification:_identify(src/flexiv_ros2/flexiv_test_nodes) by extensions ['colcon_meta']
[0.099s] Level 1:colcon.colcon_core.package_identification:_identify(src/flexiv_ros2/flexiv_test_nodes) by extension 'colcon_meta'
[0.099s] Level 1:colcon.colcon_core.package_identification:_identify(src/flexiv_ros2/flexiv_test_nodes) by extensions ['ros']
[0.099s] Level 1:colcon.colcon_core.package_identification:_identify(src/flexiv_ros2/flexiv_test_nodes) by extension 'ros'
[0.099s] DEBUG:colcon.colcon_core.package_identification:Package 'src/flexiv_ros2/flexiv_test_nodes' with type 'ros.ament_python' and name 'flexiv_test_nodes'
[0.099s] Level 1:colcon.colcon_core.package_discovery:discover_packages(recursive) using defaults
[0.099s] Level 1:colcon.colcon_core.package_discovery:discover_packages(ignore) discover
[0.099s] Level 1:colcon.colcon_core.package_discovery:discover_packages(ignore) using defaults
[0.099s] Level 1:colcon.colcon_core.package_discovery:discover_packages(path) discover
[0.099s] Level 1:colcon.colcon_core.package_discovery:discover_packages(path) using defaults
[0.112s] Level 1:colcon.colcon_core.package_discovery:discover_packages(prefix_path) check parameters
[0.112s] Level 1:colcon.colcon_core.package_discovery:discover_packages(prefix_path) discover
[0.113s] DEBUG:colcon.colcon_installed_package_information.package_discovery:Found 8 installed packages in /home/casey/flexiv_ros2_ws/install
[0.114s] DEBUG:colcon.colcon_installed_package_information.package_discovery:Found 368 installed packages in /opt/ros/humble
[0.115s] Level 1:colcon.colcon_core.package_discovery:discover_packages(prefix_path) using defaults
[0.140s] Level 5:colcon.colcon_core.verb:set package 'flexiv_description' build argument 'cmake_args' from command line to 'None'
[0.140s] Level 5:colcon.colcon_core.verb:set package 'flexiv_description' build argument 'cmake_target' from command line to 'None'
[0.140s] Level 5:colcon.colcon_core.verb:set package 'flexiv_description' build argument 'cmake_target_skip_unavailable' from command line to 'False'
[0.140s] Level 5:colcon.colcon_core.verb:set package 'flexiv_description' build argument 'cmake_clean_cache' from command line to 'False'
[0.140s] Level 5:colcon.colcon_core.verb:set package 'flexiv_description' build argument 'cmake_clean_first' from command line to 'False'
[0.140s] Level 5:colcon.colcon_core.verb:set package 'flexiv_description' build argument 'cmake_force_configure' from command line to 'False'
[0.140s] Level 5:colcon.colcon_core.verb:set package 'flexiv_description' build argument 'ament_cmake_args' from command line to 'None'
[0.140s] Level 5:colcon.colcon_core.verb:set package 'flexiv_description' build argument 'catkin_cmake_args' from command line to 'None'
[0.140s] Level 5:colcon.colcon_core.verb:set package 'flexiv_description' build argument 'catkin_skip_building_tests' from command line to 'False'
[0.140s] DEBUG:colcon.colcon_core.verb:Building package 'flexiv_description' with the following arguments: {'ament_cmake_args': None, 'build_base': '/home/casey/flexiv_ros2_ws/build/flexiv_description', 'catkin_cmake_args': None, 'catkin_skip_building_tests': False, 'cmake_args': None, 'cmake_clean_cache': False, 'cmake_clean_first': False, 'cmake_force_configure': False, 'cmake_target': None, 'cmake_target_skip_unavailable': False, 'install_base': '/home/casey/flexiv_ros2_ws/install/flexiv_description', 'merge_install': False, 'path': '/home/casey/flexiv_ros2_ws/src/flexiv_ros2/flexiv_description', 'symlink_install': False, 'test_result_base': None}
[0.140s] Level 5:colcon.colcon_core.verb:set package 'flexiv_gazebo' build argument 'cmake_args' from command line to 'None'
[0.140s] Level 5:colcon.colcon_core.verb:set package 'flexiv_gazebo' build argument 'cmake_target' from command line to 'None'
[0.140s] Level 5:colcon.colcon_core.verb:set package 'flexiv_gazebo' build argument 'cmake_target_skip_unavailable' from command line to 'False'
[0.140s] Level 5:colcon.colcon_core.verb:set package 'flexiv_gazebo' build argument 'cmake_clean_cache' from command line to 'False'
[0.140s] Level 5:colcon.colcon_core.verb:set package 'flexiv_gazebo' build argument 'cmake_clean_first' from command line to 'False'
[0.140s] Level 5:colcon.colcon_core.verb:set package 'flexiv_gazebo' build argument 'cmake_force_configure' from command line to 'False'
[0.140s] Level 5:colcon.colcon_core.verb:set package 'flexiv_gazebo' build argument 'ament_cmake_args' from command line to 'None'
[0.140s] Level 5:colcon.colcon_core.verb:set package 'flexiv_gazebo' build argument 'catkin_cmake_args' from command line to 'None'
[0.140s] Level 5:colcon.colcon_core.verb:set package 'flexiv_gazebo' build argument 'catkin_skip_building_tests' from command line to 'False'
[0.140s] DEBUG:colcon.colcon_core.verb:Building package 'flexiv_gazebo' with the following arguments: {'ament_cmake_args': None, 'build_base': '/home/casey/flexiv_ros2_ws/build/flexiv_gazebo', 'catkin_cmake_args': None, 'catkin_skip_building_tests': False, 'cmake_args': None, 'cmake_clean_cache': False, 'cmake_clean_first': False, 'cmake_force_configure': False, 'cmake_target': None, 'cmake_target_skip_unavailable': False, 'install_base': '/home/casey/flexiv_ros2_ws/install/flexiv_gazebo', 'merge_install': False, 'path': '/home/casey/flexiv_ros2_ws/src/flexiv_ros2/flexiv_gazebo', 'symlink_install': False, 'test_result_base': None}
[0.140s] Level 5:colcon.colcon_core.verb:set package 'flexiv_hardware' build argument 'cmake_args' from command line to 'None'
[0.140s] Level 5:colcon.colcon_core.verb:set package 'flexiv_hardware' build argument 'cmake_target' from command line to 'None'
[0.140s] Level 5:colcon.colcon_core.verb:set package 'flexiv_hardware' build argument 'cmake_target_skip_unavailable' from command line to 'False'
[0.140s] Level 5:colcon.colcon_core.verb:set package 'flexiv_hardware' build argument 'cmake_clean_cache' from command line to 'False'
[0.140s] Level 5:colcon.colcon_core.verb:set package 'flexiv_hardware' build argument 'cmake_clean_first' from command line to 'False'
[0.140s] Level 5:colcon.colcon_core.verb:set package 'flexiv_hardware' build argument 'cmake_force_configure' from command line to 'False'
[0.140s] Level 5:colcon.colcon_core.verb:set package 'flexiv_hardware' build argument 'ament_cmake_args' from command line to 'None'
[0.140s] Level 5:colcon.colcon_core.verb:set package 'flexiv_hardware' build argument 'catkin_cmake_args' from command line to 'None'
[0.140s] Level 5:colcon.colcon_core.verb:set package 'flexiv_hardware' build argument 'catkin_skip_building_tests' from command line to 'False'
[0.140s] DEBUG:colcon.colcon_core.verb:Building package 'flexiv_hardware' with the following arguments: {'ament_cmake_args': None, 'build_base': '/home/casey/flexiv_ros2_ws/build/flexiv_hardware', 'catkin_cmake_args': None, 'catkin_skip_building_tests': False, 'cmake_args': None, 'cmake_clean_cache': False, 'cmake_clean_first': False, 'cmake_force_configure': False, 'cmake_target': None, 'cmake_target_skip_unavailable': False, 'install_base': '/home/casey/flexiv_ros2_ws/install/flexiv_hardware', 'merge_install': False, 'path': '/home/casey/flexiv_ros2_ws/src/flexiv_ros2/flexiv_hardware', 'symlink_install': False, 'test_result_base': None}
[0.140s] Level 5:colcon.colcon_core.verb:set package 'flexiv_msgs' build argument 'cmake_args' from command line to 'None'
[0.141s] Level 5:colcon.colcon_core.verb:set package 'flexiv_msgs' build argument 'cmake_target' from command line to 'None'
[0.141s] Level 5:colcon.colcon_core.verb:set package 'flexiv_msgs' build argument 'cmake_target_skip_unavailable' from command line to 'False'
[0.141s] Level 5:colcon.colcon_core.verb:set package 'flexiv_msgs' build argument 'cmake_clean_cache' from command line to 'False'
[0.141s] Level 5:colcon.colcon_core.verb:set package 'flexiv_msgs' build argument 'cmake_clean_first' from command line to 'False'
[0.141s] Level 5:colcon.colcon_core.verb:set package 'flexiv_msgs' build argument 'cmake_force_configure' from command line to 'False'
[0.141s] Level 5:colcon.colcon_core.verb:set package 'flexiv_msgs' build argument 'ament_cmake_args' from command line to 'None'
[0.141s] Level 5:colcon.colcon_core.verb:set package 'flexiv_msgs' build argument 'catkin_cmake_args' from command line to 'None'
[0.141s] Level 5:colcon.colcon_core.verb:set package 'flexiv_msgs' build argument 'catkin_skip_building_tests' from command line to 'False'
[0.141s] DEBUG:colcon.colcon_core.verb:Building package 'flexiv_msgs' with the following arguments: {'ament_cmake_args': None, 'build_base': '/home/casey/flexiv_ros2_ws/build/flexiv_msgs', 'catkin_cmake_args': None, 'catkin_skip_building_tests': False, 'cmake_args': None, 'cmake_clean_cache': False, 'cmake_clean_first': False, 'cmake_force_configure': False, 'cmake_target': None, 'cmake_target_skip_unavailable': False, 'install_base': '/home/casey/flexiv_ros2_ws/install/flexiv_msgs', 'merge_install': False, 'path': '/home/casey/flexiv_ros2_ws/src/flexiv_ros2/flexiv_msgs', 'symlink_install': False, 'test_result_base': None}
[0.141s] Level 5:colcon.colcon_core.verb:set package 'flexiv_test_nodes' build argument 'cmake_args' from command line to 'None'
[0.141s] Level 5:colcon.colcon_core.verb:set package 'flexiv_test_nodes' build argument 'cmake_target' from command line to 'None'
[0.141s] Level 5:colcon.colcon_core.verb:set package 'flexiv_test_nodes' build argument 'cmake_target_skip_unavailable' from command line to 'False'
[0.141s] Level 5:colcon.colcon_core.verb:set package 'flexiv_test_nodes' build argument 'cmake_clean_cache' from command line to 'False'
[0.141s] Level 5:colcon.colcon_core.verb:set package 'flexiv_test_nodes' build argument 'cmake_clean_first' from command line to 'False'
[0.141s] Level 5:colcon.colcon_core.verb:set package 'flexiv_test_nodes' build argument 'cmake_force_configure' from command line to 'False'
[0.141s] Level 5:colcon.colcon_core.verb:set package 'flexiv_test_nodes' build argument 'ament_cmake_args' from command line to 'None'
[0.141s] Level 5:colcon.colcon_core.verb:set package 'flexiv_test_nodes' build argument 'catkin_cmake_args' from command line to 'None'
[0.141s] Level 5:colcon.colcon_core.verb:set package 'flexiv_test_nodes' build argument 'catkin_skip_building_tests' from command line to 'False'
[0.141s] DEBUG:colcon.colcon_core.verb:Building package 'flexiv_test_nodes' with the following arguments: {'ament_cmake_args': None, 'build_base': '/home/casey/flexiv_ros2_ws/build/flexiv_test_nodes', 'catkin_cmake_args': None, 'catkin_skip_building_tests': False, 'cmake_args': None, 'cmake_clean_cache': False, 'cmake_clean_first': False, 'cmake_force_configure': False, 'cmake_target': None, 'cmake_target_skip_unavailable': False, 'install_base': '/home/casey/flexiv_ros2_ws/install/flexiv_test_nodes', 'merge_install': False, 'path': '/home/casey/flexiv_ros2_ws/src/flexiv_ros2/flexiv_test_nodes', 'symlink_install': False, 'test_result_base': None}
[0.141s] Level 5:colcon.colcon_core.verb:set package 'flexiv_bringup' build argument 'cmake_args' from command line to 'None'
[0.141s] Level 5:colcon.colcon_core.verb:set package 'flexiv_bringup' build argument 'cmake_target' from command line to 'None'
[0.141s] Level 5:colcon.colcon_core.verb:set package 'flexiv_bringup' build argument 'cmake_target_skip_unavailable' from command line to 'False'
[0.141s] Level 5:colcon.colcon_core.verb:set package 'flexiv_bringup' build argument 'cmake_clean_cache' from command line to 'False'
[0.141s] Level 5:colcon.colcon_core.verb:set package 'flexiv_bringup' build argument 'cmake_clean_first' from command line to 'False'
[0.141s] Level 5:colcon.colcon_core.verb:set package 'flexiv_bringup' build argument 'cmake_force_configure' from command line to 'False'
[0.141s] Level 5:colcon.colcon_core.verb:set package 'flexiv_bringup' build argument 'ament_cmake_args' from command line to 'None'
[0.141s] Level 5:colcon.colcon_core.verb:set package 'flexiv_bringup' build argument 'catkin_cmake_args' from command line to 'None'
[0.141s] Level 5:colcon.colcon_core.verb:set package 'flexiv_bringup' build argument 'catkin_skip_building_tests' from command line to 'False'
[0.141s] DEBUG:colcon.colcon_core.verb:Building package 'flexiv_bringup' with the following arguments: {'ament_cmake_args': None, 'build_base': '/home/casey/flexiv_ros2_ws/build/flexiv_bringup', 'catkin_cmake_args': None, 'catkin_skip_building_tests': False, 'cmake_args': None, 'cmake_clean_cache': False, 'cmake_clean_first': False, 'cmake_force_configure': False, 'cmake_target': None, 'cmake_target_skip_unavailable': False, 'install_base': '/home/casey/flexiv_ros2_ws/install/flexiv_bringup', 'merge_install': False, 'path': '/home/casey/flexiv_ros2_ws/src/flexiv_ros2/flexiv_bringup', 'symlink_install': False, 'test_result_base': None}
[0.141s] Level 5:colcon.colcon_core.verb:set package 'flexiv_controllers' build argument 'cmake_args' from command line to 'None'
[0.141s] Level 5:colcon.colcon_core.verb:set package 'flexiv_controllers' build argument 'cmake_target' from command line to 'None'
[0.141s] Level 5:colcon.colcon_core.verb:set package 'flexiv_controllers' build argument 'cmake_target_skip_unavailable' from command line to 'False'
[0.141s] Level 5:colcon.colcon_core.verb:set package 'flexiv_controllers' build argument 'cmake_clean_cache' from command line to 'False'
[0.141s] Level 5:colcon.colcon_core.verb:set package 'flexiv_controllers' build argument 'cmake_clean_first' from command line to 'False'
[0.141s] Level 5:colcon.colcon_core.verb:set package 'flexiv_controllers' build argument 'cmake_force_configure' from command line to 'False'
[0.141s] Level 5:colcon.colcon_core.verb:set package 'flexiv_controllers' build argument 'ament_cmake_args' from command line to 'None'
[0.141s] Level 5:colcon.colcon_core.verb:set package 'flexiv_controllers' build argument 'catkin_cmake_args' from command line to 'None'
[0.141s] Level 5:colcon.colcon_core.verb:set package 'flexiv_controllers' build argument 'catkin_skip_building_tests' from command line to 'False'
[0.141s] DEBUG:colcon.colcon_core.verb:Building package 'flexiv_controllers' with the following arguments: {'ament_cmake_args': None, 'build_base': '/home/casey/flexiv_ros2_ws/build/flexiv_controllers', 'catkin_cmake_args': None, 'catkin_skip_building_tests': False, 'cmake_args': None, 'cmake_clean_cache': False, 'cmake_clean_first': False, 'cmake_force_configure': False, 'cmake_target': None, 'cmake_target_skip_unavailable': False, 'install_base': '/home/casey/flexiv_ros2_ws/install/flexiv_controllers', 'merge_install': False, 'path': '/home/casey/flexiv_ros2_ws/src/flexiv_ros2/flexiv_controllers', 'symlink_install': False, 'test_result_base': None}
[0.142s] Level 5:colcon.colcon_core.verb:set package 'flexiv_moveit_config' build argument 'cmake_args' from command line to 'None'
[0.142s] Level 5:colcon.colcon_core.verb:set package 'flexiv_moveit_config' build argument 'cmake_target' from command line to 'None'
[0.142s] Level 5:colcon.colcon_core.verb:set package 'flexiv_moveit_config' build argument 'cmake_target_skip_unavailable' from command line to 'False'
[0.142s] Level 5:colcon.colcon_core.verb:set package 'flexiv_moveit_config' build argument 'cmake_clean_cache' from command line to 'False'
[0.142s] Level 5:colcon.colcon_core.verb:set package 'flexiv_moveit_config' build argument 'cmake_clean_first' from command line to 'False'
[0.142s] Level 5:colcon.colcon_core.verb:set package 'flexiv_moveit_config' build argument 'cmake_force_configure' from command line to 'False'
[0.142s] Level 5:colcon.colcon_core.verb:set package 'flexiv_moveit_config' build argument 'ament_cmake_args' from command line to 'None'
[0.142s] Level 5:colcon.colcon_core.verb:set package 'flexiv_moveit_config' build argument 'catkin_cmake_args' from command line to 'None'
[0.142s] Level 5:colcon.colcon_core.verb:set package 'flexiv_moveit_config' build argument 'catkin_skip_building_tests' from command line to 'False'
[0.142s] DEBUG:colcon.colcon_core.verb:Building package 'flexiv_moveit_config' with the following arguments: {'ament_cmake_args': None, 'build_base': '/home/casey/flexiv_ros2_ws/build/flexiv_moveit_config', 'catkin_cmake_args': None, 'catkin_skip_building_tests': False, 'cmake_args': None, 'cmake_clean_cache': False, 'cmake_clean_first': False, 'cmake_force_configure': False, 'cmake_target': None, 'cmake_target_skip_unavailable': False, 'install_base': '/home/casey/flexiv_ros2_ws/install/flexiv_moveit_config', 'merge_install': False, 'path': '/home/casey/flexiv_ros2_ws/src/flexiv_ros2/flexiv_moveit_config', 'symlink_install': False, 'test_result_base': None}
[0.142s] INFO:colcon.colcon_core.executor:Executing jobs using 'parallel' executor
[0.143s] DEBUG:colcon.colcon_parallel_executor.executor.parallel:run_until_complete
[0.143s] INFO:colcon.colcon_ros.task.ament_cmake.build:Building ROS package in '/home/casey/flexiv_ros2_ws/src/flexiv_ros2/flexiv_description' with build type 'ament_cmake'
[0.143s] INFO:colcon.colcon_cmake.task.cmake.build:Building CMake package in '/home/casey/flexiv_ros2_ws/src/flexiv_ros2/flexiv_description'
[0.144s] INFO:colcon.colcon_core.plugin_system:Skipping extension 'colcon_core.shell.bat': Not used on non-Windows systems
[0.144s] INFO:colcon.colcon_core.shell:Skip shell extension 'powershell' for command environment: Not usable outside of PowerShell
[0.144s] DEBUG:colcon.colcon_core.shell:Skip shell extension 'dsv' for command environment
[0.148s] INFO:colcon.colcon_ros.task.ament_cmake.build:Building ROS package in '/home/casey/flexiv_ros2_ws/src/flexiv_ros2/flexiv_hardware' with build type 'ament_cmake'
[0.148s] INFO:colcon.colcon_cmake.task.cmake.build:Building CMake package in '/home/casey/flexiv_ros2_ws/src/flexiv_ros2/flexiv_hardware'
[0.148s] INFO:colcon.colcon_core.shell:Skip shell extension 'powershell' for command environment: Not usable outside of PowerShell
[0.148s] DEBUG:colcon.colcon_core.shell:Skip shell extension 'dsv' for command environment
[0.151s] INFO:colcon.colcon_ros.task.ament_cmake.build:Building ROS package in '/home/casey/flexiv_ros2_ws/src/flexiv_ros2/flexiv_msgs' with build type 'ament_cmake'
[0.151s] INFO:colcon.colcon_cmake.task.cmake.build:Building CMake package in '/home/casey/flexiv_ros2_ws/src/flexiv_ros2/flexiv_msgs'
[0.151s] INFO:colcon.colcon_core.shell:Skip shell extension 'powershell' for command environment: Not usable outside of PowerShell
[0.151s] DEBUG:colcon.colcon_core.shell:Skip shell extension 'dsv' for command environment
[0.153s] INFO:colcon.colcon_ros.task.ament_python.build:Building ROS package in '/home/casey/flexiv_ros2_ws/src/flexiv_ros2/flexiv_test_nodes' with build type 'ament_python'
[0.153s] Level 1:colcon.colcon_core.shell:create_environment_hook('flexiv_test_nodes', 'ament_prefix_path')
[0.154s] INFO:colcon.colcon_core.shell:Creating environment hook '/home/casey/flexiv_ros2_ws/install/flexiv_test_nodes/share/flexiv_test_nodes/hook/ament_prefix_path.ps1'
[0.154s] INFO:colcon.colcon_core.shell:Creating environment descriptor '/home/casey/flexiv_ros2_ws/install/flexiv_test_nodes/share/flexiv_test_nodes/hook/ament_prefix_path.dsv'
[0.154s] INFO:colcon.colcon_core.shell:Creating environment hook '/home/casey/flexiv_ros2_ws/install/flexiv_test_nodes/share/flexiv_test_nodes/hook/ament_prefix_path.sh'
[0.155s] INFO:colcon.colcon_core.shell:Skip shell extension 'powershell' for command environment: Not usable outside of PowerShell
[0.155s] DEBUG:colcon.colcon_core.shell:Skip shell extension 'dsv' for command environment
[0.157s] INFO:colcon.colcon_ros.task.ament_cmake.build:Building ROS package in '/home/casey/flexiv_ros2_ws/src/flexiv_ros2/flexiv_gazebo' with build type 'ament_cmake'
[0.158s] INFO:colcon.colcon_cmake.task.cmake.build:Building CMake package in '/home/casey/flexiv_ros2_ws/src/flexiv_ros2/flexiv_gazebo'
[0.159s] INFO:colcon.colcon_core.shell:Skip shell extension 'powershell' for command environment: Not usable outside of PowerShell
[0.159s] DEBUG:colcon.colcon_core.shell:Skip shell extension 'dsv' for command environment
[0.167s] DEBUG:colcon.colcon_core.event_handler.log_command:Invoking command in '/home/casey/flexiv_ros2_ws/build/flexiv_description': CMAKE_PREFIX_PATH=${CMAKE_PREFIX_PATH}:/home/casey/flexiv_ros2_ws/install/flexiv_test_nodes:/opt/ros/humble /usr/bin/cmake --build /home/casey/flexiv_ros2_ws/build/flexiv_description -- -j16 -l16
[0.169s] DEBUG:colcon.colcon_core.event_handler.log_command:Invoking command in '/home/casey/flexiv_ros2_ws/build/flexiv_hardware': CMAKE_PREFIX_PATH=${CMAKE_PREFIX_PATH}:/home/casey/flexiv_ros2_ws/install/flexiv_test_nodes:/opt/ros/humble /usr/bin/cmake --build /home/casey/flexiv_ros2_ws/build/flexiv_hardware -- -j16 -l16
[0.171s] DEBUG:colcon.colcon_core.event_handler.log_command:Invoking command in '/home/casey/flexiv_ros2_ws/build/flexiv_msgs': CMAKE_PREFIX_PATH=${CMAKE_PREFIX_PATH}:/home/casey/flexiv_ros2_ws/install/flexiv_test_nodes:/opt/ros/humble /usr/bin/cmake --build /home/casey/flexiv_ros2_ws/build/flexiv_msgs -- -j16 -l16
[0.347s] INFO:colcon.colcon_core.task.python.build:Building Python package in '/home/casey/flexiv_ros2_ws/src/flexiv_ros2/flexiv_test_nodes'
[0.348s] INFO:colcon.colcon_core.shell:Skip shell extension 'powershell' for command environment: Not usable outside of PowerShell
[0.348s] DEBUG:colcon.colcon_core.shell:Skip shell extension 'dsv' for command environment
[0.359s] DEBUG:colcon.colcon_core.event_handler.log_command:Invoking command in '/home/casey/flexiv_ros2_ws/build/flexiv_gazebo': CMAKE_PREFIX_PATH=${CMAKE_PREFIX_PATH}:/home/casey/flexiv_ros2_ws/install/flexiv_test_nodes:/opt/ros/humble /usr/bin/cmake /home/casey/flexiv_ros2_ws/src/flexiv_ros2/flexiv_gazebo -DCMAKE_INSTALL_PREFIX=/home/casey/flexiv_ros2_ws/install/flexiv_gazebo
[0.359s] DEBUG:colcon.colcon_core.event_handler.log_command:Invoked command in '/home/casey/flexiv_ros2_ws/build/flexiv_description' returned '0': CMAKE_PREFIX_PATH=${CMAKE_PREFIX_PATH}:/home/casey/flexiv_ros2_ws/install/flexiv_test_nodes:/opt/ros/humble /usr/bin/cmake --build /home/casey/flexiv_ros2_ws/build/flexiv_description -- -j16 -l16
[0.359s] DEBUG:colcon.colcon_core.event_handler.log_command:Invoked command in '/home/casey/flexiv_ros2_ws/build/flexiv_hardware' returned '0': CMAKE_PREFIX_PATH=${CMAKE_PREFIX_PATH}:/home/casey/flexiv_ros2_ws/install/flexiv_test_nodes:/opt/ros/humble /usr/bin/cmake --build /home/casey/flexiv_ros2_ws/build/flexiv_hardware -- -j16 -l16
[0.394s] DEBUG:colcon.colcon_core.event_handler.log_command:Invoking command in '/home/casey/flexiv_ros2_ws/build/flexiv_description': CMAKE_PREFIX_PATH=${CMAKE_PREFIX_PATH}:/home/casey/flexiv_ros2_ws/install/flexiv_test_nodes:/opt/ros/humble /usr/bin/cmake --install /home/casey/flexiv_ros2_ws/build/flexiv_description
[0.397s] DEBUG:colcon.colcon_core.event_handler.log_command:Invoking command in '/home/casey/flexiv_ros2_ws/build/flexiv_hardware': CMAKE_PREFIX_PATH=${CMAKE_PREFIX_PATH}:/home/casey/flexiv_ros2_ws/install/flexiv_test_nodes:/opt/ros/humble /usr/bin/cmake --install /home/casey/flexiv_ros2_ws/build/flexiv_hardware
[0.419s] Level 1:colcon.colcon_core.environment:create_environment_scripts_only(flexiv_hardware)
[0.420s] DEBUG:colcon.colcon_core.event_handler.log_command:Invoked command in '/home/casey/flexiv_ros2_ws/build/flexiv_hardware' returned '0': CMAKE_PREFIX_PATH=${CMAKE_PREFIX_PATH}:/home/casey/flexiv_ros2_ws/install/flexiv_test_nodes:/opt/ros/humble /usr/bin/cmake --install /home/casey/flexiv_ros2_ws/build/flexiv_hardware
[0.422s] Level 1:colcon.colcon_core.environment:checking '/home/casey/flexiv_ros2_ws/install/flexiv_hardware' for CMake module files
[0.423s] Level 1:colcon.colcon_core.environment:checking '/home/casey/flexiv_ros2_ws/install/flexiv_hardware' for CMake config files
[0.423s] Level 1:colcon.colcon_core.shell:create_environment_hook('flexiv_hardware', 'cmake_prefix_path')
[0.423s] INFO:colcon.colcon_core.shell:Creating environment hook '/home/casey/flexiv_ros2_ws/install/flexiv_hardware/share/flexiv_hardware/hook/cmake_prefix_path.ps1'
[0.424s] INFO:colcon.colcon_core.shell:Creating environment descriptor '/home/casey/flexiv_ros2_ws/install/flexiv_hardware/share/flexiv_hardware/hook/cmake_prefix_path.dsv'
[0.424s] INFO:colcon.colcon_core.shell:Creating environment hook '/home/casey/flexiv_ros2_ws/install/flexiv_hardware/share/flexiv_hardware/hook/cmake_prefix_path.sh'
[0.425s] Level 1:colcon.colcon_core.environment:checking '/home/casey/flexiv_ros2_ws/install/flexiv_hardware/lib'
[0.425s] Level 1:colcon.colcon_core.shell:create_environment_hook('flexiv_hardware', 'ld_library_path_lib')
[0.426s] INFO:colcon.colcon_core.shell:Creating environment hook '/home/casey/flexiv_ros2_ws/install/flexiv_hardware/share/flexiv_hardware/hook/ld_library_path_lib.ps1'
[0.426s] INFO:colcon.colcon_core.shell:Creating environment descriptor '/home/casey/flexiv_ros2_ws/install/flexiv_hardware/share/flexiv_hardware/hook/ld_library_path_lib.dsv'
[0.426s] INFO:colcon.colcon_core.shell:Creating environment hook '/home/casey/flexiv_ros2_ws/install/flexiv_hardware/share/flexiv_hardware/hook/ld_library_path_lib.sh'
[0.426s] Level 1:colcon.colcon_core.environment:checking '/home/casey/flexiv_ros2_ws/install/flexiv_hardware/bin'
[0.426s] Level 1:colcon.colcon_core.environment:checking '/home/casey/flexiv_ros2_ws/install/flexiv_hardware/lib/pkgconfig/flexiv_hardware.pc'
[0.427s] Level 1:colcon.colcon_core.environment:checking '/home/casey/flexiv_ros2_ws/install/flexiv_hardware/lib/python3.10/site-packages'
[0.427s] Level 1:colcon.colcon_core.environment:checking '/home/casey/flexiv_ros2_ws/install/flexiv_hardware/bin'
[0.427s] INFO:colcon.colcon_core.shell:Creating package script '/home/casey/flexiv_ros2_ws/install/flexiv_hardware/share/flexiv_hardware/package.ps1'
[0.428s] INFO:colcon.colcon_core.shell:Creating package descriptor '/home/casey/flexiv_ros2_ws/install/flexiv_hardware/share/flexiv_hardware/package.dsv'
[0.429s] INFO:colcon.colcon_core.shell:Creating package script '/home/casey/flexiv_ros2_ws/install/flexiv_hardware/share/flexiv_hardware/package.sh'
[0.430s] INFO:colcon.colcon_core.shell:Creating package script '/home/casey/flexiv_ros2_ws/install/flexiv_hardware/share/flexiv_hardware/package.bash'
[0.430s] INFO:colcon.colcon_core.shell:Creating package script '/home/casey/flexiv_ros2_ws/install/flexiv_hardware/share/flexiv_hardware/package.zsh'
[0.431s] Level 1:colcon.colcon_core.environment:create_file_with_runtime_dependencies(/home/casey/flexiv_ros2_ws/install/flexiv_hardware/share/colcon-core/packages/flexiv_hardware)
[0.433s] Level 1:colcon.colcon_core.environment:create_environment_scripts_only(flexiv_description)
[0.434s] Level 1:colcon.colcon_core.environment:checking '/home/casey/flexiv_ros2_ws/install/flexiv_description' for CMake module files
[0.434s] DEBUG:colcon.colcon_core.event_handler.log_command:Invoked command in '/home/casey/flexiv_ros2_ws/build/flexiv_description' returned '0': CMAKE_PREFIX_PATH=${CMAKE_PREFIX_PATH}:/home/casey/flexiv_ros2_ws/install/flexiv_test_nodes:/opt/ros/humble /usr/bin/cmake --install /home/casey/flexiv_ros2_ws/build/flexiv_description
[0.435s] Level 1:colcon.colcon_core.environment:checking '/home/casey/flexiv_ros2_ws/install/flexiv_description' for CMake config files
[0.436s] Level 1:colcon.colcon_core.shell:create_environment_hook('flexiv_description', 'cmake_prefix_path')
[0.436s] INFO:colcon.colcon_core.shell:Creating environment hook '/home/casey/flexiv_ros2_ws/install/flexiv_description/share/flexiv_description/hook/cmake_prefix_path.ps1'
[0.437s] INFO:colcon.colcon_core.shell:Creating environment descriptor '/home/casey/flexiv_ros2_ws/install/flexiv_description/share/flexiv_description/hook/cmake_prefix_path.dsv'
[0.437s] INFO:colcon.colcon_core.shell:Creating environment hook '/home/casey/flexiv_ros2_ws/install/flexiv_description/share/flexiv_description/hook/cmake_prefix_path.sh'
[0.437s] Level 1:colcon.colcon_core.environment:checking '/home/casey/flexiv_ros2_ws/install/flexiv_description/bin'
[0.437s] Level 1:colcon.colcon_core.environment:checking '/home/casey/flexiv_ros2_ws/install/flexiv_description/lib/pkgconfig/flexiv_description.pc'
[0.438s] Level 1:colcon.colcon_core.environment:checking '/home/casey/flexiv_ros2_ws/install/flexiv_description/lib/python3.10/site-packages'
[0.438s] Level 1:colcon.colcon_core.environment:checking '/home/casey/flexiv_ros2_ws/install/flexiv_description/bin'
[0.438s] INFO:colcon.colcon_core.shell:Creating package script '/home/casey/flexiv_ros2_ws/install/flexiv_description/share/flexiv_description/package.ps1'
[0.439s] INFO:colcon.colcon_core.shell:Creating package descriptor '/home/casey/flexiv_ros2_ws/install/flexiv_description/share/flexiv_description/package.dsv'
[0.439s] INFO:colcon.colcon_core.shell:Creating package script '/home/casey/flexiv_ros2_ws/install/flexiv_description/share/flexiv_description/package.sh'
[0.439s] INFO:colcon.colcon_core.shell:Creating package script '/home/casey/flexiv_ros2_ws/install/flexiv_description/share/flexiv_description/package.bash'
[0.440s] INFO:colcon.colcon_core.shell:Creating package script '/home/casey/flexiv_ros2_ws/install/flexiv_description/share/flexiv_description/package.zsh'
[0.440s] Level 1:colcon.colcon_core.environment:create_file_with_runtime_dependencies(/home/casey/flexiv_ros2_ws/install/flexiv_description/share/colcon-core/packages/flexiv_description)
[0.460s] Level 1:colcon.colcon_core.environment:create_environment_scripts_only(flexiv_hardware)
[0.461s] Level 1:colcon.colcon_core.environment:checking '/home/casey/flexiv_ros2_ws/install/flexiv_hardware' for CMake module files
[0.461s] Level 1:colcon.colcon_core.environment:checking '/home/casey/flexiv_ros2_ws/install/flexiv_hardware' for CMake config files
[0.461s] Level 1:colcon.colcon_core.shell:create_environment_hook('flexiv_hardware', 'cmake_prefix_path')
[0.461s] INFO:colcon.colcon_core.shell:Creating environment hook '/home/casey/flexiv_ros2_ws/install/flexiv_hardware/share/flexiv_hardware/hook/cmake_prefix_path.ps1'
[0.462s] INFO:colcon.colcon_core.shell:Creating environment descriptor '/home/casey/flexiv_ros2_ws/install/flexiv_hardware/share/flexiv_hardware/hook/cmake_prefix_path.dsv'
[0.462s] INFO:colcon.colcon_core.shell:Creating environment hook '/home/casey/flexiv_ros2_ws/install/flexiv_hardware/share/flexiv_hardware/hook/cmake_prefix_path.sh'
[0.463s] Level 1:colcon.colcon_core.environment:checking '/home/casey/flexiv_ros2_ws/install/flexiv_hardware/lib'
[0.463s] Level 1:colcon.colcon_core.shell:create_environment_hook('flexiv_hardware', 'ld_library_path_lib')
[0.463s] INFO:colcon.colcon_core.shell:Creating environment hook '/home/casey/flexiv_ros2_ws/install/flexiv_hardware/share/flexiv_hardware/hook/ld_library_path_lib.ps1'
[0.463s] INFO:colcon.colcon_core.shell:Creating environment descriptor '/home/casey/flexiv_ros2_ws/install/flexiv_hardware/share/flexiv_hardware/hook/ld_library_path_lib.dsv'
[0.464s] INFO:colcon.colcon_core.shell:Creating environment hook '/home/casey/flexiv_ros2_ws/install/flexiv_hardware/share/flexiv_hardware/hook/ld_library_path_lib.sh'
[0.464s] Level 1:colcon.colcon_core.environment:checking '/home/casey/flexiv_ros2_ws/install/flexiv_hardware/bin'
[0.464s] Level 1:colcon.colcon_core.environment:checking '/home/casey/flexiv_ros2_ws/install/flexiv_hardware/lib/pkgconfig/flexiv_hardware.pc'
[0.464s] Level 1:colcon.colcon_core.environment:checking '/home/casey/flexiv_ros2_ws/install/flexiv_hardware/lib/python3.10/site-packages'
[0.464s] Level 1:colcon.colcon_core.environment:checking '/home/casey/flexiv_ros2_ws/install/flexiv_hardware/bin'
[0.465s] INFO:colcon.colcon_core.shell:Creating package script '/home/casey/flexiv_ros2_ws/install/flexiv_hardware/share/flexiv_hardware/package.ps1'
[0.465s] INFO:colcon.colcon_core.shell:Creating package descriptor '/home/casey/flexiv_ros2_ws/install/flexiv_hardware/share/flexiv_hardware/package.dsv'
[0.466s] INFO:colcon.colcon_core.shell:Creating package script '/home/casey/flexiv_ros2_ws/install/flexiv_hardware/share/flexiv_hardware/package.sh'
[0.466s] INFO:colcon.colcon_core.shell:Creating package script '/home/casey/flexiv_ros2_ws/install/flexiv_hardware/share/flexiv_hardware/package.bash'
[0.466s] INFO:colcon.colcon_core.shell:Creating package script '/home/casey/flexiv_ros2_ws/install/flexiv_hardware/share/flexiv_hardware/package.zsh'
[0.467s] Level 1:colcon.colcon_core.environment:create_file_with_runtime_dependencies(/home/casey/flexiv_ros2_ws/install/flexiv_hardware/share/colcon-core/packages/flexiv_hardware)
[0.468s] Level 1:colcon.colcon_core.environment:create_environment_scripts_only(flexiv_description)
[0.468s] Level 1:colcon.colcon_core.environment:checking '/home/casey/flexiv_ros2_ws/install/flexiv_description' for CMake module files
[0.469s] Level 1:colcon.colcon_core.environment:checking '/home/casey/flexiv_ros2_ws/install/flexiv_description' for CMake config files
[0.470s] Level 1:colcon.colcon_core.shell:create_environment_hook('flexiv_description', 'cmake_prefix_path')
[0.470s] INFO:colcon.colcon_core.shell:Creating environment hook '/home/casey/flexiv_ros2_ws/install/flexiv_description/share/flexiv_description/hook/cmake_prefix_path.ps1'
[0.471s] INFO:colcon.colcon_core.shell:Creating environment descriptor '/home/casey/flexiv_ros2_ws/install/flexiv_description/share/flexiv_description/hook/cmake_prefix_path.dsv'
[0.471s] INFO:colcon.colcon_core.shell:Creating environment hook '/home/casey/flexiv_ros2_ws/install/flexiv_description/share/flexiv_description/hook/cmake_prefix_path.sh'
[0.473s] Level 1:colcon.colcon_core.environment:checking '/home/casey/flexiv_ros2_ws/install/flexiv_description/bin'
[0.473s] Level 1:colcon.colcon_core.environment:checking '/home/casey/flexiv_ros2_ws/install/flexiv_description/lib/pkgconfig/flexiv_description.pc'
[0.474s] Level 1:colcon.colcon_core.environment:checking '/home/casey/flexiv_ros2_ws/install/flexiv_description/lib/python3.10/site-packages'
[0.475s] Level 1:colcon.colcon_core.environment:checking '/home/casey/flexiv_ros2_ws/install/flexiv_description/bin'
[0.475s] INFO:colcon.colcon_core.shell:Creating package script '/home/casey/flexiv_ros2_ws/install/flexiv_description/share/flexiv_description/package.ps1'
[0.475s] INFO:colcon.colcon_core.shell:Creating package descriptor '/home/casey/flexiv_ros2_ws/install/flexiv_description/share/flexiv_description/package.dsv'
[0.476s] INFO:colcon.colcon_core.shell:Creating package script '/home/casey/flexiv_ros2_ws/install/flexiv_description/share/flexiv_description/package.sh'
[0.476s] INFO:colcon.colcon_core.shell:Creating package script '/home/casey/flexiv_ros2_ws/install/flexiv_description/share/flexiv_description/package.bash'
[0.477s] INFO:colcon.colcon_core.shell:Creating package script '/home/casey/flexiv_ros2_ws/install/flexiv_description/share/flexiv_description/package.zsh'
[0.477s] Level 1:colcon.colcon_core.environment:create_file_with_runtime_dependencies(/home/casey/flexiv_ros2_ws/install/flexiv_description/share/colcon-core/packages/flexiv_description)
[0.478s] INFO:colcon.colcon_ros.task.ament_cmake.build:Building ROS package in '/home/casey/flexiv_ros2_ws/src/flexiv_ros2/flexiv_moveit_config' with build type 'ament_cmake'
[0.478s] INFO:colcon.colcon_cmake.task.cmake.build:Building CMake package in '/home/casey/flexiv_ros2_ws/src/flexiv_ros2/flexiv_moveit_config'
[0.478s] INFO:colcon.colcon_core.shell:Skip shell extension 'powershell' for command environment: Not usable outside of PowerShell
[0.478s] DEBUG:colcon.colcon_core.shell:Skip shell extension 'dsv' for command environment
[0.490s] DEBUG:colcon.colcon_core.event_handler.log_command:Invoking command in '/home/casey/flexiv_ros2_ws/build/flexiv_moveit_config': CMAKE_PREFIX_PATH=/home/casey/flexiv_ros2_ws/install/flexiv_description:/home/casey/flexiv_ros2_ws/install/flexiv_bringup:/home/casey/flexiv_ros2_ws/install/flexiv_controllers:/home/casey/flexiv_ros2_ws/install/flexiv_msgs:/home/casey/flexiv_ros2_ws/install/flexiv_moveit_config:/home/casey/flexiv_ros2_ws/install/flexiv_hardware:/home/casey/flexiv_ros2_ws/install/flexiv_test_nodes:/opt/ros/humble /usr/bin/cmake --build /home/casey/flexiv_ros2_ws/build/flexiv_moveit_config -- -j16 -l16
[0.493s] DEBUG:colcon.colcon_core.event_handler.log_command:Invoked command in '/home/casey/flexiv_ros2_ws/build/flexiv_msgs' returned '0': CMAKE_PREFIX_PATH=${CMAKE_PREFIX_PATH}:/home/casey/flexiv_ros2_ws/install/flexiv_test_nodes:/opt/ros/humble /usr/bin/cmake --build /home/casey/flexiv_ros2_ws/build/flexiv_msgs -- -j16 -l16
[0.534s] DEBUG:colcon.colcon_core.event_handler.log_command:Invoked command in '/home/casey/flexiv_ros2_ws/build/flexiv_moveit_config' returned '0': CMAKE_PREFIX_PATH=/home/casey/flexiv_ros2_ws/install/flexiv_description:/home/casey/flexiv_ros2_ws/install/flexiv_bringup:/home/casey/flexiv_ros2_ws/install/flexiv_controllers:/home/casey/flexiv_ros2_ws/install/flexiv_msgs:/home/casey/flexiv_ros2_ws/install/flexiv_moveit_config:/home/casey/flexiv_ros2_ws/install/flexiv_hardware:/home/casey/flexiv_ros2_ws/install/flexiv_test_nodes:/opt/ros/humble /usr/bin/cmake --build /home/casey/flexiv_ros2_ws/build/flexiv_moveit_config -- -j16 -l16
[0.561s] DEBUG:colcon.colcon_core.event_handler.log_command:Invoking command in '/home/casey/flexiv_ros2_ws/build/flexiv_moveit_config': CMAKE_PREFIX_PATH=/home/casey/flexiv_ros2_ws/install/flexiv_description:/home/casey/flexiv_ros2_ws/install/flexiv_bringup:/home/casey/flexiv_ros2_ws/install/flexiv_controllers:/home/casey/flexiv_ros2_ws/install/flexiv_msgs:/home/casey/flexiv_ros2_ws/install/flexiv_moveit_config:/home/casey/flexiv_ros2_ws/install/flexiv_hardware:/home/casey/flexiv_ros2_ws/install/flexiv_test_nodes:/opt/ros/humble /usr/bin/cmake --install /home/casey/flexiv_ros2_ws/build/flexiv_moveit_config
[0.586s] Level 1:colcon.colcon_core.environment:create_environment_scripts_only(flexiv_moveit_config)
[0.586s] DEBUG:colcon.colcon_core.event_handler.log_command:Invoked command in '/home/casey/flexiv_ros2_ws/build/flexiv_moveit_config' returned '0': CMAKE_PREFIX_PATH=/home/casey/flexiv_ros2_ws/install/flexiv_description:/home/casey/flexiv_ros2_ws/install/flexiv_bringup:/home/casey/flexiv_ros2_ws/install/flexiv_controllers:/home/casey/flexiv_ros2_ws/install/flexiv_msgs:/home/casey/flexiv_ros2_ws/install/flexiv_moveit_config:/home/casey/flexiv_ros2_ws/install/flexiv_hardware:/home/casey/flexiv_ros2_ws/install/flexiv_test_nodes:/opt/ros/humble /usr/bin/cmake --install /home/casey/flexiv_ros2_ws/build/flexiv_moveit_config
[0.587s] Level 1:colcon.colcon_core.environment:checking '/home/casey/flexiv_ros2_ws/install/flexiv_moveit_config' for CMake module files
[0.587s] Level 1:colcon.colcon_core.environment:checking '/home/casey/flexiv_ros2_ws/install/flexiv_moveit_config' for CMake config files
[0.588s] Level 1:colcon.colcon_core.shell:create_environment_hook('flexiv_moveit_config', 'cmake_prefix_path')
[0.588s] INFO:colcon.colcon_core.shell:Creating environment hook '/home/casey/flexiv_ros2_ws/install/flexiv_moveit_config/share/flexiv_moveit_config/hook/cmake_prefix_path.ps1'
[0.588s] INFO:colcon.colcon_core.shell:Creating environment descriptor '/home/casey/flexiv_ros2_ws/install/flexiv_moveit_config/share/flexiv_moveit_config/hook/cmake_prefix_path.dsv'
[0.588s] INFO:colcon.colcon_core.shell:Creating environment hook '/home/casey/flexiv_ros2_ws/install/flexiv_moveit_config/share/flexiv_moveit_config/hook/cmake_prefix_path.sh'
[0.589s] Level 1:colcon.colcon_core.environment:checking '/home/casey/flexiv_ros2_ws/install/flexiv_moveit_config/bin'
[0.589s] Level 1:colcon.colcon_core.environment:checking '/home/casey/flexiv_ros2_ws/install/flexiv_moveit_config/lib/pkgconfig/flexiv_moveit_config.pc'
[0.589s] Level 1:colcon.colcon_core.environment:checking '/home/casey/flexiv_ros2_ws/install/flexiv_moveit_config/lib/python3.10/site-packages'
[0.589s] Level 1:colcon.colcon_core.environment:checking '/home/casey/flexiv_ros2_ws/install/flexiv_moveit_config/bin'
[0.589s] INFO:colcon.colcon_core.shell:Creating package script '/home/casey/flexiv_ros2_ws/install/flexiv_moveit_config/share/flexiv_moveit_config/package.ps1'
[0.590s] INFO:colcon.colcon_core.shell:Creating package descriptor '/home/casey/flexiv_ros2_ws/install/flexiv_moveit_config/share/flexiv_moveit_config/package.dsv'
[0.590s] INFO:colcon.colcon_core.shell:Creating package script '/home/casey/flexiv_ros2_ws/install/flexiv_moveit_config/share/flexiv_moveit_config/package.sh'
[0.590s] INFO:colcon.colcon_core.shell:Creating package script '/home/casey/flexiv_ros2_ws/install/flexiv_moveit_config/share/flexiv_moveit_config/package.bash'
[0.590s] INFO:colcon.colcon_core.shell:Creating package script '/home/casey/flexiv_ros2_ws/install/flexiv_moveit_config/share/flexiv_moveit_config/package.zsh'
[0.590s] Level 1:colcon.colcon_core.environment:create_file_with_runtime_dependencies(/home/casey/flexiv_ros2_ws/install/flexiv_moveit_config/share/colcon-core/packages/flexiv_moveit_config)
[0.616s] Level 1:colcon.colcon_core.environment:create_environment_scripts_only(flexiv_moveit_config)
[0.616s] Level 1:colcon.colcon_core.environment:checking '/home/casey/flexiv_ros2_ws/install/flexiv_moveit_config' for CMake module files
[0.617s] Level 1:colcon.colcon_core.environment:checking '/home/casey/flexiv_ros2_ws/install/flexiv_moveit_config' for CMake config files
[0.617s] Level 1:colcon.colcon_core.shell:create_environment_hook('flexiv_moveit_config', 'cmake_prefix_path')
[0.617s] INFO:colcon.colcon_core.shell:Creating environment hook '/home/casey/flexiv_ros2_ws/install/flexiv_moveit_config/share/flexiv_moveit_config/hook/cmake_prefix_path.ps1'
[0.617s] INFO:colcon.colcon_core.shell:Creating environment descriptor '/home/casey/flexiv_ros2_ws/install/flexiv_moveit_config/share/flexiv_moveit_config/hook/cmake_prefix_path.dsv'
[0.618s] INFO:colcon.colcon_core.shell:Creating environment hook '/home/casey/flexiv_ros2_ws/install/flexiv_moveit_config/share/flexiv_moveit_config/hook/cmake_prefix_path.sh'
[0.618s] Level 1:colcon.colcon_core.environment:checking '/home/casey/flexiv_ros2_ws/install/flexiv_moveit_config/bin'
[0.618s] Level 1:colcon.colcon_core.environment:checking '/home/casey/flexiv_ros2_ws/install/flexiv_moveit_config/lib/pkgconfig/flexiv_moveit_config.pc'
[0.618s] Level 1:colcon.colcon_core.environment:checking '/home/casey/flexiv_ros2_ws/install/flexiv_moveit_config/lib/python3.10/site-packages'
[0.618s] Level 1:colcon.colcon_core.environment:checking '/home/casey/flexiv_ros2_ws/install/flexiv_moveit_config/bin'
[0.619s] INFO:colcon.colcon_core.shell:Creating package script '/home/casey/flexiv_ros2_ws/install/flexiv_moveit_config/share/flexiv_moveit_config/package.ps1'
[0.619s] INFO:colcon.colcon_core.shell:Creating package descriptor '/home/casey/flexiv_ros2_ws/install/flexiv_moveit_config/share/flexiv_moveit_config/package.dsv'
[0.619s] INFO:colcon.colcon_core.shell:Creating package script '/home/casey/flexiv_ros2_ws/install/flexiv_moveit_config/share/flexiv_moveit_config/package.sh'
[0.619s] INFO:colcon.colcon_core.shell:Creating package script '/home/casey/flexiv_ros2_ws/install/flexiv_moveit_config/share/flexiv_moveit_config/package.bash'
[0.620s] INFO:colcon.colcon_core.shell:Creating package script '/home/casey/flexiv_ros2_ws/install/flexiv_moveit_config/share/flexiv_moveit_config/package.zsh'
[0.620s] Level 1:colcon.colcon_core.environment:create_file_with_runtime_dependencies(/home/casey/flexiv_ros2_ws/install/flexiv_moveit_config/share/colcon-core/packages/flexiv_moveit_config)
[0.679s] DEBUG:colcon.colcon_core.event_handler.log_command:Invoking command in '/home/casey/flexiv_ros2_ws/build/flexiv_msgs': CMAKE_PREFIX_PATH=${CMAKE_PREFIX_PATH}:/home/casey/flexiv_ros2_ws/install/flexiv_test_nodes:/opt/ros/humble /usr/bin/cmake --install /home/casey/flexiv_ros2_ws/build/flexiv_msgs
[0.740s] Level 1:colcon.colcon_core.environment:create_environment_scripts_only(flexiv_msgs)
[0.740s] Level 1:colcon.colcon_core.environment:checking '/home/casey/flexiv_ros2_ws/install/flexiv_msgs' for CMake module files
[0.741s] DEBUG:colcon.colcon_core.event_handler.log_command:Invoked command in '/home/casey/flexiv_ros2_ws/build/flexiv_msgs' returned '0': CMAKE_PREFIX_PATH=${CMAKE_PREFIX_PATH}:/home/casey/flexiv_ros2_ws/install/flexiv_test_nodes:/opt/ros/humble /usr/bin/cmake --install /home/casey/flexiv_ros2_ws/build/flexiv_msgs
[0.741s] Level 1:colcon.colcon_core.environment:checking '/home/casey/flexiv_ros2_ws/install/flexiv_msgs' for CMake config files
[0.742s] Level 1:colcon.colcon_core.shell:create_environment_hook('flexiv_msgs', 'cmake_prefix_path')
[0.742s] INFO:colcon.colcon_core.shell:Creating environment hook '/home/casey/flexiv_ros2_ws/install/flexiv_msgs/share/flexiv_msgs/hook/cmake_prefix_path.ps1'
[0.742s] INFO:colcon.colcon_core.shell:Creating environment descriptor '/home/casey/flexiv_ros2_ws/install/flexiv_msgs/share/flexiv_msgs/hook/cmake_prefix_path.dsv'
[0.742s] INFO:colcon.colcon_core.shell:Creating environment hook '/home/casey/flexiv_ros2_ws/install/flexiv_msgs/share/flexiv_msgs/hook/cmake_prefix_path.sh'
[0.743s] Level 1:colcon.colcon_core.environment:checking '/home/casey/flexiv_ros2_ws/install/flexiv_msgs/lib'
[0.743s] Level 1:colcon.colcon_core.shell:create_environment_hook('flexiv_msgs', 'ld_library_path_lib')
[0.743s] INFO:colcon.colcon_core.shell:Creating environment hook '/home/casey/flexiv_ros2_ws/install/flexiv_msgs/share/flexiv_msgs/hook/ld_library_path_lib.ps1'
[0.743s] INFO:colcon.colcon_core.shell:Creating environment descriptor '/home/casey/flexiv_ros2_ws/install/flexiv_msgs/share/flexiv_msgs/hook/ld_library_path_lib.dsv'
[0.743s] INFO:colcon.colcon_core.shell:Creating environment hook '/home/casey/flexiv_ros2_ws/install/flexiv_msgs/share/flexiv_msgs/hook/ld_library_path_lib.sh'
[0.744s] Level 1:colcon.colcon_core.environment:checking '/home/casey/flexiv_ros2_ws/install/flexiv_msgs/bin'
[0.744s] Level 1:colcon.colcon_core.environment:checking '/home/casey/flexiv_ros2_ws/install/flexiv_msgs/lib/pkgconfig/flexiv_msgs.pc'
[0.744s] Level 1:colcon.colcon_core.environment:checking '/home/casey/flexiv_ros2_ws/install/flexiv_msgs/lib/python3.10/site-packages'
[0.744s] Level 1:colcon.colcon_core.environment:checking '/home/casey/flexiv_ros2_ws/install/flexiv_msgs/bin'
[0.744s] INFO:colcon.colcon_core.shell:Creating package script '/home/casey/flexiv_ros2_ws/install/flexiv_msgs/share/flexiv_msgs/package.ps1'
[0.744s] INFO:colcon.colcon_core.shell:Creating package descriptor '/home/casey/flexiv_ros2_ws/install/flexiv_msgs/share/flexiv_msgs/package.dsv'
[0.745s] INFO:colcon.colcon_core.shell:Creating package script '/home/casey/flexiv_ros2_ws/install/flexiv_msgs/share/flexiv_msgs/package.sh'
[0.745s] INFO:colcon.colcon_core.shell:Creating package script '/home/casey/flexiv_ros2_ws/install/flexiv_msgs/share/flexiv_msgs/package.bash'
[0.745s] INFO:colcon.colcon_core.shell:Creating package script '/home/casey/flexiv_ros2_ws/install/flexiv_msgs/share/flexiv_msgs/package.zsh'
[0.745s] Level 1:colcon.colcon_core.environment:create_file_with_runtime_dependencies(/home/casey/flexiv_ros2_ws/install/flexiv_msgs/share/colcon-core/packages/flexiv_msgs)
[0.783s] DEBUG:colcon.colcon_core.event_handler.log_command:Invoking command in '/home/casey/flexiv_ros2_ws/src/flexiv_ros2/flexiv_test_nodes': PYTHONPATH=/home/casey/flexiv_ros2_ws/build/flexiv_test_nodes/prefix_override:/home/casey/flexiv_ros2_ws/install/flexiv_test_nodes/lib/python3.10/site-packages:${PYTHONPATH} /usr/bin/python3 -W ignore:setup.py install is deprecated setup.py egg_info --egg-base ../../../build/flexiv_test_nodes build --build-base /home/casey/flexiv_ros2_ws/build/flexiv_test_nodes/build install --record /home/casey/flexiv_ros2_ws/build/flexiv_test_nodes/install.log --single-version-externally-managed install_data
[0.948s] Level 1:colcon.colcon_core.environment:create_environment_scripts_only(flexiv_msgs)
[0.949s] Level 1:colcon.colcon_core.environment:checking '/home/casey/flexiv_ros2_ws/install/flexiv_msgs' for CMake module files
[0.949s] Level 1:colcon.colcon_core.environment:checking '/home/casey/flexiv_ros2_ws/install/flexiv_msgs' for CMake config files
[0.949s] Level 1:colcon.colcon_core.shell:create_environment_hook('flexiv_msgs', 'cmake_prefix_path')
[0.950s] INFO:colcon.colcon_core.shell:Creating environment hook '/home/casey/flexiv_ros2_ws/install/flexiv_msgs/share/flexiv_msgs/hook/cmake_prefix_path.ps1'
[0.950s] INFO:colcon.colcon_core.shell:Creating environment descriptor '/home/casey/flexiv_ros2_ws/install/flexiv_msgs/share/flexiv_msgs/hook/cmake_prefix_path.dsv'
[0.950s] INFO:colcon.colcon_core.shell:Creating environment hook '/home/casey/flexiv_ros2_ws/install/flexiv_msgs/share/flexiv_msgs/hook/cmake_prefix_path.sh'
[0.951s] Level 1:colcon.colcon_core.environment:checking '/home/casey/flexiv_ros2_ws/install/flexiv_msgs/lib'
[0.951s] Level 1:colcon.colcon_core.shell:create_environment_hook('flexiv_msgs', 'ld_library_path_lib')
[0.951s] INFO:colcon.colcon_core.shell:Creating environment hook '/home/casey/flexiv_ros2_ws/install/flexiv_msgs/share/flexiv_msgs/hook/ld_library_path_lib.ps1'
[0.951s] INFO:colcon.colcon_core.shell:Creating environment descriptor '/home/casey/flexiv_ros2_ws/install/flexiv_msgs/share/flexiv_msgs/hook/ld_library_path_lib.dsv'
[0.951s] INFO:colcon.colcon_core.shell:Creating environment hook '/home/casey/flexiv_ros2_ws/install/flexiv_msgs/share/flexiv_msgs/hook/ld_library_path_lib.sh'
[0.951s] Level 1:colcon.colcon_core.environment:checking '/home/casey/flexiv_ros2_ws/install/flexiv_msgs/bin'
[0.951s] Level 1:colcon.colcon_core.environment:checking '/home/casey/flexiv_ros2_ws/install/flexiv_msgs/lib/pkgconfig/flexiv_msgs.pc'
[0.951s] Level 1:colcon.colcon_core.environment:checking '/home/casey/flexiv_ros2_ws/install/flexiv_msgs/lib/python3.10/site-packages'
[0.952s] Level 1:colcon.colcon_core.environment:checking '/home/casey/flexiv_ros2_ws/install/flexiv_msgs/bin'
[0.952s] INFO:colcon.colcon_core.shell:Creating package script '/home/casey/flexiv_ros2_ws/install/flexiv_msgs/share/flexiv_msgs/package.ps1'
[0.952s] INFO:colcon.colcon_core.shell:Creating package descriptor '/home/casey/flexiv_ros2_ws/install/flexiv_msgs/share/flexiv_msgs/package.dsv'
[0.952s] INFO:colcon.colcon_core.shell:Creating package script '/home/casey/flexiv_ros2_ws/install/flexiv_msgs/share/flexiv_msgs/package.sh'
[0.952s] INFO:colcon.colcon_core.shell:Creating package script '/home/casey/flexiv_ros2_ws/install/flexiv_msgs/share/flexiv_msgs/package.bash'
[0.953s] INFO:colcon.colcon_core.shell:Creating package script '/home/casey/flexiv_ros2_ws/install/flexiv_msgs/share/flexiv_msgs/package.zsh'
[0.953s] Level 1:colcon.colcon_core.environment:create_file_with_runtime_dependencies(/home/casey/flexiv_ros2_ws/install/flexiv_msgs/share/colcon-core/packages/flexiv_msgs)
[0.953s] INFO:colcon.colcon_ros.task.ament_cmake.build:Building ROS package in '/home/casey/flexiv_ros2_ws/src/flexiv_ros2/flexiv_controllers' with build type 'ament_cmake'
[0.953s] INFO:colcon.colcon_cmake.task.cmake.build:Building CMake package in '/home/casey/flexiv_ros2_ws/src/flexiv_ros2/flexiv_controllers'
[0.953s] INFO:colcon.colcon_core.shell:Skip shell extension 'powershell' for command environment: Not usable outside of PowerShell
[0.953s] DEBUG:colcon.colcon_core.shell:Skip shell extension 'dsv' for command environment
[0.969s] DEBUG:colcon.colcon_core.event_handler.log_command:Invoking command in '/home/casey/flexiv_ros2_ws/build/flexiv_controllers': CMAKE_PREFIX_PATH=/home/casey/flexiv_ros2_ws/install/flexiv_msgs:/home/casey/flexiv_ros2_ws/install/flexiv_bringup:/home/casey/flexiv_ros2_ws/install/flexiv_controllers:/home/casey/flexiv_ros2_ws/install/flexiv_moveit_config:/home/casey/flexiv_ros2_ws/install/flexiv_hardware:/home/casey/flexiv_ros2_ws/install/flexiv_description:/home/casey/flexiv_ros2_ws/install/flexiv_test_nodes:/opt/ros/humble LD_LIBRARY_PATH=/home/casey/flexiv_ros2_ws/install/flexiv_msgs/lib:/home/casey/flexiv_ros2_ws/install/flexiv_controllers/lib:/home/casey/flexiv_ros2_ws/install/flexiv_hardware/lib:/opt/ros/humble/opt/rviz_ogre_vendor/lib:/opt/ros/humble/lib/x86_64-linux-gnu:/opt/ros/humble/lib /usr/bin/cmake --build /home/casey/flexiv_ros2_ws/build/flexiv_controllers -- -j16 -l16
[1.047s] DEBUG:colcon.colcon_core.event_handler.log_command:Invoked command in '/home/casey/flexiv_ros2_ws/build/flexiv_controllers' returned '0': CMAKE_PREFIX_PATH=/home/casey/flexiv_ros2_ws/install/flexiv_msgs:/home/casey/flexiv_ros2_ws/install/flexiv_bringup:/home/casey/flexiv_ros2_ws/install/flexiv_controllers:/home/casey/flexiv_ros2_ws/install/flexiv_moveit_config:/home/casey/flexiv_ros2_ws/install/flexiv_hardware:/home/casey/flexiv_ros2_ws/install/flexiv_description:/home/casey/flexiv_ros2_ws/install/flexiv_test_nodes:/opt/ros/humble LD_LIBRARY_PATH=/home/casey/flexiv_ros2_ws/install/flexiv_msgs/lib:/home/casey/flexiv_ros2_ws/install/flexiv_controllers/lib:/home/casey/flexiv_ros2_ws/install/flexiv_hardware/lib:/opt/ros/humble/opt/rviz_ogre_vendor/lib:/opt/ros/humble/lib/x86_64-linux-gnu:/opt/ros/humble/lib /usr/bin/cmake --build /home/casey/flexiv_ros2_ws/build/flexiv_controllers -- -j16 -l16
[1.096s] DEBUG:colcon.colcon_core.event_handler.log_command:Invoking command in '/home/casey/flexiv_ros2_ws/build/flexiv_controllers': CMAKE_PREFIX_PATH=/home/casey/flexiv_ros2_ws/install/flexiv_msgs:/home/casey/flexiv_ros2_ws/install/flexiv_bringup:/home/casey/flexiv_ros2_ws/install/flexiv_controllers:/home/casey/flexiv_ros2_ws/install/flexiv_moveit_config:/home/casey/flexiv_ros2_ws/install/flexiv_hardware:/home/casey/flexiv_ros2_ws/install/flexiv_description:/home/casey/flexiv_ros2_ws/install/flexiv_test_nodes:/opt/ros/humble LD_LIBRARY_PATH=/home/casey/flexiv_ros2_ws/install/flexiv_msgs/lib:/home/casey/flexiv_ros2_ws/install/flexiv_controllers/lib:/home/casey/flexiv_ros2_ws/install/flexiv_hardware/lib:/opt/ros/humble/opt/rviz_ogre_vendor/lib:/opt/ros/humble/lib/x86_64-linux-gnu:/opt/ros/humble/lib /usr/bin/cmake --install /home/casey/flexiv_ros2_ws/build/flexiv_controllers
[1.103s] Level 1:colcon.colcon_core.environment:checking '/home/casey/flexiv_ros2_ws/install/flexiv_test_nodes' for CMake module files
[1.104s] DEBUG:colcon.colcon_core.event_handler.log_command:Invoked command in '/home/casey/flexiv_ros2_ws/src/flexiv_ros2/flexiv_test_nodes' returned '0': PYTHONPATH=/home/casey/flexiv_ros2_ws/build/flexiv_test_nodes/prefix_override:/home/casey/flexiv_ros2_ws/install/flexiv_test_nodes/lib/python3.10/site-packages:${PYTHONPATH} /usr/bin/python3 -W ignore:setup.py install is deprecated setup.py egg_info --egg-base ../../../build/flexiv_test_nodes build --build-base /home/casey/flexiv_ros2_ws/build/flexiv_test_nodes/build install --record /home/casey/flexiv_ros2_ws/build/flexiv_test_nodes/install.log --single-version-externally-managed install_data
[1.104s] Level 1:colcon.colcon_core.environment:checking '/home/casey/flexiv_ros2_ws/install/flexiv_test_nodes' for CMake config files
[1.104s] Level 1:colcon.colcon_core.environment:checking '/home/casey/flexiv_ros2_ws/install/flexiv_test_nodes/lib'
[1.104s] Level 1:colcon.colcon_core.environment:checking '/home/casey/flexiv_ros2_ws/install/flexiv_test_nodes/bin'
[1.104s] Level 1:colcon.colcon_core.environment:checking '/home/casey/flexiv_ros2_ws/install/flexiv_test_nodes/lib/pkgconfig/flexiv_test_nodes.pc'
[1.105s] Level 1:colcon.colcon_core.environment:checking '/home/casey/flexiv_ros2_ws/install/flexiv_test_nodes/lib/python3.10/site-packages'
[1.105s] Level 1:colcon.colcon_core.shell:create_environment_hook('flexiv_test_nodes', 'pythonpath')
[1.105s] INFO:colcon.colcon_core.shell:Creating environment hook '/home/casey/flexiv_ros2_ws/install/flexiv_test_nodes/share/flexiv_test_nodes/hook/pythonpath.ps1'
[1.105s] INFO:colcon.colcon_core.shell:Creating environment descriptor '/home/casey/flexiv_ros2_ws/install/flexiv_test_nodes/share/flexiv_test_nodes/hook/pythonpath.dsv'
[1.106s] INFO:colcon.colcon_core.shell:Creating environment hook '/home/casey/flexiv_ros2_ws/install/flexiv_test_nodes/share/flexiv_test_nodes/hook/pythonpath.sh'
[1.106s] Level 1:colcon.colcon_core.environment:checking '/home/casey/flexiv_ros2_ws/install/flexiv_test_nodes/bin'
[1.106s] Level 1:colcon.colcon_core.environment:create_environment_scripts_only(flexiv_test_nodes)
[1.107s] INFO:colcon.colcon_core.shell:Creating package script '/home/casey/flexiv_ros2_ws/install/flexiv_test_nodes/share/flexiv_test_nodes/package.ps1'
[1.107s] INFO:colcon.colcon_core.shell:Creating package descriptor '/home/casey/flexiv_ros2_ws/install/flexiv_test_nodes/share/flexiv_test_nodes/package.dsv'
[1.108s] INFO:colcon.colcon_core.shell:Creating package script '/home/casey/flexiv_ros2_ws/install/flexiv_test_nodes/share/flexiv_test_nodes/package.sh'
[1.108s] INFO:colcon.colcon_core.shell:Creating package script '/home/casey/flexiv_ros2_ws/install/flexiv_test_nodes/share/flexiv_test_nodes/package.bash'
[1.108s] INFO:colcon.colcon_core.shell:Creating package script '/home/casey/flexiv_ros2_ws/install/flexiv_test_nodes/share/flexiv_test_nodes/package.zsh'
[1.108s] Level 1:colcon.colcon_core.environment:create_file_with_runtime_dependencies(/home/casey/flexiv_ros2_ws/install/flexiv_test_nodes/share/colcon-core/packages/flexiv_test_nodes)
[1.109s] INFO:colcon.colcon_ros.task.ament_cmake.build:Building ROS package in '/home/casey/flexiv_ros2_ws/src/flexiv_ros2/flexiv_bringup' with build type 'ament_cmake'
[1.109s] INFO:colcon.colcon_cmake.task.cmake.build:Building CMake package in '/home/casey/flexiv_ros2_ws/src/flexiv_ros2/flexiv_bringup'
[1.109s] INFO:colcon.colcon_core.shell:Skip shell extension 'powershell' for command environment: Not usable outside of PowerShell
[1.109s] DEBUG:colcon.colcon_core.shell:Skip shell extension 'dsv' for command environment
[1.121s] Level 1:colcon.colcon_core.environment:create_environment_scripts_only(flexiv_controllers)
[1.122s] Level 1:colcon.colcon_core.environment:checking '/home/casey/flexiv_ros2_ws/install/flexiv_controllers' for CMake module files
[1.125s] Level 1:colcon.colcon_core.environment:checking '/home/casey/flexiv_ros2_ws/install/flexiv_controllers' for CMake config files
[1.125s] DEBUG:colcon.colcon_core.event_handler.log_command:Invoking command in '/home/casey/flexiv_ros2_ws/build/flexiv_bringup': AMENT_PREFIX_PATH=/home/casey/flexiv_ros2_ws/install/flexiv_test_nodes:/home/casey/flexiv_ros2_ws/install/flexiv_bringup:/home/casey/flexiv_ros2_ws/install/flexiv_controllers:/home/casey/flexiv_ros2_ws/install/flexiv_msgs:/home/casey/flexiv_ros2_ws/install/flexiv_moveit_config:/home/casey/flexiv_ros2_ws/install/flexiv_hardware:/home/casey/flexiv_ros2_ws/install/flexiv_description:/opt/ros/humble CMAKE_PREFIX_PATH=/home/casey/flexiv_ros2_ws/install/flexiv_hardware:/home/casey/flexiv_ros2_ws/install/flexiv_description:/home/casey/flexiv_ros2_ws/install/flexiv_bringup:/home/casey/flexiv_ros2_ws/install/flexiv_controllers:/home/casey/flexiv_ros2_ws/install/flexiv_msgs:/home/casey/flexiv_ros2_ws/install/flexiv_moveit_config:/home/casey/flexiv_ros2_ws/install/flexiv_test_nodes:/opt/ros/humble LD_LIBRARY_PATH=/home/casey/flexiv_ros2_ws/install/flexiv_hardware/lib:/home/casey/flexiv_ros2_ws/install/flexiv_controllers/lib:/home/casey/flexiv_ros2_ws/install/flexiv_msgs/lib:/opt/ros/humble/opt/rviz_ogre_vendor/lib:/opt/ros/humble/lib/x86_64-linux-gnu:/opt/ros/humble/lib PYTHONPATH=/home/casey/flexiv_ros2_ws/install/flexiv_test_nodes/lib/python3.10/site-packages:/home/casey/flexiv_ros2_ws/build/flexiv_test_nodes:/home/casey/flexiv_ros2_ws/install/flexiv_msgs/local/lib/python3.10/dist-packages:/opt/ros/humble/lib/python3.10/site-packages:/opt/ros/humble/local/lib/python3.10/dist-packages /usr/bin/cmake --build /home/casey/flexiv_ros2_ws/build/flexiv_bringup -- -j16 -l16
[1.125s] DEBUG:colcon.colcon_core.event_handler.log_command:Invoked command in '/home/casey/flexiv_ros2_ws/build/flexiv_controllers' returned '0': CMAKE_PREFIX_PATH=/home/casey/flexiv_ros2_ws/install/flexiv_msgs:/home/casey/flexiv_ros2_ws/install/flexiv_bringup:/home/casey/flexiv_ros2_ws/install/flexiv_controllers:/home/casey/flexiv_ros2_ws/install/flexiv_moveit_config:/home/casey/flexiv_ros2_ws/install/flexiv_hardware:/home/casey/flexiv_ros2_ws/install/flexiv_description:/home/casey/flexiv_ros2_ws/install/flexiv_test_nodes:/opt/ros/humble LD_LIBRARY_PATH=/home/casey/flexiv_ros2_ws/install/flexiv_msgs/lib:/home/casey/flexiv_ros2_ws/install/flexiv_controllers/lib:/home/casey/flexiv_ros2_ws/install/flexiv_hardware/lib:/opt/ros/humble/opt/rviz_ogre_vendor/lib:/opt/ros/humble/lib/x86_64-linux-gnu:/opt/ros/humble/lib /usr/bin/cmake --install /home/casey/flexiv_ros2_ws/build/flexiv_controllers
[1.125s] Level 1:colcon.colcon_core.shell:create_environment_hook('flexiv_controllers', 'cmake_prefix_path')
[1.125s] INFO:colcon.colcon_core.shell:Creating environment hook '/home/casey/flexiv_ros2_ws/install/flexiv_controllers/share/flexiv_controllers/hook/cmake_prefix_path.ps1'
[1.126s] INFO:colcon.colcon_core.shell:Creating environment descriptor '/home/casey/flexiv_ros2_ws/install/flexiv_controllers/share/flexiv_controllers/hook/cmake_prefix_path.dsv'
[1.126s] INFO:colcon.colcon_core.shell:Creating environment hook '/home/casey/flexiv_ros2_ws/install/flexiv_controllers/share/flexiv_controllers/hook/cmake_prefix_path.sh'
[1.127s] Level 1:colcon.colcon_core.environment:checking '/home/casey/flexiv_ros2_ws/install/flexiv_controllers/lib'
[1.127s] Level 1:colcon.colcon_core.shell:create_environment_hook('flexiv_controllers', 'ld_library_path_lib')
[1.127s] INFO:colcon.colcon_core.shell:Creating environment hook '/home/casey/flexiv_ros2_ws/install/flexiv_controllers/share/flexiv_controllers/hook/ld_library_path_lib.ps1'
[1.127s] INFO:colcon.colcon_core.shell:Creating environment descriptor '/home/casey/flexiv_ros2_ws/install/flexiv_controllers/share/flexiv_controllers/hook/ld_library_path_lib.dsv'
[1.127s] INFO:colcon.colcon_core.shell:Creating environment hook '/home/casey/flexiv_ros2_ws/install/flexiv_controllers/share/flexiv_controllers/hook/ld_library_path_lib.sh'
[1.127s] Level 1:colcon.colcon_core.environment:checking '/home/casey/flexiv_ros2_ws/install/flexiv_controllers/bin'
[1.127s] Level 1:colcon.colcon_core.environment:checking '/home/casey/flexiv_ros2_ws/install/flexiv_controllers/lib/pkgconfig/flexiv_controllers.pc'
[1.128s] Level 1:colcon.colcon_core.environment:checking '/home/casey/flexiv_ros2_ws/install/flexiv_controllers/lib/python3.10/site-packages'
[1.128s] Level 1:colcon.colcon_core.environment:checking '/home/casey/flexiv_ros2_ws/install/flexiv_controllers/bin'
[1.128s] INFO:colcon.colcon_core.shell:Creating package script '/home/casey/flexiv_ros2_ws/install/flexiv_controllers/share/flexiv_controllers/package.ps1'
[1.128s] INFO:colcon.colcon_core.shell:Creating package descriptor '/home/casey/flexiv_ros2_ws/install/flexiv_controllers/share/flexiv_controllers/package.dsv'
[1.129s] INFO:colcon.colcon_core.shell:Creating package script '/home/casey/flexiv_ros2_ws/install/flexiv_controllers/share/flexiv_controllers/package.sh'
[1.129s] INFO:colcon.colcon_core.shell:Creating package script '/home/casey/flexiv_ros2_ws/install/flexiv_controllers/share/flexiv_controllers/package.bash'
[1.129s] INFO:colcon.colcon_core.shell:Creating package script '/home/casey/flexiv_ros2_ws/install/flexiv_controllers/share/flexiv_controllers/package.zsh'
[1.129s] Level 1:colcon.colcon_core.environment:create_file_with_runtime_dependencies(/home/casey/flexiv_ros2_ws/install/flexiv_controllers/share/colcon-core/packages/flexiv_controllers)
[1.166s] DEBUG:colcon.colcon_core.event_handler.log_command:Invoked command in '/home/casey/flexiv_ros2_ws/build/flexiv_bringup' returned '0': AMENT_PREFIX_PATH=/home/casey/flexiv_ros2_ws/install/flexiv_test_nodes:/home/casey/flexiv_ros2_ws/install/flexiv_bringup:/home/casey/flexiv_ros2_ws/install/flexiv_controllers:/home/casey/flexiv_ros2_ws/install/flexiv_msgs:/home/casey/flexiv_ros2_ws/install/flexiv_moveit_config:/home/casey/flexiv_ros2_ws/install/flexiv_hardware:/home/casey/flexiv_ros2_ws/install/flexiv_description:/opt/ros/humble CMAKE_PREFIX_PATH=/home/casey/flexiv_ros2_ws/install/flexiv_hardware:/home/casey/flexiv_ros2_ws/install/flexiv_description:/home/casey/flexiv_ros2_ws/install/flexiv_bringup:/home/casey/flexiv_ros2_ws/install/flexiv_controllers:/home/casey/flexiv_ros2_ws/install/flexiv_msgs:/home/casey/flexiv_ros2_ws/install/flexiv_moveit_config:/home/casey/flexiv_ros2_ws/install/flexiv_test_nodes:/opt/ros/humble LD_LIBRARY_PATH=/home/casey/flexiv_ros2_ws/install/flexiv_hardware/lib:/home/casey/flexiv_ros2_ws/install/flexiv_controllers/lib:/home/casey/flexiv_ros2_ws/install/flexiv_msgs/lib:/opt/ros/humble/opt/rviz_ogre_vendor/lib:/opt/ros/humble/lib/x86_64-linux-gnu:/opt/ros/humble/lib PYTHONPATH=/home/casey/flexiv_ros2_ws/install/flexiv_test_nodes/lib/python3.10/site-packages:/home/casey/flexiv_ros2_ws/build/flexiv_test_nodes:/home/casey/flexiv_ros2_ws/install/flexiv_msgs/local/lib/python3.10/dist-packages:/opt/ros/humble/lib/python3.10/site-packages:/opt/ros/humble/local/lib/python3.10/dist-packages /usr/bin/cmake --build /home/casey/flexiv_ros2_ws/build/flexiv_bringup -- -j16 -l16
[1.175s] Level 1:colcon.colcon_core.environment:create_environment_scripts_only(flexiv_controllers)
[1.175s] Level 1:colcon.colcon_core.environment:checking '/home/casey/flexiv_ros2_ws/install/flexiv_controllers' for CMake module files
[1.175s] Level 1:colcon.colcon_core.environment:checking '/home/casey/flexiv_ros2_ws/install/flexiv_controllers' for CMake config files
[1.175s] Level 1:colcon.colcon_core.shell:create_environment_hook('flexiv_controllers', 'cmake_prefix_path')
[1.176s] INFO:colcon.colcon_core.shell:Creating environment hook '/home/casey/flexiv_ros2_ws/install/flexiv_controllers/share/flexiv_controllers/hook/cmake_prefix_path.ps1'
[1.176s] INFO:colcon.colcon_core.shell:Creating environment descriptor '/home/casey/flexiv_ros2_ws/install/flexiv_controllers/share/flexiv_controllers/hook/cmake_prefix_path.dsv'
[1.176s] INFO:colcon.colcon_core.shell:Creating environment hook '/home/casey/flexiv_ros2_ws/install/flexiv_controllers/share/flexiv_controllers/hook/cmake_prefix_path.sh'
[1.177s] Level 1:colcon.colcon_core.environment:checking '/home/casey/flexiv_ros2_ws/install/flexiv_controllers/lib'
[1.177s] Level 1:colcon.colcon_core.shell:create_environment_hook('flexiv_controllers', 'ld_library_path_lib')
[1.177s] INFO:colcon.colcon_core.shell:Creating environment hook '/home/casey/flexiv_ros2_ws/install/flexiv_controllers/share/flexiv_controllers/hook/ld_library_path_lib.ps1'
[1.177s] INFO:colcon.colcon_core.shell:Creating environment descriptor '/home/casey/flexiv_ros2_ws/install/flexiv_controllers/share/flexiv_controllers/hook/ld_library_path_lib.dsv'
[1.178s] INFO:colcon.colcon_core.shell:Creating environment hook '/home/casey/flexiv_ros2_ws/install/flexiv_controllers/share/flexiv_controllers/hook/ld_library_path_lib.sh'
[1.178s] Level 1:colcon.colcon_core.environment:checking '/home/casey/flexiv_ros2_ws/install/flexiv_controllers/bin'
[1.178s] Level 1:colcon.colcon_core.environment:checking '/home/casey/flexiv_ros2_ws/install/flexiv_controllers/lib/pkgconfig/flexiv_controllers.pc'
[1.178s] Level 1:colcon.colcon_core.environment:checking '/home/casey/flexiv_ros2_ws/install/flexiv_controllers/lib/python3.10/site-packages'
[1.178s] Level 1:colcon.colcon_core.environment:checking '/home/casey/flexiv_ros2_ws/install/flexiv_controllers/bin'
[1.178s] INFO:colcon.colcon_core.shell:Creating package script '/home/casey/flexiv_ros2_ws/install/flexiv_controllers/share/flexiv_controllers/package.ps1'
[1.179s] INFO:colcon.colcon_core.shell:Creating package descriptor '/home/casey/flexiv_ros2_ws/install/flexiv_controllers/share/flexiv_controllers/package.dsv'
[1.179s] INFO:colcon.colcon_core.shell:Creating package script '/home/casey/flexiv_ros2_ws/install/flexiv_controllers/share/flexiv_controllers/package.sh'
[1.179s] INFO:colcon.colcon_core.shell:Creating package script '/home/casey/flexiv_ros2_ws/install/flexiv_controllers/share/flexiv_controllers/package.bash'
[1.180s] INFO:colcon.colcon_core.shell:Creating package script '/home/casey/flexiv_ros2_ws/install/flexiv_controllers/share/flexiv_controllers/package.zsh'
[1.180s] Level 1:colcon.colcon_core.environment:create_file_with_runtime_dependencies(/home/casey/flexiv_ros2_ws/install/flexiv_controllers/share/colcon-core/packages/flexiv_controllers)
[1.201s] DEBUG:colcon.colcon_core.event_handler.log_command:Invoking command in '/home/casey/flexiv_ros2_ws/build/flexiv_bringup': AMENT_PREFIX_PATH=/home/casey/flexiv_ros2_ws/install/flexiv_test_nodes:/home/casey/flexiv_ros2_ws/install/flexiv_bringup:/home/casey/flexiv_ros2_ws/install/flexiv_controllers:/home/casey/flexiv_ros2_ws/install/flexiv_msgs:/home/casey/flexiv_ros2_ws/install/flexiv_moveit_config:/home/casey/flexiv_ros2_ws/install/flexiv_hardware:/home/casey/flexiv_ros2_ws/install/flexiv_description:/opt/ros/humble CMAKE_PREFIX_PATH=/home/casey/flexiv_ros2_ws/install/flexiv_hardware:/home/casey/flexiv_ros2_ws/install/flexiv_description:/home/casey/flexiv_ros2_ws/install/flexiv_bringup:/home/casey/flexiv_ros2_ws/install/flexiv_controllers:/home/casey/flexiv_ros2_ws/install/flexiv_msgs:/home/casey/flexiv_ros2_ws/install/flexiv_moveit_config:/home/casey/flexiv_ros2_ws/install/flexiv_test_nodes:/opt/ros/humble LD_LIBRARY_PATH=/home/casey/flexiv_ros2_ws/install/flexiv_hardware/lib:/home/casey/flexiv_ros2_ws/install/flexiv_controllers/lib:/home/casey/flexiv_ros2_ws/install/flexiv_msgs/lib:/opt/ros/humble/opt/rviz_ogre_vendor/lib:/opt/ros/humble/lib/x86_64-linux-gnu:/opt/ros/humble/lib PYTHONPATH=/home/casey/flexiv_ros2_ws/install/flexiv_test_nodes/lib/python3.10/site-packages:/home/casey/flexiv_ros2_ws/build/flexiv_test_nodes:/home/casey/flexiv_ros2_ws/install/flexiv_msgs/local/lib/python3.10/dist-packages:/opt/ros/humble/lib/python3.10/site-packages:/opt/ros/humble/local/lib/python3.10/dist-packages /usr/bin/cmake --install /home/casey/flexiv_ros2_ws/build/flexiv_bringup
[1.225s] Level 1:colcon.colcon_core.environment:create_environment_scripts_only(flexiv_bringup)
[1.225s] Level 1:colcon.colcon_core.environment:checking '/home/casey/flexiv_ros2_ws/install/flexiv_bringup' for CMake module files
[1.226s] DEBUG:colcon.colcon_core.event_handler.log_command:Invoked command in '/home/casey/flexiv_ros2_ws/build/flexiv_bringup' returned '0': AMENT_PREFIX_PATH=/home/casey/flexiv_ros2_ws/install/flexiv_test_nodes:/home/casey/flexiv_ros2_ws/install/flexiv_bringup:/home/casey/flexiv_ros2_ws/install/flexiv_controllers:/home/casey/flexiv_ros2_ws/install/flexiv_msgs:/home/casey/flexiv_ros2_ws/install/flexiv_moveit_config:/home/casey/flexiv_ros2_ws/install/flexiv_hardware:/home/casey/flexiv_ros2_ws/install/flexiv_description:/opt/ros/humble CMAKE_PREFIX_PATH=/home/casey/flexiv_ros2_ws/install/flexiv_hardware:/home/casey/flexiv_ros2_ws/install/flexiv_description:/home/casey/flexiv_ros2_ws/install/flexiv_bringup:/home/casey/flexiv_ros2_ws/install/flexiv_controllers:/home/casey/flexiv_ros2_ws/install/flexiv_msgs:/home/casey/flexiv_ros2_ws/install/flexiv_moveit_config:/home/casey/flexiv_ros2_ws/install/flexiv_test_nodes:/opt/ros/humble LD_LIBRARY_PATH=/home/casey/flexiv_ros2_ws/install/flexiv_hardware/lib:/home/casey/flexiv_ros2_ws/install/flexiv_controllers/lib:/home/casey/flexiv_ros2_ws/install/flexiv_msgs/lib:/opt/ros/humble/opt/rviz_ogre_vendor/lib:/opt/ros/humble/lib/x86_64-linux-gnu:/opt/ros/humble/lib PYTHONPATH=/home/casey/flexiv_ros2_ws/install/flexiv_test_nodes/lib/python3.10/site-packages:/home/casey/flexiv_ros2_ws/build/flexiv_test_nodes:/home/casey/flexiv_ros2_ws/install/flexiv_msgs/local/lib/python3.10/dist-packages:/opt/ros/humble/lib/python3.10/site-packages:/opt/ros/humble/local/lib/python3.10/dist-packages /usr/bin/cmake --install /home/casey/flexiv_ros2_ws/build/flexiv_bringup
[1.226s] Level 1:colcon.colcon_core.environment:checking '/home/casey/flexiv_ros2_ws/install/flexiv_bringup' for CMake config files
[1.226s] Level 1:colcon.colcon_core.shell:create_environment_hook('flexiv_bringup', 'cmake_prefix_path')
[1.226s] INFO:colcon.colcon_core.shell:Creating environment hook '/home/casey/flexiv_ros2_ws/install/flexiv_bringup/share/flexiv_bringup/hook/cmake_prefix_path.ps1'
[1.227s] INFO:colcon.colcon_core.shell:Creating environment descriptor '/home/casey/flexiv_ros2_ws/install/flexiv_bringup/share/flexiv_bringup/hook/cmake_prefix_path.dsv'
[1.227s] INFO:colcon.colcon_core.shell:Creating environment hook '/home/casey/flexiv_ros2_ws/install/flexiv_bringup/share/flexiv_bringup/hook/cmake_prefix_path.sh'
[1.227s] Level 1:colcon.colcon_core.environment:checking '/home/casey/flexiv_ros2_ws/install/flexiv_bringup/bin'
[1.227s] Level 1:colcon.colcon_core.environment:checking '/home/casey/flexiv_ros2_ws/install/flexiv_bringup/lib/pkgconfig/flexiv_bringup.pc'
[1.228s] Level 1:colcon.colcon_core.environment:checking '/home/casey/flexiv_ros2_ws/install/flexiv_bringup/lib/python3.10/site-packages'
[1.228s] Level 1:colcon.colcon_core.environment:checking '/home/casey/flexiv_ros2_ws/install/flexiv_bringup/bin'
[1.228s] INFO:colcon.colcon_core.shell:Creating package script '/home/casey/flexiv_ros2_ws/install/flexiv_bringup/share/flexiv_bringup/package.ps1'
[1.228s] INFO:colcon.colcon_core.shell:Creating package descriptor '/home/casey/flexiv_ros2_ws/install/flexiv_bringup/share/flexiv_bringup/package.dsv'
[1.228s] INFO:colcon.colcon_core.shell:Creating package script '/home/casey/flexiv_ros2_ws/install/flexiv_bringup/share/flexiv_bringup/package.sh'
[1.229s] INFO:colcon.colcon_core.shell:Creating package script '/home/casey/flexiv_ros2_ws/install/flexiv_bringup/share/flexiv_bringup/package.bash'
[1.229s] INFO:colcon.colcon_core.shell:Creating package script '/home/casey/flexiv_ros2_ws/install/flexiv_bringup/share/flexiv_bringup/package.zsh'
[1.229s] Level 1:colcon.colcon_core.environment:create_file_with_runtime_dependencies(/home/casey/flexiv_ros2_ws/install/flexiv_bringup/share/colcon-core/packages/flexiv_bringup)
[1.261s] Level 1:colcon.colcon_core.environment:create_environment_scripts_only(flexiv_bringup)
[1.261s] Level 1:colcon.colcon_core.environment:checking '/home/casey/flexiv_ros2_ws/install/flexiv_bringup' for CMake module files
[1.261s] Level 1:colcon.colcon_core.environment:checking '/home/casey/flexiv_ros2_ws/install/flexiv_bringup' for CMake config files
[1.262s] Level 1:colcon.colcon_core.shell:create_environment_hook('flexiv_bringup', 'cmake_prefix_path')
[1.262s] INFO:colcon.colcon_core.shell:Creating environment hook '/home/casey/flexiv_ros2_ws/install/flexiv_bringup/share/flexiv_bringup/hook/cmake_prefix_path.ps1'
[1.262s] INFO:colcon.colcon_core.shell:Creating environment descriptor '/home/casey/flexiv_ros2_ws/install/flexiv_bringup/share/flexiv_bringup/hook/cmake_prefix_path.dsv'
[1.263s] INFO:colcon.colcon_core.shell:Creating environment hook '/home/casey/flexiv_ros2_ws/install/flexiv_bringup/share/flexiv_bringup/hook/cmake_prefix_path.sh'
[1.263s] Level 1:colcon.colcon_core.environment:checking '/home/casey/flexiv_ros2_ws/install/flexiv_bringup/bin'
[1.263s] Level 1:colcon.colcon_core.environment:checking '/home/casey/flexiv_ros2_ws/install/flexiv_bringup/lib/pkgconfig/flexiv_bringup.pc'
[1.263s] Level 1:colcon.colcon_core.environment:checking '/home/casey/flexiv_ros2_ws/install/flexiv_bringup/lib/python3.10/site-packages'
[1.264s] Level 1:colcon.colcon_core.environment:checking '/home/casey/flexiv_ros2_ws/install/flexiv_bringup/bin'
[1.264s] INFO:colcon.colcon_core.shell:Creating package script '/home/casey/flexiv_ros2_ws/install/flexiv_bringup/share/flexiv_bringup/package.ps1'
[1.264s] INFO:colcon.colcon_core.shell:Creating package descriptor '/home/casey/flexiv_ros2_ws/install/flexiv_bringup/share/flexiv_bringup/package.dsv'
[1.264s] INFO:colcon.colcon_core.shell:Creating package script '/home/casey/flexiv_ros2_ws/install/flexiv_bringup/share/flexiv_bringup/package.sh'
[1.265s] INFO:colcon.colcon_core.shell:Creating package script '/home/casey/flexiv_ros2_ws/install/flexiv_bringup/share/flexiv_bringup/package.bash'
[1.265s] INFO:colcon.colcon_core.shell:Creating package script '/home/casey/flexiv_ros2_ws/install/flexiv_bringup/share/flexiv_bringup/package.zsh'
[1.265s] Level 1:colcon.colcon_core.environment:create_file_with_runtime_dependencies(/home/casey/flexiv_ros2_ws/install/flexiv_bringup/share/colcon-core/packages/flexiv_bringup)
[2.569s] DEBUG:colcon.colcon_core.event_handler.log_command:Invoked command in '/home/casey/flexiv_ros2_ws/build/flexiv_gazebo' returned '1': CMAKE_PREFIX_PATH=${CMAKE_PREFIX_PATH}:/home/casey/flexiv_ros2_ws/install/flexiv_test_nodes:/opt/ros/humble /usr/bin/cmake /home/casey/flexiv_ros2_ws/src/flexiv_ros2/flexiv_gazebo -DCMAKE_INSTALL_PREFIX=/home/casey/flexiv_ros2_ws/install/flexiv_gazebo
[2.584s] Level 1:colcon.colcon_core.environment:create_environment_scripts_only(flexiv_gazebo)
[2.584s] Level 1:colcon.colcon_core.environment:checking '/home/casey/flexiv_ros2_ws/install/flexiv_gazebo' for CMake module files
[2.585s] Level 1:colcon.colcon_core.environment:checking '/home/casey/flexiv_ros2_ws/install/flexiv_gazebo' for CMake config files
[2.585s] Level 1:colcon.colcon_core.environment:checking '/home/casey/flexiv_ros2_ws/install/flexiv_gazebo/bin'
[2.585s] Level 1:colcon.colcon_core.environment:checking '/home/casey/flexiv_ros2_ws/install/flexiv_gazebo/lib/pkgconfig/flexiv_gazebo.pc'
[2.585s] Level 1:colcon.colcon_core.environment:checking '/home/casey/flexiv_ros2_ws/install/flexiv_gazebo/lib/python3.10/site-packages'
[2.585s] Level 1:colcon.colcon_core.environment:checking '/home/casey/flexiv_ros2_ws/install/flexiv_gazebo/bin'
[2.585s] INFO:colcon.colcon_core.shell:Creating package script '/home/casey/flexiv_ros2_ws/install/flexiv_gazebo/share/flexiv_gazebo/package.ps1'
[2.586s] INFO:colcon.colcon_core.shell:Creating package descriptor '/home/casey/flexiv_ros2_ws/install/flexiv_gazebo/share/flexiv_gazebo/package.dsv'
[2.586s] INFO:colcon.colcon_core.shell:Creating package script '/home/casey/flexiv_ros2_ws/install/flexiv_gazebo/share/flexiv_gazebo/package.sh'
[2.586s] INFO:colcon.colcon_core.shell:Creating package script '/home/casey/flexiv_ros2_ws/install/flexiv_gazebo/share/flexiv_gazebo/package.bash'
[2.586s] INFO:colcon.colcon_core.shell:Creating package script '/home/casey/flexiv_ros2_ws/install/flexiv_gazebo/share/flexiv_gazebo/package.zsh'
[2.586s] Level 1:colcon.colcon_core.environment:create_file_with_runtime_dependencies(/home/casey/flexiv_ros2_ws/install/flexiv_gazebo/share/colcon-core/packages/flexiv_gazebo)
[2.598s] DEBUG:colcon.colcon_parallel_executor.executor.parallel:closing loop
[2.598s] DEBUG:colcon.colcon_parallel_executor.executor.parallel:loop closed
[2.598s] DEBUG:colcon.colcon_parallel_executor.executor.parallel:run_until_complete finished with '1'
[2.598s] DEBUG:colcon.colcon_core.event_reactor:joining thread
[2.612s] INFO:colcon.colcon_core.plugin_system:Skipping extension 'colcon_notification.desktop_notification.terminal_notifier': Not used on non-Darwin systems
[2.612s] INFO:colcon.colcon_core.plugin_system:Skipping extension 'colcon_notification.desktop_notification.win32': Not used on non-Windows systems
[2.612s] INFO:colcon.colcon_notification.desktop_notification:Sending desktop notification using 'notify2'
[2.621s] DEBUG:colcon.colcon_core.event_reactor:joined thread
[2.621s] INFO:colcon.colcon_core.shell:Creating prefix script '/home/casey/flexiv_ros2_ws/install/local_setup.ps1'
[2.622s] INFO:colcon.colcon_core.shell:Creating prefix util module '/home/casey/flexiv_ros2_ws/install/_local_setup_util_ps1.py'
[2.623s] INFO:colcon.colcon_core.shell:Creating prefix chain script '/home/casey/flexiv_ros2_ws/install/setup.ps1'
[2.624s] INFO:colcon.colcon_core.shell:Creating prefix script '/home/casey/flexiv_ros2_ws/install/local_setup.sh'
[2.624s] INFO:colcon.colcon_core.shell:Creating prefix util module '/home/casey/flexiv_ros2_ws/install/_local_setup_util_sh.py'
[2.625s] INFO:colcon.colcon_core.shell:Creating prefix chain script '/home/casey/flexiv_ros2_ws/install/setup.sh'
[2.625s] INFO:colcon.colcon_core.shell:Creating prefix script '/home/casey/flexiv_ros2_ws/install/local_setup.bash'
[2.626s] INFO:colcon.colcon_core.shell:Creating prefix chain script '/home/casey/flexiv_ros2_ws/install/setup.bash'
[2.626s] INFO:colcon.colcon_core.shell:Creating prefix script '/home/casey/flexiv_ros2_ws/install/local_setup.zsh'
[2.627s] INFO:colcon.colcon_core.shell:Creating prefix chain script '/home/casey/flexiv_ros2_ws/install/setup.zsh'
