-- Found ament_cmake: 1.3.9 (/opt/ros/humble/share/ament_cmake/cmake)
-- Override CMake install command with custom implementation using symlinks instead of copying resources
-- Found rosidl_default_generators: 1.2.0 (/opt/ros/humble/share/rosidl_default_generators/cmake)
-- Using all available rosidl_typesupport_c: rosidl_typesupport_fastrtps_c;rosidl_typesupport_introspection_c
-- Found rosidl_adapter: 3.1.5 (/opt/ros/humble/share/rosidl_adapter/cmake)
-- Using all available rosidl_typesupport_cpp: rosidl_typesupport_fastrtps_cpp;rosidl_typesupport_introspection_cpp
-- Found std_msgs: 4.2.4 (/opt/ros/humble/share/std_msgs/cmake)
-- Found geometry_msgs: 4.2.4 (/opt/ros/humble/share/geometry_msgs/cmake)
-- Found ament_cmake_ros: 0.10.0 (/opt/ros/humble/share/ament_cmake_ros/cmake)
-- Using all available rosidl_typesupport_c: rosidl_typesupport_fastrtps_c;rosidl_typesupport_introspection_c
-- Using all available rosidl_typesupport_cpp: rosidl_typesupport_fastrtps_cpp;rosidl_typesupport_introspection_cpp
-- Found python_cmake_module: 0.10.0 (/opt/ros/humble/share/python_cmake_module/cmake)
-- Using PYTHON_EXECUTABLE: /usr/bin/python3
-- Using PYTHON_INCLUDE_DIRS: /usr/include/python3.10
-- Using PYTHON_LIBRARIES: /usr/lib/x86_64-linux-gnu/libpython3.10.so
-- Found ament_lint_auto: 0.12.11 (/opt/ros/humble/share/ament_lint_auto/cmake)
-- Added test 'copyright' to check source files copyright and LICENSE
-- Added test 'lint_cmake' to check CMake code style
-- Added test 'xmllint' to check XML markup files
-- Configuring done
-- Generating done
-- Build files have been written to: /home/casey/flexiv_ros2_ws/build/flexiv_msgs
[35m[1mConsolidate compiler generated dependencies of target flexiv_msgs__rosidl_generator_c[0m
[  1%] Built target flexiv_msgs__cpp
[ 12%] Built target flexiv_msgs__rosidl_generator_c
[ 12%] Built target ament_cmake_python_symlink_flexiv_msgs
[35m[1mConsolidate compiler generated dependencies of target flexiv_msgs__rosidl_typesupport_fastrtps_cpp[0m
[35m[1mConsolidate compiler generated dependencies of target flexiv_msgs__rosidl_typesupport_cpp[0m
[35m[1mConsolidate compiler generated dependencies of target flexiv_msgs__rosidl_typesupport_introspection_cpp[0m
[35m[1mConsolidate compiler generated dependencies of target flexiv_msgs__rosidl_typesupport_c[0m
[35m[1mConsolidate compiler generated dependencies of target flexiv_msgs__rosidl_typesupport_introspection_c[0m
[35m[1mConsolidate compiler generated dependencies of target flexiv_msgs__rosidl_typesupport_fastrtps_c[0m
[ 39%] Built target flexiv_msgs__rosidl_typesupport_fastrtps_cpp
[ 39%] Built target flexiv_msgs__rosidl_typesupport_cpp
[ 46%] Built target flexiv_msgs__rosidl_typesupport_c
[ 58%] Built target flexiv_msgs__rosidl_typesupport_introspection_c
[ 68%] Built target flexiv_msgs__rosidl_typesupport_introspection_cpp
[ 79%] Built target flexiv_msgs__rosidl_typesupport_fastrtps_c
[ 79%] Built target flexiv_msgs
[ 80%] Built target flexiv_msgs__py
[35m[1mConsolidate compiler generated dependencies of target flexiv_msgs__rosidl_generator_py[0m
[ 90%] Built target flexiv_msgs__rosidl_generator_py
[35m[1mConsolidate compiler generated dependencies of target flexiv_msgs__rosidl_typesupport_fastrtps_c__pyext[0m
[35m[1mConsolidate compiler generated dependencies of target flexiv_msgs__rosidl_typesupport_c__pyext[0m
[35m[1mConsolidate compiler generated dependencies of target flexiv_msgs__rosidl_typesupport_introspection_c__pyext[0m
running egg_info
[100%] Built target flexiv_msgs__rosidl_typesupport_introspection_c__pyext
[100%] Built target flexiv_msgs__rosidl_typesupport_fastrtps_c__pyext
[100%] Built target flexiv_msgs__rosidl_typesupport_c__pyext
writing flexiv_msgs.egg-info/PKG-INFO
writing dependency_links to flexiv_msgs.egg-info/dependency_links.txt
writing top-level names to flexiv_msgs.egg-info/top_level.txt
reading manifest file 'flexiv_msgs.egg-info/SOURCES.txt'
writing manifest file 'flexiv_msgs.egg-info/SOURCES.txt'
[100%] Built target ament_cmake_python_build_flexiv_msgs_egg
-- Install configuration: ""
-- Execute custom install script
-- Up-to-date symlink: /home/casey/flexiv_ros2_ws/install/flexiv_msgs/share/ament_index/resource_index/rosidl_interfaces/flexiv_msgs
-- Up-to-date symlink: /home/casey/flexiv_ros2_ws/install/flexiv_msgs/include/flexiv_msgs/flexiv_msgs/msg/detail/digital__functions.h
-- Up-to-date symlink: /home/casey/flexiv_ros2_ws/install/flexiv_msgs/include/flexiv_msgs/flexiv_msgs/msg/detail/digital__struct.h
-- Up-to-date symlink: /home/casey/flexiv_ros2_ws/install/flexiv_msgs/include/flexiv_msgs/flexiv_msgs/msg/detail/digital__type_support.h
-- Up-to-date symlink: /home/casey/flexiv_ros2_ws/install/flexiv_msgs/include/flexiv_msgs/flexiv_msgs/msg/detail/gpio_states__functions.h
-- Up-to-date symlink: /home/casey/flexiv_ros2_ws/install/flexiv_msgs/include/flexiv_msgs/flexiv_msgs/msg/detail/gpio_states__struct.h
-- Up-to-date symlink: /home/casey/flexiv_ros2_ws/install/flexiv_msgs/include/flexiv_msgs/flexiv_msgs/msg/detail/gpio_states__type_support.h
-- Up-to-date symlink: /home/casey/flexiv_ros2_ws/install/flexiv_msgs/include/flexiv_msgs/flexiv_msgs/msg/detail/joint_pos_vel__functions.h
-- Up-to-date symlink: /home/casey/flexiv_ros2_ws/install/flexiv_msgs/include/flexiv_msgs/flexiv_msgs/msg/detail/joint_pos_vel__struct.h
-- Up-to-date symlink: /home/casey/flexiv_ros2_ws/install/flexiv_msgs/include/flexiv_msgs/flexiv_msgs/msg/detail/joint_pos_vel__type_support.h
-- Up-to-date symlink: /home/casey/flexiv_ros2_ws/install/flexiv_msgs/include/flexiv_msgs/flexiv_msgs/msg/detail/mode__functions.h
-- Up-to-date symlink: /home/casey/flexiv_ros2_ws/install/flexiv_msgs/include/flexiv_msgs/flexiv_msgs/msg/detail/mode__struct.h
-- Up-to-date symlink: /home/casey/flexiv_ros2_ws/install/flexiv_msgs/include/flexiv_msgs/flexiv_msgs/msg/detail/mode__type_support.h
-- Up-to-date symlink: /home/casey/flexiv_ros2_ws/install/flexiv_msgs/include/flexiv_msgs/flexiv_msgs/msg/detail/robot_states__functions.h
-- Up-to-date symlink: /home/casey/flexiv_ros2_ws/install/flexiv_msgs/include/flexiv_msgs/flexiv_msgs/msg/detail/robot_states__struct.h
-- Up-to-date symlink: /home/casey/flexiv_ros2_ws/install/flexiv_msgs/include/flexiv_msgs/flexiv_msgs/msg/detail/robot_states__type_support.h
-- Up-to-date symlink: /home/casey/flexiv_ros2_ws/install/flexiv_msgs/include/flexiv_msgs/flexiv_msgs/msg/digital.h
-- Up-to-date symlink: /home/casey/flexiv_ros2_ws/install/flexiv_msgs/include/flexiv_msgs/flexiv_msgs/msg/gpio_states.h
-- Up-to-date symlink: /home/casey/flexiv_ros2_ws/install/flexiv_msgs/include/flexiv_msgs/flexiv_msgs/msg/joint_pos_vel.h
-- Up-to-date symlink: /home/casey/flexiv_ros2_ws/install/flexiv_msgs/include/flexiv_msgs/flexiv_msgs/msg/mode.h
-- Up-to-date symlink: /home/casey/flexiv_ros2_ws/install/flexiv_msgs/include/flexiv_msgs/flexiv_msgs/msg/robot_states.h
-- Up-to-date symlink: /home/casey/flexiv_ros2_ws/install/flexiv_msgs/include/flexiv_msgs/flexiv_msgs/msg/rosidl_generator_c__visibility_control.h
-- Up-to-date symlink: /home/casey/flexiv_ros2_ws/install/flexiv_msgs/share/flexiv_msgs/environment/library_path.sh
-- Up-to-date symlink: /home/casey/flexiv_ros2_ws/install/flexiv_msgs/share/flexiv_msgs/environment/library_path.dsv
-- Up-to-date symlink: /home/casey/flexiv_ros2_ws/install/flexiv_msgs/include/flexiv_msgs/flexiv_msgs/msg/detail/digital__rosidl_typesupport_fastrtps_c.h
-- Up-to-date symlink: /home/casey/flexiv_ros2_ws/install/flexiv_msgs/include/flexiv_msgs/flexiv_msgs/msg/detail/gpio_states__rosidl_typesupport_fastrtps_c.h
-- Up-to-date symlink: /home/casey/flexiv_ros2_ws/install/flexiv_msgs/include/flexiv_msgs/flexiv_msgs/msg/detail/joint_pos_vel__rosidl_typesupport_fastrtps_c.h
-- Up-to-date symlink: /home/casey/flexiv_ros2_ws/install/flexiv_msgs/include/flexiv_msgs/flexiv_msgs/msg/detail/mode__rosidl_typesupport_fastrtps_c.h
-- Up-to-date symlink: /home/casey/flexiv_ros2_ws/install/flexiv_msgs/include/flexiv_msgs/flexiv_msgs/msg/detail/robot_states__rosidl_typesupport_fastrtps_c.h
-- Up-to-date symlink: /home/casey/flexiv_ros2_ws/install/flexiv_msgs/include/flexiv_msgs/flexiv_msgs/msg/rosidl_typesupport_fastrtps_c__visibility_control.h
-- Up-to-date symlink: /home/casey/flexiv_ros2_ws/install/flexiv_msgs/include/flexiv_msgs/flexiv_msgs/msg/detail/digital__rosidl_typesupport_introspection_c.h
-- Up-to-date symlink: /home/casey/flexiv_ros2_ws/install/flexiv_msgs/include/flexiv_msgs/flexiv_msgs/msg/detail/gpio_states__rosidl_typesupport_introspection_c.h
-- Up-to-date symlink: /home/casey/flexiv_ros2_ws/install/flexiv_msgs/include/flexiv_msgs/flexiv_msgs/msg/detail/joint_pos_vel__rosidl_typesupport_introspection_c.h
-- Up-to-date symlink: /home/casey/flexiv_ros2_ws/install/flexiv_msgs/include/flexiv_msgs/flexiv_msgs/msg/detail/mode__rosidl_typesupport_introspection_c.h
-- Up-to-date symlink: /home/casey/flexiv_ros2_ws/install/flexiv_msgs/include/flexiv_msgs/flexiv_msgs/msg/detail/robot_states__rosidl_typesupport_introspection_c.h
-- Up-to-date symlink: /home/casey/flexiv_ros2_ws/install/flexiv_msgs/include/flexiv_msgs/flexiv_msgs/msg/rosidl_typesupport_introspection_c__visibility_control.h
-- Up-to-date symlink: /home/casey/flexiv_ros2_ws/install/flexiv_msgs/include/flexiv_msgs/flexiv_msgs/msg/detail/digital__builder.hpp
-- Up-to-date symlink: /home/casey/flexiv_ros2_ws/install/flexiv_msgs/include/flexiv_msgs/flexiv_msgs/msg/detail/digital__struct.hpp
-- Up-to-date symlink: /home/casey/flexiv_ros2_ws/install/flexiv_msgs/include/flexiv_msgs/flexiv_msgs/msg/detail/digital__traits.hpp
-- Up-to-date symlink: /home/casey/flexiv_ros2_ws/install/flexiv_msgs/include/flexiv_msgs/flexiv_msgs/msg/detail/gpio_states__builder.hpp
-- Up-to-date symlink: /home/casey/flexiv_ros2_ws/install/flexiv_msgs/include/flexiv_msgs/flexiv_msgs/msg/detail/gpio_states__struct.hpp
-- Up-to-date symlink: /home/casey/flexiv_ros2_ws/install/flexiv_msgs/include/flexiv_msgs/flexiv_msgs/msg/detail/gpio_states__traits.hpp
-- Up-to-date symlink: /home/casey/flexiv_ros2_ws/install/flexiv_msgs/include/flexiv_msgs/flexiv_msgs/msg/detail/joint_pos_vel__builder.hpp
-- Up-to-date symlink: /home/casey/flexiv_ros2_ws/install/flexiv_msgs/include/flexiv_msgs/flexiv_msgs/msg/detail/joint_pos_vel__struct.hpp
-- Up-to-date symlink: /home/casey/flexiv_ros2_ws/install/flexiv_msgs/include/flexiv_msgs/flexiv_msgs/msg/detail/joint_pos_vel__traits.hpp
-- Up-to-date symlink: /home/casey/flexiv_ros2_ws/install/flexiv_msgs/include/flexiv_msgs/flexiv_msgs/msg/detail/mode__builder.hpp
-- Up-to-date symlink: /home/casey/flexiv_ros2_ws/install/flexiv_msgs/include/flexiv_msgs/flexiv_msgs/msg/detail/mode__struct.hpp
-- Up-to-date symlink: /home/casey/flexiv_ros2_ws/install/flexiv_msgs/include/flexiv_msgs/flexiv_msgs/msg/detail/mode__traits.hpp
-- Up-to-date symlink: /home/casey/flexiv_ros2_ws/install/flexiv_msgs/include/flexiv_msgs/flexiv_msgs/msg/detail/robot_states__builder.hpp
-- Up-to-date symlink: /home/casey/flexiv_ros2_ws/install/flexiv_msgs/include/flexiv_msgs/flexiv_msgs/msg/detail/robot_states__struct.hpp
-- Up-to-date symlink: /home/casey/flexiv_ros2_ws/install/flexiv_msgs/include/flexiv_msgs/flexiv_msgs/msg/detail/robot_states__traits.hpp
-- Up-to-date symlink: /home/casey/flexiv_ros2_ws/install/flexiv_msgs/include/flexiv_msgs/flexiv_msgs/msg/digital.hpp
-- Up-to-date symlink: /home/casey/flexiv_ros2_ws/install/flexiv_msgs/include/flexiv_msgs/flexiv_msgs/msg/gpio_states.hpp
-- Up-to-date symlink: /home/casey/flexiv_ros2_ws/install/flexiv_msgs/include/flexiv_msgs/flexiv_msgs/msg/joint_pos_vel.hpp
-- Up-to-date symlink: /home/casey/flexiv_ros2_ws/install/flexiv_msgs/include/flexiv_msgs/flexiv_msgs/msg/mode.hpp
-- Up-to-date symlink: /home/casey/flexiv_ros2_ws/install/flexiv_msgs/include/flexiv_msgs/flexiv_msgs/msg/robot_states.hpp
-- Up-to-date symlink: /home/casey/flexiv_ros2_ws/install/flexiv_msgs/include/flexiv_msgs/flexiv_msgs/msg/detail/digital__rosidl_typesupport_fastrtps_cpp.hpp
-- Up-to-date symlink: /home/casey/flexiv_ros2_ws/install/flexiv_msgs/include/flexiv_msgs/flexiv_msgs/msg/detail/gpio_states__rosidl_typesupport_fastrtps_cpp.hpp
-- Up-to-date symlink: /home/casey/flexiv_ros2_ws/install/flexiv_msgs/include/flexiv_msgs/flexiv_msgs/msg/detail/joint_pos_vel__rosidl_typesupport_fastrtps_cpp.hpp
-- Up-to-date symlink: /home/casey/flexiv_ros2_ws/install/flexiv_msgs/include/flexiv_msgs/flexiv_msgs/msg/detail/mode__rosidl_typesupport_fastrtps_cpp.hpp
-- Up-to-date symlink: /home/casey/flexiv_ros2_ws/install/flexiv_msgs/include/flexiv_msgs/flexiv_msgs/msg/detail/robot_states__rosidl_typesupport_fastrtps_cpp.hpp
-- Up-to-date symlink: /home/casey/flexiv_ros2_ws/install/flexiv_msgs/include/flexiv_msgs/flexiv_msgs/msg/rosidl_typesupport_fastrtps_cpp__visibility_control.h
-- Up-to-date symlink: /home/casey/flexiv_ros2_ws/install/flexiv_msgs/include/flexiv_msgs/flexiv_msgs/msg/detail/digital__rosidl_typesupport_introspection_cpp.hpp
-- Up-to-date symlink: /home/casey/flexiv_ros2_ws/install/flexiv_msgs/include/flexiv_msgs/flexiv_msgs/msg/detail/gpio_states__rosidl_typesupport_introspection_cpp.hpp
-- Up-to-date symlink: /home/casey/flexiv_ros2_ws/install/flexiv_msgs/include/flexiv_msgs/flexiv_msgs/msg/detail/joint_pos_vel__rosidl_typesupport_introspection_cpp.hpp
-- Up-to-date symlink: /home/casey/flexiv_ros2_ws/install/flexiv_msgs/include/flexiv_msgs/flexiv_msgs/msg/detail/mode__rosidl_typesupport_introspection_cpp.hpp
-- Up-to-date symlink: /home/casey/flexiv_ros2_ws/install/flexiv_msgs/include/flexiv_msgs/flexiv_msgs/msg/detail/robot_states__rosidl_typesupport_introspection_cpp.hpp
-- Up-to-date symlink: /home/casey/flexiv_ros2_ws/install/flexiv_msgs/share/flexiv_msgs/environment/pythonpath.sh
-- Up-to-date symlink: /home/casey/flexiv_ros2_ws/install/flexiv_msgs/share/flexiv_msgs/environment/pythonpath.dsv
-- Up-to-date symlink: /home/casey/flexiv_ros2_ws/install/flexiv_msgs/local/lib/python3.10/dist-packages/flexiv_msgs-0.10.0-py3.10.egg-info/PKG-INFO
-- Up-to-date symlink: /home/casey/flexiv_ros2_ws/install/flexiv_msgs/local/lib/python3.10/dist-packages/flexiv_msgs-0.10.0-py3.10.egg-info/SOURCES.txt
-- Up-to-date symlink: /home/casey/flexiv_ros2_ws/install/flexiv_msgs/local/lib/python3.10/dist-packages/flexiv_msgs-0.10.0-py3.10.egg-info/dependency_links.txt
-- Up-to-date symlink: /home/casey/flexiv_ros2_ws/install/flexiv_msgs/local/lib/python3.10/dist-packages/flexiv_msgs-0.10.0-py3.10.egg-info/top_level.txt
-- Up-to-date symlink: /home/casey/flexiv_ros2_ws/install/flexiv_msgs/local/lib/python3.10/dist-packages/flexiv_msgs/__init__.py
-- Up-to-date symlink: /home/casey/flexiv_ros2_ws/install/flexiv_msgs/local/lib/python3.10/dist-packages/flexiv_msgs/_flexiv_msgs_s.ep.rosidl_typesupport_c.c
-- Up-to-date symlink: /home/casey/flexiv_ros2_ws/install/flexiv_msgs/local/lib/python3.10/dist-packages/flexiv_msgs/_flexiv_msgs_s.ep.rosidl_typesupport_fastrtps_c.c
-- Up-to-date symlink: /home/casey/flexiv_ros2_ws/install/flexiv_msgs/local/lib/python3.10/dist-packages/flexiv_msgs/_flexiv_msgs_s.ep.rosidl_typesupport_introspection_c.c
-- Up-to-date symlink: /home/casey/flexiv_ros2_ws/install/flexiv_msgs/local/lib/python3.10/dist-packages/flexiv_msgs/flexiv_msgs_s__rosidl_typesupport_c.cpython-310-x86_64-linux-gnu.so
-- Up-to-date symlink: /home/casey/flexiv_ros2_ws/install/flexiv_msgs/local/lib/python3.10/dist-packages/flexiv_msgs/flexiv_msgs_s__rosidl_typesupport_fastrtps_c.cpython-310-x86_64-linux-gnu.so
-- Up-to-date symlink: /home/casey/flexiv_ros2_ws/install/flexiv_msgs/local/lib/python3.10/dist-packages/flexiv_msgs/flexiv_msgs_s__rosidl_typesupport_introspection_c.cpython-310-x86_64-linux-gnu.so
-- Up-to-date symlink: /home/casey/flexiv_ros2_ws/install/flexiv_msgs/local/lib/python3.10/dist-packages/flexiv_msgs/libflexiv_msgs__rosidl_generator_py.so
-- Up-to-date symlink: /home/casey/flexiv_ros2_ws/install/flexiv_msgs/local/lib/python3.10/dist-packages/flexiv_msgs/msg/__init__.py
-- Up-to-date symlink: /home/casey/flexiv_ros2_ws/install/flexiv_msgs/local/lib/python3.10/dist-packages/flexiv_msgs/msg/_digital.py
-- Up-to-date symlink: /home/casey/flexiv_ros2_ws/install/flexiv_msgs/local/lib/python3.10/dist-packages/flexiv_msgs/msg/_digital_s.c
-- Up-to-date symlink: /home/casey/flexiv_ros2_ws/install/flexiv_msgs/local/lib/python3.10/dist-packages/flexiv_msgs/msg/_gpio_states.py
-- Up-to-date symlink: /home/casey/flexiv_ros2_ws/install/flexiv_msgs/local/lib/python3.10/dist-packages/flexiv_msgs/msg/_gpio_states_s.c
-- Up-to-date symlink: /home/casey/flexiv_ros2_ws/install/flexiv_msgs/local/lib/python3.10/dist-packages/flexiv_msgs/msg/_joint_pos_vel.py
-- Up-to-date symlink: /home/casey/flexiv_ros2_ws/install/flexiv_msgs/local/lib/python3.10/dist-packages/flexiv_msgs/msg/_joint_pos_vel_s.c
-- Up-to-date symlink: /home/casey/flexiv_ros2_ws/install/flexiv_msgs/local/lib/python3.10/dist-packages/flexiv_msgs/msg/_mode.py
-- Up-to-date symlink: /home/casey/flexiv_ros2_ws/install/flexiv_msgs/local/lib/python3.10/dist-packages/flexiv_msgs/msg/_mode_s.c
-- Up-to-date symlink: /home/casey/flexiv_ros2_ws/install/flexiv_msgs/local/lib/python3.10/dist-packages/flexiv_msgs/msg/_robot_states.py
-- Up-to-date symlink: /home/casey/flexiv_ros2_ws/install/flexiv_msgs/local/lib/python3.10/dist-packages/flexiv_msgs/msg/_robot_states_s.c
-- Up-to-date symlink: /home/casey/flexiv_ros2_ws/install/flexiv_msgs/local/lib/python3.10/dist-packages/flexiv_msgs/flexiv_msgs_s__rosidl_typesupport_fastrtps_c.cpython-310-x86_64-linux-gnu.so
-- Up-to-date symlink: /home/casey/flexiv_ros2_ws/install/flexiv_msgs/local/lib/python3.10/dist-packages/flexiv_msgs/flexiv_msgs_s__rosidl_typesupport_introspection_c.cpython-310-x86_64-linux-gnu.so
-- Up-to-date symlink: /home/casey/flexiv_ros2_ws/install/flexiv_msgs/local/lib/python3.10/dist-packages/flexiv_msgs/flexiv_msgs_s__rosidl_typesupport_c.cpython-310-x86_64-linux-gnu.so
-- Up-to-date symlink: /home/casey/flexiv_ros2_ws/install/flexiv_msgs/share/flexiv_msgs/msg/Digital.idl
-- Up-to-date symlink: /home/casey/flexiv_ros2_ws/install/flexiv_msgs/share/flexiv_msgs/msg/GPIOStates.idl
-- Up-to-date symlink: /home/casey/flexiv_ros2_ws/install/flexiv_msgs/share/flexiv_msgs/msg/JointPosVel.idl
-- Up-to-date symlink: /home/casey/flexiv_ros2_ws/install/flexiv_msgs/share/flexiv_msgs/msg/Mode.idl
-- Up-to-date symlink: /home/casey/flexiv_ros2_ws/install/flexiv_msgs/share/flexiv_msgs/msg/RobotStates.idl
-- Up-to-date symlink: /home/casey/flexiv_ros2_ws/install/flexiv_msgs/share/flexiv_msgs/msg/Digital.msg
-- Up-to-date symlink: /home/casey/flexiv_ros2_ws/install/flexiv_msgs/share/flexiv_msgs/msg/GPIOStates.msg
-- Up-to-date symlink: /home/casey/flexiv_ros2_ws/install/flexiv_msgs/share/flexiv_msgs/msg/JointPosVel.msg
-- Up-to-date symlink: /home/casey/flexiv_ros2_ws/install/flexiv_msgs/share/flexiv_msgs/msg/Mode.msg
-- Up-to-date symlink: /home/casey/flexiv_ros2_ws/install/flexiv_msgs/share/flexiv_msgs/msg/RobotStates.msg
-- Up-to-date symlink: /home/casey/flexiv_ros2_ws/install/flexiv_msgs/share/ament_index/resource_index/package_run_dependencies/flexiv_msgs
-- Up-to-date symlink: /home/casey/flexiv_ros2_ws/install/flexiv_msgs/share/ament_index/resource_index/parent_prefix_path/flexiv_msgs
-- Up-to-date symlink: /home/casey/flexiv_ros2_ws/install/flexiv_msgs/share/flexiv_msgs/environment/ament_prefix_path.sh
-- Up-to-date symlink: /home/casey/flexiv_ros2_ws/install/flexiv_msgs/share/flexiv_msgs/environment/ament_prefix_path.dsv
-- Up-to-date symlink: /home/casey/flexiv_ros2_ws/install/flexiv_msgs/share/flexiv_msgs/environment/path.sh
-- Up-to-date symlink: /home/casey/flexiv_ros2_ws/install/flexiv_msgs/share/flexiv_msgs/environment/path.dsv
-- Up-to-date symlink: /home/casey/flexiv_ros2_ws/install/flexiv_msgs/share/flexiv_msgs/local_setup.bash
-- Up-to-date symlink: /home/casey/flexiv_ros2_ws/install/flexiv_msgs/share/flexiv_msgs/local_setup.sh
-- Up-to-date symlink: /home/casey/flexiv_ros2_ws/install/flexiv_msgs/share/flexiv_msgs/local_setup.zsh
-- Up-to-date symlink: /home/casey/flexiv_ros2_ws/install/flexiv_msgs/share/flexiv_msgs/local_setup.dsv
-- Symlinking: /home/casey/flexiv_ros2_ws/install/flexiv_msgs/share/flexiv_msgs/package.dsv
-- Up-to-date symlink: /home/casey/flexiv_ros2_ws/install/flexiv_msgs/share/ament_index/resource_index/packages/flexiv_msgs
-- Up-to-date symlink: /home/casey/flexiv_ros2_ws/install/flexiv_msgs/share/flexiv_msgs/cmake/rosidl_cmake-extras.cmake
-- Up-to-date symlink: /home/casey/flexiv_ros2_ws/install/flexiv_msgs/share/flexiv_msgs/cmake/ament_cmake_export_dependencies-extras.cmake
-- Up-to-date symlink: /home/casey/flexiv_ros2_ws/install/flexiv_msgs/share/flexiv_msgs/cmake/ament_cmake_export_include_directories-extras.cmake
-- Up-to-date symlink: /home/casey/flexiv_ros2_ws/install/flexiv_msgs/share/flexiv_msgs/cmake/ament_cmake_export_libraries-extras.cmake
-- Up-to-date symlink: /home/casey/flexiv_ros2_ws/install/flexiv_msgs/share/flexiv_msgs/cmake/ament_cmake_export_targets-extras.cmake
-- Up-to-date symlink: /home/casey/flexiv_ros2_ws/install/flexiv_msgs/share/flexiv_msgs/cmake/rosidl_cmake_export_typesupport_targets-extras.cmake
-- Up-to-date symlink: /home/casey/flexiv_ros2_ws/install/flexiv_msgs/share/flexiv_msgs/cmake/rosidl_cmake_export_typesupport_libraries-extras.cmake
-- Up-to-date symlink: /home/casey/flexiv_ros2_ws/install/flexiv_msgs/share/flexiv_msgs/cmake/flexiv_msgsConfig.cmake
-- Up-to-date symlink: /home/casey/flexiv_ros2_ws/install/flexiv_msgs/share/flexiv_msgs/cmake/flexiv_msgsConfig-version.cmake
-- Up-to-date symlink: /home/casey/flexiv_ros2_ws/install/flexiv_msgs/share/flexiv_msgs/package.xml
-- Up-to-date: /home/casey/flexiv_ros2_ws/install/flexiv_msgs/lib/libflexiv_msgs__rosidl_generator_c.so
-- Up-to-date: /home/casey/flexiv_ros2_ws/install/flexiv_msgs/lib/libflexiv_msgs__rosidl_typesupport_fastrtps_c.so
-- Up-to-date: /home/casey/flexiv_ros2_ws/install/flexiv_msgs/lib/libflexiv_msgs__rosidl_typesupport_introspection_c.so
-- Up-to-date: /home/casey/flexiv_ros2_ws/install/flexiv_msgs/lib/libflexiv_msgs__rosidl_typesupport_c.so
-- Up-to-date: /home/casey/flexiv_ros2_ws/install/flexiv_msgs/lib/libflexiv_msgs__rosidl_typesupport_fastrtps_cpp.so
-- Up-to-date: /home/casey/flexiv_ros2_ws/install/flexiv_msgs/lib/libflexiv_msgs__rosidl_typesupport_introspection_cpp.so
-- Up-to-date: /home/casey/flexiv_ros2_ws/install/flexiv_msgs/lib/libflexiv_msgs__rosidl_typesupport_cpp.so
Listing '/home/casey/flexiv_ros2_ws/install/flexiv_msgs/local/lib/python3.10/dist-packages/flexiv_msgs'...
Compiling '/home/casey/flexiv_ros2_ws/install/flexiv_msgs/local/lib/python3.10/dist-packages/flexiv_msgs/__init__.py'...
Listing '/home/casey/flexiv_ros2_ws/install/flexiv_msgs/local/lib/python3.10/dist-packages/flexiv_msgs/msg'...
-- Up-to-date: /home/casey/flexiv_ros2_ws/install/flexiv_msgs/lib/libflexiv_msgs__rosidl_generator_py.so
-- Up-to-date: /home/casey/flexiv_ros2_ws/install/flexiv_msgs/share/flexiv_msgs/cmake/export_flexiv_msgs__rosidl_generator_cExport.cmake
-- Up-to-date: /home/casey/flexiv_ros2_ws/install/flexiv_msgs/share/flexiv_msgs/cmake/export_flexiv_msgs__rosidl_generator_cExport-noconfig.cmake
-- Up-to-date: /home/casey/flexiv_ros2_ws/install/flexiv_msgs/share/flexiv_msgs/cmake/export_flexiv_msgs__rosidl_typesupport_fastrtps_cExport.cmake
-- Up-to-date: /home/casey/flexiv_ros2_ws/install/flexiv_msgs/share/flexiv_msgs/cmake/export_flexiv_msgs__rosidl_typesupport_fastrtps_cExport-noconfig.cmake
-- Up-to-date: /home/casey/flexiv_ros2_ws/install/flexiv_msgs/share/flexiv_msgs/cmake/flexiv_msgs__rosidl_typesupport_introspection_cExport.cmake
-- Up-to-date: /home/casey/flexiv_ros2_ws/install/flexiv_msgs/share/flexiv_msgs/cmake/flexiv_msgs__rosidl_typesupport_introspection_cExport-noconfig.cmake
-- Up-to-date: /home/casey/flexiv_ros2_ws/install/flexiv_msgs/share/flexiv_msgs/cmake/flexiv_msgs__rosidl_typesupport_cExport.cmake
-- Up-to-date: /home/casey/flexiv_ros2_ws/install/flexiv_msgs/share/flexiv_msgs/cmake/flexiv_msgs__rosidl_typesupport_cExport-noconfig.cmake
-- Up-to-date: /home/casey/flexiv_ros2_ws/install/flexiv_msgs/share/flexiv_msgs/cmake/export_flexiv_msgs__rosidl_generator_cppExport.cmake
-- Up-to-date: /home/casey/flexiv_ros2_ws/install/flexiv_msgs/share/flexiv_msgs/cmake/export_flexiv_msgs__rosidl_typesupport_fastrtps_cppExport.cmake
-- Up-to-date: /home/casey/flexiv_ros2_ws/install/flexiv_msgs/share/flexiv_msgs/cmake/export_flexiv_msgs__rosidl_typesupport_fastrtps_cppExport-noconfig.cmake
-- Up-to-date: /home/casey/flexiv_ros2_ws/install/flexiv_msgs/share/flexiv_msgs/cmake/flexiv_msgs__rosidl_typesupport_introspection_cppExport.cmake
-- Up-to-date: /home/casey/flexiv_ros2_ws/install/flexiv_msgs/share/flexiv_msgs/cmake/flexiv_msgs__rosidl_typesupport_introspection_cppExport-noconfig.cmake
-- Up-to-date: /home/casey/flexiv_ros2_ws/install/flexiv_msgs/share/flexiv_msgs/cmake/flexiv_msgs__rosidl_typesupport_cppExport.cmake
-- Up-to-date: /home/casey/flexiv_ros2_ws/install/flexiv_msgs/share/flexiv_msgs/cmake/flexiv_msgs__rosidl_typesupport_cppExport-noconfig.cmake
-- Up-to-date: /home/casey/flexiv_ros2_ws/install/flexiv_msgs/share/flexiv_msgs/cmake/export_flexiv_msgs__rosidl_generator_pyExport.cmake
-- Up-to-date: /home/casey/flexiv_ros2_ws/install/flexiv_msgs/share/flexiv_msgs/cmake/export_flexiv_msgs__rosidl_generator_pyExport-noconfig.cmake
