[0.022s] Invoking command in '/home/casey/flexiv_ros2_ws/build/flexiv_msgs': CMAKE_PREFIX_PATH=${CMAKE_PREFIX_PATH}:/home/casey/flexiv_ros2_ws/install/flexiv_test_nodes:/opt/ros/humble /usr/bin/cmake /home/casey/flexiv_ros2_ws/src/flexiv_ros2/flexiv_msgs -DCMAKE_INSTALL_PREFIX=/home/casey/flexiv_ros2_ws/install/flexiv_msgs
[0.192s] -- Found ament_cmake: 1.3.9 (/opt/ros/humble/share/ament_cmake/cmake)
[0.192s] -- Override CMake install command with custom implementation using symlinks instead of copying resources
[0.192s] -- Found rosidl_default_generators: 1.2.0 (/opt/ros/humble/share/rosidl_default_generators/cmake)
[0.192s] -- Using all available rosidl_typesupport_c: rosidl_typesupport_fastrtps_c;rosidl_typesupport_introspection_c
[0.192s] -- Found rosidl_adapter: 3.1.5 (/opt/ros/humble/share/rosidl_adapter/cmake)
[0.193s] -- Using all available rosidl_typesupport_cpp: rosidl_typesupport_fastrtps_cpp;rosidl_typesupport_introspection_cpp
[0.207s] -- Found std_msgs: 4.2.4 (/opt/ros/humble/share/std_msgs/cmake)
[0.249s] -- Found geometry_msgs: 4.2.4 (/opt/ros/humble/share/geometry_msgs/cmake)
[0.563s] -- Found ament_cmake_ros: 0.10.0 (/opt/ros/humble/share/ament_cmake_ros/cmake)
[0.776s] -- Using all available rosidl_typesupport_c: rosidl_typesupport_fastrtps_c;rosidl_typesupport_introspection_c
[1.046s] -- Using all available rosidl_typesupport_cpp: rosidl_typesupport_fastrtps_cpp;rosidl_typesupport_introspection_cpp
[1.065s] -- Found python_cmake_module: 0.10.0 (/opt/ros/humble/share/python_cmake_module/cmake)
[1.084s] -- Using PYTHON_EXECUTABLE: /usr/bin/python3
[1.084s] -- Using PYTHON_INCLUDE_DIRS: /usr/include/python3.10
[1.084s] -- Using PYTHON_LIBRARIES: /usr/lib/x86_64-linux-gnu/libpython3.10.so
[1.110s] -- Found ament_lint_auto: 0.12.11 (/opt/ros/humble/share/ament_lint_auto/cmake)
[1.124s] -- Added test 'copyright' to check source files copyright and LICENSE
[1.126s] -- Added test 'lint_cmake' to check CMake code style
[1.128s] -- Added test 'xmllint' to check XML markup files
[1.131s] -- Configuring done
[1.175s] -- Generating done
[1.177s] -- Build files have been written to: /home/casey/flexiv_ros2_ws/build/flexiv_msgs
[1.187s] Invoked command in '/home/casey/flexiv_ros2_ws/build/flexiv_msgs' returned '0': CMAKE_PREFIX_PATH=${CMAKE_PREFIX_PATH}:/home/casey/flexiv_ros2_ws/install/flexiv_test_nodes:/opt/ros/humble /usr/bin/cmake /home/casey/flexiv_ros2_ws/src/flexiv_ros2/flexiv_msgs -DCMAKE_INSTALL_PREFIX=/home/casey/flexiv_ros2_ws/install/flexiv_msgs
[1.189s] Invoking command in '/home/casey/flexiv_ros2_ws/build/flexiv_msgs': CMAKE_PREFIX_PATH=${CMAKE_PREFIX_PATH}:/home/casey/flexiv_ros2_ws/install/flexiv_test_nodes:/opt/ros/humble /usr/bin/cmake --build /home/casey/flexiv_ros2_ws/build/flexiv_msgs -- -j16 -l16
[1.233s] [35m[1mConsolidate compiler generated dependencies of target flexiv_msgs__rosidl_generator_c[0m
[1.243s] [  1%] Built target flexiv_msgs__cpp
[1.249s] [ 12%] Built target flexiv_msgs__rosidl_generator_c
[1.253s] [ 12%] Built target ament_cmake_python_symlink_flexiv_msgs
[1.255s] [35m[1mConsolidate compiler generated dependencies of target flexiv_msgs__rosidl_typesupport_fastrtps_cpp[0m
[1.255s] [35m[1mConsolidate compiler generated dependencies of target flexiv_msgs__rosidl_typesupport_cpp[0m
[1.256s] [35m[1mConsolidate compiler generated dependencies of target flexiv_msgs__rosidl_typesupport_introspection_cpp[0m
[1.263s] [35m[1mConsolidate compiler generated dependencies of target flexiv_msgs__rosidl_typesupport_c[0m
[1.263s] [35m[1mConsolidate compiler generated dependencies of target flexiv_msgs__rosidl_typesupport_introspection_c[0m
[1.263s] [35m[1mConsolidate compiler generated dependencies of target flexiv_msgs__rosidl_typesupport_fastrtps_c[0m
[1.275s] [ 39%] Built target flexiv_msgs__rosidl_typesupport_fastrtps_cpp
[1.275s] [ 39%] Built target flexiv_msgs__rosidl_typesupport_cpp
[1.275s] [ 46%] Built target flexiv_msgs__rosidl_typesupport_c
[1.275s] [ 58%] Built target flexiv_msgs__rosidl_typesupport_introspection_c
[1.275s] [ 68%] Built target flexiv_msgs__rosidl_typesupport_introspection_cpp
[1.283s] [ 79%] Built target flexiv_msgs__rosidl_typesupport_fastrtps_c
[1.310s] [ 79%] Built target flexiv_msgs
[1.339s] [ 80%] Built target flexiv_msgs__py
[1.353s] [35m[1mConsolidate compiler generated dependencies of target flexiv_msgs__rosidl_generator_py[0m
[1.374s] [ 90%] Built target flexiv_msgs__rosidl_generator_py
[1.385s] [35m[1mConsolidate compiler generated dependencies of target flexiv_msgs__rosidl_typesupport_fastrtps_c__pyext[0m
[1.386s] [35m[1mConsolidate compiler generated dependencies of target flexiv_msgs__rosidl_typesupport_c__pyext[0m
[1.386s] [35m[1mConsolidate compiler generated dependencies of target flexiv_msgs__rosidl_typesupport_introspection_c__pyext[0m
[1.398s] running egg_info
[1.399s] [100%] Built target flexiv_msgs__rosidl_typesupport_introspection_c__pyext
[1.399s] [100%] Built target flexiv_msgs__rosidl_typesupport_fastrtps_c__pyext
[1.399s] [100%] Built target flexiv_msgs__rosidl_typesupport_c__pyext
[1.407s] writing flexiv_msgs.egg-info/PKG-INFO
[1.407s] writing dependency_links to flexiv_msgs.egg-info/dependency_links.txt
[1.407s] writing top-level names to flexiv_msgs.egg-info/top_level.txt
[1.434s] reading manifest file 'flexiv_msgs.egg-info/SOURCES.txt'
[1.434s] writing manifest file 'flexiv_msgs.egg-info/SOURCES.txt'
[1.478s] [100%] Built target ament_cmake_python_build_flexiv_msgs_egg
[1.495s] Invoked command in '/home/casey/flexiv_ros2_ws/build/flexiv_msgs' returned '0': CMAKE_PREFIX_PATH=${CMAKE_PREFIX_PATH}:/home/casey/flexiv_ros2_ws/install/flexiv_test_nodes:/opt/ros/humble /usr/bin/cmake --build /home/casey/flexiv_ros2_ws/build/flexiv_msgs -- -j16 -l16
[1.701s] Invoking command in '/home/casey/flexiv_ros2_ws/build/flexiv_msgs': CMAKE_PREFIX_PATH=${CMAKE_PREFIX_PATH}:/home/casey/flexiv_ros2_ws/install/flexiv_test_nodes:/opt/ros/humble /usr/bin/cmake --install /home/casey/flexiv_ros2_ws/build/flexiv_msgs
[1.707s] -- Install configuration: ""
[1.708s] -- Execute custom install script
[1.708s] -- Up-to-date symlink: /home/casey/flexiv_ros2_ws/install/flexiv_msgs/share/ament_index/resource_index/rosidl_interfaces/flexiv_msgs
[1.709s] -- Up-to-date symlink: /home/casey/flexiv_ros2_ws/install/flexiv_msgs/include/flexiv_msgs/flexiv_msgs/msg/detail/digital__functions.h
[1.709s] -- Up-to-date symlink: /home/casey/flexiv_ros2_ws/install/flexiv_msgs/include/flexiv_msgs/flexiv_msgs/msg/detail/digital__struct.h
[1.709s] -- Up-to-date symlink: /home/casey/flexiv_ros2_ws/install/flexiv_msgs/include/flexiv_msgs/flexiv_msgs/msg/detail/digital__type_support.h
[1.709s] -- Up-to-date symlink: /home/casey/flexiv_ros2_ws/install/flexiv_msgs/include/flexiv_msgs/flexiv_msgs/msg/detail/gpio_states__functions.h
[1.710s] -- Up-to-date symlink: /home/casey/flexiv_ros2_ws/install/flexiv_msgs/include/flexiv_msgs/flexiv_msgs/msg/detail/gpio_states__struct.h
[1.710s] -- Up-to-date symlink: /home/casey/flexiv_ros2_ws/install/flexiv_msgs/include/flexiv_msgs/flexiv_msgs/msg/detail/gpio_states__type_support.h
[1.710s] -- Up-to-date symlink: /home/casey/flexiv_ros2_ws/install/flexiv_msgs/include/flexiv_msgs/flexiv_msgs/msg/detail/joint_pos_vel__functions.h
[1.710s] -- Up-to-date symlink: /home/casey/flexiv_ros2_ws/install/flexiv_msgs/include/flexiv_msgs/flexiv_msgs/msg/detail/joint_pos_vel__struct.h
[1.710s] -- Up-to-date symlink: /home/casey/flexiv_ros2_ws/install/flexiv_msgs/include/flexiv_msgs/flexiv_msgs/msg/detail/joint_pos_vel__type_support.h
[1.710s] -- Up-to-date symlink: /home/casey/flexiv_ros2_ws/install/flexiv_msgs/include/flexiv_msgs/flexiv_msgs/msg/detail/mode__functions.h
[1.710s] -- Up-to-date symlink: /home/casey/flexiv_ros2_ws/install/flexiv_msgs/include/flexiv_msgs/flexiv_msgs/msg/detail/mode__struct.h
[1.710s] -- Up-to-date symlink: /home/casey/flexiv_ros2_ws/install/flexiv_msgs/include/flexiv_msgs/flexiv_msgs/msg/detail/mode__type_support.h
[1.710s] -- Up-to-date symlink: /home/casey/flexiv_ros2_ws/install/flexiv_msgs/include/flexiv_msgs/flexiv_msgs/msg/detail/robot_states__functions.h
[1.711s] -- Up-to-date symlink: /home/casey/flexiv_ros2_ws/install/flexiv_msgs/include/flexiv_msgs/flexiv_msgs/msg/detail/robot_states__struct.h
[1.711s] -- Up-to-date symlink: /home/casey/flexiv_ros2_ws/install/flexiv_msgs/include/flexiv_msgs/flexiv_msgs/msg/detail/robot_states__type_support.h
[1.711s] -- Up-to-date symlink: /home/casey/flexiv_ros2_ws/install/flexiv_msgs/include/flexiv_msgs/flexiv_msgs/msg/digital.h
[1.711s] -- Up-to-date symlink: /home/casey/flexiv_ros2_ws/install/flexiv_msgs/include/flexiv_msgs/flexiv_msgs/msg/gpio_states.h
[1.711s] -- Up-to-date symlink: /home/casey/flexiv_ros2_ws/install/flexiv_msgs/include/flexiv_msgs/flexiv_msgs/msg/joint_pos_vel.h
[1.712s] -- Up-to-date symlink: /home/casey/flexiv_ros2_ws/install/flexiv_msgs/include/flexiv_msgs/flexiv_msgs/msg/mode.h
[1.712s] -- Up-to-date symlink: /home/casey/flexiv_ros2_ws/install/flexiv_msgs/include/flexiv_msgs/flexiv_msgs/msg/robot_states.h
[1.712s] -- Up-to-date symlink: /home/casey/flexiv_ros2_ws/install/flexiv_msgs/include/flexiv_msgs/flexiv_msgs/msg/rosidl_generator_c__visibility_control.h
[1.712s] -- Up-to-date symlink: /home/casey/flexiv_ros2_ws/install/flexiv_msgs/share/flexiv_msgs/environment/library_path.sh
[1.712s] -- Up-to-date symlink: /home/casey/flexiv_ros2_ws/install/flexiv_msgs/share/flexiv_msgs/environment/library_path.dsv
[1.712s] -- Up-to-date symlink: /home/casey/flexiv_ros2_ws/install/flexiv_msgs/include/flexiv_msgs/flexiv_msgs/msg/detail/digital__rosidl_typesupport_fastrtps_c.h
[1.712s] -- Up-to-date symlink: /home/casey/flexiv_ros2_ws/install/flexiv_msgs/include/flexiv_msgs/flexiv_msgs/msg/detail/gpio_states__rosidl_typesupport_fastrtps_c.h
[1.713s] -- Up-to-date symlink: /home/casey/flexiv_ros2_ws/install/flexiv_msgs/include/flexiv_msgs/flexiv_msgs/msg/detail/joint_pos_vel__rosidl_typesupport_fastrtps_c.h
[1.713s] -- Up-to-date symlink: /home/casey/flexiv_ros2_ws/install/flexiv_msgs/include/flexiv_msgs/flexiv_msgs/msg/detail/mode__rosidl_typesupport_fastrtps_c.h
[1.713s] -- Up-to-date symlink: /home/casey/flexiv_ros2_ws/install/flexiv_msgs/include/flexiv_msgs/flexiv_msgs/msg/detail/robot_states__rosidl_typesupport_fastrtps_c.h
[1.713s] -- Up-to-date symlink: /home/casey/flexiv_ros2_ws/install/flexiv_msgs/include/flexiv_msgs/flexiv_msgs/msg/rosidl_typesupport_fastrtps_c__visibility_control.h
[1.713s] -- Up-to-date symlink: /home/casey/flexiv_ros2_ws/install/flexiv_msgs/include/flexiv_msgs/flexiv_msgs/msg/detail/digital__rosidl_typesupport_introspection_c.h
[1.713s] -- Up-to-date symlink: /home/casey/flexiv_ros2_ws/install/flexiv_msgs/include/flexiv_msgs/flexiv_msgs/msg/detail/gpio_states__rosidl_typesupport_introspection_c.h
[1.713s] -- Up-to-date symlink: /home/casey/flexiv_ros2_ws/install/flexiv_msgs/include/flexiv_msgs/flexiv_msgs/msg/detail/joint_pos_vel__rosidl_typesupport_introspection_c.h
[1.713s] -- Up-to-date symlink: /home/casey/flexiv_ros2_ws/install/flexiv_msgs/include/flexiv_msgs/flexiv_msgs/msg/detail/mode__rosidl_typesupport_introspection_c.h
[1.714s] -- Up-to-date symlink: /home/casey/flexiv_ros2_ws/install/flexiv_msgs/include/flexiv_msgs/flexiv_msgs/msg/detail/robot_states__rosidl_typesupport_introspection_c.h
[1.714s] -- Up-to-date symlink: /home/casey/flexiv_ros2_ws/install/flexiv_msgs/include/flexiv_msgs/flexiv_msgs/msg/rosidl_typesupport_introspection_c__visibility_control.h
[1.714s] -- Up-to-date symlink: /home/casey/flexiv_ros2_ws/install/flexiv_msgs/include/flexiv_msgs/flexiv_msgs/msg/detail/digital__builder.hpp
[1.714s] -- Up-to-date symlink: /home/casey/flexiv_ros2_ws/install/flexiv_msgs/include/flexiv_msgs/flexiv_msgs/msg/detail/digital__struct.hpp
[1.714s] -- Up-to-date symlink: /home/casey/flexiv_ros2_ws/install/flexiv_msgs/include/flexiv_msgs/flexiv_msgs/msg/detail/digital__traits.hpp
[1.714s] -- Up-to-date symlink: /home/casey/flexiv_ros2_ws/install/flexiv_msgs/include/flexiv_msgs/flexiv_msgs/msg/detail/gpio_states__builder.hpp
[1.714s] -- Up-to-date symlink: /home/casey/flexiv_ros2_ws/install/flexiv_msgs/include/flexiv_msgs/flexiv_msgs/msg/detail/gpio_states__struct.hpp
[1.714s] -- Up-to-date symlink: /home/casey/flexiv_ros2_ws/install/flexiv_msgs/include/flexiv_msgs/flexiv_msgs/msg/detail/gpio_states__traits.hpp
[1.715s] -- Up-to-date symlink: /home/casey/flexiv_ros2_ws/install/flexiv_msgs/include/flexiv_msgs/flexiv_msgs/msg/detail/joint_pos_vel__builder.hpp
[1.715s] -- Up-to-date symlink: /home/casey/flexiv_ros2_ws/install/flexiv_msgs/include/flexiv_msgs/flexiv_msgs/msg/detail/joint_pos_vel__struct.hpp
[1.715s] -- Up-to-date symlink: /home/casey/flexiv_ros2_ws/install/flexiv_msgs/include/flexiv_msgs/flexiv_msgs/msg/detail/joint_pos_vel__traits.hpp
[1.715s] -- Up-to-date symlink: /home/casey/flexiv_ros2_ws/install/flexiv_msgs/include/flexiv_msgs/flexiv_msgs/msg/detail/mode__builder.hpp
[1.715s] -- Up-to-date symlink: /home/casey/flexiv_ros2_ws/install/flexiv_msgs/include/flexiv_msgs/flexiv_msgs/msg/detail/mode__struct.hpp
[1.715s] -- Up-to-date symlink: /home/casey/flexiv_ros2_ws/install/flexiv_msgs/include/flexiv_msgs/flexiv_msgs/msg/detail/mode__traits.hpp
[1.715s] -- Up-to-date symlink: /home/casey/flexiv_ros2_ws/install/flexiv_msgs/include/flexiv_msgs/flexiv_msgs/msg/detail/robot_states__builder.hpp
[1.715s] -- Up-to-date symlink: /home/casey/flexiv_ros2_ws/install/flexiv_msgs/include/flexiv_msgs/flexiv_msgs/msg/detail/robot_states__struct.hpp
[1.715s] -- Up-to-date symlink: /home/casey/flexiv_ros2_ws/install/flexiv_msgs/include/flexiv_msgs/flexiv_msgs/msg/detail/robot_states__traits.hpp
[1.715s] -- Up-to-date symlink: /home/casey/flexiv_ros2_ws/install/flexiv_msgs/include/flexiv_msgs/flexiv_msgs/msg/digital.hpp
[1.716s] -- Up-to-date symlink: /home/casey/flexiv_ros2_ws/install/flexiv_msgs/include/flexiv_msgs/flexiv_msgs/msg/gpio_states.hpp
[1.716s] -- Up-to-date symlink: /home/casey/flexiv_ros2_ws/install/flexiv_msgs/include/flexiv_msgs/flexiv_msgs/msg/joint_pos_vel.hpp
[1.716s] -- Up-to-date symlink: /home/casey/flexiv_ros2_ws/install/flexiv_msgs/include/flexiv_msgs/flexiv_msgs/msg/mode.hpp
[1.716s] -- Up-to-date symlink: /home/casey/flexiv_ros2_ws/install/flexiv_msgs/include/flexiv_msgs/flexiv_msgs/msg/robot_states.hpp
[1.716s] -- Up-to-date symlink: /home/casey/flexiv_ros2_ws/install/flexiv_msgs/include/flexiv_msgs/flexiv_msgs/msg/detail/digital__rosidl_typesupport_fastrtps_cpp.hpp
[1.716s] -- Up-to-date symlink: /home/casey/flexiv_ros2_ws/install/flexiv_msgs/include/flexiv_msgs/flexiv_msgs/msg/detail/gpio_states__rosidl_typesupport_fastrtps_cpp.hpp
[1.716s] -- Up-to-date symlink: /home/casey/flexiv_ros2_ws/install/flexiv_msgs/include/flexiv_msgs/flexiv_msgs/msg/detail/joint_pos_vel__rosidl_typesupport_fastrtps_cpp.hpp
[1.717s] -- Up-to-date symlink: /home/casey/flexiv_ros2_ws/install/flexiv_msgs/include/flexiv_msgs/flexiv_msgs/msg/detail/mode__rosidl_typesupport_fastrtps_cpp.hpp
[1.717s] -- Up-to-date symlink: /home/casey/flexiv_ros2_ws/install/flexiv_msgs/include/flexiv_msgs/flexiv_msgs/msg/detail/robot_states__rosidl_typesupport_fastrtps_cpp.hpp
[1.717s] -- Up-to-date symlink: /home/casey/flexiv_ros2_ws/install/flexiv_msgs/include/flexiv_msgs/flexiv_msgs/msg/rosidl_typesupport_fastrtps_cpp__visibility_control.h
[1.717s] -- Up-to-date symlink: /home/casey/flexiv_ros2_ws/install/flexiv_msgs/include/flexiv_msgs/flexiv_msgs/msg/detail/digital__rosidl_typesupport_introspection_cpp.hpp
[1.717s] -- Up-to-date symlink: /home/casey/flexiv_ros2_ws/install/flexiv_msgs/include/flexiv_msgs/flexiv_msgs/msg/detail/gpio_states__rosidl_typesupport_introspection_cpp.hpp
[1.717s] -- Up-to-date symlink: /home/casey/flexiv_ros2_ws/install/flexiv_msgs/include/flexiv_msgs/flexiv_msgs/msg/detail/joint_pos_vel__rosidl_typesupport_introspection_cpp.hpp
[1.717s] -- Up-to-date symlink: /home/casey/flexiv_ros2_ws/install/flexiv_msgs/include/flexiv_msgs/flexiv_msgs/msg/detail/mode__rosidl_typesupport_introspection_cpp.hpp
[1.718s] -- Up-to-date symlink: /home/casey/flexiv_ros2_ws/install/flexiv_msgs/include/flexiv_msgs/flexiv_msgs/msg/detail/robot_states__rosidl_typesupport_introspection_cpp.hpp
[1.718s] -- Up-to-date symlink: /home/casey/flexiv_ros2_ws/install/flexiv_msgs/share/flexiv_msgs/environment/pythonpath.sh
[1.718s] -- Up-to-date symlink: /home/casey/flexiv_ros2_ws/install/flexiv_msgs/share/flexiv_msgs/environment/pythonpath.dsv
[1.718s] -- Up-to-date symlink: /home/casey/flexiv_ros2_ws/install/flexiv_msgs/local/lib/python3.10/dist-packages/flexiv_msgs-0.10.0-py3.10.egg-info/PKG-INFO
[1.718s] -- Up-to-date symlink: /home/casey/flexiv_ros2_ws/install/flexiv_msgs/local/lib/python3.10/dist-packages/flexiv_msgs-0.10.0-py3.10.egg-info/SOURCES.txt
[1.718s] -- Up-to-date symlink: /home/casey/flexiv_ros2_ws/install/flexiv_msgs/local/lib/python3.10/dist-packages/flexiv_msgs-0.10.0-py3.10.egg-info/dependency_links.txt
[1.718s] -- Up-to-date symlink: /home/casey/flexiv_ros2_ws/install/flexiv_msgs/local/lib/python3.10/dist-packages/flexiv_msgs-0.10.0-py3.10.egg-info/top_level.txt
[1.718s] -- Up-to-date symlink: /home/casey/flexiv_ros2_ws/install/flexiv_msgs/local/lib/python3.10/dist-packages/flexiv_msgs/__init__.py
[1.719s] -- Up-to-date symlink: /home/casey/flexiv_ros2_ws/install/flexiv_msgs/local/lib/python3.10/dist-packages/flexiv_msgs/_flexiv_msgs_s.ep.rosidl_typesupport_c.c
[1.719s] -- Up-to-date symlink: /home/casey/flexiv_ros2_ws/install/flexiv_msgs/local/lib/python3.10/dist-packages/flexiv_msgs/_flexiv_msgs_s.ep.rosidl_typesupport_fastrtps_c.c
[1.719s] -- Up-to-date symlink: /home/casey/flexiv_ros2_ws/install/flexiv_msgs/local/lib/python3.10/dist-packages/flexiv_msgs/_flexiv_msgs_s.ep.rosidl_typesupport_introspection_c.c
[1.719s] -- Up-to-date symlink: /home/casey/flexiv_ros2_ws/install/flexiv_msgs/local/lib/python3.10/dist-packages/flexiv_msgs/flexiv_msgs_s__rosidl_typesupport_c.cpython-310-x86_64-linux-gnu.so
[1.719s] -- Up-to-date symlink: /home/casey/flexiv_ros2_ws/install/flexiv_msgs/local/lib/python3.10/dist-packages/flexiv_msgs/flexiv_msgs_s__rosidl_typesupport_fastrtps_c.cpython-310-x86_64-linux-gnu.so
[1.719s] -- Up-to-date symlink: /home/casey/flexiv_ros2_ws/install/flexiv_msgs/local/lib/python3.10/dist-packages/flexiv_msgs/flexiv_msgs_s__rosidl_typesupport_introspection_c.cpython-310-x86_64-linux-gnu.so
[1.719s] -- Up-to-date symlink: /home/casey/flexiv_ros2_ws/install/flexiv_msgs/local/lib/python3.10/dist-packages/flexiv_msgs/libflexiv_msgs__rosidl_generator_py.so
[1.720s] -- Up-to-date symlink: /home/casey/flexiv_ros2_ws/install/flexiv_msgs/local/lib/python3.10/dist-packages/flexiv_msgs/msg/__init__.py
[1.720s] -- Up-to-date symlink: /home/casey/flexiv_ros2_ws/install/flexiv_msgs/local/lib/python3.10/dist-packages/flexiv_msgs/msg/_digital.py
[1.720s] -- Up-to-date symlink: /home/casey/flexiv_ros2_ws/install/flexiv_msgs/local/lib/python3.10/dist-packages/flexiv_msgs/msg/_digital_s.c
[1.720s] -- Up-to-date symlink: /home/casey/flexiv_ros2_ws/install/flexiv_msgs/local/lib/python3.10/dist-packages/flexiv_msgs/msg/_gpio_states.py
[1.720s] -- Up-to-date symlink: /home/casey/flexiv_ros2_ws/install/flexiv_msgs/local/lib/python3.10/dist-packages/flexiv_msgs/msg/_gpio_states_s.c
[1.721s] -- Up-to-date symlink: /home/casey/flexiv_ros2_ws/install/flexiv_msgs/local/lib/python3.10/dist-packages/flexiv_msgs/msg/_joint_pos_vel.py
[1.721s] -- Up-to-date symlink: /home/casey/flexiv_ros2_ws/install/flexiv_msgs/local/lib/python3.10/dist-packages/flexiv_msgs/msg/_joint_pos_vel_s.c
[1.722s] -- Up-to-date symlink: /home/casey/flexiv_ros2_ws/install/flexiv_msgs/local/lib/python3.10/dist-packages/flexiv_msgs/msg/_mode.py
[1.723s] -- Up-to-date symlink: /home/casey/flexiv_ros2_ws/install/flexiv_msgs/local/lib/python3.10/dist-packages/flexiv_msgs/msg/_mode_s.c
[1.724s] -- Up-to-date symlink: /home/casey/flexiv_ros2_ws/install/flexiv_msgs/local/lib/python3.10/dist-packages/flexiv_msgs/msg/_robot_states.py
[1.724s] -- Up-to-date symlink: /home/casey/flexiv_ros2_ws/install/flexiv_msgs/local/lib/python3.10/dist-packages/flexiv_msgs/msg/_robot_states_s.c
[1.724s] -- Up-to-date symlink: /home/casey/flexiv_ros2_ws/install/flexiv_msgs/local/lib/python3.10/dist-packages/flexiv_msgs/flexiv_msgs_s__rosidl_typesupport_fastrtps_c.cpython-310-x86_64-linux-gnu.so
[1.724s] -- Up-to-date symlink: /home/casey/flexiv_ros2_ws/install/flexiv_msgs/local/lib/python3.10/dist-packages/flexiv_msgs/flexiv_msgs_s__rosidl_typesupport_introspection_c.cpython-310-x86_64-linux-gnu.so
[1.724s] -- Up-to-date symlink: /home/casey/flexiv_ros2_ws/install/flexiv_msgs/local/lib/python3.10/dist-packages/flexiv_msgs/flexiv_msgs_s__rosidl_typesupport_c.cpython-310-x86_64-linux-gnu.so
[1.725s] -- Up-to-date symlink: /home/casey/flexiv_ros2_ws/install/flexiv_msgs/share/flexiv_msgs/msg/Digital.idl
[1.725s] -- Up-to-date symlink: /home/casey/flexiv_ros2_ws/install/flexiv_msgs/share/flexiv_msgs/msg/GPIOStates.idl
[1.725s] -- Up-to-date symlink: /home/casey/flexiv_ros2_ws/install/flexiv_msgs/share/flexiv_msgs/msg/JointPosVel.idl
[1.725s] -- Up-to-date symlink: /home/casey/flexiv_ros2_ws/install/flexiv_msgs/share/flexiv_msgs/msg/Mode.idl
[1.725s] -- Up-to-date symlink: /home/casey/flexiv_ros2_ws/install/flexiv_msgs/share/flexiv_msgs/msg/RobotStates.idl
[1.725s] -- Up-to-date symlink: /home/casey/flexiv_ros2_ws/install/flexiv_msgs/share/flexiv_msgs/msg/Digital.msg
[1.725s] -- Up-to-date symlink: /home/casey/flexiv_ros2_ws/install/flexiv_msgs/share/flexiv_msgs/msg/GPIOStates.msg
[1.725s] -- Up-to-date symlink: /home/casey/flexiv_ros2_ws/install/flexiv_msgs/share/flexiv_msgs/msg/JointPosVel.msg
[1.725s] -- Up-to-date symlink: /home/casey/flexiv_ros2_ws/install/flexiv_msgs/share/flexiv_msgs/msg/Mode.msg
[1.726s] -- Up-to-date symlink: /home/casey/flexiv_ros2_ws/install/flexiv_msgs/share/flexiv_msgs/msg/RobotStates.msg
[1.726s] -- Up-to-date symlink: /home/casey/flexiv_ros2_ws/install/flexiv_msgs/share/ament_index/resource_index/package_run_dependencies/flexiv_msgs
[1.726s] -- Up-to-date symlink: /home/casey/flexiv_ros2_ws/install/flexiv_msgs/share/ament_index/resource_index/parent_prefix_path/flexiv_msgs
[1.726s] -- Up-to-date symlink: /home/casey/flexiv_ros2_ws/install/flexiv_msgs/share/flexiv_msgs/environment/ament_prefix_path.sh
[1.726s] -- Up-to-date symlink: /home/casey/flexiv_ros2_ws/install/flexiv_msgs/share/flexiv_msgs/environment/ament_prefix_path.dsv
[1.726s] -- Up-to-date symlink: /home/casey/flexiv_ros2_ws/install/flexiv_msgs/share/flexiv_msgs/environment/path.sh
[1.726s] -- Up-to-date symlink: /home/casey/flexiv_ros2_ws/install/flexiv_msgs/share/flexiv_msgs/environment/path.dsv
[1.726s] -- Up-to-date symlink: /home/casey/flexiv_ros2_ws/install/flexiv_msgs/share/flexiv_msgs/local_setup.bash
[1.727s] -- Up-to-date symlink: /home/casey/flexiv_ros2_ws/install/flexiv_msgs/share/flexiv_msgs/local_setup.sh
[1.727s] -- Up-to-date symlink: /home/casey/flexiv_ros2_ws/install/flexiv_msgs/share/flexiv_msgs/local_setup.zsh
[1.727s] -- Up-to-date symlink: /home/casey/flexiv_ros2_ws/install/flexiv_msgs/share/flexiv_msgs/local_setup.dsv
[1.727s] -- Symlinking: /home/casey/flexiv_ros2_ws/install/flexiv_msgs/share/flexiv_msgs/package.dsv
[1.738s] -- Up-to-date symlink: /home/casey/flexiv_ros2_ws/install/flexiv_msgs/share/ament_index/resource_index/packages/flexiv_msgs
[1.739s] -- Up-to-date symlink: /home/casey/flexiv_ros2_ws/install/flexiv_msgs/share/flexiv_msgs/cmake/rosidl_cmake-extras.cmake
[1.739s] -- Up-to-date symlink: /home/casey/flexiv_ros2_ws/install/flexiv_msgs/share/flexiv_msgs/cmake/ament_cmake_export_dependencies-extras.cmake
[1.739s] -- Up-to-date symlink: /home/casey/flexiv_ros2_ws/install/flexiv_msgs/share/flexiv_msgs/cmake/ament_cmake_export_include_directories-extras.cmake
[1.739s] -- Up-to-date symlink: /home/casey/flexiv_ros2_ws/install/flexiv_msgs/share/flexiv_msgs/cmake/ament_cmake_export_libraries-extras.cmake
[1.739s] -- Up-to-date symlink: /home/casey/flexiv_ros2_ws/install/flexiv_msgs/share/flexiv_msgs/cmake/ament_cmake_export_targets-extras.cmake
[1.739s] -- Up-to-date symlink: /home/casey/flexiv_ros2_ws/install/flexiv_msgs/share/flexiv_msgs/cmake/rosidl_cmake_export_typesupport_targets-extras.cmake
[1.739s] -- Up-to-date symlink: /home/casey/flexiv_ros2_ws/install/flexiv_msgs/share/flexiv_msgs/cmake/rosidl_cmake_export_typesupport_libraries-extras.cmake
[1.739s] -- Up-to-date symlink: /home/casey/flexiv_ros2_ws/install/flexiv_msgs/share/flexiv_msgs/cmake/flexiv_msgsConfig.cmake
[1.739s] -- Up-to-date symlink: /home/casey/flexiv_ros2_ws/install/flexiv_msgs/share/flexiv_msgs/cmake/flexiv_msgsConfig-version.cmake
[1.739s] -- Up-to-date symlink: /home/casey/flexiv_ros2_ws/install/flexiv_msgs/share/flexiv_msgs/package.xml
[1.739s] -- Up-to-date: /home/casey/flexiv_ros2_ws/install/flexiv_msgs/lib/libflexiv_msgs__rosidl_generator_c.so
[1.739s] -- Up-to-date: /home/casey/flexiv_ros2_ws/install/flexiv_msgs/lib/libflexiv_msgs__rosidl_typesupport_fastrtps_c.so
[1.740s] -- Up-to-date: /home/casey/flexiv_ros2_ws/install/flexiv_msgs/lib/libflexiv_msgs__rosidl_typesupport_introspection_c.so
[1.740s] -- Up-to-date: /home/casey/flexiv_ros2_ws/install/flexiv_msgs/lib/libflexiv_msgs__rosidl_typesupport_c.so
[1.740s] -- Up-to-date: /home/casey/flexiv_ros2_ws/install/flexiv_msgs/lib/libflexiv_msgs__rosidl_typesupport_fastrtps_cpp.so
[1.740s] -- Up-to-date: /home/casey/flexiv_ros2_ws/install/flexiv_msgs/lib/libflexiv_msgs__rosidl_typesupport_introspection_cpp.so
[1.741s] -- Up-to-date: /home/casey/flexiv_ros2_ws/install/flexiv_msgs/lib/libflexiv_msgs__rosidl_typesupport_cpp.so
[1.768s] Listing '/home/casey/flexiv_ros2_ws/install/flexiv_msgs/local/lib/python3.10/dist-packages/flexiv_msgs'...
[1.768s] Compiling '/home/casey/flexiv_ros2_ws/install/flexiv_msgs/local/lib/python3.10/dist-packages/flexiv_msgs/__init__.py'...
[1.768s] Listing '/home/casey/flexiv_ros2_ws/install/flexiv_msgs/local/lib/python3.10/dist-packages/flexiv_msgs/msg'...
[1.776s] -- Up-to-date: /home/casey/flexiv_ros2_ws/install/flexiv_msgs/lib/libflexiv_msgs__rosidl_generator_py.so
[1.776s] -- Up-to-date: /home/casey/flexiv_ros2_ws/install/flexiv_msgs/share/flexiv_msgs/cmake/export_flexiv_msgs__rosidl_generator_cExport.cmake
[1.776s] -- Up-to-date: /home/casey/flexiv_ros2_ws/install/flexiv_msgs/share/flexiv_msgs/cmake/export_flexiv_msgs__rosidl_generator_cExport-noconfig.cmake
[1.776s] -- Up-to-date: /home/casey/flexiv_ros2_ws/install/flexiv_msgs/share/flexiv_msgs/cmake/export_flexiv_msgs__rosidl_typesupport_fastrtps_cExport.cmake
[1.776s] -- Up-to-date: /home/casey/flexiv_ros2_ws/install/flexiv_msgs/share/flexiv_msgs/cmake/export_flexiv_msgs__rosidl_typesupport_fastrtps_cExport-noconfig.cmake
[1.776s] -- Up-to-date: /home/casey/flexiv_ros2_ws/install/flexiv_msgs/share/flexiv_msgs/cmake/flexiv_msgs__rosidl_typesupport_introspection_cExport.cmake
[1.776s] -- Up-to-date: /home/casey/flexiv_ros2_ws/install/flexiv_msgs/share/flexiv_msgs/cmake/flexiv_msgs__rosidl_typesupport_introspection_cExport-noconfig.cmake
[1.776s] -- Up-to-date: /home/casey/flexiv_ros2_ws/install/flexiv_msgs/share/flexiv_msgs/cmake/flexiv_msgs__rosidl_typesupport_cExport.cmake
[1.776s] -- Up-to-date: /home/casey/flexiv_ros2_ws/install/flexiv_msgs/share/flexiv_msgs/cmake/flexiv_msgs__rosidl_typesupport_cExport-noconfig.cmake
[1.777s] -- Up-to-date: /home/casey/flexiv_ros2_ws/install/flexiv_msgs/share/flexiv_msgs/cmake/export_flexiv_msgs__rosidl_generator_cppExport.cmake
[1.777s] -- Up-to-date: /home/casey/flexiv_ros2_ws/install/flexiv_msgs/share/flexiv_msgs/cmake/export_flexiv_msgs__rosidl_typesupport_fastrtps_cppExport.cmake
[1.777s] -- Up-to-date: /home/casey/flexiv_ros2_ws/install/flexiv_msgs/share/flexiv_msgs/cmake/export_flexiv_msgs__rosidl_typesupport_fastrtps_cppExport-noconfig.cmake
[1.777s] -- Up-to-date: /home/casey/flexiv_ros2_ws/install/flexiv_msgs/share/flexiv_msgs/cmake/flexiv_msgs__rosidl_typesupport_introspection_cppExport.cmake
[1.777s] -- Up-to-date: /home/casey/flexiv_ros2_ws/install/flexiv_msgs/share/flexiv_msgs/cmake/flexiv_msgs__rosidl_typesupport_introspection_cppExport-noconfig.cmake
[1.777s] -- Up-to-date: /home/casey/flexiv_ros2_ws/install/flexiv_msgs/share/flexiv_msgs/cmake/flexiv_msgs__rosidl_typesupport_cppExport.cmake
[1.777s] -- Up-to-date: /home/casey/flexiv_ros2_ws/install/flexiv_msgs/share/flexiv_msgs/cmake/flexiv_msgs__rosidl_typesupport_cppExport-noconfig.cmake
[1.777s] -- Up-to-date: /home/casey/flexiv_ros2_ws/install/flexiv_msgs/share/flexiv_msgs/cmake/export_flexiv_msgs__rosidl_generator_pyExport.cmake
[1.777s] -- Up-to-date: /home/casey/flexiv_ros2_ws/install/flexiv_msgs/share/flexiv_msgs/cmake/export_flexiv_msgs__rosidl_generator_pyExport-noconfig.cmake
[1.780s] Invoked command in '/home/casey/flexiv_ros2_ws/build/flexiv_msgs' returned '0': CMAKE_PREFIX_PATH=${CMAKE_PREFIX_PATH}:/home/casey/flexiv_ros2_ws/install/flexiv_test_nodes:/opt/ros/humble /usr/bin/cmake --install /home/casey/flexiv_ros2_ws/build/flexiv_msgs
