[0.082s] DEBUG:colcon:Command line arguments: ['/usr/bin/colcon', 'build', '--symlink-install']
[0.082s] DEBUG:colcon:Parsed command line arguments: Namespace(log_base=None, log_level=None, verb_name='build', build_base='build', install_base='install', merge_install=False, symlink_install=True, test_result_base=None, continue_on_error=False, executor='parallel', parallel_workers=16, event_handlers=None, ignore_user_meta=False, metas=['./colcon.meta'], base_paths=['.'], packages_ignore=None, packages_ignore_regex=None, paths=None, packages_up_to=None, packages_up_to_regex=None, packages_above=None, packages_above_and_dependencies=None, packages_above_depth=None, packages_select_by_dep=None, packages_skip_by_dep=None, packages_skip_up_to=None, packages_select_build_failed=False, packages_skip_build_finished=False, packages_select_test_failures=False, packages_skip_test_passed=False, packages_select=None, packages_skip=None, packages_select_regex=None, packages_skip_regex=None, packages_start=None, packages_end=None, allow_overriding=[], cmake_args=None, cmake_target=None, cmake_target_skip_unavailable=False, cmake_clean_cache=False, cmake_clean_first=False, cmake_force_configure=False, ament_cmake_args=None, catkin_cmake_args=None, catkin_skip_building_tests=False, verb_parser=<colcon_defaults.argument_parser.defaults.DefaultArgumentsDecorator object at 0x7fc4f850ff40>, verb_extension=<colcon_core.verb.build.BuildVerb object at 0x7fc4f865cb50>, main=<bound method BuildVerb.main of <colcon_core.verb.build.BuildVerb object at 0x7fc4f865cb50>>)
[0.168s] Level 1:colcon.colcon_core.package_discovery:discover_packages(colcon_meta) check parameters
[0.168s] Level 1:colcon.colcon_core.package_discovery:discover_packages(recursive) check parameters
[0.168s] Level 1:colcon.colcon_core.package_discovery:discover_packages(ignore) check parameters
[0.168s] Level 1:colcon.colcon_core.package_discovery:discover_packages(path) check parameters
[0.168s] Level 1:colcon.colcon_core.package_discovery:discover_packages(colcon_meta) discover
[0.168s] Level 1:colcon.colcon_core.package_discovery:discover_packages(recursive) discover
[0.168s] INFO:colcon.colcon_core.package_discovery:Crawling recursively for packages in '/home/casey/flexiv_ros2_ws'
[0.168s] Level 1:colcon.colcon_core.package_identification:_identify(.) by extensions ['ignore', 'ignore_ament_install']
[0.168s] Level 1:colcon.colcon_core.package_identification:_identify(.) by extension 'ignore'
[0.168s] Level 1:colcon.colcon_core.package_identification:_identify(.) by extension 'ignore_ament_install'
[0.168s] Level 1:colcon.colcon_core.package_identification:_identify(.) by extensions ['colcon_pkg']
[0.168s] Level 1:colcon.colcon_core.package_identification:_identify(.) by extension 'colcon_pkg'
[0.168s] Level 1:colcon.colcon_core.package_identification:_identify(.) by extensions ['colcon_meta']
[0.168s] Level 1:colcon.colcon_core.package_identification:_identify(.) by extension 'colcon_meta'
[0.168s] Level 1:colcon.colcon_core.package_identification:_identify(.) by extensions ['ros']
[0.168s] Level 1:colcon.colcon_core.package_identification:_identify(.) by extension 'ros'
[0.175s] Level 1:colcon.colcon_core.package_identification:_identify(.) by extensions ['cmake', 'python']
[0.175s] Level 1:colcon.colcon_core.package_identification:_identify(.) by extension 'cmake'
[0.175s] Level 1:colcon.colcon_core.package_identification:_identify(.) by extension 'python'
[0.175s] Level 1:colcon.colcon_core.package_identification:_identify(.) by extensions ['python_setup_py']
[0.175s] Level 1:colcon.colcon_core.package_identification:_identify(.) by extension 'python_setup_py'
[0.175s] Level 1:colcon.colcon_core.package_identification:_identify(build) by extensions ['ignore', 'ignore_ament_install']
[0.175s] Level 1:colcon.colcon_core.package_identification:_identify(build) by extension 'ignore'
[0.175s] Level 1:colcon.colcon_core.package_identification:_identify(build) ignored
[0.175s] Level 1:colcon.colcon_core.package_identification:_identify(install) by extensions ['ignore', 'ignore_ament_install']
[0.175s] Level 1:colcon.colcon_core.package_identification:_identify(install) by extension 'ignore'
[0.175s] Level 1:colcon.colcon_core.package_identification:_identify(install) ignored
[0.175s] Level 1:colcon.colcon_core.package_identification:_identify(log) by extensions ['ignore', 'ignore_ament_install']
[0.175s] Level 1:colcon.colcon_core.package_identification:_identify(log) by extension 'ignore'
[0.175s] Level 1:colcon.colcon_core.package_identification:_identify(log) ignored
[0.175s] Level 1:colcon.colcon_core.package_identification:_identify(src) by extensions ['ignore', 'ignore_ament_install']
[0.176s] Level 1:colcon.colcon_core.package_identification:_identify(src) by extension 'ignore'
[0.176s] Level 1:colcon.colcon_core.package_identification:_identify(src) by extension 'ignore_ament_install'
[0.176s] Level 1:colcon.colcon_core.package_identification:_identify(src) by extensions ['colcon_pkg']
[0.176s] Level 1:colcon.colcon_core.package_identification:_identify(src) by extension 'colcon_pkg'
[0.176s] Level 1:colcon.colcon_core.package_identification:_identify(src) by extensions ['colcon_meta']
[0.176s] Level 1:colcon.colcon_core.package_identification:_identify(src) by extension 'colcon_meta'
[0.176s] Level 1:colcon.colcon_core.package_identification:_identify(src) by extensions ['ros']
[0.176s] Level 1:colcon.colcon_core.package_identification:_identify(src) by extension 'ros'
[0.176s] Level 1:colcon.colcon_core.package_identification:_identify(src) by extensions ['cmake', 'python']
[0.176s] Level 1:colcon.colcon_core.package_identification:_identify(src) by extension 'cmake'
[0.176s] Level 1:colcon.colcon_core.package_identification:_identify(src) by extension 'python'
[0.176s] Level 1:colcon.colcon_core.package_identification:_identify(src) by extensions ['python_setup_py']
[0.176s] Level 1:colcon.colcon_core.package_identification:_identify(src) by extension 'python_setup_py'
[0.176s] Level 1:colcon.colcon_core.package_identification:_identify(src/flexiv_ros2) by extensions ['ignore', 'ignore_ament_install']
[0.176s] Level 1:colcon.colcon_core.package_identification:_identify(src/flexiv_ros2) by extension 'ignore'
[0.176s] Level 1:colcon.colcon_core.package_identification:_identify(src/flexiv_ros2) by extension 'ignore_ament_install'
[0.176s] Level 1:colcon.colcon_core.package_identification:_identify(src/flexiv_ros2) by extensions ['colcon_pkg']
[0.176s] Level 1:colcon.colcon_core.package_identification:_identify(src/flexiv_ros2) by extension 'colcon_pkg'
[0.176s] Level 1:colcon.colcon_core.package_identification:_identify(src/flexiv_ros2) by extensions ['colcon_meta']
[0.176s] Level 1:colcon.colcon_core.package_identification:_identify(src/flexiv_ros2) by extension 'colcon_meta'
[0.176s] Level 1:colcon.colcon_core.package_identification:_identify(src/flexiv_ros2) by extensions ['ros']
[0.176s] Level 1:colcon.colcon_core.package_identification:_identify(src/flexiv_ros2) by extension 'ros'
[0.176s] Level 1:colcon.colcon_core.package_identification:_identify(src/flexiv_ros2) by extensions ['cmake', 'python']
[0.176s] Level 1:colcon.colcon_core.package_identification:_identify(src/flexiv_ros2) by extension 'cmake'
[0.176s] Level 1:colcon.colcon_core.package_identification:_identify(src/flexiv_ros2) by extension 'python'
[0.176s] Level 1:colcon.colcon_core.package_identification:_identify(src/flexiv_ros2) by extensions ['python_setup_py']
[0.176s] Level 1:colcon.colcon_core.package_identification:_identify(src/flexiv_ros2) by extension 'python_setup_py'
[0.176s] Level 1:colcon.colcon_core.package_identification:_identify(src/flexiv_ros2/flexiv_bringup) by extensions ['ignore', 'ignore_ament_install']
[0.176s] Level 1:colcon.colcon_core.package_identification:_identify(src/flexiv_ros2/flexiv_bringup) by extension 'ignore'
[0.176s] Level 1:colcon.colcon_core.package_identification:_identify(src/flexiv_ros2/flexiv_bringup) by extension 'ignore_ament_install'
[0.176s] Level 1:colcon.colcon_core.package_identification:_identify(src/flexiv_ros2/flexiv_bringup) by extensions ['colcon_pkg']
[0.176s] Level 1:colcon.colcon_core.package_identification:_identify(src/flexiv_ros2/flexiv_bringup) by extension 'colcon_pkg'
[0.176s] Level 1:colcon.colcon_core.package_identification:_identify(src/flexiv_ros2/flexiv_bringup) by extensions ['colcon_meta']
[0.176s] Level 1:colcon.colcon_core.package_identification:_identify(src/flexiv_ros2/flexiv_bringup) by extension 'colcon_meta'
[0.176s] Level 1:colcon.colcon_core.package_identification:_identify(src/flexiv_ros2/flexiv_bringup) by extensions ['ros']
[0.176s] Level 1:colcon.colcon_core.package_identification:_identify(src/flexiv_ros2/flexiv_bringup) by extension 'ros'
[0.178s] DEBUG:colcon.colcon_core.package_identification:Package 'src/flexiv_ros2/flexiv_bringup' with type 'ros.ament_cmake' and name 'flexiv_bringup'
[0.178s] Level 1:colcon.colcon_core.package_identification:_identify(src/flexiv_ros2/flexiv_controllers) by extensions ['ignore', 'ignore_ament_install']
[0.178s] Level 1:colcon.colcon_core.package_identification:_identify(src/flexiv_ros2/flexiv_controllers) by extension 'ignore'
[0.178s] Level 1:colcon.colcon_core.package_identification:_identify(src/flexiv_ros2/flexiv_controllers) by extension 'ignore_ament_install'
[0.178s] Level 1:colcon.colcon_core.package_identification:_identify(src/flexiv_ros2/flexiv_controllers) by extensions ['colcon_pkg']
[0.178s] Level 1:colcon.colcon_core.package_identification:_identify(src/flexiv_ros2/flexiv_controllers) by extension 'colcon_pkg'
[0.178s] Level 1:colcon.colcon_core.package_identification:_identify(src/flexiv_ros2/flexiv_controllers) by extensions ['colcon_meta']
[0.178s] Level 1:colcon.colcon_core.package_identification:_identify(src/flexiv_ros2/flexiv_controllers) by extension 'colcon_meta'
[0.178s] Level 1:colcon.colcon_core.package_identification:_identify(src/flexiv_ros2/flexiv_controllers) by extensions ['ros']
[0.178s] Level 1:colcon.colcon_core.package_identification:_identify(src/flexiv_ros2/flexiv_controllers) by extension 'ros'
[0.178s] DEBUG:colcon.colcon_core.package_identification:Package 'src/flexiv_ros2/flexiv_controllers' with type 'ros.ament_cmake' and name 'flexiv_controllers'
[0.178s] Level 1:colcon.colcon_core.package_identification:_identify(src/flexiv_ros2/flexiv_description) by extensions ['ignore', 'ignore_ament_install']
[0.178s] Level 1:colcon.colcon_core.package_identification:_identify(src/flexiv_ros2/flexiv_description) by extension 'ignore'
[0.178s] Level 1:colcon.colcon_core.package_identification:_identify(src/flexiv_ros2/flexiv_description) by extension 'ignore_ament_install'
[0.178s] Level 1:colcon.colcon_core.package_identification:_identify(src/flexiv_ros2/flexiv_description) by extensions ['colcon_pkg']
[0.178s] Level 1:colcon.colcon_core.package_identification:_identify(src/flexiv_ros2/flexiv_description) by extension 'colcon_pkg'
[0.178s] Level 1:colcon.colcon_core.package_identification:_identify(src/flexiv_ros2/flexiv_description) by extensions ['colcon_meta']
[0.178s] Level 1:colcon.colcon_core.package_identification:_identify(src/flexiv_ros2/flexiv_description) by extension 'colcon_meta'
[0.178s] Level 1:colcon.colcon_core.package_identification:_identify(src/flexiv_ros2/flexiv_description) by extensions ['ros']
[0.178s] Level 1:colcon.colcon_core.package_identification:_identify(src/flexiv_ros2/flexiv_description) by extension 'ros'
[0.179s] DEBUG:colcon.colcon_core.package_identification:Package 'src/flexiv_ros2/flexiv_description' with type 'ros.ament_cmake' and name 'flexiv_description'
[0.179s] Level 1:colcon.colcon_core.package_identification:_identify(src/flexiv_ros2/flexiv_hardware) by extensions ['ignore', 'ignore_ament_install']
[0.179s] Level 1:colcon.colcon_core.package_identification:_identify(src/flexiv_ros2/flexiv_hardware) by extension 'ignore'
[0.179s] Level 1:colcon.colcon_core.package_identification:_identify(src/flexiv_ros2/flexiv_hardware) by extension 'ignore_ament_install'
[0.179s] Level 1:colcon.colcon_core.package_identification:_identify(src/flexiv_ros2/flexiv_hardware) by extensions ['colcon_pkg']
[0.179s] Level 1:colcon.colcon_core.package_identification:_identify(src/flexiv_ros2/flexiv_hardware) by extension 'colcon_pkg'
[0.179s] Level 1:colcon.colcon_core.package_identification:_identify(src/flexiv_ros2/flexiv_hardware) by extensions ['colcon_meta']
[0.179s] Level 1:colcon.colcon_core.package_identification:_identify(src/flexiv_ros2/flexiv_hardware) by extension 'colcon_meta'
[0.179s] Level 1:colcon.colcon_core.package_identification:_identify(src/flexiv_ros2/flexiv_hardware) by extensions ['ros']
[0.179s] Level 1:colcon.colcon_core.package_identification:_identify(src/flexiv_ros2/flexiv_hardware) by extension 'ros'
[0.179s] DEBUG:colcon.colcon_core.package_identification:Package 'src/flexiv_ros2/flexiv_hardware' with type 'ros.ament_cmake' and name 'flexiv_hardware'
[0.179s] Level 1:colcon.colcon_core.package_identification:_identify(src/flexiv_ros2/flexiv_moveit_config) by extensions ['ignore', 'ignore_ament_install']
[0.179s] Level 1:colcon.colcon_core.package_identification:_identify(src/flexiv_ros2/flexiv_moveit_config) by extension 'ignore'
[0.179s] Level 1:colcon.colcon_core.package_identification:_identify(src/flexiv_ros2/flexiv_moveit_config) by extension 'ignore_ament_install'
[0.179s] Level 1:colcon.colcon_core.package_identification:_identify(src/flexiv_ros2/flexiv_moveit_config) by extensions ['colcon_pkg']
[0.179s] Level 1:colcon.colcon_core.package_identification:_identify(src/flexiv_ros2/flexiv_moveit_config) by extension 'colcon_pkg'
[0.179s] Level 1:colcon.colcon_core.package_identification:_identify(src/flexiv_ros2/flexiv_moveit_config) by extensions ['colcon_meta']
[0.180s] Level 1:colcon.colcon_core.package_identification:_identify(src/flexiv_ros2/flexiv_moveit_config) by extension 'colcon_meta'
[0.180s] Level 1:colcon.colcon_core.package_identification:_identify(src/flexiv_ros2/flexiv_moveit_config) by extensions ['ros']
[0.180s] Level 1:colcon.colcon_core.package_identification:_identify(src/flexiv_ros2/flexiv_moveit_config) by extension 'ros'
[0.180s] DEBUG:colcon.colcon_core.package_identification:Package 'src/flexiv_ros2/flexiv_moveit_config' with type 'ros.ament_cmake' and name 'flexiv_moveit_config'
[0.180s] Level 1:colcon.colcon_core.package_identification:_identify(src/flexiv_ros2/flexiv_msgs) by extensions ['ignore', 'ignore_ament_install']
[0.180s] Level 1:colcon.colcon_core.package_identification:_identify(src/flexiv_ros2/flexiv_msgs) by extension 'ignore'
[0.180s] Level 1:colcon.colcon_core.package_identification:_identify(src/flexiv_ros2/flexiv_msgs) by extension 'ignore_ament_install'
[0.180s] Level 1:colcon.colcon_core.package_identification:_identify(src/flexiv_ros2/flexiv_msgs) by extensions ['colcon_pkg']
[0.180s] Level 1:colcon.colcon_core.package_identification:_identify(src/flexiv_ros2/flexiv_msgs) by extension 'colcon_pkg'
[0.180s] Level 1:colcon.colcon_core.package_identification:_identify(src/flexiv_ros2/flexiv_msgs) by extensions ['colcon_meta']
[0.180s] Level 1:colcon.colcon_core.package_identification:_identify(src/flexiv_ros2/flexiv_msgs) by extension 'colcon_meta'
[0.180s] Level 1:colcon.colcon_core.package_identification:_identify(src/flexiv_ros2/flexiv_msgs) by extensions ['ros']
[0.180s] Level 1:colcon.colcon_core.package_identification:_identify(src/flexiv_ros2/flexiv_msgs) by extension 'ros'
[0.180s] DEBUG:colcon.colcon_core.package_identification:Package 'src/flexiv_ros2/flexiv_msgs' with type 'ros.ament_cmake' and name 'flexiv_msgs'
[0.180s] Level 1:colcon.colcon_core.package_identification:_identify(src/flexiv_ros2/flexiv_test_nodes) by extensions ['ignore', 'ignore_ament_install']
[0.180s] Level 1:colcon.colcon_core.package_identification:_identify(src/flexiv_ros2/flexiv_test_nodes) by extension 'ignore'
[0.180s] Level 1:colcon.colcon_core.package_identification:_identify(src/flexiv_ros2/flexiv_test_nodes) by extension 'ignore_ament_install'
[0.181s] Level 1:colcon.colcon_core.package_identification:_identify(src/flexiv_ros2/flexiv_test_nodes) by extensions ['colcon_pkg']
[0.181s] Level 1:colcon.colcon_core.package_identification:_identify(src/flexiv_ros2/flexiv_test_nodes) by extension 'colcon_pkg'
[0.181s] Level 1:colcon.colcon_core.package_identification:_identify(src/flexiv_ros2/flexiv_test_nodes) by extensions ['colcon_meta']
[0.181s] Level 1:colcon.colcon_core.package_identification:_identify(src/flexiv_ros2/flexiv_test_nodes) by extension 'colcon_meta'
[0.181s] Level 1:colcon.colcon_core.package_identification:_identify(src/flexiv_ros2/flexiv_test_nodes) by extensions ['ros']
[0.181s] Level 1:colcon.colcon_core.package_identification:_identify(src/flexiv_ros2/flexiv_test_nodes) by extension 'ros'
[0.181s] DEBUG:colcon.colcon_core.package_identification:Package 'src/flexiv_ros2/flexiv_test_nodes' with type 'ros.ament_python' and name 'flexiv_test_nodes'
[0.181s] Level 1:colcon.colcon_core.package_discovery:discover_packages(recursive) using defaults
[0.181s] Level 1:colcon.colcon_core.package_discovery:discover_packages(ignore) discover
[0.181s] Level 1:colcon.colcon_core.package_discovery:discover_packages(ignore) using defaults
[0.181s] Level 1:colcon.colcon_core.package_discovery:discover_packages(path) discover
[0.181s] Level 1:colcon.colcon_core.package_discovery:discover_packages(path) using defaults
[0.195s] Level 1:colcon.colcon_core.package_discovery:discover_packages(prefix_path) check parameters
[0.196s] Level 1:colcon.colcon_core.package_discovery:discover_packages(prefix_path) discover
[0.198s] DEBUG:colcon.colcon_installed_package_information.package_discovery:Found 352 installed packages in /opt/ros/humble
[0.215s] Level 1:colcon.colcon_core.package_discovery:discover_packages(prefix_path) using defaults
[0.240s] Level 5:colcon.colcon_core.verb:set package 'flexiv_description' build argument 'cmake_args' from command line to 'None'
[0.240s] Level 5:colcon.colcon_core.verb:set package 'flexiv_description' build argument 'cmake_target' from command line to 'None'
[0.240s] Level 5:colcon.colcon_core.verb:set package 'flexiv_description' build argument 'cmake_target_skip_unavailable' from command line to 'False'
[0.240s] Level 5:colcon.colcon_core.verb:set package 'flexiv_description' build argument 'cmake_clean_cache' from command line to 'False'
[0.240s] Level 5:colcon.colcon_core.verb:set package 'flexiv_description' build argument 'cmake_clean_first' from command line to 'False'
[0.240s] Level 5:colcon.colcon_core.verb:set package 'flexiv_description' build argument 'cmake_force_configure' from command line to 'False'
[0.240s] Level 5:colcon.colcon_core.verb:set package 'flexiv_description' build argument 'ament_cmake_args' from command line to 'None'
[0.240s] Level 5:colcon.colcon_core.verb:set package 'flexiv_description' build argument 'catkin_cmake_args' from command line to 'None'
[0.240s] Level 5:colcon.colcon_core.verb:set package 'flexiv_description' build argument 'catkin_skip_building_tests' from command line to 'False'
[0.240s] DEBUG:colcon.colcon_core.verb:Building package 'flexiv_description' with the following arguments: {'ament_cmake_args': None, 'build_base': '/home/casey/flexiv_ros2_ws/build/flexiv_description', 'catkin_cmake_args': None, 'catkin_skip_building_tests': False, 'cmake_args': None, 'cmake_clean_cache': False, 'cmake_clean_first': False, 'cmake_force_configure': False, 'cmake_target': None, 'cmake_target_skip_unavailable': False, 'install_base': '/home/casey/flexiv_ros2_ws/install/flexiv_description', 'merge_install': False, 'path': '/home/casey/flexiv_ros2_ws/src/flexiv_ros2/flexiv_description', 'symlink_install': True, 'test_result_base': None}
[0.241s] Level 5:colcon.colcon_core.verb:set package 'flexiv_hardware' build argument 'cmake_args' from command line to 'None'
[0.241s] Level 5:colcon.colcon_core.verb:set package 'flexiv_hardware' build argument 'cmake_target' from command line to 'None'
[0.241s] Level 5:colcon.colcon_core.verb:set package 'flexiv_hardware' build argument 'cmake_target_skip_unavailable' from command line to 'False'
[0.241s] Level 5:colcon.colcon_core.verb:set package 'flexiv_hardware' build argument 'cmake_clean_cache' from command line to 'False'
[0.241s] Level 5:colcon.colcon_core.verb:set package 'flexiv_hardware' build argument 'cmake_clean_first' from command line to 'False'
[0.241s] Level 5:colcon.colcon_core.verb:set package 'flexiv_hardware' build argument 'cmake_force_configure' from command line to 'False'
[0.241s] Level 5:colcon.colcon_core.verb:set package 'flexiv_hardware' build argument 'ament_cmake_args' from command line to 'None'
[0.241s] Level 5:colcon.colcon_core.verb:set package 'flexiv_hardware' build argument 'catkin_cmake_args' from command line to 'None'
[0.241s] Level 5:colcon.colcon_core.verb:set package 'flexiv_hardware' build argument 'catkin_skip_building_tests' from command line to 'False'
[0.241s] DEBUG:colcon.colcon_core.verb:Building package 'flexiv_hardware' with the following arguments: {'ament_cmake_args': None, 'build_base': '/home/casey/flexiv_ros2_ws/build/flexiv_hardware', 'catkin_cmake_args': None, 'catkin_skip_building_tests': False, 'cmake_args': None, 'cmake_clean_cache': False, 'cmake_clean_first': False, 'cmake_force_configure': False, 'cmake_target': None, 'cmake_target_skip_unavailable': False, 'install_base': '/home/casey/flexiv_ros2_ws/install/flexiv_hardware', 'merge_install': False, 'path': '/home/casey/flexiv_ros2_ws/src/flexiv_ros2/flexiv_hardware', 'symlink_install': True, 'test_result_base': None}
[0.241s] Level 5:colcon.colcon_core.verb:set package 'flexiv_msgs' build argument 'cmake_args' from command line to 'None'
[0.241s] Level 5:colcon.colcon_core.verb:set package 'flexiv_msgs' build argument 'cmake_target' from command line to 'None'
[0.241s] Level 5:colcon.colcon_core.verb:set package 'flexiv_msgs' build argument 'cmake_target_skip_unavailable' from command line to 'False'
[0.241s] Level 5:colcon.colcon_core.verb:set package 'flexiv_msgs' build argument 'cmake_clean_cache' from command line to 'False'
[0.241s] Level 5:colcon.colcon_core.verb:set package 'flexiv_msgs' build argument 'cmake_clean_first' from command line to 'False'
[0.241s] Level 5:colcon.colcon_core.verb:set package 'flexiv_msgs' build argument 'cmake_force_configure' from command line to 'False'
[0.241s] Level 5:colcon.colcon_core.verb:set package 'flexiv_msgs' build argument 'ament_cmake_args' from command line to 'None'
[0.241s] Level 5:colcon.colcon_core.verb:set package 'flexiv_msgs' build argument 'catkin_cmake_args' from command line to 'None'
[0.241s] Level 5:colcon.colcon_core.verb:set package 'flexiv_msgs' build argument 'catkin_skip_building_tests' from command line to 'False'
[0.241s] DEBUG:colcon.colcon_core.verb:Building package 'flexiv_msgs' with the following arguments: {'ament_cmake_args': None, 'build_base': '/home/casey/flexiv_ros2_ws/build/flexiv_msgs', 'catkin_cmake_args': None, 'catkin_skip_building_tests': False, 'cmake_args': None, 'cmake_clean_cache': False, 'cmake_clean_first': False, 'cmake_force_configure': False, 'cmake_target': None, 'cmake_target_skip_unavailable': False, 'install_base': '/home/casey/flexiv_ros2_ws/install/flexiv_msgs', 'merge_install': False, 'path': '/home/casey/flexiv_ros2_ws/src/flexiv_ros2/flexiv_msgs', 'symlink_install': True, 'test_result_base': None}
[0.241s] Level 5:colcon.colcon_core.verb:set package 'flexiv_test_nodes' build argument 'cmake_args' from command line to 'None'
[0.241s] Level 5:colcon.colcon_core.verb:set package 'flexiv_test_nodes' build argument 'cmake_target' from command line to 'None'
[0.241s] Level 5:colcon.colcon_core.verb:set package 'flexiv_test_nodes' build argument 'cmake_target_skip_unavailable' from command line to 'False'
[0.241s] Level 5:colcon.colcon_core.verb:set package 'flexiv_test_nodes' build argument 'cmake_clean_cache' from command line to 'False'
[0.241s] Level 5:colcon.colcon_core.verb:set package 'flexiv_test_nodes' build argument 'cmake_clean_first' from command line to 'False'
[0.241s] Level 5:colcon.colcon_core.verb:set package 'flexiv_test_nodes' build argument 'cmake_force_configure' from command line to 'False'
[0.241s] Level 5:colcon.colcon_core.verb:set package 'flexiv_test_nodes' build argument 'ament_cmake_args' from command line to 'None'
[0.241s] Level 5:colcon.colcon_core.verb:set package 'flexiv_test_nodes' build argument 'catkin_cmake_args' from command line to 'None'
[0.241s] Level 5:colcon.colcon_core.verb:set package 'flexiv_test_nodes' build argument 'catkin_skip_building_tests' from command line to 'False'
[0.241s] DEBUG:colcon.colcon_core.verb:Building package 'flexiv_test_nodes' with the following arguments: {'ament_cmake_args': None, 'build_base': '/home/casey/flexiv_ros2_ws/build/flexiv_test_nodes', 'catkin_cmake_args': None, 'catkin_skip_building_tests': False, 'cmake_args': None, 'cmake_clean_cache': False, 'cmake_clean_first': False, 'cmake_force_configure': False, 'cmake_target': None, 'cmake_target_skip_unavailable': False, 'install_base': '/home/casey/flexiv_ros2_ws/install/flexiv_test_nodes', 'merge_install': False, 'path': '/home/casey/flexiv_ros2_ws/src/flexiv_ros2/flexiv_test_nodes', 'symlink_install': True, 'test_result_base': None}
[0.241s] Level 5:colcon.colcon_core.verb:set package 'flexiv_bringup' build argument 'cmake_args' from command line to 'None'
[0.242s] Level 5:colcon.colcon_core.verb:set package 'flexiv_bringup' build argument 'cmake_target' from command line to 'None'
[0.242s] Level 5:colcon.colcon_core.verb:set package 'flexiv_bringup' build argument 'cmake_target_skip_unavailable' from command line to 'False'
[0.242s] Level 5:colcon.colcon_core.verb:set package 'flexiv_bringup' build argument 'cmake_clean_cache' from command line to 'False'
[0.242s] Level 5:colcon.colcon_core.verb:set package 'flexiv_bringup' build argument 'cmake_clean_first' from command line to 'False'
[0.242s] Level 5:colcon.colcon_core.verb:set package 'flexiv_bringup' build argument 'cmake_force_configure' from command line to 'False'
[0.242s] Level 5:colcon.colcon_core.verb:set package 'flexiv_bringup' build argument 'ament_cmake_args' from command line to 'None'
[0.242s] Level 5:colcon.colcon_core.verb:set package 'flexiv_bringup' build argument 'catkin_cmake_args' from command line to 'None'
[0.242s] Level 5:colcon.colcon_core.verb:set package 'flexiv_bringup' build argument 'catkin_skip_building_tests' from command line to 'False'
[0.242s] DEBUG:colcon.colcon_core.verb:Building package 'flexiv_bringup' with the following arguments: {'ament_cmake_args': None, 'build_base': '/home/casey/flexiv_ros2_ws/build/flexiv_bringup', 'catkin_cmake_args': None, 'catkin_skip_building_tests': False, 'cmake_args': None, 'cmake_clean_cache': False, 'cmake_clean_first': False, 'cmake_force_configure': False, 'cmake_target': None, 'cmake_target_skip_unavailable': False, 'install_base': '/home/casey/flexiv_ros2_ws/install/flexiv_bringup', 'merge_install': False, 'path': '/home/casey/flexiv_ros2_ws/src/flexiv_ros2/flexiv_bringup', 'symlink_install': True, 'test_result_base': None}
[0.242s] Level 5:colcon.colcon_core.verb:set package 'flexiv_controllers' build argument 'cmake_args' from command line to 'None'
[0.242s] Level 5:colcon.colcon_core.verb:set package 'flexiv_controllers' build argument 'cmake_target' from command line to 'None'
[0.242s] Level 5:colcon.colcon_core.verb:set package 'flexiv_controllers' build argument 'cmake_target_skip_unavailable' from command line to 'False'
[0.242s] Level 5:colcon.colcon_core.verb:set package 'flexiv_controllers' build argument 'cmake_clean_cache' from command line to 'False'
[0.242s] Level 5:colcon.colcon_core.verb:set package 'flexiv_controllers' build argument 'cmake_clean_first' from command line to 'False'
[0.242s] Level 5:colcon.colcon_core.verb:set package 'flexiv_controllers' build argument 'cmake_force_configure' from command line to 'False'
[0.242s] Level 5:colcon.colcon_core.verb:set package 'flexiv_controllers' build argument 'ament_cmake_args' from command line to 'None'
[0.242s] Level 5:colcon.colcon_core.verb:set package 'flexiv_controllers' build argument 'catkin_cmake_args' from command line to 'None'
[0.242s] Level 5:colcon.colcon_core.verb:set package 'flexiv_controllers' build argument 'catkin_skip_building_tests' from command line to 'False'
[0.242s] DEBUG:colcon.colcon_core.verb:Building package 'flexiv_controllers' with the following arguments: {'ament_cmake_args': None, 'build_base': '/home/casey/flexiv_ros2_ws/build/flexiv_controllers', 'catkin_cmake_args': None, 'catkin_skip_building_tests': False, 'cmake_args': None, 'cmake_clean_cache': False, 'cmake_clean_first': False, 'cmake_force_configure': False, 'cmake_target': None, 'cmake_target_skip_unavailable': False, 'install_base': '/home/casey/flexiv_ros2_ws/install/flexiv_controllers', 'merge_install': False, 'path': '/home/casey/flexiv_ros2_ws/src/flexiv_ros2/flexiv_controllers', 'symlink_install': True, 'test_result_base': None}
[0.242s] Level 5:colcon.colcon_core.verb:set package 'flexiv_moveit_config' build argument 'cmake_args' from command line to 'None'
[0.242s] Level 5:colcon.colcon_core.verb:set package 'flexiv_moveit_config' build argument 'cmake_target' from command line to 'None'
[0.242s] Level 5:colcon.colcon_core.verb:set package 'flexiv_moveit_config' build argument 'cmake_target_skip_unavailable' from command line to 'False'
[0.242s] Level 5:colcon.colcon_core.verb:set package 'flexiv_moveit_config' build argument 'cmake_clean_cache' from command line to 'False'
[0.242s] Level 5:colcon.colcon_core.verb:set package 'flexiv_moveit_config' build argument 'cmake_clean_first' from command line to 'False'
[0.242s] Level 5:colcon.colcon_core.verb:set package 'flexiv_moveit_config' build argument 'cmake_force_configure' from command line to 'False'
[0.242s] Level 5:colcon.colcon_core.verb:set package 'flexiv_moveit_config' build argument 'ament_cmake_args' from command line to 'None'
[0.242s] Level 5:colcon.colcon_core.verb:set package 'flexiv_moveit_config' build argument 'catkin_cmake_args' from command line to 'None'
[0.242s] Level 5:colcon.colcon_core.verb:set package 'flexiv_moveit_config' build argument 'catkin_skip_building_tests' from command line to 'False'
[0.242s] DEBUG:colcon.colcon_core.verb:Building package 'flexiv_moveit_config' with the following arguments: {'ament_cmake_args': None, 'build_base': '/home/casey/flexiv_ros2_ws/build/flexiv_moveit_config', 'catkin_cmake_args': None, 'catkin_skip_building_tests': False, 'cmake_args': None, 'cmake_clean_cache': False, 'cmake_clean_first': False, 'cmake_force_configure': False, 'cmake_target': None, 'cmake_target_skip_unavailable': False, 'install_base': '/home/casey/flexiv_ros2_ws/install/flexiv_moveit_config', 'merge_install': False, 'path': '/home/casey/flexiv_ros2_ws/src/flexiv_ros2/flexiv_moveit_config', 'symlink_install': True, 'test_result_base': None}
[0.242s] INFO:colcon.colcon_core.executor:Executing jobs using 'parallel' executor
[0.243s] DEBUG:colcon.colcon_parallel_executor.executor.parallel:run_until_complete
[0.243s] INFO:colcon.colcon_ros.task.ament_cmake.build:Building ROS package in '/home/casey/flexiv_ros2_ws/src/flexiv_ros2/flexiv_description' with build type 'ament_cmake'
[0.243s] INFO:colcon.colcon_cmake.task.cmake.build:Building CMake package in '/home/casey/flexiv_ros2_ws/src/flexiv_ros2/flexiv_description'
[0.246s] INFO:colcon.colcon_core.plugin_system:Skipping extension 'colcon_core.shell.bat': Not used on non-Windows systems
[0.246s] INFO:colcon.colcon_core.shell:Skip shell extension 'powershell' for command environment: Not usable outside of PowerShell
[0.246s] DEBUG:colcon.colcon_core.shell:Skip shell extension 'dsv' for command environment
[0.249s] INFO:colcon.colcon_ros.task.ament_cmake.build:Building ROS package in '/home/casey/flexiv_ros2_ws/src/flexiv_ros2/flexiv_hardware' with build type 'ament_cmake'
[0.249s] INFO:colcon.colcon_cmake.task.cmake.build:Building CMake package in '/home/casey/flexiv_ros2_ws/src/flexiv_ros2/flexiv_hardware'
[0.249s] INFO:colcon.colcon_core.shell:Skip shell extension 'powershell' for command environment: Not usable outside of PowerShell
[0.249s] DEBUG:colcon.colcon_core.shell:Skip shell extension 'dsv' for command environment
[0.251s] INFO:colcon.colcon_ros.task.ament_cmake.build:Building ROS package in '/home/casey/flexiv_ros2_ws/src/flexiv_ros2/flexiv_msgs' with build type 'ament_cmake'
[0.251s] INFO:colcon.colcon_cmake.task.cmake.build:Building CMake package in '/home/casey/flexiv_ros2_ws/src/flexiv_ros2/flexiv_msgs'
[0.251s] INFO:colcon.colcon_core.shell:Skip shell extension 'powershell' for command environment: Not usable outside of PowerShell
[0.251s] DEBUG:colcon.colcon_core.shell:Skip shell extension 'dsv' for command environment
[0.253s] INFO:colcon.colcon_ros.task.ament_python.build:Building ROS package in '/home/casey/flexiv_ros2_ws/src/flexiv_ros2/flexiv_test_nodes' with build type 'ament_python'
[0.253s] Level 1:colcon.colcon_core.shell:create_environment_hook('flexiv_test_nodes', 'ament_prefix_path')
[0.253s] INFO:colcon.colcon_core.shell:Creating environment hook '/home/casey/flexiv_ros2_ws/install/flexiv_test_nodes/share/flexiv_test_nodes/hook/ament_prefix_path.ps1'
[0.253s] INFO:colcon.colcon_core.shell:Creating environment descriptor '/home/casey/flexiv_ros2_ws/install/flexiv_test_nodes/share/flexiv_test_nodes/hook/ament_prefix_path.dsv'
[0.254s] INFO:colcon.colcon_core.shell:Creating environment hook '/home/casey/flexiv_ros2_ws/install/flexiv_test_nodes/share/flexiv_test_nodes/hook/ament_prefix_path.sh'
[0.254s] INFO:colcon.colcon_core.shell:Skip shell extension 'powershell' for command environment: Not usable outside of PowerShell
[0.254s] DEBUG:colcon.colcon_core.shell:Skip shell extension 'dsv' for command environment
[0.262s] DEBUG:colcon.colcon_core.event_handler.log_command:Invoking command in '/home/casey/flexiv_ros2_ws/build/flexiv_description': CMAKE_PREFIX_PATH=/opt/ros/humble /usr/bin/cmake /home/casey/flexiv_ros2_ws/src/flexiv_ros2/flexiv_description -DAMENT_CMAKE_SYMLINK_INSTALL=1 -DCMAKE_INSTALL_PREFIX=/home/casey/flexiv_ros2_ws/install/flexiv_description
[0.265s] DEBUG:colcon.colcon_core.event_handler.log_command:Invoking command in '/home/casey/flexiv_ros2_ws/build/flexiv_hardware': CMAKE_PREFIX_PATH=/opt/ros/humble /usr/bin/cmake /home/casey/flexiv_ros2_ws/src/flexiv_ros2/flexiv_hardware -DAMENT_CMAKE_SYMLINK_INSTALL=1 -DCMAKE_INSTALL_PREFIX=/home/casey/flexiv_ros2_ws/install/flexiv_hardware
[0.267s] DEBUG:colcon.colcon_core.event_handler.log_command:Invoking command in '/home/casey/flexiv_ros2_ws/build/flexiv_msgs': CMAKE_PREFIX_PATH=/opt/ros/humble /usr/bin/cmake /home/casey/flexiv_ros2_ws/src/flexiv_ros2/flexiv_msgs -DAMENT_CMAKE_SYMLINK_INSTALL=1 -DCMAKE_INSTALL_PREFIX=/home/casey/flexiv_ros2_ws/install/flexiv_msgs
[0.480s] INFO:colcon.colcon_core.task.python.build:Building Python package in '/home/casey/flexiv_ros2_ws/src/flexiv_ros2/flexiv_test_nodes'
[0.481s] INFO:colcon.colcon_core.shell:Skip shell extension 'powershell' for command environment: Not usable outside of PowerShell
[0.481s] DEBUG:colcon.colcon_core.shell:Skip shell extension 'dsv' for command environment
[0.798s] DEBUG:colcon.colcon_core.event_handler.log_command:Invoked command in '/home/casey/flexiv_ros2_ws/build/flexiv_description' returned '0': CMAKE_PREFIX_PATH=/opt/ros/humble /usr/bin/cmake /home/casey/flexiv_ros2_ws/src/flexiv_ros2/flexiv_description -DAMENT_CMAKE_SYMLINK_INSTALL=1 -DCMAKE_INSTALL_PREFIX=/home/casey/flexiv_ros2_ws/install/flexiv_description
[0.800s] DEBUG:colcon.colcon_core.event_handler.log_command:Invoking command in '/home/casey/flexiv_ros2_ws/build/flexiv_description': CMAKE_PREFIX_PATH=/opt/ros/humble /usr/bin/cmake --build /home/casey/flexiv_ros2_ws/build/flexiv_description -- -j16 -l16
[0.833s] DEBUG:colcon.colcon_core.event_handler.log_command:Invoking command in '/home/casey/flexiv_ros2_ws/build/flexiv_test_nodes': PYTHONPATH=/home/casey/flexiv_ros2_ws/build/flexiv_test_nodes/prefix_override:/home/casey/flexiv_ros2_ws/install/flexiv_test_nodes/lib/python3.10/site-packages:${PYTHONPATH} /usr/bin/python3 -W ignore:setup.py install is deprecated setup.py develop --editable --build-directory /home/casey/flexiv_ros2_ws/build/flexiv_test_nodes/build --no-deps symlink_data
[0.844s] DEBUG:colcon.colcon_core.event_handler.log_command:Invoked command in '/home/casey/flexiv_ros2_ws/build/flexiv_description' returned '0': CMAKE_PREFIX_PATH=/opt/ros/humble /usr/bin/cmake --build /home/casey/flexiv_ros2_ws/build/flexiv_description -- -j16 -l16
[0.886s] DEBUG:colcon.colcon_core.event_handler.log_command:Invoking command in '/home/casey/flexiv_ros2_ws/build/flexiv_description': CMAKE_PREFIX_PATH=/opt/ros/humble /usr/bin/cmake --install /home/casey/flexiv_ros2_ws/build/flexiv_description
[1.199s] Level 1:colcon.colcon_core.shell:create_environment_hook('flexiv_test_nodes', 'pythonpath_develop')
[1.199s] DEBUG:colcon.colcon_core.event_handler.log_command:Invoked command in '/home/casey/flexiv_ros2_ws/build/flexiv_test_nodes' returned '0': PYTHONPATH=/home/casey/flexiv_ros2_ws/build/flexiv_test_nodes/prefix_override:/home/casey/flexiv_ros2_ws/install/flexiv_test_nodes/lib/python3.10/site-packages:${PYTHONPATH} /usr/bin/python3 -W ignore:setup.py install is deprecated setup.py develop --editable --build-directory /home/casey/flexiv_ros2_ws/build/flexiv_test_nodes/build --no-deps symlink_data
[1.200s] INFO:colcon.colcon_core.shell:Creating environment hook '/home/casey/flexiv_ros2_ws/build/flexiv_test_nodes/share/flexiv_test_nodes/hook/pythonpath_develop.ps1'
[1.201s] INFO:colcon.colcon_core.shell:Creating environment descriptor '/home/casey/flexiv_ros2_ws/build/flexiv_test_nodes/share/flexiv_test_nodes/hook/pythonpath_develop.dsv'
[1.201s] INFO:colcon.colcon_core.shell:Creating environment hook '/home/casey/flexiv_ros2_ws/build/flexiv_test_nodes/share/flexiv_test_nodes/hook/pythonpath_develop.sh'
[1.204s] Level 1:colcon.colcon_core.environment:checking '/home/casey/flexiv_ros2_ws/install/flexiv_test_nodes' for CMake module files
[1.204s] Level 1:colcon.colcon_core.environment:checking '/home/casey/flexiv_ros2_ws/install/flexiv_test_nodes' for CMake config files
[1.205s] Level 1:colcon.colcon_core.environment:checking '/home/casey/flexiv_ros2_ws/install/flexiv_test_nodes/lib'
[1.205s] Level 1:colcon.colcon_core.environment:checking '/home/casey/flexiv_ros2_ws/install/flexiv_test_nodes/bin'
[1.205s] Level 1:colcon.colcon_core.environment:checking '/home/casey/flexiv_ros2_ws/install/flexiv_test_nodes/lib/pkgconfig/flexiv_test_nodes.pc'
[1.205s] Level 1:colcon.colcon_core.environment:checking '/home/casey/flexiv_ros2_ws/install/flexiv_test_nodes/lib/python3.10/site-packages'
[1.205s] Level 1:colcon.colcon_core.shell:create_environment_hook('flexiv_test_nodes', 'pythonpath')
[1.205s] INFO:colcon.colcon_core.shell:Creating environment hook '/home/casey/flexiv_ros2_ws/install/flexiv_test_nodes/share/flexiv_test_nodes/hook/pythonpath.ps1'
[1.206s] INFO:colcon.colcon_core.shell:Creating environment descriptor '/home/casey/flexiv_ros2_ws/install/flexiv_test_nodes/share/flexiv_test_nodes/hook/pythonpath.dsv'
[1.206s] INFO:colcon.colcon_core.shell:Creating environment hook '/home/casey/flexiv_ros2_ws/install/flexiv_test_nodes/share/flexiv_test_nodes/hook/pythonpath.sh'
[1.206s] Level 1:colcon.colcon_core.environment:checking '/home/casey/flexiv_ros2_ws/install/flexiv_test_nodes/bin'
[1.206s] Level 1:colcon.colcon_core.environment:create_environment_scripts_only(flexiv_test_nodes)
[1.207s] INFO:colcon.colcon_core.shell:Creating package script '/home/casey/flexiv_ros2_ws/install/flexiv_test_nodes/share/flexiv_test_nodes/package.ps1'
[1.207s] INFO:colcon.colcon_core.shell:Creating package descriptor '/home/casey/flexiv_ros2_ws/install/flexiv_test_nodes/share/flexiv_test_nodes/package.dsv'
[1.208s] INFO:colcon.colcon_core.shell:Creating package script '/home/casey/flexiv_ros2_ws/install/flexiv_test_nodes/share/flexiv_test_nodes/package.sh'
[1.208s] INFO:colcon.colcon_core.shell:Creating package script '/home/casey/flexiv_ros2_ws/install/flexiv_test_nodes/share/flexiv_test_nodes/package.bash'
[1.209s] INFO:colcon.colcon_core.shell:Creating package script '/home/casey/flexiv_ros2_ws/install/flexiv_test_nodes/share/flexiv_test_nodes/package.zsh'
[1.209s] Level 1:colcon.colcon_core.environment:create_file_with_runtime_dependencies(/home/casey/flexiv_ros2_ws/install/flexiv_test_nodes/share/colcon-core/packages/flexiv_test_nodes)
[1.838s] DEBUG:colcon.colcon_core.event_handler.log_command:Invoked command in '/home/casey/flexiv_ros2_ws/build/flexiv_msgs' returned '0': CMAKE_PREFIX_PATH=/opt/ros/humble /usr/bin/cmake /home/casey/flexiv_ros2_ws/src/flexiv_ros2/flexiv_msgs -DAMENT_CMAKE_SYMLINK_INSTALL=1 -DCMAKE_INSTALL_PREFIX=/home/casey/flexiv_ros2_ws/install/flexiv_msgs
[1.839s] DEBUG:colcon.colcon_core.event_handler.log_command:Invoking command in '/home/casey/flexiv_ros2_ws/build/flexiv_msgs': CMAKE_PREFIX_PATH=/opt/ros/humble /usr/bin/cmake --build /home/casey/flexiv_ros2_ws/build/flexiv_msgs -- -j16 -l16
[1.907s] DEBUG:colcon.colcon_core.event_handler.log_command:Invoked command in '/home/casey/flexiv_ros2_ws/build/flexiv_hardware' returned '0': CMAKE_PREFIX_PATH=/opt/ros/humble /usr/bin/cmake /home/casey/flexiv_ros2_ws/src/flexiv_ros2/flexiv_hardware -DAMENT_CMAKE_SYMLINK_INSTALL=1 -DCMAKE_INSTALL_PREFIX=/home/casey/flexiv_ros2_ws/install/flexiv_hardware
[1.908s] DEBUG:colcon.colcon_core.event_handler.log_command:Invoking command in '/home/casey/flexiv_ros2_ws/build/flexiv_hardware': CMAKE_PREFIX_PATH=/opt/ros/humble /usr/bin/cmake --build /home/casey/flexiv_ros2_ws/build/flexiv_hardware -- -j16 -l16
[2.037s] Level 1:colcon.colcon_core.environment:create_environment_scripts_only(flexiv_description)
[2.037s] Level 1:colcon.colcon_core.environment:checking '/home/casey/flexiv_ros2_ws/install/flexiv_description' for CMake module files
[2.038s] DEBUG:colcon.colcon_core.event_handler.log_command:Invoked command in '/home/casey/flexiv_ros2_ws/build/flexiv_description' returned '0': CMAKE_PREFIX_PATH=/opt/ros/humble /usr/bin/cmake --install /home/casey/flexiv_ros2_ws/build/flexiv_description
[2.038s] Level 1:colcon.colcon_core.environment:checking '/home/casey/flexiv_ros2_ws/install/flexiv_description' for CMake config files
[2.039s] Level 1:colcon.colcon_core.shell:create_environment_hook('flexiv_description', 'cmake_prefix_path')
[2.039s] INFO:colcon.colcon_core.shell:Creating environment hook '/home/casey/flexiv_ros2_ws/install/flexiv_description/share/flexiv_description/hook/cmake_prefix_path.ps1'
[2.040s] INFO:colcon.colcon_core.shell:Creating environment descriptor '/home/casey/flexiv_ros2_ws/install/flexiv_description/share/flexiv_description/hook/cmake_prefix_path.dsv'
[2.040s] INFO:colcon.colcon_core.shell:Creating environment hook '/home/casey/flexiv_ros2_ws/install/flexiv_description/share/flexiv_description/hook/cmake_prefix_path.sh'
[2.040s] Level 1:colcon.colcon_core.environment:checking '/home/casey/flexiv_ros2_ws/install/flexiv_description/bin'
[2.040s] Level 1:colcon.colcon_core.environment:checking '/home/casey/flexiv_ros2_ws/install/flexiv_description/lib/pkgconfig/flexiv_description.pc'
[2.041s] Level 1:colcon.colcon_core.environment:checking '/home/casey/flexiv_ros2_ws/install/flexiv_description/lib/python3.10/site-packages'
[2.041s] Level 1:colcon.colcon_core.environment:checking '/home/casey/flexiv_ros2_ws/install/flexiv_description/bin'
[2.041s] INFO:colcon.colcon_core.shell:Creating package script '/home/casey/flexiv_ros2_ws/install/flexiv_description/share/flexiv_description/package.ps1'
[2.041s] INFO:colcon.colcon_core.shell:Creating package descriptor '/home/casey/flexiv_ros2_ws/install/flexiv_description/share/flexiv_description/package.dsv'
[2.041s] INFO:colcon.colcon_core.shell:Creating package script '/home/casey/flexiv_ros2_ws/install/flexiv_description/share/flexiv_description/package.sh'
[2.042s] INFO:colcon.colcon_core.shell:Creating package script '/home/casey/flexiv_ros2_ws/install/flexiv_description/share/flexiv_description/package.bash'
[2.042s] INFO:colcon.colcon_core.shell:Creating package script '/home/casey/flexiv_ros2_ws/install/flexiv_description/share/flexiv_description/package.zsh'
[2.042s] Level 1:colcon.colcon_core.environment:create_file_with_runtime_dependencies(/home/casey/flexiv_ros2_ws/install/flexiv_description/share/colcon-core/packages/flexiv_description)
[2.070s] Level 1:colcon.colcon_core.environment:create_environment_scripts_only(flexiv_description)
[2.070s] Level 1:colcon.colcon_core.environment:checking '/home/casey/flexiv_ros2_ws/install/flexiv_description' for CMake module files
[2.071s] Level 1:colcon.colcon_core.environment:checking '/home/casey/flexiv_ros2_ws/install/flexiv_description' for CMake config files
[2.072s] Level 1:colcon.colcon_core.shell:create_environment_hook('flexiv_description', 'cmake_prefix_path')
[2.072s] INFO:colcon.colcon_core.shell:Creating environment hook '/home/casey/flexiv_ros2_ws/install/flexiv_description/share/flexiv_description/hook/cmake_prefix_path.ps1'
[2.072s] INFO:colcon.colcon_core.shell:Creating environment descriptor '/home/casey/flexiv_ros2_ws/install/flexiv_description/share/flexiv_description/hook/cmake_prefix_path.dsv'
[2.072s] INFO:colcon.colcon_core.shell:Creating environment hook '/home/casey/flexiv_ros2_ws/install/flexiv_description/share/flexiv_description/hook/cmake_prefix_path.sh'
[2.073s] Level 1:colcon.colcon_core.environment:checking '/home/casey/flexiv_ros2_ws/install/flexiv_description/bin'
[2.073s] Level 1:colcon.colcon_core.environment:checking '/home/casey/flexiv_ros2_ws/install/flexiv_description/lib/pkgconfig/flexiv_description.pc'
[2.073s] Level 1:colcon.colcon_core.environment:checking '/home/casey/flexiv_ros2_ws/install/flexiv_description/lib/python3.10/site-packages'
[2.073s] Level 1:colcon.colcon_core.environment:checking '/home/casey/flexiv_ros2_ws/install/flexiv_description/bin'
[2.073s] INFO:colcon.colcon_core.shell:Creating package script '/home/casey/flexiv_ros2_ws/install/flexiv_description/share/flexiv_description/package.ps1'
[2.074s] INFO:colcon.colcon_core.shell:Creating package descriptor '/home/casey/flexiv_ros2_ws/install/flexiv_description/share/flexiv_description/package.dsv'
[2.074s] INFO:colcon.colcon_core.shell:Creating package script '/home/casey/flexiv_ros2_ws/install/flexiv_description/share/flexiv_description/package.sh'
[2.074s] INFO:colcon.colcon_core.shell:Creating package script '/home/casey/flexiv_ros2_ws/install/flexiv_description/share/flexiv_description/package.bash'
[2.075s] INFO:colcon.colcon_core.shell:Creating package script '/home/casey/flexiv_ros2_ws/install/flexiv_description/share/flexiv_description/package.zsh'
[2.075s] Level 1:colcon.colcon_core.environment:create_file_with_runtime_dependencies(/home/casey/flexiv_ros2_ws/install/flexiv_description/share/colcon-core/packages/flexiv_description)
[2.075s] INFO:colcon.colcon_ros.task.ament_cmake.build:Building ROS package in '/home/casey/flexiv_ros2_ws/src/flexiv_ros2/flexiv_moveit_config' with build type 'ament_cmake'
[2.075s] INFO:colcon.colcon_cmake.task.cmake.build:Building CMake package in '/home/casey/flexiv_ros2_ws/src/flexiv_ros2/flexiv_moveit_config'
[2.076s] INFO:colcon.colcon_core.shell:Skip shell extension 'powershell' for command environment: Not usable outside of PowerShell
[2.076s] DEBUG:colcon.colcon_core.shell:Skip shell extension 'dsv' for command environment
[2.089s] DEBUG:colcon.colcon_core.event_handler.log_command:Invoking command in '/home/casey/flexiv_ros2_ws/build/flexiv_moveit_config': AMENT_PREFIX_PATH=/home/casey/flexiv_ros2_ws/install/flexiv_description:${AMENT_PREFIX_PATH} CMAKE_PREFIX_PATH=/home/casey/flexiv_ros2_ws/install/flexiv_description:/opt/ros/humble /usr/bin/cmake /home/casey/flexiv_ros2_ws/src/flexiv_ros2/flexiv_moveit_config -DAMENT_CMAKE_SYMLINK_INSTALL=1 -DCMAKE_INSTALL_PREFIX=/home/casey/flexiv_ros2_ws/install/flexiv_moveit_config
[2.706s] DEBUG:colcon.colcon_core.event_handler.log_command:Invoked command in '/home/casey/flexiv_ros2_ws/build/flexiv_moveit_config' returned '0': AMENT_PREFIX_PATH=/home/casey/flexiv_ros2_ws/install/flexiv_description:${AMENT_PREFIX_PATH} CMAKE_PREFIX_PATH=/home/casey/flexiv_ros2_ws/install/flexiv_description:/opt/ros/humble /usr/bin/cmake /home/casey/flexiv_ros2_ws/src/flexiv_ros2/flexiv_moveit_config -DAMENT_CMAKE_SYMLINK_INSTALL=1 -DCMAKE_INSTALL_PREFIX=/home/casey/flexiv_ros2_ws/install/flexiv_moveit_config
[2.707s] DEBUG:colcon.colcon_core.event_handler.log_command:Invoking command in '/home/casey/flexiv_ros2_ws/build/flexiv_moveit_config': AMENT_PREFIX_PATH=/home/casey/flexiv_ros2_ws/install/flexiv_description:${AMENT_PREFIX_PATH} CMAKE_PREFIX_PATH=/home/casey/flexiv_ros2_ws/install/flexiv_description:/opt/ros/humble /usr/bin/cmake --build /home/casey/flexiv_ros2_ws/build/flexiv_moveit_config -- -j16 -l16
[2.780s] DEBUG:colcon.colcon_core.event_handler.log_command:Invoked command in '/home/casey/flexiv_ros2_ws/build/flexiv_moveit_config' returned '0': AMENT_PREFIX_PATH=/home/casey/flexiv_ros2_ws/install/flexiv_description:${AMENT_PREFIX_PATH} CMAKE_PREFIX_PATH=/home/casey/flexiv_ros2_ws/install/flexiv_description:/opt/ros/humble /usr/bin/cmake --build /home/casey/flexiv_ros2_ws/build/flexiv_moveit_config -- -j16 -l16
[2.867s] DEBUG:colcon.colcon_core.event_handler.log_command:Invoking command in '/home/casey/flexiv_ros2_ws/build/flexiv_moveit_config': AMENT_PREFIX_PATH=/home/casey/flexiv_ros2_ws/install/flexiv_description:${AMENT_PREFIX_PATH} CMAKE_PREFIX_PATH=/home/casey/flexiv_ros2_ws/install/flexiv_description:/opt/ros/humble /usr/bin/cmake --install /home/casey/flexiv_ros2_ws/build/flexiv_moveit_config
[3.228s] Level 1:colcon.colcon_core.environment:create_environment_scripts_only(flexiv_moveit_config)
[3.228s] Level 1:colcon.colcon_core.environment:checking '/home/casey/flexiv_ros2_ws/install/flexiv_moveit_config' for CMake module files
[3.229s] Level 1:colcon.colcon_core.environment:checking '/home/casey/flexiv_ros2_ws/install/flexiv_moveit_config' for CMake config files
[3.229s] Level 1:colcon.colcon_core.shell:create_environment_hook('flexiv_moveit_config', 'cmake_prefix_path')
[3.230s] INFO:colcon.colcon_core.shell:Creating environment hook '/home/casey/flexiv_ros2_ws/install/flexiv_moveit_config/share/flexiv_moveit_config/hook/cmake_prefix_path.ps1'
[3.230s] INFO:colcon.colcon_core.shell:Creating environment descriptor '/home/casey/flexiv_ros2_ws/install/flexiv_moveit_config/share/flexiv_moveit_config/hook/cmake_prefix_path.dsv'
[3.230s] INFO:colcon.colcon_core.shell:Creating environment hook '/home/casey/flexiv_ros2_ws/install/flexiv_moveit_config/share/flexiv_moveit_config/hook/cmake_prefix_path.sh'
[3.231s] Level 1:colcon.colcon_core.environment:checking '/home/casey/flexiv_ros2_ws/install/flexiv_moveit_config/bin'
[3.231s] Level 1:colcon.colcon_core.environment:checking '/home/casey/flexiv_ros2_ws/install/flexiv_moveit_config/lib/pkgconfig/flexiv_moveit_config.pc'
[3.231s] Level 1:colcon.colcon_core.environment:checking '/home/casey/flexiv_ros2_ws/install/flexiv_moveit_config/lib/python3.10/site-packages'
[3.231s] Level 1:colcon.colcon_core.environment:checking '/home/casey/flexiv_ros2_ws/install/flexiv_moveit_config/bin'
[3.232s] INFO:colcon.colcon_core.shell:Creating package script '/home/casey/flexiv_ros2_ws/install/flexiv_moveit_config/share/flexiv_moveit_config/package.ps1'
[3.232s] INFO:colcon.colcon_core.shell:Creating package descriptor '/home/casey/flexiv_ros2_ws/install/flexiv_moveit_config/share/flexiv_moveit_config/package.dsv'
[3.233s] INFO:colcon.colcon_core.shell:Creating package script '/home/casey/flexiv_ros2_ws/install/flexiv_moveit_config/share/flexiv_moveit_config/package.sh'
[3.233s] INFO:colcon.colcon_core.shell:Creating package script '/home/casey/flexiv_ros2_ws/install/flexiv_moveit_config/share/flexiv_moveit_config/package.bash'
[3.234s] INFO:colcon.colcon_core.shell:Creating package script '/home/casey/flexiv_ros2_ws/install/flexiv_moveit_config/share/flexiv_moveit_config/package.zsh'
[3.234s] Level 1:colcon.colcon_core.environment:create_file_with_runtime_dependencies(/home/casey/flexiv_ros2_ws/install/flexiv_moveit_config/share/colcon-core/packages/flexiv_moveit_config)
[3.235s] DEBUG:colcon.colcon_core.event_handler.log_command:Invoked command in '/home/casey/flexiv_ros2_ws/build/flexiv_moveit_config' returned '0': AMENT_PREFIX_PATH=/home/casey/flexiv_ros2_ws/install/flexiv_description:${AMENT_PREFIX_PATH} CMAKE_PREFIX_PATH=/home/casey/flexiv_ros2_ws/install/flexiv_description:/opt/ros/humble /usr/bin/cmake --install /home/casey/flexiv_ros2_ws/build/flexiv_moveit_config
[3.262s] Level 1:colcon.colcon_core.environment:create_environment_scripts_only(flexiv_moveit_config)
[3.262s] Level 1:colcon.colcon_core.environment:checking '/home/casey/flexiv_ros2_ws/install/flexiv_moveit_config' for CMake module files
[3.263s] Level 1:colcon.colcon_core.environment:checking '/home/casey/flexiv_ros2_ws/install/flexiv_moveit_config' for CMake config files
[3.263s] Level 1:colcon.colcon_core.shell:create_environment_hook('flexiv_moveit_config', 'cmake_prefix_path')
[3.263s] INFO:colcon.colcon_core.shell:Creating environment hook '/home/casey/flexiv_ros2_ws/install/flexiv_moveit_config/share/flexiv_moveit_config/hook/cmake_prefix_path.ps1'
[3.264s] INFO:colcon.colcon_core.shell:Creating environment descriptor '/home/casey/flexiv_ros2_ws/install/flexiv_moveit_config/share/flexiv_moveit_config/hook/cmake_prefix_path.dsv'
[3.264s] INFO:colcon.colcon_core.shell:Creating environment hook '/home/casey/flexiv_ros2_ws/install/flexiv_moveit_config/share/flexiv_moveit_config/hook/cmake_prefix_path.sh'
[3.265s] Level 1:colcon.colcon_core.environment:checking '/home/casey/flexiv_ros2_ws/install/flexiv_moveit_config/bin'
[3.265s] Level 1:colcon.colcon_core.environment:checking '/home/casey/flexiv_ros2_ws/install/flexiv_moveit_config/lib/pkgconfig/flexiv_moveit_config.pc'
[3.265s] Level 1:colcon.colcon_core.environment:checking '/home/casey/flexiv_ros2_ws/install/flexiv_moveit_config/lib/python3.10/site-packages'
[3.265s] Level 1:colcon.colcon_core.environment:checking '/home/casey/flexiv_ros2_ws/install/flexiv_moveit_config/bin'
[3.266s] INFO:colcon.colcon_core.shell:Creating package script '/home/casey/flexiv_ros2_ws/install/flexiv_moveit_config/share/flexiv_moveit_config/package.ps1'
[3.266s] INFO:colcon.colcon_core.shell:Creating package descriptor '/home/casey/flexiv_ros2_ws/install/flexiv_moveit_config/share/flexiv_moveit_config/package.dsv'
[3.267s] INFO:colcon.colcon_core.shell:Creating package script '/home/casey/flexiv_ros2_ws/install/flexiv_moveit_config/share/flexiv_moveit_config/package.sh'
[3.267s] INFO:colcon.colcon_core.shell:Creating package script '/home/casey/flexiv_ros2_ws/install/flexiv_moveit_config/share/flexiv_moveit_config/package.bash'
[3.268s] INFO:colcon.colcon_core.shell:Creating package script '/home/casey/flexiv_ros2_ws/install/flexiv_moveit_config/share/flexiv_moveit_config/package.zsh'
[3.268s] Level 1:colcon.colcon_core.environment:create_file_with_runtime_dependencies(/home/casey/flexiv_ros2_ws/install/flexiv_moveit_config/share/colcon-core/packages/flexiv_moveit_config)
[4.268s] DEBUG:colcon.colcon_core.event_handler.log_command:Invoked command in '/home/casey/flexiv_ros2_ws/build/flexiv_msgs' returned '0': CMAKE_PREFIX_PATH=/opt/ros/humble /usr/bin/cmake --build /home/casey/flexiv_ros2_ws/build/flexiv_msgs -- -j16 -l16
[4.445s] DEBUG:colcon.colcon_core.event_handler.log_command:Invoking command in '/home/casey/flexiv_ros2_ws/build/flexiv_msgs': CMAKE_PREFIX_PATH=/opt/ros/humble /usr/bin/cmake --install /home/casey/flexiv_ros2_ws/build/flexiv_msgs
[5.468s] DEBUG:colcon.colcon_core.event_handler.log_command:Invoked command in '/home/casey/flexiv_ros2_ws/build/flexiv_hardware' returned '0': CMAKE_PREFIX_PATH=/opt/ros/humble /usr/bin/cmake --build /home/casey/flexiv_ros2_ws/build/flexiv_hardware -- -j16 -l16
[5.498s] DEBUG:colcon.colcon_core.event_handler.log_command:Invoking command in '/home/casey/flexiv_ros2_ws/build/flexiv_hardware': CMAKE_PREFIX_PATH=/opt/ros/humble /usr/bin/cmake --install /home/casey/flexiv_ros2_ws/build/flexiv_hardware
[5.515s] Level 1:colcon.colcon_core.environment:create_environment_scripts_only(flexiv_msgs)
[5.515s] Level 1:colcon.colcon_core.environment:checking '/home/casey/flexiv_ros2_ws/install/flexiv_msgs' for CMake module files
[5.516s] DEBUG:colcon.colcon_core.event_handler.log_command:Invoked command in '/home/casey/flexiv_ros2_ws/build/flexiv_msgs' returned '0': CMAKE_PREFIX_PATH=/opt/ros/humble /usr/bin/cmake --install /home/casey/flexiv_ros2_ws/build/flexiv_msgs
[5.516s] Level 1:colcon.colcon_core.environment:checking '/home/casey/flexiv_ros2_ws/install/flexiv_msgs' for CMake config files
[5.516s] Level 1:colcon.colcon_core.shell:create_environment_hook('flexiv_msgs', 'cmake_prefix_path')
[5.516s] INFO:colcon.colcon_core.shell:Creating environment hook '/home/casey/flexiv_ros2_ws/install/flexiv_msgs/share/flexiv_msgs/hook/cmake_prefix_path.ps1'
[5.517s] INFO:colcon.colcon_core.shell:Creating environment descriptor '/home/casey/flexiv_ros2_ws/install/flexiv_msgs/share/flexiv_msgs/hook/cmake_prefix_path.dsv'
[5.517s] INFO:colcon.colcon_core.shell:Creating environment hook '/home/casey/flexiv_ros2_ws/install/flexiv_msgs/share/flexiv_msgs/hook/cmake_prefix_path.sh'
[5.517s] Level 1:colcon.colcon_core.environment:checking '/home/casey/flexiv_ros2_ws/install/flexiv_msgs/lib'
[5.517s] Level 1:colcon.colcon_core.shell:create_environment_hook('flexiv_msgs', 'ld_library_path_lib')
[5.517s] INFO:colcon.colcon_core.shell:Creating environment hook '/home/casey/flexiv_ros2_ws/install/flexiv_msgs/share/flexiv_msgs/hook/ld_library_path_lib.ps1'
[5.518s] INFO:colcon.colcon_core.shell:Creating environment descriptor '/home/casey/flexiv_ros2_ws/install/flexiv_msgs/share/flexiv_msgs/hook/ld_library_path_lib.dsv'
[5.518s] INFO:colcon.colcon_core.shell:Creating environment hook '/home/casey/flexiv_ros2_ws/install/flexiv_msgs/share/flexiv_msgs/hook/ld_library_path_lib.sh'
[5.518s] Level 1:colcon.colcon_core.environment:checking '/home/casey/flexiv_ros2_ws/install/flexiv_msgs/bin'
[5.518s] Level 1:colcon.colcon_core.environment:checking '/home/casey/flexiv_ros2_ws/install/flexiv_msgs/lib/pkgconfig/flexiv_msgs.pc'
[5.518s] Level 1:colcon.colcon_core.environment:checking '/home/casey/flexiv_ros2_ws/install/flexiv_msgs/lib/python3.10/site-packages'
[5.518s] Level 1:colcon.colcon_core.environment:checking '/home/casey/flexiv_ros2_ws/install/flexiv_msgs/bin'
[5.518s] INFO:colcon.colcon_core.shell:Creating package script '/home/casey/flexiv_ros2_ws/install/flexiv_msgs/share/flexiv_msgs/package.ps1'
[5.519s] INFO:colcon.colcon_core.shell:Creating package descriptor '/home/casey/flexiv_ros2_ws/install/flexiv_msgs/share/flexiv_msgs/package.dsv'
[5.519s] INFO:colcon.colcon_core.shell:Creating package script '/home/casey/flexiv_ros2_ws/install/flexiv_msgs/share/flexiv_msgs/package.sh'
[5.519s] INFO:colcon.colcon_core.shell:Creating package script '/home/casey/flexiv_ros2_ws/install/flexiv_msgs/share/flexiv_msgs/package.bash'
[5.519s] INFO:colcon.colcon_core.shell:Creating package script '/home/casey/flexiv_ros2_ws/install/flexiv_msgs/share/flexiv_msgs/package.zsh'
[5.519s] Level 1:colcon.colcon_core.environment:create_file_with_runtime_dependencies(/home/casey/flexiv_ros2_ws/install/flexiv_msgs/share/colcon-core/packages/flexiv_msgs)
[5.679s] Level 1:colcon.colcon_core.environment:create_environment_scripts_only(flexiv_msgs)
[5.679s] Level 1:colcon.colcon_core.environment:checking '/home/casey/flexiv_ros2_ws/install/flexiv_msgs' for CMake module files
[5.680s] Level 1:colcon.colcon_core.environment:checking '/home/casey/flexiv_ros2_ws/install/flexiv_msgs' for CMake config files
[5.680s] Level 1:colcon.colcon_core.shell:create_environment_hook('flexiv_msgs', 'cmake_prefix_path')
[5.680s] INFO:colcon.colcon_core.shell:Creating environment hook '/home/casey/flexiv_ros2_ws/install/flexiv_msgs/share/flexiv_msgs/hook/cmake_prefix_path.ps1'
[5.681s] INFO:colcon.colcon_core.shell:Creating environment descriptor '/home/casey/flexiv_ros2_ws/install/flexiv_msgs/share/flexiv_msgs/hook/cmake_prefix_path.dsv'
[5.681s] INFO:colcon.colcon_core.shell:Creating environment hook '/home/casey/flexiv_ros2_ws/install/flexiv_msgs/share/flexiv_msgs/hook/cmake_prefix_path.sh'
[5.681s] Level 1:colcon.colcon_core.environment:checking '/home/casey/flexiv_ros2_ws/install/flexiv_msgs/lib'
[5.681s] Level 1:colcon.colcon_core.shell:create_environment_hook('flexiv_msgs', 'ld_library_path_lib')
[5.681s] INFO:colcon.colcon_core.shell:Creating environment hook '/home/casey/flexiv_ros2_ws/install/flexiv_msgs/share/flexiv_msgs/hook/ld_library_path_lib.ps1'
[5.681s] INFO:colcon.colcon_core.shell:Creating environment descriptor '/home/casey/flexiv_ros2_ws/install/flexiv_msgs/share/flexiv_msgs/hook/ld_library_path_lib.dsv'
[5.682s] INFO:colcon.colcon_core.shell:Creating environment hook '/home/casey/flexiv_ros2_ws/install/flexiv_msgs/share/flexiv_msgs/hook/ld_library_path_lib.sh'
[5.682s] Level 1:colcon.colcon_core.environment:checking '/home/casey/flexiv_ros2_ws/install/flexiv_msgs/bin'
[5.682s] Level 1:colcon.colcon_core.environment:checking '/home/casey/flexiv_ros2_ws/install/flexiv_msgs/lib/pkgconfig/flexiv_msgs.pc'
[5.682s] Level 1:colcon.colcon_core.environment:checking '/home/casey/flexiv_ros2_ws/install/flexiv_msgs/lib/python3.10/site-packages'
[5.682s] Level 1:colcon.colcon_core.environment:checking '/home/casey/flexiv_ros2_ws/install/flexiv_msgs/bin'
[5.682s] INFO:colcon.colcon_core.shell:Creating package script '/home/casey/flexiv_ros2_ws/install/flexiv_msgs/share/flexiv_msgs/package.ps1'
[5.683s] INFO:colcon.colcon_core.shell:Creating package descriptor '/home/casey/flexiv_ros2_ws/install/flexiv_msgs/share/flexiv_msgs/package.dsv'
[5.683s] INFO:colcon.colcon_core.shell:Creating package script '/home/casey/flexiv_ros2_ws/install/flexiv_msgs/share/flexiv_msgs/package.sh'
[5.683s] INFO:colcon.colcon_core.shell:Creating package script '/home/casey/flexiv_ros2_ws/install/flexiv_msgs/share/flexiv_msgs/package.bash'
[5.683s] INFO:colcon.colcon_core.shell:Creating package script '/home/casey/flexiv_ros2_ws/install/flexiv_msgs/share/flexiv_msgs/package.zsh'
[5.683s] Level 1:colcon.colcon_core.environment:create_file_with_runtime_dependencies(/home/casey/flexiv_ros2_ws/install/flexiv_msgs/share/colcon-core/packages/flexiv_msgs)
[5.684s] INFO:colcon.colcon_ros.task.ament_cmake.build:Building ROS package in '/home/casey/flexiv_ros2_ws/src/flexiv_ros2/flexiv_controllers' with build type 'ament_cmake'
[5.684s] INFO:colcon.colcon_cmake.task.cmake.build:Building CMake package in '/home/casey/flexiv_ros2_ws/src/flexiv_ros2/flexiv_controllers'
[5.684s] INFO:colcon.colcon_core.shell:Skip shell extension 'powershell' for command environment: Not usable outside of PowerShell
[5.684s] DEBUG:colcon.colcon_core.shell:Skip shell extension 'dsv' for command environment
[5.694s] DEBUG:colcon.colcon_core.event_handler.log_command:Invoking command in '/home/casey/flexiv_ros2_ws/build/flexiv_controllers': AMENT_PREFIX_PATH=/home/casey/flexiv_ros2_ws/install/flexiv_msgs:${AMENT_PREFIX_PATH} CMAKE_PREFIX_PATH=/home/casey/flexiv_ros2_ws/install/flexiv_msgs:/opt/ros/humble LD_LIBRARY_PATH=/home/casey/flexiv_ros2_ws/install/flexiv_msgs/lib:${LD_LIBRARY_PATH} PYTHONPATH=/home/casey/flexiv_ros2_ws/install/flexiv_msgs/local/lib/python3.10/dist-packages:${PYTHONPATH} /usr/bin/cmake /home/casey/flexiv_ros2_ws/src/flexiv_ros2/flexiv_controllers -DAMENT_CMAKE_SYMLINK_INSTALL=1 -DCMAKE_INSTALL_PREFIX=/home/casey/flexiv_ros2_ws/install/flexiv_controllers
[5.713s] Level 1:colcon.colcon_core.environment:create_environment_scripts_only(flexiv_hardware)
[5.713s] Level 1:colcon.colcon_core.environment:checking '/home/casey/flexiv_ros2_ws/install/flexiv_hardware' for CMake module files
[5.714s] DEBUG:colcon.colcon_core.event_handler.log_command:Invoked command in '/home/casey/flexiv_ros2_ws/build/flexiv_hardware' returned '0': CMAKE_PREFIX_PATH=/opt/ros/humble /usr/bin/cmake --install /home/casey/flexiv_ros2_ws/build/flexiv_hardware
[5.714s] Level 1:colcon.colcon_core.environment:checking '/home/casey/flexiv_ros2_ws/install/flexiv_hardware' for CMake config files
[5.714s] Level 1:colcon.colcon_core.shell:create_environment_hook('flexiv_hardware', 'cmake_prefix_path')
[5.714s] INFO:colcon.colcon_core.shell:Creating environment hook '/home/casey/flexiv_ros2_ws/install/flexiv_hardware/share/flexiv_hardware/hook/cmake_prefix_path.ps1'
[5.715s] INFO:colcon.colcon_core.shell:Creating environment descriptor '/home/casey/flexiv_ros2_ws/install/flexiv_hardware/share/flexiv_hardware/hook/cmake_prefix_path.dsv'
[5.715s] INFO:colcon.colcon_core.shell:Creating environment hook '/home/casey/flexiv_ros2_ws/install/flexiv_hardware/share/flexiv_hardware/hook/cmake_prefix_path.sh'
[5.715s] Level 1:colcon.colcon_core.environment:checking '/home/casey/flexiv_ros2_ws/install/flexiv_hardware/lib'
[5.715s] Level 1:colcon.colcon_core.shell:create_environment_hook('flexiv_hardware', 'ld_library_path_lib')
[5.715s] INFO:colcon.colcon_core.shell:Creating environment hook '/home/casey/flexiv_ros2_ws/install/flexiv_hardware/share/flexiv_hardware/hook/ld_library_path_lib.ps1'
[5.715s] INFO:colcon.colcon_core.shell:Creating environment descriptor '/home/casey/flexiv_ros2_ws/install/flexiv_hardware/share/flexiv_hardware/hook/ld_library_path_lib.dsv'
[5.716s] INFO:colcon.colcon_core.shell:Creating environment hook '/home/casey/flexiv_ros2_ws/install/flexiv_hardware/share/flexiv_hardware/hook/ld_library_path_lib.sh'
[5.716s] Level 1:colcon.colcon_core.environment:checking '/home/casey/flexiv_ros2_ws/install/flexiv_hardware/bin'
[5.716s] Level 1:colcon.colcon_core.environment:checking '/home/casey/flexiv_ros2_ws/install/flexiv_hardware/lib/pkgconfig/flexiv_hardware.pc'
[5.716s] Level 1:colcon.colcon_core.environment:checking '/home/casey/flexiv_ros2_ws/install/flexiv_hardware/lib/python3.10/site-packages'
[5.716s] Level 1:colcon.colcon_core.environment:checking '/home/casey/flexiv_ros2_ws/install/flexiv_hardware/bin'
[5.716s] INFO:colcon.colcon_core.shell:Creating package script '/home/casey/flexiv_ros2_ws/install/flexiv_hardware/share/flexiv_hardware/package.ps1'
[5.716s] INFO:colcon.colcon_core.shell:Creating package descriptor '/home/casey/flexiv_ros2_ws/install/flexiv_hardware/share/flexiv_hardware/package.dsv'
[5.717s] INFO:colcon.colcon_core.shell:Creating package script '/home/casey/flexiv_ros2_ws/install/flexiv_hardware/share/flexiv_hardware/package.sh'
[5.717s] INFO:colcon.colcon_core.shell:Creating package script '/home/casey/flexiv_ros2_ws/install/flexiv_hardware/share/flexiv_hardware/package.bash'
[5.717s] INFO:colcon.colcon_core.shell:Creating package script '/home/casey/flexiv_ros2_ws/install/flexiv_hardware/share/flexiv_hardware/package.zsh'
[5.717s] Level 1:colcon.colcon_core.environment:create_file_with_runtime_dependencies(/home/casey/flexiv_ros2_ws/install/flexiv_hardware/share/colcon-core/packages/flexiv_hardware)
[5.749s] Level 1:colcon.colcon_core.environment:create_environment_scripts_only(flexiv_hardware)
[5.750s] Level 1:colcon.colcon_core.environment:checking '/home/casey/flexiv_ros2_ws/install/flexiv_hardware' for CMake module files
[5.750s] Level 1:colcon.colcon_core.environment:checking '/home/casey/flexiv_ros2_ws/install/flexiv_hardware' for CMake config files
[5.750s] Level 1:colcon.colcon_core.shell:create_environment_hook('flexiv_hardware', 'cmake_prefix_path')
[5.750s] INFO:colcon.colcon_core.shell:Creating environment hook '/home/casey/flexiv_ros2_ws/install/flexiv_hardware/share/flexiv_hardware/hook/cmake_prefix_path.ps1'
[5.751s] INFO:colcon.colcon_core.shell:Creating environment descriptor '/home/casey/flexiv_ros2_ws/install/flexiv_hardware/share/flexiv_hardware/hook/cmake_prefix_path.dsv'
[5.751s] INFO:colcon.colcon_core.shell:Creating environment hook '/home/casey/flexiv_ros2_ws/install/flexiv_hardware/share/flexiv_hardware/hook/cmake_prefix_path.sh'
[5.751s] Level 1:colcon.colcon_core.environment:checking '/home/casey/flexiv_ros2_ws/install/flexiv_hardware/lib'
[5.751s] Level 1:colcon.colcon_core.shell:create_environment_hook('flexiv_hardware', 'ld_library_path_lib')
[5.751s] INFO:colcon.colcon_core.shell:Creating environment hook '/home/casey/flexiv_ros2_ws/install/flexiv_hardware/share/flexiv_hardware/hook/ld_library_path_lib.ps1'
[5.752s] INFO:colcon.colcon_core.shell:Creating environment descriptor '/home/casey/flexiv_ros2_ws/install/flexiv_hardware/share/flexiv_hardware/hook/ld_library_path_lib.dsv'
[5.752s] INFO:colcon.colcon_core.shell:Creating environment hook '/home/casey/flexiv_ros2_ws/install/flexiv_hardware/share/flexiv_hardware/hook/ld_library_path_lib.sh'
[5.752s] Level 1:colcon.colcon_core.environment:checking '/home/casey/flexiv_ros2_ws/install/flexiv_hardware/bin'
[5.752s] Level 1:colcon.colcon_core.environment:checking '/home/casey/flexiv_ros2_ws/install/flexiv_hardware/lib/pkgconfig/flexiv_hardware.pc'
[5.752s] Level 1:colcon.colcon_core.environment:checking '/home/casey/flexiv_ros2_ws/install/flexiv_hardware/lib/python3.10/site-packages'
[5.752s] Level 1:colcon.colcon_core.environment:checking '/home/casey/flexiv_ros2_ws/install/flexiv_hardware/bin'
[5.753s] INFO:colcon.colcon_core.shell:Creating package script '/home/casey/flexiv_ros2_ws/install/flexiv_hardware/share/flexiv_hardware/package.ps1'
[5.753s] INFO:colcon.colcon_core.shell:Creating package descriptor '/home/casey/flexiv_ros2_ws/install/flexiv_hardware/share/flexiv_hardware/package.dsv'
[5.753s] INFO:colcon.colcon_core.shell:Creating package script '/home/casey/flexiv_ros2_ws/install/flexiv_hardware/share/flexiv_hardware/package.sh'
[5.753s] INFO:colcon.colcon_core.shell:Creating package script '/home/casey/flexiv_ros2_ws/install/flexiv_hardware/share/flexiv_hardware/package.bash'
[5.754s] INFO:colcon.colcon_core.shell:Creating package script '/home/casey/flexiv_ros2_ws/install/flexiv_hardware/share/flexiv_hardware/package.zsh'
[5.754s] Level 1:colcon.colcon_core.environment:create_file_with_runtime_dependencies(/home/casey/flexiv_ros2_ws/install/flexiv_hardware/share/colcon-core/packages/flexiv_hardware)
[5.754s] INFO:colcon.colcon_ros.task.ament_cmake.build:Building ROS package in '/home/casey/flexiv_ros2_ws/src/flexiv_ros2/flexiv_bringup' with build type 'ament_cmake'
[5.754s] INFO:colcon.colcon_cmake.task.cmake.build:Building CMake package in '/home/casey/flexiv_ros2_ws/src/flexiv_ros2/flexiv_bringup'
[5.754s] INFO:colcon.colcon_core.shell:Skip shell extension 'powershell' for command environment: Not usable outside of PowerShell
[5.754s] DEBUG:colcon.colcon_core.shell:Skip shell extension 'dsv' for command environment
[5.766s] DEBUG:colcon.colcon_core.event_handler.log_command:Invoking command in '/home/casey/flexiv_ros2_ws/build/flexiv_bringup': AMENT_PREFIX_PATH=/home/casey/flexiv_ros2_ws/install/flexiv_test_nodes:/home/casey/flexiv_ros2_ws/install/flexiv_hardware:/home/casey/flexiv_ros2_ws/install/flexiv_description:${AMENT_PREFIX_PATH} CMAKE_PREFIX_PATH=/home/casey/flexiv_ros2_ws/install/flexiv_hardware:/home/casey/flexiv_ros2_ws/install/flexiv_description:/opt/ros/humble LD_LIBRARY_PATH=/home/casey/flexiv_ros2_ws/install/flexiv_hardware/lib:${LD_LIBRARY_PATH} PYTHONPATH=/home/casey/flexiv_ros2_ws/build/flexiv_test_nodes:/home/casey/flexiv_ros2_ws/install/flexiv_test_nodes/lib/python3.10/site-packages:${PYTHONPATH} /usr/bin/cmake /home/casey/flexiv_ros2_ws/src/flexiv_ros2/flexiv_bringup -DAMENT_CMAKE_SYMLINK_INSTALL=1 -DCMAKE_INSTALL_PREFIX=/home/casey/flexiv_ros2_ws/install/flexiv_bringup
[6.237s] DEBUG:colcon.colcon_core.event_handler.log_command:Invoked command in '/home/casey/flexiv_ros2_ws/build/flexiv_bringup' returned '0': AMENT_PREFIX_PATH=/home/casey/flexiv_ros2_ws/install/flexiv_test_nodes:/home/casey/flexiv_ros2_ws/install/flexiv_hardware:/home/casey/flexiv_ros2_ws/install/flexiv_description:${AMENT_PREFIX_PATH} CMAKE_PREFIX_PATH=/home/casey/flexiv_ros2_ws/install/flexiv_hardware:/home/casey/flexiv_ros2_ws/install/flexiv_description:/opt/ros/humble LD_LIBRARY_PATH=/home/casey/flexiv_ros2_ws/install/flexiv_hardware/lib:${LD_LIBRARY_PATH} PYTHONPATH=/home/casey/flexiv_ros2_ws/build/flexiv_test_nodes:/home/casey/flexiv_ros2_ws/install/flexiv_test_nodes/lib/python3.10/site-packages:${PYTHONPATH} /usr/bin/cmake /home/casey/flexiv_ros2_ws/src/flexiv_ros2/flexiv_bringup -DAMENT_CMAKE_SYMLINK_INSTALL=1 -DCMAKE_INSTALL_PREFIX=/home/casey/flexiv_ros2_ws/install/flexiv_bringup
[6.238s] DEBUG:colcon.colcon_core.event_handler.log_command:Invoking command in '/home/casey/flexiv_ros2_ws/build/flexiv_bringup': AMENT_PREFIX_PATH=/home/casey/flexiv_ros2_ws/install/flexiv_test_nodes:/home/casey/flexiv_ros2_ws/install/flexiv_hardware:/home/casey/flexiv_ros2_ws/install/flexiv_description:${AMENT_PREFIX_PATH} CMAKE_PREFIX_PATH=/home/casey/flexiv_ros2_ws/install/flexiv_hardware:/home/casey/flexiv_ros2_ws/install/flexiv_description:/opt/ros/humble LD_LIBRARY_PATH=/home/casey/flexiv_ros2_ws/install/flexiv_hardware/lib:${LD_LIBRARY_PATH} PYTHONPATH=/home/casey/flexiv_ros2_ws/build/flexiv_test_nodes:/home/casey/flexiv_ros2_ws/install/flexiv_test_nodes/lib/python3.10/site-packages:${PYTHONPATH} /usr/bin/cmake --build /home/casey/flexiv_ros2_ws/build/flexiv_bringup -- -j16 -l16
[6.275s] DEBUG:colcon.colcon_core.event_handler.log_command:Invoked command in '/home/casey/flexiv_ros2_ws/build/flexiv_bringup' returned '0': AMENT_PREFIX_PATH=/home/casey/flexiv_ros2_ws/install/flexiv_test_nodes:/home/casey/flexiv_ros2_ws/install/flexiv_hardware:/home/casey/flexiv_ros2_ws/install/flexiv_description:${AMENT_PREFIX_PATH} CMAKE_PREFIX_PATH=/home/casey/flexiv_ros2_ws/install/flexiv_hardware:/home/casey/flexiv_ros2_ws/install/flexiv_description:/opt/ros/humble LD_LIBRARY_PATH=/home/casey/flexiv_ros2_ws/install/flexiv_hardware/lib:${LD_LIBRARY_PATH} PYTHONPATH=/home/casey/flexiv_ros2_ws/build/flexiv_test_nodes:/home/casey/flexiv_ros2_ws/install/flexiv_test_nodes/lib/python3.10/site-packages:${PYTHONPATH} /usr/bin/cmake --build /home/casey/flexiv_ros2_ws/build/flexiv_bringup -- -j16 -l16
[6.300s] DEBUG:colcon.colcon_core.event_handler.log_command:Invoking command in '/home/casey/flexiv_ros2_ws/build/flexiv_bringup': AMENT_PREFIX_PATH=/home/casey/flexiv_ros2_ws/install/flexiv_test_nodes:/home/casey/flexiv_ros2_ws/install/flexiv_hardware:/home/casey/flexiv_ros2_ws/install/flexiv_description:${AMENT_PREFIX_PATH} CMAKE_PREFIX_PATH=/home/casey/flexiv_ros2_ws/install/flexiv_hardware:/home/casey/flexiv_ros2_ws/install/flexiv_description:/opt/ros/humble LD_LIBRARY_PATH=/home/casey/flexiv_ros2_ws/install/flexiv_hardware/lib:${LD_LIBRARY_PATH} PYTHONPATH=/home/casey/flexiv_ros2_ws/build/flexiv_test_nodes:/home/casey/flexiv_ros2_ws/install/flexiv_test_nodes/lib/python3.10/site-packages:${PYTHONPATH} /usr/bin/cmake --install /home/casey/flexiv_ros2_ws/build/flexiv_bringup
[6.514s] Level 1:colcon.colcon_core.environment:create_environment_scripts_only(flexiv_bringup)
[6.515s] Level 1:colcon.colcon_core.environment:checking '/home/casey/flexiv_ros2_ws/install/flexiv_bringup' for CMake module files
[6.515s] DEBUG:colcon.colcon_core.event_handler.log_command:Invoked command in '/home/casey/flexiv_ros2_ws/build/flexiv_bringup' returned '0': AMENT_PREFIX_PATH=/home/casey/flexiv_ros2_ws/install/flexiv_test_nodes:/home/casey/flexiv_ros2_ws/install/flexiv_hardware:/home/casey/flexiv_ros2_ws/install/flexiv_description:${AMENT_PREFIX_PATH} CMAKE_PREFIX_PATH=/home/casey/flexiv_ros2_ws/install/flexiv_hardware:/home/casey/flexiv_ros2_ws/install/flexiv_description:/opt/ros/humble LD_LIBRARY_PATH=/home/casey/flexiv_ros2_ws/install/flexiv_hardware/lib:${LD_LIBRARY_PATH} PYTHONPATH=/home/casey/flexiv_ros2_ws/build/flexiv_test_nodes:/home/casey/flexiv_ros2_ws/install/flexiv_test_nodes/lib/python3.10/site-packages:${PYTHONPATH} /usr/bin/cmake --install /home/casey/flexiv_ros2_ws/build/flexiv_bringup
[6.515s] Level 1:colcon.colcon_core.environment:checking '/home/casey/flexiv_ros2_ws/install/flexiv_bringup' for CMake config files
[6.516s] Level 1:colcon.colcon_core.shell:create_environment_hook('flexiv_bringup', 'cmake_prefix_path')
[6.516s] INFO:colcon.colcon_core.shell:Creating environment hook '/home/casey/flexiv_ros2_ws/install/flexiv_bringup/share/flexiv_bringup/hook/cmake_prefix_path.ps1'
[6.516s] INFO:colcon.colcon_core.shell:Creating environment descriptor '/home/casey/flexiv_ros2_ws/install/flexiv_bringup/share/flexiv_bringup/hook/cmake_prefix_path.dsv'
[6.516s] INFO:colcon.colcon_core.shell:Creating environment hook '/home/casey/flexiv_ros2_ws/install/flexiv_bringup/share/flexiv_bringup/hook/cmake_prefix_path.sh'
[6.517s] Level 1:colcon.colcon_core.environment:checking '/home/casey/flexiv_ros2_ws/install/flexiv_bringup/bin'
[6.517s] Level 1:colcon.colcon_core.environment:checking '/home/casey/flexiv_ros2_ws/install/flexiv_bringup/lib/pkgconfig/flexiv_bringup.pc'
[6.517s] Level 1:colcon.colcon_core.environment:checking '/home/casey/flexiv_ros2_ws/install/flexiv_bringup/lib/python3.10/site-packages'
[6.517s] Level 1:colcon.colcon_core.environment:checking '/home/casey/flexiv_ros2_ws/install/flexiv_bringup/bin'
[6.517s] INFO:colcon.colcon_core.shell:Creating package script '/home/casey/flexiv_ros2_ws/install/flexiv_bringup/share/flexiv_bringup/package.ps1'
[6.517s] INFO:colcon.colcon_core.shell:Creating package descriptor '/home/casey/flexiv_ros2_ws/install/flexiv_bringup/share/flexiv_bringup/package.dsv'
[6.517s] INFO:colcon.colcon_core.shell:Creating package script '/home/casey/flexiv_ros2_ws/install/flexiv_bringup/share/flexiv_bringup/package.sh'
[6.518s] INFO:colcon.colcon_core.shell:Creating package script '/home/casey/flexiv_ros2_ws/install/flexiv_bringup/share/flexiv_bringup/package.bash'
[6.518s] INFO:colcon.colcon_core.shell:Creating package script '/home/casey/flexiv_ros2_ws/install/flexiv_bringup/share/flexiv_bringup/package.zsh'
[6.518s] Level 1:colcon.colcon_core.environment:create_file_with_runtime_dependencies(/home/casey/flexiv_ros2_ws/install/flexiv_bringup/share/colcon-core/packages/flexiv_bringup)
[6.542s] Level 1:colcon.colcon_core.environment:create_environment_scripts_only(flexiv_bringup)
[6.542s] Level 1:colcon.colcon_core.environment:checking '/home/casey/flexiv_ros2_ws/install/flexiv_bringup' for CMake module files
[6.543s] Level 1:colcon.colcon_core.environment:checking '/home/casey/flexiv_ros2_ws/install/flexiv_bringup' for CMake config files
[6.543s] Level 1:colcon.colcon_core.shell:create_environment_hook('flexiv_bringup', 'cmake_prefix_path')
[6.543s] INFO:colcon.colcon_core.shell:Creating environment hook '/home/casey/flexiv_ros2_ws/install/flexiv_bringup/share/flexiv_bringup/hook/cmake_prefix_path.ps1'
[6.544s] INFO:colcon.colcon_core.shell:Creating environment descriptor '/home/casey/flexiv_ros2_ws/install/flexiv_bringup/share/flexiv_bringup/hook/cmake_prefix_path.dsv'
[6.544s] INFO:colcon.colcon_core.shell:Creating environment hook '/home/casey/flexiv_ros2_ws/install/flexiv_bringup/share/flexiv_bringup/hook/cmake_prefix_path.sh'
[6.544s] Level 1:colcon.colcon_core.environment:checking '/home/casey/flexiv_ros2_ws/install/flexiv_bringup/bin'
[6.544s] Level 1:colcon.colcon_core.environment:checking '/home/casey/flexiv_ros2_ws/install/flexiv_bringup/lib/pkgconfig/flexiv_bringup.pc'
[6.544s] Level 1:colcon.colcon_core.environment:checking '/home/casey/flexiv_ros2_ws/install/flexiv_bringup/lib/python3.10/site-packages'
[6.544s] Level 1:colcon.colcon_core.environment:checking '/home/casey/flexiv_ros2_ws/install/flexiv_bringup/bin'
[6.545s] INFO:colcon.colcon_core.shell:Creating package script '/home/casey/flexiv_ros2_ws/install/flexiv_bringup/share/flexiv_bringup/package.ps1'
[6.545s] INFO:colcon.colcon_core.shell:Creating package descriptor '/home/casey/flexiv_ros2_ws/install/flexiv_bringup/share/flexiv_bringup/package.dsv'
[6.545s] INFO:colcon.colcon_core.shell:Creating package script '/home/casey/flexiv_ros2_ws/install/flexiv_bringup/share/flexiv_bringup/package.sh'
[6.545s] INFO:colcon.colcon_core.shell:Creating package script '/home/casey/flexiv_ros2_ws/install/flexiv_bringup/share/flexiv_bringup/package.bash'
[6.546s] INFO:colcon.colcon_core.shell:Creating package script '/home/casey/flexiv_ros2_ws/install/flexiv_bringup/share/flexiv_bringup/package.zsh'
[6.546s] Level 1:colcon.colcon_core.environment:create_file_with_runtime_dependencies(/home/casey/flexiv_ros2_ws/install/flexiv_bringup/share/colcon-core/packages/flexiv_bringup)
[7.341s] DEBUG:colcon.colcon_core.event_handler.log_command:Invoked command in '/home/casey/flexiv_ros2_ws/build/flexiv_controllers' returned '0': AMENT_PREFIX_PATH=/home/casey/flexiv_ros2_ws/install/flexiv_msgs:${AMENT_PREFIX_PATH} CMAKE_PREFIX_PATH=/home/casey/flexiv_ros2_ws/install/flexiv_msgs:/opt/ros/humble LD_LIBRARY_PATH=/home/casey/flexiv_ros2_ws/install/flexiv_msgs/lib:${LD_LIBRARY_PATH} PYTHONPATH=/home/casey/flexiv_ros2_ws/install/flexiv_msgs/local/lib/python3.10/dist-packages:${PYTHONPATH} /usr/bin/cmake /home/casey/flexiv_ros2_ws/src/flexiv_ros2/flexiv_controllers -DAMENT_CMAKE_SYMLINK_INSTALL=1 -DCMAKE_INSTALL_PREFIX=/home/casey/flexiv_ros2_ws/install/flexiv_controllers
[7.342s] DEBUG:colcon.colcon_core.event_handler.log_command:Invoking command in '/home/casey/flexiv_ros2_ws/build/flexiv_controllers': AMENT_PREFIX_PATH=/home/casey/flexiv_ros2_ws/install/flexiv_msgs:${AMENT_PREFIX_PATH} CMAKE_PREFIX_PATH=/home/casey/flexiv_ros2_ws/install/flexiv_msgs:/opt/ros/humble LD_LIBRARY_PATH=/home/casey/flexiv_ros2_ws/install/flexiv_msgs/lib:${LD_LIBRARY_PATH} PYTHONPATH=/home/casey/flexiv_ros2_ws/install/flexiv_msgs/local/lib/python3.10/dist-packages:${PYTHONPATH} /usr/bin/cmake --build /home/casey/flexiv_ros2_ws/build/flexiv_controllers -- -j16 -l16
[14.237s] DEBUG:colcon.colcon_core.event_handler.log_command:Invoked command in '/home/casey/flexiv_ros2_ws/build/flexiv_controllers' returned '0': AMENT_PREFIX_PATH=/home/casey/flexiv_ros2_ws/install/flexiv_msgs:${AMENT_PREFIX_PATH} CMAKE_PREFIX_PATH=/home/casey/flexiv_ros2_ws/install/flexiv_msgs:/opt/ros/humble LD_LIBRARY_PATH=/home/casey/flexiv_ros2_ws/install/flexiv_msgs/lib:${LD_LIBRARY_PATH} PYTHONPATH=/home/casey/flexiv_ros2_ws/install/flexiv_msgs/local/lib/python3.10/dist-packages:${PYTHONPATH} /usr/bin/cmake --build /home/casey/flexiv_ros2_ws/build/flexiv_controllers -- -j16 -l16
[14.280s] DEBUG:colcon.colcon_core.event_handler.log_command:Invoking command in '/home/casey/flexiv_ros2_ws/build/flexiv_controllers': AMENT_PREFIX_PATH=/home/casey/flexiv_ros2_ws/install/flexiv_msgs:${AMENT_PREFIX_PATH} CMAKE_PREFIX_PATH=/home/casey/flexiv_ros2_ws/install/flexiv_msgs:/opt/ros/humble LD_LIBRARY_PATH=/home/casey/flexiv_ros2_ws/install/flexiv_msgs/lib:${LD_LIBRARY_PATH} PYTHONPATH=/home/casey/flexiv_ros2_ws/install/flexiv_msgs/local/lib/python3.10/dist-packages:${PYTHONPATH} /usr/bin/cmake --install /home/casey/flexiv_ros2_ws/build/flexiv_controllers
[14.509s] Level 1:colcon.colcon_core.environment:create_environment_scripts_only(flexiv_controllers)
[14.509s] Level 1:colcon.colcon_core.environment:checking '/home/casey/flexiv_ros2_ws/install/flexiv_controllers' for CMake module files
[14.510s] DEBUG:colcon.colcon_core.event_handler.log_command:Invoked command in '/home/casey/flexiv_ros2_ws/build/flexiv_controllers' returned '0': AMENT_PREFIX_PATH=/home/casey/flexiv_ros2_ws/install/flexiv_msgs:${AMENT_PREFIX_PATH} CMAKE_PREFIX_PATH=/home/casey/flexiv_ros2_ws/install/flexiv_msgs:/opt/ros/humble LD_LIBRARY_PATH=/home/casey/flexiv_ros2_ws/install/flexiv_msgs/lib:${LD_LIBRARY_PATH} PYTHONPATH=/home/casey/flexiv_ros2_ws/install/flexiv_msgs/local/lib/python3.10/dist-packages:${PYTHONPATH} /usr/bin/cmake --install /home/casey/flexiv_ros2_ws/build/flexiv_controllers
[14.510s] Level 1:colcon.colcon_core.environment:checking '/home/casey/flexiv_ros2_ws/install/flexiv_controllers' for CMake config files
[14.510s] Level 1:colcon.colcon_core.shell:create_environment_hook('flexiv_controllers', 'cmake_prefix_path')
[14.510s] INFO:colcon.colcon_core.shell:Creating environment hook '/home/casey/flexiv_ros2_ws/install/flexiv_controllers/share/flexiv_controllers/hook/cmake_prefix_path.ps1'
[14.511s] INFO:colcon.colcon_core.shell:Creating environment descriptor '/home/casey/flexiv_ros2_ws/install/flexiv_controllers/share/flexiv_controllers/hook/cmake_prefix_path.dsv'
[14.511s] INFO:colcon.colcon_core.shell:Creating environment hook '/home/casey/flexiv_ros2_ws/install/flexiv_controllers/share/flexiv_controllers/hook/cmake_prefix_path.sh'
[14.511s] Level 1:colcon.colcon_core.environment:checking '/home/casey/flexiv_ros2_ws/install/flexiv_controllers/lib'
[14.511s] Level 1:colcon.colcon_core.shell:create_environment_hook('flexiv_controllers', 'ld_library_path_lib')
[14.511s] INFO:colcon.colcon_core.shell:Creating environment hook '/home/casey/flexiv_ros2_ws/install/flexiv_controllers/share/flexiv_controllers/hook/ld_library_path_lib.ps1'
[14.511s] INFO:colcon.colcon_core.shell:Creating environment descriptor '/home/casey/flexiv_ros2_ws/install/flexiv_controllers/share/flexiv_controllers/hook/ld_library_path_lib.dsv'
[14.512s] INFO:colcon.colcon_core.shell:Creating environment hook '/home/casey/flexiv_ros2_ws/install/flexiv_controllers/share/flexiv_controllers/hook/ld_library_path_lib.sh'
[14.512s] Level 1:colcon.colcon_core.environment:checking '/home/casey/flexiv_ros2_ws/install/flexiv_controllers/bin'
[14.512s] Level 1:colcon.colcon_core.environment:checking '/home/casey/flexiv_ros2_ws/install/flexiv_controllers/lib/pkgconfig/flexiv_controllers.pc'
[14.512s] Level 1:colcon.colcon_core.environment:checking '/home/casey/flexiv_ros2_ws/install/flexiv_controllers/lib/python3.10/site-packages'
[14.512s] Level 1:colcon.colcon_core.environment:checking '/home/casey/flexiv_ros2_ws/install/flexiv_controllers/bin'
[14.512s] INFO:colcon.colcon_core.shell:Creating package script '/home/casey/flexiv_ros2_ws/install/flexiv_controllers/share/flexiv_controllers/package.ps1'
[14.512s] INFO:colcon.colcon_core.shell:Creating package descriptor '/home/casey/flexiv_ros2_ws/install/flexiv_controllers/share/flexiv_controllers/package.dsv'
[14.513s] INFO:colcon.colcon_core.shell:Creating package script '/home/casey/flexiv_ros2_ws/install/flexiv_controllers/share/flexiv_controllers/package.sh'
[14.513s] INFO:colcon.colcon_core.shell:Creating package script '/home/casey/flexiv_ros2_ws/install/flexiv_controllers/share/flexiv_controllers/package.bash'
[14.513s] INFO:colcon.colcon_core.shell:Creating package script '/home/casey/flexiv_ros2_ws/install/flexiv_controllers/share/flexiv_controllers/package.zsh'
[14.513s] Level 1:colcon.colcon_core.environment:create_file_with_runtime_dependencies(/home/casey/flexiv_ros2_ws/install/flexiv_controllers/share/colcon-core/packages/flexiv_controllers)
[14.560s] Level 1:colcon.colcon_core.environment:create_environment_scripts_only(flexiv_controllers)
[14.560s] Level 1:colcon.colcon_core.environment:checking '/home/casey/flexiv_ros2_ws/install/flexiv_controllers' for CMake module files
[14.561s] Level 1:colcon.colcon_core.environment:checking '/home/casey/flexiv_ros2_ws/install/flexiv_controllers' for CMake config files
[14.561s] Level 1:colcon.colcon_core.shell:create_environment_hook('flexiv_controllers', 'cmake_prefix_path')
[14.561s] INFO:colcon.colcon_core.shell:Creating environment hook '/home/casey/flexiv_ros2_ws/install/flexiv_controllers/share/flexiv_controllers/hook/cmake_prefix_path.ps1'
[14.561s] INFO:colcon.colcon_core.shell:Creating environment descriptor '/home/casey/flexiv_ros2_ws/install/flexiv_controllers/share/flexiv_controllers/hook/cmake_prefix_path.dsv'
[14.561s] INFO:colcon.colcon_core.shell:Creating environment hook '/home/casey/flexiv_ros2_ws/install/flexiv_controllers/share/flexiv_controllers/hook/cmake_prefix_path.sh'
[14.562s] Level 1:colcon.colcon_core.environment:checking '/home/casey/flexiv_ros2_ws/install/flexiv_controllers/lib'
[14.562s] Level 1:colcon.colcon_core.shell:create_environment_hook('flexiv_controllers', 'ld_library_path_lib')
[14.562s] INFO:colcon.colcon_core.shell:Creating environment hook '/home/casey/flexiv_ros2_ws/install/flexiv_controllers/share/flexiv_controllers/hook/ld_library_path_lib.ps1'
[14.562s] INFO:colcon.colcon_core.shell:Creating environment descriptor '/home/casey/flexiv_ros2_ws/install/flexiv_controllers/share/flexiv_controllers/hook/ld_library_path_lib.dsv'
[14.562s] INFO:colcon.colcon_core.shell:Creating environment hook '/home/casey/flexiv_ros2_ws/install/flexiv_controllers/share/flexiv_controllers/hook/ld_library_path_lib.sh'
[14.562s] Level 1:colcon.colcon_core.environment:checking '/home/casey/flexiv_ros2_ws/install/flexiv_controllers/bin'
[14.562s] Level 1:colcon.colcon_core.environment:checking '/home/casey/flexiv_ros2_ws/install/flexiv_controllers/lib/pkgconfig/flexiv_controllers.pc'
[14.562s] Level 1:colcon.colcon_core.environment:checking '/home/casey/flexiv_ros2_ws/install/flexiv_controllers/lib/python3.10/site-packages'
[14.563s] Level 1:colcon.colcon_core.environment:checking '/home/casey/flexiv_ros2_ws/install/flexiv_controllers/bin'
[14.563s] INFO:colcon.colcon_core.shell:Creating package script '/home/casey/flexiv_ros2_ws/install/flexiv_controllers/share/flexiv_controllers/package.ps1'
[14.563s] INFO:colcon.colcon_core.shell:Creating package descriptor '/home/casey/flexiv_ros2_ws/install/flexiv_controllers/share/flexiv_controllers/package.dsv'
[14.563s] INFO:colcon.colcon_core.shell:Creating package script '/home/casey/flexiv_ros2_ws/install/flexiv_controllers/share/flexiv_controllers/package.sh'
[14.563s] INFO:colcon.colcon_core.shell:Creating package script '/home/casey/flexiv_ros2_ws/install/flexiv_controllers/share/flexiv_controllers/package.bash'
[14.564s] INFO:colcon.colcon_core.shell:Creating package script '/home/casey/flexiv_ros2_ws/install/flexiv_controllers/share/flexiv_controllers/package.zsh'
[14.564s] Level 1:colcon.colcon_core.environment:create_file_with_runtime_dependencies(/home/casey/flexiv_ros2_ws/install/flexiv_controllers/share/colcon-core/packages/flexiv_controllers)
[14.564s] DEBUG:colcon.colcon_parallel_executor.executor.parallel:closing loop
[14.564s] DEBUG:colcon.colcon_parallel_executor.executor.parallel:loop closed
[14.564s] DEBUG:colcon.colcon_parallel_executor.executor.parallel:run_until_complete finished with '0'
[14.564s] DEBUG:colcon.colcon_core.event_reactor:joining thread
[14.573s] INFO:colcon.colcon_core.plugin_system:Skipping extension 'colcon_notification.desktop_notification.terminal_notifier': Not used on non-Darwin systems
[14.573s] INFO:colcon.colcon_core.plugin_system:Skipping extension 'colcon_notification.desktop_notification.win32': Not used on non-Windows systems
[14.573s] INFO:colcon.colcon_notification.desktop_notification:Sending desktop notification using 'notify2'
[14.587s] DEBUG:colcon.colcon_core.event_reactor:joined thread
[14.588s] INFO:colcon.colcon_core.shell:Creating prefix script '/home/casey/flexiv_ros2_ws/install/local_setup.ps1'
[14.589s] INFO:colcon.colcon_core.shell:Creating prefix util module '/home/casey/flexiv_ros2_ws/install/_local_setup_util_ps1.py'
[14.589s] INFO:colcon.colcon_core.shell:Creating prefix chain script '/home/casey/flexiv_ros2_ws/install/setup.ps1'
[14.590s] INFO:colcon.colcon_core.shell:Creating prefix script '/home/casey/flexiv_ros2_ws/install/local_setup.sh'
[14.591s] INFO:colcon.colcon_core.shell:Creating prefix util module '/home/casey/flexiv_ros2_ws/install/_local_setup_util_sh.py'
[14.591s] INFO:colcon.colcon_core.shell:Creating prefix chain script '/home/casey/flexiv_ros2_ws/install/setup.sh'
[14.591s] INFO:colcon.colcon_core.shell:Creating prefix script '/home/casey/flexiv_ros2_ws/install/local_setup.bash'
[14.592s] INFO:colcon.colcon_core.shell:Creating prefix chain script '/home/casey/flexiv_ros2_ws/install/setup.bash'
[14.592s] INFO:colcon.colcon_core.shell:Creating prefix script '/home/casey/flexiv_ros2_ws/install/local_setup.zsh'
[14.592s] INFO:colcon.colcon_core.shell:Creating prefix chain script '/home/casey/flexiv_ros2_ws/install/setup.zsh'
