[0.199s] Invoking command in '/home/casey/flexiv_ros2_ws/build/flexiv_gazebo': CMAKE_PREFIX_PATH=${CMAKE_PREFIX_PATH}:/home/casey/flexiv_ros2_ws/install/flexiv_test_nodes:/opt/ros/humble /usr/bin/cmake /home/casey/flexiv_ros2_ws/src/flexiv_ros2/flexiv_gazebo -DCMAKE_INSTALL_PREFIX=/home/casey/flexiv_ros2_ws/install/flexiv_gazebo
[0.209s] -- Found ament_cmake: 1.3.9 (/opt/ros/humble/share/ament_cmake/cmake)
[0.311s] -- Found controller_manager: 2.41.0 (/opt/ros/humble/share/controller_manager/cmake)
[0.338s] -- Found rosidl_generator_c: 3.1.5 (/opt/ros/humble/share/rosidl_generator_c/cmake)
[0.338s] -- Found rosidl_adapter: 3.1.5 (/opt/ros/humble/share/rosidl_adapter/cmake)
[0.343s] -- Found rosidl_generator_cpp: 3.1.5 (/opt/ros/humble/share/rosidl_generator_cpp/cmake)
[0.350s] -- Using all available rosidl_typesupport_c: rosidl_typesupport_fastrtps_c;rosidl_typesupport_introspection_c
[0.360s] -- Using all available rosidl_typesupport_cpp: rosidl_typesupport_fastrtps_cpp;rosidl_typesupport_introspection_cpp
[0.768s] -- Found rmw_implementation_cmake: 6.1.2 (/opt/ros/humble/share/rmw_implementation_cmake/cmake)
[0.769s] -- Found rmw_fastrtps_cpp: 6.2.6 (/opt/ros/humble/share/rmw_fastrtps_cpp/cmake)
[0.786s] -- Found TinyXML2 via Config file: TinyXML2_DIR-NOTFOUND
[0.794s] -- Found TinyXML2 via Config file: TinyXML2_DIR-NOTFOUND
[0.810s] -- Found TinyXML2 via Config file: TinyXML2_DIR-NOTFOUND
[0.821s] -- Found TinyXML2 via Config file: TinyXML2_DIR-NOTFOUND
[0.834s] -- Using RMW implementation 'rmw_fastrtps_cpp' as default
[1.222s] -- Found gazebo_ros: 3.7.0 (/opt/ros/humble/share/gazebo_ros/cmake)
[1.249s] -- Found DART: /usr/include (Required is at least version "6.6") found components: dart 
[1.272s] -- Looking for ignition-math6 -- found version 6.15.1
[1.275s] -- Searching for dependencies of ignition-math6
[1.275s] -- Looking for OGRE...
[1.281s] -- Found Ogre Ghadamon (1.9.0)
[1.281s] -- Found OGRE: optimized;/usr/lib/x86_64-linux-gnu/libOgreMain.so;debug;/usr/lib/x86_64-linux-gnu/libOgreMain.so
[1.287s] -- Looking for OGRE_Paging...
[1.287s] -- Found OGRE_Paging: optimized;/usr/lib/x86_64-linux-gnu/libOgrePaging.so;debug;/usr/lib/x86_64-linux-gnu/libOgrePaging.so
[1.287s] -- Looking for OGRE_Terrain...
[1.287s] -- Found OGRE_Terrain: optimized;/usr/lib/x86_64-linux-gnu/libOgreTerrain.so;debug;/usr/lib/x86_64-linux-gnu/libOgreTerrain.so
[1.287s] -- Looking for OGRE_Property...
[1.287s] -- Found OGRE_Property: optimized;/usr/lib/x86_64-linux-gnu/libOgreProperty.so;debug;/usr/lib/x86_64-linux-gnu/libOgreProperty.so
[1.287s] -- Looking for OGRE_RTShaderSystem...
[1.287s] -- Found OGRE_RTShaderSystem: optimized;/usr/lib/x86_64-linux-gnu/libOgreRTShaderSystem.so;debug;/usr/lib/x86_64-linux-gnu/libOgreRTShaderSystem.so
[1.287s] -- Looking for OGRE_Volume...
[1.288s] -- Found OGRE_Volume: optimized;/usr/lib/x86_64-linux-gnu/libOgreVolume.so;debug;/usr/lib/x86_64-linux-gnu/libOgreVolume.so
[1.288s] -- Looking for OGRE_Overlay...
[1.288s] -- Found OGRE_Overlay: optimized;/usr/lib/x86_64-linux-gnu/libOgreOverlay.so;debug;/usr/lib/x86_64-linux-gnu/libOgreOverlay.so
[1.368s] -- Looking for ignition-math6 -- found version 6.15.1
[1.368s] -- Looking for ignition-transport8 -- found version 8.2.1
[1.368s] -- Searching for dependencies of ignition-transport8
[1.385s] -- Found Protobuf: /usr/lib/x86_64-linux-gnu/libprotobuf.so (found suitable version "3.12.4", minimum required is "3") 
[1.393s] -- Config-file not installed for ZeroMQ -- checking for pkg-config
[1.399s] -- Checking for module 'libzmq >= 4'
[1.418s] --   Found libzmq , version 4.3.4
[1.467s] -- Checking for module 'uuid'
[1.482s] --   Found uuid, version 2.37.2
[1.526s] -- Looking for ignition-msgs5 -- found version 5.8.1
[1.526s] -- Searching for dependencies of ignition-msgs5
[1.544s] -- Looking for ignition-math6 -- found version 6.15.1
[1.550s] -- Checking for module 'tinyxml2'
[1.568s] --   Found tinyxml2, version 9.0.0
[1.610s] -- Looking for ignition-msgs5 -- found version 5.8.1
[1.610s] -- Looking for ignition-common3 -- found version 3.14.0
[1.610s] -- Searching for dependencies of ignition-common3
[1.610s] -- Looking for dlfcn.h - found
[1.610s] -- Looking for libdl - found
[1.625s] -- Searching for <ignition-common3> component [graphics]
[1.625s] -- Looking for ignition-common3-graphics -- found version 3.14.0
[1.625s] -- Searching for dependencies of ignition-common3-graphics
[1.626s] -- Looking for ignition-math6 -- found version 6.15.1
[1.626s] -- Looking for ignition-fuel_tools4 -- found version 4.4.0
[1.626s] -- Searching for dependencies of ignition-fuel_tools4
[1.665s] -- Checking for module 'jsoncpp'
[1.681s] --   Found jsoncpp, version 1.9.5
[1.733s] -- Checking for module 'libzip'
[1.749s] --   Found libzip, version 1.7.3
[1.793s] -- Looking for ignition-common3 -- found version 3.14.0
[1.793s] -- Looking for ignition-math6 -- found version 6.15.1
[1.793s] -- Looking for ignition-msgs5 -- found version 5.8.1
[1.794s] -- Gazebo version: 11.10
[1.797s] -- Found ros_gz: 0.244.14 (/opt/ros/humble/share/ros_gz/cmake)
[1.798s] -- Found ros_gz_bridge: 0.244.14 (/opt/ros/humble/share/ros_gz_bridge/cmake)
[1.940s] -- Found Protobuf: /usr/lib/x86_64-linux-gnu/libprotobuf.so (found version "3.12.4") 
[2.388s] -- Found ros_gz_sim: 0.244.14 (/opt/ros/humble/share/ros_gz_sim/cmake)
[2.389s] -- Found ros_gz_image: 0.244.14 (/opt/ros/humble/share/ros_gz_image/cmake)
[2.389s] -- Found xacro: 2.0.8 (/opt/ros/humble/share/xacro/cmake)
[2.429s] [31mCMake Error at /opt/ros/humble/share/ament_cmake_python/cmake/ament_python_install_package.cmake:66 (message):
[2.429s]   ament_python_install_package() the Python package folder
[2.429s]   '/home/casey/flexiv_ros2_ws/src/flexiv_ros2/flexiv_gazebo/flexiv_gazebo'
[2.429s]   doesn't contain an '__init__.py' file
[2.429s] Call Stack (most recent call first):
[2.429s]   /opt/ros/humble/share/ament_cmake_python/cmake/ament_python_install_package.cmake:39 (_ament_cmake_python_install_package)
[2.429s]   CMakeLists.txt:62 (ament_python_install_package)
[2.429s] 
[2.429s] [0m
[2.429s] -- Configuring incomplete, errors occurred!
[2.429s] See also "/home/casey/flexiv_ros2_ws/build/flexiv_gazebo/CMakeFiles/CMakeOutput.log".
[2.440s] Invoked command in '/home/casey/flexiv_ros2_ws/build/flexiv_gazebo' returned '1': CMAKE_PREFIX_PATH=${CMAKE_PREFIX_PATH}:/home/casey/flexiv_ros2_ws/install/flexiv_test_nodes:/opt/ros/humble /usr/bin/cmake /home/casey/flexiv_ros2_ws/src/flexiv_ros2/flexiv_gazebo -DCMAKE_INSTALL_PREFIX=/home/casey/flexiv_ros2_ws/install/flexiv_gazebo
