[0.016s] Invoking command in '/home/casey/flexiv_ros2_ws/build/flexiv_hardware': CMAKE_PREFIX_PATH=/opt/ros/humble /usr/bin/cmake /home/casey/flexiv_ros2_ws/src/flexiv_ros2/flexiv_hardware -DAMENT_CMAKE_SYMLINK_INSTALL=1 -DCMAKE_INSTALL_PREFIX=/home/casey/flexiv_ros2_ws/install/flexiv_hardware
[0.065s] -- The C compiler identification is GNU 11.4.0
[0.114s] -- The CXX compiler identification is GNU 11.4.0
[0.121s] -- Detecting C compiler ABI info
[0.187s] -- Detecting C compiler ABI info - done
[0.191s] -- Check for working C compiler: /usr/bin/cc - skipped
[0.191s] -- Detecting C compile features
[0.192s] -- Detecting C compile features - done
[0.196s] -- Detecting CXX compiler ABI info
[0.274s] -- Detecting CXX compiler ABI info - done
[0.278s] -- Check for working CXX compiler: /usr/bin/c++ - skipped
[0.278s] -- Detecting CXX compile features
[0.279s] -- Detecting CXX compile features - done
[0.282s] -- Found ament_cmake: 1.3.9 (/opt/ros/humble/share/ament_cmake/cmake)
[0.402s] -- Found Python3: /usr/bin/python3 (found version "3.10.12") found components: Interpreter 
[0.458s] -- Override CMake install command with custom implementation using symlinks instead of copying resources
[0.484s] -- Found rclcpp: 16.0.9 (/opt/ros/humble/share/rclcpp/cmake)
[0.518s] -- Found rosidl_generator_c: 3.1.5 (/opt/ros/humble/share/rosidl_generator_c/cmake)
[0.521s] -- Found rosidl_adapter: 3.1.5 (/opt/ros/humble/share/rosidl_adapter/cmake)
[0.530s] -- Found rosidl_generator_cpp: 3.1.5 (/opt/ros/humble/share/rosidl_generator_cpp/cmake)
[0.542s] -- Using all available rosidl_typesupport_c: rosidl_typesupport_fastrtps_c;rosidl_typesupport_introspection_c
[0.555s] -- Using all available rosidl_typesupport_cpp: rosidl_typesupport_fastrtps_cpp;rosidl_typesupport_introspection_cpp
[0.606s] -- Found rmw_implementation_cmake: 6.1.2 (/opt/ros/humble/share/rmw_implementation_cmake/cmake)
[0.609s] -- Found rmw_fastrtps_cpp: 6.2.6 (/opt/ros/humble/share/rmw_fastrtps_cpp/cmake)
[0.711s] -- Found OpenSSL: /usr/lib/x86_64-linux-gnu/libcrypto.so (found version "3.0.2")  
[0.741s] -- Found FastRTPS: /opt/ros/humble/include  
[0.783s] -- Using RMW implementation 'rmw_fastrtps_cpp' as default
[0.791s] -- Looking for pthread.h
[0.866s] -- Looking for pthread.h - found
[0.867s] -- Performing Test CMAKE_HAVE_LIBC_PTHREAD
[0.945s] -- Performing Test CMAKE_HAVE_LIBC_PTHREAD - Success
[0.945s] -- Found Threads: TRUE  
[1.059s] -- Found rclcpp_lifecycle: 16.0.9 (/opt/ros/humble/share/rclcpp_lifecycle/cmake)
[1.089s] -- Found hardware_interface: 2.41.0 (/opt/ros/humble/share/hardware_interface/cmake)
[1.477s] [0mOS: Linux[0m
[1.477s] [0mProcessor: x86_64[0m
[1.514s] -- Found ament_cmake_gtest: 1.3.9 (/opt/ros/humble/share/ament_cmake_gtest/cmake)
[1.587s] -- Configuring done
[1.626s] -- Generating done
[1.628s] -- Build files have been written to: /home/casey/flexiv_ros2_ws/build/flexiv_hardware
[1.657s] Invoked command in '/home/casey/flexiv_ros2_ws/build/flexiv_hardware' returned '0': CMAKE_PREFIX_PATH=/opt/ros/humble /usr/bin/cmake /home/casey/flexiv_ros2_ws/src/flexiv_ros2/flexiv_hardware -DAMENT_CMAKE_SYMLINK_INSTALL=1 -DCMAKE_INSTALL_PREFIX=/home/casey/flexiv_ros2_ws/install/flexiv_hardware
[1.659s] Invoking command in '/home/casey/flexiv_ros2_ws/build/flexiv_hardware': CMAKE_PREFIX_PATH=/opt/ros/humble /usr/bin/cmake --build /home/casey/flexiv_ros2_ws/build/flexiv_hardware -- -j16 -l16
[1.727s] [ 50%] [32mBuilding CXX object CMakeFiles/flexiv_hardware.dir/src/flexiv_hardware_interface.cpp.o[0m
[5.020s] [100%] [32m[1mLinking CXX shared library libflexiv_hardware.so[0m
[5.209s] [100%] Built target flexiv_hardware
[5.219s] Invoked command in '/home/casey/flexiv_ros2_ws/build/flexiv_hardware' returned '0': CMAKE_PREFIX_PATH=/opt/ros/humble /usr/bin/cmake --build /home/casey/flexiv_ros2_ws/build/flexiv_hardware -- -j16 -l16
[5.249s] Invoking command in '/home/casey/flexiv_ros2_ws/build/flexiv_hardware': CMAKE_PREFIX_PATH=/opt/ros/humble /usr/bin/cmake --install /home/casey/flexiv_ros2_ws/build/flexiv_hardware
[5.256s] -- Install configuration: ""
[5.256s] -- Execute custom install script
[5.256s] -- Symlinking: /home/casey/flexiv_ros2_ws/install/flexiv_hardware/share/flexiv_hardware//flexiv_hardware_interface_plugin.xml
[5.264s] -- Symlinking: /home/casey/flexiv_ros2_ws/install/flexiv_hardware/lib/libflexiv_hardware.so
[5.273s] -- Symlinking: /home/casey/flexiv_ros2_ws/install/flexiv_hardware/include/flexiv_hardware/flexiv_hardware_interface.hpp
[5.281s] -- Symlinking: /home/casey/flexiv_ros2_ws/install/flexiv_hardware/include/flexiv_hardware/visibility_control.h
[5.290s] -- Symlinking: /home/casey/flexiv_ros2_ws/install/flexiv_hardware/share/flexiv_hardware/environment/library_path.sh
[5.298s] -- Symlinking: /home/casey/flexiv_ros2_ws/install/flexiv_hardware/share/flexiv_hardware/environment/library_path.dsv
[5.307s] -- Symlinking: /home/casey/flexiv_ros2_ws/install/flexiv_hardware/share/ament_index/resource_index/package_run_dependencies/flexiv_hardware
[5.316s] -- Symlinking: /home/casey/flexiv_ros2_ws/install/flexiv_hardware/share/ament_index/resource_index/parent_prefix_path/flexiv_hardware
[5.323s] -- Symlinking: /home/casey/flexiv_ros2_ws/install/flexiv_hardware/share/flexiv_hardware/environment/ament_prefix_path.sh
[5.331s] -- Symlinking: /home/casey/flexiv_ros2_ws/install/flexiv_hardware/share/flexiv_hardware/environment/ament_prefix_path.dsv
[5.339s] -- Symlinking: /home/casey/flexiv_ros2_ws/install/flexiv_hardware/share/flexiv_hardware/environment/path.sh
[5.347s] -- Symlinking: /home/casey/flexiv_ros2_ws/install/flexiv_hardware/share/flexiv_hardware/environment/path.dsv
[5.355s] -- Symlinking: /home/casey/flexiv_ros2_ws/install/flexiv_hardware/share/flexiv_hardware/local_setup.bash
[5.363s] -- Symlinking: /home/casey/flexiv_ros2_ws/install/flexiv_hardware/share/flexiv_hardware/local_setup.sh
[5.370s] -- Symlinking: /home/casey/flexiv_ros2_ws/install/flexiv_hardware/share/flexiv_hardware/local_setup.zsh
[5.378s] -- Symlinking: /home/casey/flexiv_ros2_ws/install/flexiv_hardware/share/flexiv_hardware/local_setup.dsv
[5.386s] -- Symlinking: /home/casey/flexiv_ros2_ws/install/flexiv_hardware/share/flexiv_hardware/package.dsv
[5.393s] -- Symlinking: /home/casey/flexiv_ros2_ws/install/flexiv_hardware/share/ament_index/resource_index/packages/flexiv_hardware
[5.404s] -- Symlinking: /home/casey/flexiv_ros2_ws/install/flexiv_hardware/share/ament_index/resource_index/hardware_interface__pluginlib__plugin/flexiv_hardware
[5.413s] -- Symlinking: /home/casey/flexiv_ros2_ws/install/flexiv_hardware/share/flexiv_hardware/cmake/ament_cmake_export_include_directories-extras.cmake
[5.421s] -- Symlinking: /home/casey/flexiv_ros2_ws/install/flexiv_hardware/share/flexiv_hardware/cmake/ament_cmake_export_libraries-extras.cmake
[5.430s] -- Symlinking: /home/casey/flexiv_ros2_ws/install/flexiv_hardware/share/flexiv_hardware/cmake/ament_cmake_export_dependencies-extras.cmake
[5.438s] -- Symlinking: /home/casey/flexiv_ros2_ws/install/flexiv_hardware/share/flexiv_hardware/cmake/flexiv_hardwareConfig.cmake
[5.446s] -- Symlinking: /home/casey/flexiv_ros2_ws/install/flexiv_hardware/share/flexiv_hardware/cmake/flexiv_hardwareConfig-version.cmake
[5.454s] -- Symlinking: /home/casey/flexiv_ros2_ws/install/flexiv_hardware/share/flexiv_hardware/package.xml
[5.464s] Invoked command in '/home/casey/flexiv_ros2_ws/build/flexiv_hardware' returned '0': CMAKE_PREFIX_PATH=/opt/ros/humble /usr/bin/cmake --install /home/casey/flexiv_ros2_ws/build/flexiv_hardware
