[0.060s] DEBUG:colcon:Command line arguments: ['/usr/bin/colcon', 'build']
[0.060s] DEBUG:colcon:Parsed command line arguments: Namespace(log_base=None, log_level=None, verb_name='build', build_base='build', install_base='install', merge_install=False, symlink_install=False, test_result_base=None, continue_on_error=False, executor='parallel', parallel_workers=16, event_handlers=None, ignore_user_meta=False, metas=['./colcon.meta'], base_paths=['.'], packages_ignore=None, packages_ignore_regex=None, paths=None, packages_up_to=None, packages_up_to_regex=None, packages_above=None, packages_above_and_dependencies=None, packages_above_depth=None, packages_select_by_dep=None, packages_skip_by_dep=None, packages_skip_up_to=None, packages_select_build_failed=False, packages_skip_build_finished=False, packages_select_test_failures=False, packages_skip_test_passed=False, packages_select=None, packages_skip=None, packages_select_regex=None, packages_skip_regex=None, packages_start=None, packages_end=None, allow_overriding=[], cmake_args=None, cmake_target=None, cmake_target_skip_unavailable=False, cmake_clean_cache=False, cmake_clean_first=False, cmake_force_configure=False, ament_cmake_args=None, catkin_cmake_args=None, catkin_skip_building_tests=False, verb_parser=<colcon_defaults.argument_parser.defaults.DefaultArgumentsDecorator object at 0x7aeb971404f0>, verb_extension=<colcon_core.verb.build.BuildVerb object at 0x7aeb972390c0>, main=<bound method BuildVerb.main of <colcon_core.verb.build.BuildVerb object at 0x7aeb972390c0>>)
[0.082s] Level 1:colcon.colcon_core.package_discovery:discover_packages(colcon_meta) check parameters
[0.082s] Level 1:colcon.colcon_core.package_discovery:discover_packages(recursive) check parameters
[0.082s] Level 1:colcon.colcon_core.package_discovery:discover_packages(ignore) check parameters
[0.082s] Level 1:colcon.colcon_core.package_discovery:discover_packages(path) check parameters
[0.082s] Level 1:colcon.colcon_core.package_discovery:discover_packages(colcon_meta) discover
[0.082s] Level 1:colcon.colcon_core.package_discovery:discover_packages(recursive) discover
[0.082s] INFO:colcon.colcon_core.package_discovery:Crawling recursively for packages in '/home/casey/flexiv_ros2_ws'
[0.082s] Level 1:colcon.colcon_core.package_identification:_identify(.) by extensions ['ignore', 'ignore_ament_install']
[0.083s] Level 1:colcon.colcon_core.package_identification:_identify(.) by extension 'ignore'
[0.083s] Level 1:colcon.colcon_core.package_identification:_identify(.) by extension 'ignore_ament_install'
[0.083s] Level 1:colcon.colcon_core.package_identification:_identify(.) by extensions ['colcon_pkg']
[0.083s] Level 1:colcon.colcon_core.package_identification:_identify(.) by extension 'colcon_pkg'
[0.083s] Level 1:colcon.colcon_core.package_identification:_identify(.) by extensions ['colcon_meta']
[0.083s] Level 1:colcon.colcon_core.package_identification:_identify(.) by extension 'colcon_meta'
[0.083s] Level 1:colcon.colcon_core.package_identification:_identify(.) by extensions ['ros']
[0.083s] Level 1:colcon.colcon_core.package_identification:_identify(.) by extension 'ros'
[0.091s] Level 1:colcon.colcon_core.package_identification:_identify(.) by extensions ['cmake', 'python']
[0.091s] Level 1:colcon.colcon_core.package_identification:_identify(.) by extension 'cmake'
[0.091s] Level 1:colcon.colcon_core.package_identification:_identify(.) by extension 'python'
[0.091s] Level 1:colcon.colcon_core.package_identification:_identify(.) by extensions ['python_setup_py']
[0.091s] Level 1:colcon.colcon_core.package_identification:_identify(.) by extension 'python_setup_py'
[0.091s] Level 1:colcon.colcon_core.package_identification:_identify(build) by extensions ['ignore', 'ignore_ament_install']
[0.091s] Level 1:colcon.colcon_core.package_identification:_identify(build) by extension 'ignore'
[0.091s] Level 1:colcon.colcon_core.package_identification:_identify(build) ignored
[0.091s] Level 1:colcon.colcon_core.package_identification:_identify(install) by extensions ['ignore', 'ignore_ament_install']
[0.091s] Level 1:colcon.colcon_core.package_identification:_identify(install) by extension 'ignore'
[0.092s] Level 1:colcon.colcon_core.package_identification:_identify(install) ignored
[0.092s] Level 1:colcon.colcon_core.package_identification:_identify(log) by extensions ['ignore', 'ignore_ament_install']
[0.092s] Level 1:colcon.colcon_core.package_identification:_identify(log) by extension 'ignore'
[0.092s] Level 1:colcon.colcon_core.package_identification:_identify(log) ignored
[0.092s] Level 1:colcon.colcon_core.package_identification:_identify(src) by extensions ['ignore', 'ignore_ament_install']
[0.092s] Level 1:colcon.colcon_core.package_identification:_identify(src) by extension 'ignore'
[0.092s] Level 1:colcon.colcon_core.package_identification:_identify(src) by extension 'ignore_ament_install'
[0.092s] Level 1:colcon.colcon_core.package_identification:_identify(src) by extensions ['colcon_pkg']
[0.092s] Level 1:colcon.colcon_core.package_identification:_identify(src) by extension 'colcon_pkg'
[0.092s] Level 1:colcon.colcon_core.package_identification:_identify(src) by extensions ['colcon_meta']
[0.092s] Level 1:colcon.colcon_core.package_identification:_identify(src) by extension 'colcon_meta'
[0.092s] Level 1:colcon.colcon_core.package_identification:_identify(src) by extensions ['ros']
[0.092s] Level 1:colcon.colcon_core.package_identification:_identify(src) by extension 'ros'
[0.092s] Level 1:colcon.colcon_core.package_identification:_identify(src) by extensions ['cmake', 'python']
[0.092s] Level 1:colcon.colcon_core.package_identification:_identify(src) by extension 'cmake'
[0.092s] Level 1:colcon.colcon_core.package_identification:_identify(src) by extension 'python'
[0.092s] Level 1:colcon.colcon_core.package_identification:_identify(src) by extensions ['python_setup_py']
[0.092s] Level 1:colcon.colcon_core.package_identification:_identify(src) by extension 'python_setup_py'
[0.092s] Level 1:colcon.colcon_core.package_identification:_identify(src/flexiv_ros2) by extensions ['ignore', 'ignore_ament_install']
[0.092s] Level 1:colcon.colcon_core.package_identification:_identify(src/flexiv_ros2) by extension 'ignore'
[0.092s] Level 1:colcon.colcon_core.package_identification:_identify(src/flexiv_ros2) by extension 'ignore_ament_install'
[0.092s] Level 1:colcon.colcon_core.package_identification:_identify(src/flexiv_ros2) by extensions ['colcon_pkg']
[0.092s] Level 1:colcon.colcon_core.package_identification:_identify(src/flexiv_ros2) by extension 'colcon_pkg'
[0.092s] Level 1:colcon.colcon_core.package_identification:_identify(src/flexiv_ros2) by extensions ['colcon_meta']
[0.092s] Level 1:colcon.colcon_core.package_identification:_identify(src/flexiv_ros2) by extension 'colcon_meta'
[0.092s] Level 1:colcon.colcon_core.package_identification:_identify(src/flexiv_ros2) by extensions ['ros']
[0.092s] Level 1:colcon.colcon_core.package_identification:_identify(src/flexiv_ros2) by extension 'ros'
[0.092s] Level 1:colcon.colcon_core.package_identification:_identify(src/flexiv_ros2) by extensions ['cmake', 'python']
[0.092s] Level 1:colcon.colcon_core.package_identification:_identify(src/flexiv_ros2) by extension 'cmake'
[0.092s] Level 1:colcon.colcon_core.package_identification:_identify(src/flexiv_ros2) by extension 'python'
[0.092s] Level 1:colcon.colcon_core.package_identification:_identify(src/flexiv_ros2) by extensions ['python_setup_py']
[0.092s] Level 1:colcon.colcon_core.package_identification:_identify(src/flexiv_ros2) by extension 'python_setup_py'
[0.092s] Level 1:colcon.colcon_core.package_identification:_identify(src/flexiv_ros2/flexiv_bringup) by extensions ['ignore', 'ignore_ament_install']
[0.092s] Level 1:colcon.colcon_core.package_identification:_identify(src/flexiv_ros2/flexiv_bringup) by extension 'ignore'
[0.092s] Level 1:colcon.colcon_core.package_identification:_identify(src/flexiv_ros2/flexiv_bringup) by extension 'ignore_ament_install'
[0.092s] Level 1:colcon.colcon_core.package_identification:_identify(src/flexiv_ros2/flexiv_bringup) by extensions ['colcon_pkg']
[0.092s] Level 1:colcon.colcon_core.package_identification:_identify(src/flexiv_ros2/flexiv_bringup) by extension 'colcon_pkg'
[0.092s] Level 1:colcon.colcon_core.package_identification:_identify(src/flexiv_ros2/flexiv_bringup) by extensions ['colcon_meta']
[0.092s] Level 1:colcon.colcon_core.package_identification:_identify(src/flexiv_ros2/flexiv_bringup) by extension 'colcon_meta'
[0.092s] Level 1:colcon.colcon_core.package_identification:_identify(src/flexiv_ros2/flexiv_bringup) by extensions ['ros']
[0.092s] Level 1:colcon.colcon_core.package_identification:_identify(src/flexiv_ros2/flexiv_bringup) by extension 'ros'
[0.094s] DEBUG:colcon.colcon_core.package_identification:Package 'src/flexiv_ros2/flexiv_bringup' with type 'ros.ament_cmake' and name 'flexiv_bringup'
[0.094s] Level 1:colcon.colcon_core.package_identification:_identify(src/flexiv_ros2/flexiv_controllers) by extensions ['ignore', 'ignore_ament_install']
[0.094s] Level 1:colcon.colcon_core.package_identification:_identify(src/flexiv_ros2/flexiv_controllers) by extension 'ignore'
[0.094s] Level 1:colcon.colcon_core.package_identification:_identify(src/flexiv_ros2/flexiv_controllers) by extension 'ignore_ament_install'
[0.094s] Level 1:colcon.colcon_core.package_identification:_identify(src/flexiv_ros2/flexiv_controllers) by extensions ['colcon_pkg']
[0.094s] Level 1:colcon.colcon_core.package_identification:_identify(src/flexiv_ros2/flexiv_controllers) by extension 'colcon_pkg'
[0.094s] Level 1:colcon.colcon_core.package_identification:_identify(src/flexiv_ros2/flexiv_controllers) by extensions ['colcon_meta']
[0.094s] Level 1:colcon.colcon_core.package_identification:_identify(src/flexiv_ros2/flexiv_controllers) by extension 'colcon_meta'
[0.094s] Level 1:colcon.colcon_core.package_identification:_identify(src/flexiv_ros2/flexiv_controllers) by extensions ['ros']
[0.094s] Level 1:colcon.colcon_core.package_identification:_identify(src/flexiv_ros2/flexiv_controllers) by extension 'ros'
[0.094s] DEBUG:colcon.colcon_core.package_identification:Package 'src/flexiv_ros2/flexiv_controllers' with type 'ros.ament_cmake' and name 'flexiv_controllers'
[0.094s] Level 1:colcon.colcon_core.package_identification:_identify(src/flexiv_ros2/flexiv_description) by extensions ['ignore', 'ignore_ament_install']
[0.094s] Level 1:colcon.colcon_core.package_identification:_identify(src/flexiv_ros2/flexiv_description) by extension 'ignore'
[0.094s] Level 1:colcon.colcon_core.package_identification:_identify(src/flexiv_ros2/flexiv_description) by extension 'ignore_ament_install'
[0.094s] Level 1:colcon.colcon_core.package_identification:_identify(src/flexiv_ros2/flexiv_description) by extensions ['colcon_pkg']
[0.095s] Level 1:colcon.colcon_core.package_identification:_identify(src/flexiv_ros2/flexiv_description) by extension 'colcon_pkg'
[0.095s] Level 1:colcon.colcon_core.package_identification:_identify(src/flexiv_ros2/flexiv_description) by extensions ['colcon_meta']
[0.095s] Level 1:colcon.colcon_core.package_identification:_identify(src/flexiv_ros2/flexiv_description) by extension 'colcon_meta'
[0.095s] Level 1:colcon.colcon_core.package_identification:_identify(src/flexiv_ros2/flexiv_description) by extensions ['ros']
[0.095s] Level 1:colcon.colcon_core.package_identification:_identify(src/flexiv_ros2/flexiv_description) by extension 'ros'
[0.095s] DEBUG:colcon.colcon_core.package_identification:Package 'src/flexiv_ros2/flexiv_description' with type 'ros.ament_cmake' and name 'flexiv_description'
[0.095s] Level 1:colcon.colcon_core.package_identification:_identify(src/flexiv_ros2/flexiv_gazebo) by extensions ['ignore', 'ignore_ament_install']
[0.095s] Level 1:colcon.colcon_core.package_identification:_identify(src/flexiv_ros2/flexiv_gazebo) by extension 'ignore'
[0.095s] Level 1:colcon.colcon_core.package_identification:_identify(src/flexiv_ros2/flexiv_gazebo) by extension 'ignore_ament_install'
[0.095s] Level 1:colcon.colcon_core.package_identification:_identify(src/flexiv_ros2/flexiv_gazebo) by extensions ['colcon_pkg']
[0.095s] Level 1:colcon.colcon_core.package_identification:_identify(src/flexiv_ros2/flexiv_gazebo) by extension 'colcon_pkg'
[0.095s] Level 1:colcon.colcon_core.package_identification:_identify(src/flexiv_ros2/flexiv_gazebo) by extensions ['colcon_meta']
[0.095s] Level 1:colcon.colcon_core.package_identification:_identify(src/flexiv_ros2/flexiv_gazebo) by extension 'colcon_meta'
[0.095s] Level 1:colcon.colcon_core.package_identification:_identify(src/flexiv_ros2/flexiv_gazebo) by extensions ['ros']
[0.095s] Level 1:colcon.colcon_core.package_identification:_identify(src/flexiv_ros2/flexiv_gazebo) by extension 'ros'
[0.095s] DEBUG:colcon.colcon_core.package_identification:Package 'src/flexiv_ros2/flexiv_gazebo' with type 'ros.ament_cmake' and name 'flexiv_gazebo'
[0.095s] Level 1:colcon.colcon_core.package_identification:_identify(src/flexiv_ros2/flexiv_hardware) by extensions ['ignore', 'ignore_ament_install']
[0.095s] Level 1:colcon.colcon_core.package_identification:_identify(src/flexiv_ros2/flexiv_hardware) by extension 'ignore'
[0.095s] Level 1:colcon.colcon_core.package_identification:_identify(src/flexiv_ros2/flexiv_hardware) by extension 'ignore_ament_install'
[0.095s] Level 1:colcon.colcon_core.package_identification:_identify(src/flexiv_ros2/flexiv_hardware) by extensions ['colcon_pkg']
[0.095s] Level 1:colcon.colcon_core.package_identification:_identify(src/flexiv_ros2/flexiv_hardware) by extension 'colcon_pkg'
[0.095s] Level 1:colcon.colcon_core.package_identification:_identify(src/flexiv_ros2/flexiv_hardware) by extensions ['colcon_meta']
[0.095s] Level 1:colcon.colcon_core.package_identification:_identify(src/flexiv_ros2/flexiv_hardware) by extension 'colcon_meta'
[0.096s] Level 1:colcon.colcon_core.package_identification:_identify(src/flexiv_ros2/flexiv_hardware) by extensions ['ros']
[0.096s] Level 1:colcon.colcon_core.package_identification:_identify(src/flexiv_ros2/flexiv_hardware) by extension 'ros'
[0.096s] DEBUG:colcon.colcon_core.package_identification:Package 'src/flexiv_ros2/flexiv_hardware' with type 'ros.ament_cmake' and name 'flexiv_hardware'
[0.096s] Level 1:colcon.colcon_core.package_identification:_identify(src/flexiv_ros2/flexiv_moveit_config) by extensions ['ignore', 'ignore_ament_install']
[0.096s] Level 1:colcon.colcon_core.package_identification:_identify(src/flexiv_ros2/flexiv_moveit_config) by extension 'ignore'
[0.096s] Level 1:colcon.colcon_core.package_identification:_identify(src/flexiv_ros2/flexiv_moveit_config) by extension 'ignore_ament_install'
[0.096s] Level 1:colcon.colcon_core.package_identification:_identify(src/flexiv_ros2/flexiv_moveit_config) by extensions ['colcon_pkg']
[0.096s] Level 1:colcon.colcon_core.package_identification:_identify(src/flexiv_ros2/flexiv_moveit_config) by extension 'colcon_pkg'
[0.096s] Level 1:colcon.colcon_core.package_identification:_identify(src/flexiv_ros2/flexiv_moveit_config) by extensions ['colcon_meta']
[0.096s] Level 1:colcon.colcon_core.package_identification:_identify(src/flexiv_ros2/flexiv_moveit_config) by extension 'colcon_meta'
[0.096s] Level 1:colcon.colcon_core.package_identification:_identify(src/flexiv_ros2/flexiv_moveit_config) by extensions ['ros']
[0.096s] Level 1:colcon.colcon_core.package_identification:_identify(src/flexiv_ros2/flexiv_moveit_config) by extension 'ros'
[0.096s] DEBUG:colcon.colcon_core.package_identification:Package 'src/flexiv_ros2/flexiv_moveit_config' with type 'ros.ament_cmake' and name 'flexiv_moveit_config'
[0.096s] Level 1:colcon.colcon_core.package_identification:_identify(src/flexiv_ros2/flexiv_msgs) by extensions ['ignore', 'ignore_ament_install']
[0.096s] Level 1:colcon.colcon_core.package_identification:_identify(src/flexiv_ros2/flexiv_msgs) by extension 'ignore'
[0.096s] Level 1:colcon.colcon_core.package_identification:_identify(src/flexiv_ros2/flexiv_msgs) by extension 'ignore_ament_install'
[0.096s] Level 1:colcon.colcon_core.package_identification:_identify(src/flexiv_ros2/flexiv_msgs) by extensions ['colcon_pkg']
[0.096s] Level 1:colcon.colcon_core.package_identification:_identify(src/flexiv_ros2/flexiv_msgs) by extension 'colcon_pkg'
[0.096s] Level 1:colcon.colcon_core.package_identification:_identify(src/flexiv_ros2/flexiv_msgs) by extensions ['colcon_meta']
[0.097s] Level 1:colcon.colcon_core.package_identification:_identify(src/flexiv_ros2/flexiv_msgs) by extension 'colcon_meta'
[0.097s] Level 1:colcon.colcon_core.package_identification:_identify(src/flexiv_ros2/flexiv_msgs) by extensions ['ros']
[0.097s] Level 1:colcon.colcon_core.package_identification:_identify(src/flexiv_ros2/flexiv_msgs) by extension 'ros'
[0.097s] DEBUG:colcon.colcon_core.package_identification:Package 'src/flexiv_ros2/flexiv_msgs' with type 'ros.ament_cmake' and name 'flexiv_msgs'
[0.097s] Level 1:colcon.colcon_core.package_identification:_identify(src/flexiv_ros2/flexiv_test_nodes) by extensions ['ignore', 'ignore_ament_install']
[0.097s] Level 1:colcon.colcon_core.package_identification:_identify(src/flexiv_ros2/flexiv_test_nodes) by extension 'ignore'
[0.097s] Level 1:colcon.colcon_core.package_identification:_identify(src/flexiv_ros2/flexiv_test_nodes) by extension 'ignore_ament_install'
[0.097s] Level 1:colcon.colcon_core.package_identification:_identify(src/flexiv_ros2/flexiv_test_nodes) by extensions ['colcon_pkg']
[0.097s] Level 1:colcon.colcon_core.package_identification:_identify(src/flexiv_ros2/flexiv_test_nodes) by extension 'colcon_pkg'
[0.097s] Level 1:colcon.colcon_core.package_identification:_identify(src/flexiv_ros2/flexiv_test_nodes) by extensions ['colcon_meta']
[0.097s] Level 1:colcon.colcon_core.package_identification:_identify(src/flexiv_ros2/flexiv_test_nodes) by extension 'colcon_meta'
[0.097s] Level 1:colcon.colcon_core.package_identification:_identify(src/flexiv_ros2/flexiv_test_nodes) by extensions ['ros']
[0.097s] Level 1:colcon.colcon_core.package_identification:_identify(src/flexiv_ros2/flexiv_test_nodes) by extension 'ros'
[0.097s] DEBUG:colcon.colcon_core.package_identification:Package 'src/flexiv_ros2/flexiv_test_nodes' with type 'ros.ament_python' and name 'flexiv_test_nodes'
[0.097s] Level 1:colcon.colcon_core.package_discovery:discover_packages(recursive) using defaults
[0.097s] Level 1:colcon.colcon_core.package_discovery:discover_packages(ignore) discover
[0.097s] Level 1:colcon.colcon_core.package_discovery:discover_packages(ignore) using defaults
[0.097s] Level 1:colcon.colcon_core.package_discovery:discover_packages(path) discover
[0.097s] Level 1:colcon.colcon_core.package_discovery:discover_packages(path) using defaults
[0.109s] Level 1:colcon.colcon_core.package_discovery:discover_packages(prefix_path) check parameters
[0.109s] Level 1:colcon.colcon_core.package_discovery:discover_packages(prefix_path) discover
[0.111s] DEBUG:colcon.colcon_installed_package_information.package_discovery:Found 8 installed packages in /home/casey/flexiv_ros2_ws/install
[0.112s] DEBUG:colcon.colcon_installed_package_information.package_discovery:Found 368 installed packages in /opt/ros/humble
[0.113s] Level 1:colcon.colcon_core.package_discovery:discover_packages(prefix_path) using defaults
[0.137s] Level 5:colcon.colcon_core.verb:set package 'flexiv_description' build argument 'cmake_args' from command line to 'None'
[0.137s] Level 5:colcon.colcon_core.verb:set package 'flexiv_description' build argument 'cmake_target' from command line to 'None'
[0.137s] Level 5:colcon.colcon_core.verb:set package 'flexiv_description' build argument 'cmake_target_skip_unavailable' from command line to 'False'
[0.137s] Level 5:colcon.colcon_core.verb:set package 'flexiv_description' build argument 'cmake_clean_cache' from command line to 'False'
[0.137s] Level 5:colcon.colcon_core.verb:set package 'flexiv_description' build argument 'cmake_clean_first' from command line to 'False'
[0.137s] Level 5:colcon.colcon_core.verb:set package 'flexiv_description' build argument 'cmake_force_configure' from command line to 'False'
[0.137s] Level 5:colcon.colcon_core.verb:set package 'flexiv_description' build argument 'ament_cmake_args' from command line to 'None'
[0.137s] Level 5:colcon.colcon_core.verb:set package 'flexiv_description' build argument 'catkin_cmake_args' from command line to 'None'
[0.137s] Level 5:colcon.colcon_core.verb:set package 'flexiv_description' build argument 'catkin_skip_building_tests' from command line to 'False'
[0.137s] DEBUG:colcon.colcon_core.verb:Building package 'flexiv_description' with the following arguments: {'ament_cmake_args': None, 'build_base': '/home/casey/flexiv_ros2_ws/build/flexiv_description', 'catkin_cmake_args': None, 'catkin_skip_building_tests': False, 'cmake_args': None, 'cmake_clean_cache': False, 'cmake_clean_first': False, 'cmake_force_configure': False, 'cmake_target': None, 'cmake_target_skip_unavailable': False, 'install_base': '/home/casey/flexiv_ros2_ws/install/flexiv_description', 'merge_install': False, 'path': '/home/casey/flexiv_ros2_ws/src/flexiv_ros2/flexiv_description', 'symlink_install': False, 'test_result_base': None}
[0.137s] Level 5:colcon.colcon_core.verb:set package 'flexiv_gazebo' build argument 'cmake_args' from command line to 'None'
[0.137s] Level 5:colcon.colcon_core.verb:set package 'flexiv_gazebo' build argument 'cmake_target' from command line to 'None'
[0.137s] Level 5:colcon.colcon_core.verb:set package 'flexiv_gazebo' build argument 'cmake_target_skip_unavailable' from command line to 'False'
[0.137s] Level 5:colcon.colcon_core.verb:set package 'flexiv_gazebo' build argument 'cmake_clean_cache' from command line to 'False'
[0.137s] Level 5:colcon.colcon_core.verb:set package 'flexiv_gazebo' build argument 'cmake_clean_first' from command line to 'False'
[0.137s] Level 5:colcon.colcon_core.verb:set package 'flexiv_gazebo' build argument 'cmake_force_configure' from command line to 'False'
[0.137s] Level 5:colcon.colcon_core.verb:set package 'flexiv_gazebo' build argument 'ament_cmake_args' from command line to 'None'
[0.137s] Level 5:colcon.colcon_core.verb:set package 'flexiv_gazebo' build argument 'catkin_cmake_args' from command line to 'None'
[0.137s] Level 5:colcon.colcon_core.verb:set package 'flexiv_gazebo' build argument 'catkin_skip_building_tests' from command line to 'False'
[0.137s] DEBUG:colcon.colcon_core.verb:Building package 'flexiv_gazebo' with the following arguments: {'ament_cmake_args': None, 'build_base': '/home/casey/flexiv_ros2_ws/build/flexiv_gazebo', 'catkin_cmake_args': None, 'catkin_skip_building_tests': False, 'cmake_args': None, 'cmake_clean_cache': False, 'cmake_clean_first': False, 'cmake_force_configure': False, 'cmake_target': None, 'cmake_target_skip_unavailable': False, 'install_base': '/home/casey/flexiv_ros2_ws/install/flexiv_gazebo', 'merge_install': False, 'path': '/home/casey/flexiv_ros2_ws/src/flexiv_ros2/flexiv_gazebo', 'symlink_install': False, 'test_result_base': None}
[0.137s] Level 5:colcon.colcon_core.verb:set package 'flexiv_hardware' build argument 'cmake_args' from command line to 'None'
[0.137s] Level 5:colcon.colcon_core.verb:set package 'flexiv_hardware' build argument 'cmake_target' from command line to 'None'
[0.137s] Level 5:colcon.colcon_core.verb:set package 'flexiv_hardware' build argument 'cmake_target_skip_unavailable' from command line to 'False'
[0.137s] Level 5:colcon.colcon_core.verb:set package 'flexiv_hardware' build argument 'cmake_clean_cache' from command line to 'False'
[0.137s] Level 5:colcon.colcon_core.verb:set package 'flexiv_hardware' build argument 'cmake_clean_first' from command line to 'False'
[0.137s] Level 5:colcon.colcon_core.verb:set package 'flexiv_hardware' build argument 'cmake_force_configure' from command line to 'False'
[0.137s] Level 5:colcon.colcon_core.verb:set package 'flexiv_hardware' build argument 'ament_cmake_args' from command line to 'None'
[0.137s] Level 5:colcon.colcon_core.verb:set package 'flexiv_hardware' build argument 'catkin_cmake_args' from command line to 'None'
[0.137s] Level 5:colcon.colcon_core.verb:set package 'flexiv_hardware' build argument 'catkin_skip_building_tests' from command line to 'False'
[0.137s] DEBUG:colcon.colcon_core.verb:Building package 'flexiv_hardware' with the following arguments: {'ament_cmake_args': None, 'build_base': '/home/casey/flexiv_ros2_ws/build/flexiv_hardware', 'catkin_cmake_args': None, 'catkin_skip_building_tests': False, 'cmake_args': None, 'cmake_clean_cache': False, 'cmake_clean_first': False, 'cmake_force_configure': False, 'cmake_target': None, 'cmake_target_skip_unavailable': False, 'install_base': '/home/casey/flexiv_ros2_ws/install/flexiv_hardware', 'merge_install': False, 'path': '/home/casey/flexiv_ros2_ws/src/flexiv_ros2/flexiv_hardware', 'symlink_install': False, 'test_result_base': None}
[0.138s] Level 5:colcon.colcon_core.verb:set package 'flexiv_msgs' build argument 'cmake_args' from command line to 'None'
[0.138s] Level 5:colcon.colcon_core.verb:set package 'flexiv_msgs' build argument 'cmake_target' from command line to 'None'
[0.138s] Level 5:colcon.colcon_core.verb:set package 'flexiv_msgs' build argument 'cmake_target_skip_unavailable' from command line to 'False'
[0.138s] Level 5:colcon.colcon_core.verb:set package 'flexiv_msgs' build argument 'cmake_clean_cache' from command line to 'False'
[0.138s] Level 5:colcon.colcon_core.verb:set package 'flexiv_msgs' build argument 'cmake_clean_first' from command line to 'False'
[0.138s] Level 5:colcon.colcon_core.verb:set package 'flexiv_msgs' build argument 'cmake_force_configure' from command line to 'False'
[0.138s] Level 5:colcon.colcon_core.verb:set package 'flexiv_msgs' build argument 'ament_cmake_args' from command line to 'None'
[0.138s] Level 5:colcon.colcon_core.verb:set package 'flexiv_msgs' build argument 'catkin_cmake_args' from command line to 'None'
[0.138s] Level 5:colcon.colcon_core.verb:set package 'flexiv_msgs' build argument 'catkin_skip_building_tests' from command line to 'False'
[0.138s] DEBUG:colcon.colcon_core.verb:Building package 'flexiv_msgs' with the following arguments: {'ament_cmake_args': None, 'build_base': '/home/casey/flexiv_ros2_ws/build/flexiv_msgs', 'catkin_cmake_args': None, 'catkin_skip_building_tests': False, 'cmake_args': None, 'cmake_clean_cache': False, 'cmake_clean_first': False, 'cmake_force_configure': False, 'cmake_target': None, 'cmake_target_skip_unavailable': False, 'install_base': '/home/casey/flexiv_ros2_ws/install/flexiv_msgs', 'merge_install': False, 'path': '/home/casey/flexiv_ros2_ws/src/flexiv_ros2/flexiv_msgs', 'symlink_install': False, 'test_result_base': None}
[0.138s] Level 5:colcon.colcon_core.verb:set package 'flexiv_test_nodes' build argument 'cmake_args' from command line to 'None'
[0.138s] Level 5:colcon.colcon_core.verb:set package 'flexiv_test_nodes' build argument 'cmake_target' from command line to 'None'
[0.138s] Level 5:colcon.colcon_core.verb:set package 'flexiv_test_nodes' build argument 'cmake_target_skip_unavailable' from command line to 'False'
[0.138s] Level 5:colcon.colcon_core.verb:set package 'flexiv_test_nodes' build argument 'cmake_clean_cache' from command line to 'False'
[0.138s] Level 5:colcon.colcon_core.verb:set package 'flexiv_test_nodes' build argument 'cmake_clean_first' from command line to 'False'
[0.138s] Level 5:colcon.colcon_core.verb:set package 'flexiv_test_nodes' build argument 'cmake_force_configure' from command line to 'False'
[0.138s] Level 5:colcon.colcon_core.verb:set package 'flexiv_test_nodes' build argument 'ament_cmake_args' from command line to 'None'
[0.138s] Level 5:colcon.colcon_core.verb:set package 'flexiv_test_nodes' build argument 'catkin_cmake_args' from command line to 'None'
[0.138s] Level 5:colcon.colcon_core.verb:set package 'flexiv_test_nodes' build argument 'catkin_skip_building_tests' from command line to 'False'
[0.138s] DEBUG:colcon.colcon_core.verb:Building package 'flexiv_test_nodes' with the following arguments: {'ament_cmake_args': None, 'build_base': '/home/casey/flexiv_ros2_ws/build/flexiv_test_nodes', 'catkin_cmake_args': None, 'catkin_skip_building_tests': False, 'cmake_args': None, 'cmake_clean_cache': False, 'cmake_clean_first': False, 'cmake_force_configure': False, 'cmake_target': None, 'cmake_target_skip_unavailable': False, 'install_base': '/home/casey/flexiv_ros2_ws/install/flexiv_test_nodes', 'merge_install': False, 'path': '/home/casey/flexiv_ros2_ws/src/flexiv_ros2/flexiv_test_nodes', 'symlink_install': False, 'test_result_base': None}
[0.138s] Level 5:colcon.colcon_core.verb:set package 'flexiv_bringup' build argument 'cmake_args' from command line to 'None'
[0.138s] Level 5:colcon.colcon_core.verb:set package 'flexiv_bringup' build argument 'cmake_target' from command line to 'None'
[0.138s] Level 5:colcon.colcon_core.verb:set package 'flexiv_bringup' build argument 'cmake_target_skip_unavailable' from command line to 'False'
[0.138s] Level 5:colcon.colcon_core.verb:set package 'flexiv_bringup' build argument 'cmake_clean_cache' from command line to 'False'
[0.138s] Level 5:colcon.colcon_core.verb:set package 'flexiv_bringup' build argument 'cmake_clean_first' from command line to 'False'
[0.138s] Level 5:colcon.colcon_core.verb:set package 'flexiv_bringup' build argument 'cmake_force_configure' from command line to 'False'
[0.138s] Level 5:colcon.colcon_core.verb:set package 'flexiv_bringup' build argument 'ament_cmake_args' from command line to 'None'
[0.138s] Level 5:colcon.colcon_core.verb:set package 'flexiv_bringup' build argument 'catkin_cmake_args' from command line to 'None'
[0.138s] Level 5:colcon.colcon_core.verb:set package 'flexiv_bringup' build argument 'catkin_skip_building_tests' from command line to 'False'
[0.138s] DEBUG:colcon.colcon_core.verb:Building package 'flexiv_bringup' with the following arguments: {'ament_cmake_args': None, 'build_base': '/home/casey/flexiv_ros2_ws/build/flexiv_bringup', 'catkin_cmake_args': None, 'catkin_skip_building_tests': False, 'cmake_args': None, 'cmake_clean_cache': False, 'cmake_clean_first': False, 'cmake_force_configure': False, 'cmake_target': None, 'cmake_target_skip_unavailable': False, 'install_base': '/home/casey/flexiv_ros2_ws/install/flexiv_bringup', 'merge_install': False, 'path': '/home/casey/flexiv_ros2_ws/src/flexiv_ros2/flexiv_bringup', 'symlink_install': False, 'test_result_base': None}
[0.138s] Level 5:colcon.colcon_core.verb:set package 'flexiv_controllers' build argument 'cmake_args' from command line to 'None'
[0.138s] Level 5:colcon.colcon_core.verb:set package 'flexiv_controllers' build argument 'cmake_target' from command line to 'None'
[0.138s] Level 5:colcon.colcon_core.verb:set package 'flexiv_controllers' build argument 'cmake_target_skip_unavailable' from command line to 'False'
[0.138s] Level 5:colcon.colcon_core.verb:set package 'flexiv_controllers' build argument 'cmake_clean_cache' from command line to 'False'
[0.138s] Level 5:colcon.colcon_core.verb:set package 'flexiv_controllers' build argument 'cmake_clean_first' from command line to 'False'
[0.138s] Level 5:colcon.colcon_core.verb:set package 'flexiv_controllers' build argument 'cmake_force_configure' from command line to 'False'
[0.138s] Level 5:colcon.colcon_core.verb:set package 'flexiv_controllers' build argument 'ament_cmake_args' from command line to 'None'
[0.138s] Level 5:colcon.colcon_core.verb:set package 'flexiv_controllers' build argument 'catkin_cmake_args' from command line to 'None'
[0.138s] Level 5:colcon.colcon_core.verb:set package 'flexiv_controllers' build argument 'catkin_skip_building_tests' from command line to 'False'
[0.138s] DEBUG:colcon.colcon_core.verb:Building package 'flexiv_controllers' with the following arguments: {'ament_cmake_args': None, 'build_base': '/home/casey/flexiv_ros2_ws/build/flexiv_controllers', 'catkin_cmake_args': None, 'catkin_skip_building_tests': False, 'cmake_args': None, 'cmake_clean_cache': False, 'cmake_clean_first': False, 'cmake_force_configure': False, 'cmake_target': None, 'cmake_target_skip_unavailable': False, 'install_base': '/home/casey/flexiv_ros2_ws/install/flexiv_controllers', 'merge_install': False, 'path': '/home/casey/flexiv_ros2_ws/src/flexiv_ros2/flexiv_controllers', 'symlink_install': False, 'test_result_base': None}
[0.139s] Level 5:colcon.colcon_core.verb:set package 'flexiv_moveit_config' build argument 'cmake_args' from command line to 'None'
[0.139s] Level 5:colcon.colcon_core.verb:set package 'flexiv_moveit_config' build argument 'cmake_target' from command line to 'None'
[0.139s] Level 5:colcon.colcon_core.verb:set package 'flexiv_moveit_config' build argument 'cmake_target_skip_unavailable' from command line to 'False'
[0.139s] Level 5:colcon.colcon_core.verb:set package 'flexiv_moveit_config' build argument 'cmake_clean_cache' from command line to 'False'
[0.139s] Level 5:colcon.colcon_core.verb:set package 'flexiv_moveit_config' build argument 'cmake_clean_first' from command line to 'False'
[0.139s] Level 5:colcon.colcon_core.verb:set package 'flexiv_moveit_config' build argument 'cmake_force_configure' from command line to 'False'
[0.139s] Level 5:colcon.colcon_core.verb:set package 'flexiv_moveit_config' build argument 'ament_cmake_args' from command line to 'None'
[0.139s] Level 5:colcon.colcon_core.verb:set package 'flexiv_moveit_config' build argument 'catkin_cmake_args' from command line to 'None'
[0.139s] Level 5:colcon.colcon_core.verb:set package 'flexiv_moveit_config' build argument 'catkin_skip_building_tests' from command line to 'False'
[0.139s] DEBUG:colcon.colcon_core.verb:Building package 'flexiv_moveit_config' with the following arguments: {'ament_cmake_args': None, 'build_base': '/home/casey/flexiv_ros2_ws/build/flexiv_moveit_config', 'catkin_cmake_args': None, 'catkin_skip_building_tests': False, 'cmake_args': None, 'cmake_clean_cache': False, 'cmake_clean_first': False, 'cmake_force_configure': False, 'cmake_target': None, 'cmake_target_skip_unavailable': False, 'install_base': '/home/casey/flexiv_ros2_ws/install/flexiv_moveit_config', 'merge_install': False, 'path': '/home/casey/flexiv_ros2_ws/src/flexiv_ros2/flexiv_moveit_config', 'symlink_install': False, 'test_result_base': None}
[0.139s] INFO:colcon.colcon_core.executor:Executing jobs using 'parallel' executor
[0.140s] DEBUG:colcon.colcon_parallel_executor.executor.parallel:run_until_complete
[0.140s] INFO:colcon.colcon_ros.task.ament_cmake.build:Building ROS package in '/home/casey/flexiv_ros2_ws/src/flexiv_ros2/flexiv_description' with build type 'ament_cmake'
[0.140s] INFO:colcon.colcon_cmake.task.cmake.build:Building CMake package in '/home/casey/flexiv_ros2_ws/src/flexiv_ros2/flexiv_description'
[0.142s] INFO:colcon.colcon_core.plugin_system:Skipping extension 'colcon_core.shell.bat': Not used on non-Windows systems
[0.142s] INFO:colcon.colcon_core.shell:Skip shell extension 'powershell' for command environment: Not usable outside of PowerShell
[0.142s] DEBUG:colcon.colcon_core.shell:Skip shell extension 'dsv' for command environment
[0.145s] INFO:colcon.colcon_ros.task.ament_cmake.build:Building ROS package in '/home/casey/flexiv_ros2_ws/src/flexiv_ros2/flexiv_hardware' with build type 'ament_cmake'
[0.145s] INFO:colcon.colcon_cmake.task.cmake.build:Building CMake package in '/home/casey/flexiv_ros2_ws/src/flexiv_ros2/flexiv_hardware'
[0.145s] INFO:colcon.colcon_core.shell:Skip shell extension 'powershell' for command environment: Not usable outside of PowerShell
[0.145s] DEBUG:colcon.colcon_core.shell:Skip shell extension 'dsv' for command environment
[0.147s] INFO:colcon.colcon_ros.task.ament_cmake.build:Building ROS package in '/home/casey/flexiv_ros2_ws/src/flexiv_ros2/flexiv_msgs' with build type 'ament_cmake'
[0.148s] INFO:colcon.colcon_cmake.task.cmake.build:Building CMake package in '/home/casey/flexiv_ros2_ws/src/flexiv_ros2/flexiv_msgs'
[0.148s] INFO:colcon.colcon_core.shell:Skip shell extension 'powershell' for command environment: Not usable outside of PowerShell
[0.148s] DEBUG:colcon.colcon_core.shell:Skip shell extension 'dsv' for command environment
[0.150s] INFO:colcon.colcon_ros.task.ament_python.build:Building ROS package in '/home/casey/flexiv_ros2_ws/src/flexiv_ros2/flexiv_test_nodes' with build type 'ament_python'
[0.150s] Level 1:colcon.colcon_core.shell:create_environment_hook('flexiv_test_nodes', 'ament_prefix_path')
[0.150s] INFO:colcon.colcon_core.shell:Creating environment hook '/home/casey/flexiv_ros2_ws/install/flexiv_test_nodes/share/flexiv_test_nodes/hook/ament_prefix_path.ps1'
[0.151s] INFO:colcon.colcon_core.shell:Creating environment descriptor '/home/casey/flexiv_ros2_ws/install/flexiv_test_nodes/share/flexiv_test_nodes/hook/ament_prefix_path.dsv'
[0.151s] INFO:colcon.colcon_core.shell:Creating environment hook '/home/casey/flexiv_ros2_ws/install/flexiv_test_nodes/share/flexiv_test_nodes/hook/ament_prefix_path.sh'
[0.151s] INFO:colcon.colcon_core.shell:Skip shell extension 'powershell' for command environment: Not usable outside of PowerShell
[0.151s] DEBUG:colcon.colcon_core.shell:Skip shell extension 'dsv' for command environment
[0.154s] INFO:colcon.colcon_ros.task.ament_cmake.build:Building ROS package in '/home/casey/flexiv_ros2_ws/src/flexiv_ros2/flexiv_gazebo' with build type 'ament_cmake'
[0.154s] INFO:colcon.colcon_cmake.task.cmake.build:Building CMake package in '/home/casey/flexiv_ros2_ws/src/flexiv_ros2/flexiv_gazebo'
[0.154s] INFO:colcon.colcon_core.shell:Skip shell extension 'powershell' for command environment: Not usable outside of PowerShell
[0.154s] DEBUG:colcon.colcon_core.shell:Skip shell extension 'dsv' for command environment
[0.165s] DEBUG:colcon.colcon_core.event_handler.log_command:Invoking command in '/home/casey/flexiv_ros2_ws/build/flexiv_description': CMAKE_PREFIX_PATH=${CMAKE_PREFIX_PATH}:/home/casey/flexiv_ros2_ws/install/flexiv_test_nodes:/opt/ros/humble /usr/bin/cmake --build /home/casey/flexiv_ros2_ws/build/flexiv_description -- -j16 -l16
[0.168s] DEBUG:colcon.colcon_core.event_handler.log_command:Invoking command in '/home/casey/flexiv_ros2_ws/build/flexiv_hardware': CMAKE_PREFIX_PATH=${CMAKE_PREFIX_PATH}:/home/casey/flexiv_ros2_ws/install/flexiv_test_nodes:/opt/ros/humble /usr/bin/cmake --build /home/casey/flexiv_ros2_ws/build/flexiv_hardware -- -j16 -l16
[0.170s] DEBUG:colcon.colcon_core.event_handler.log_command:Invoking command in '/home/casey/flexiv_ros2_ws/build/flexiv_msgs': CMAKE_PREFIX_PATH=${CMAKE_PREFIX_PATH}:/home/casey/flexiv_ros2_ws/install/flexiv_test_nodes:/opt/ros/humble /usr/bin/cmake --build /home/casey/flexiv_ros2_ws/build/flexiv_msgs -- -j16 -l16
[0.341s] INFO:colcon.colcon_core.task.python.build:Building Python package in '/home/casey/flexiv_ros2_ws/src/flexiv_ros2/flexiv_test_nodes'
[0.342s] INFO:colcon.colcon_core.shell:Skip shell extension 'powershell' for command environment: Not usable outside of PowerShell
[0.342s] DEBUG:colcon.colcon_core.shell:Skip shell extension 'dsv' for command environment
[0.349s] DEBUG:colcon.colcon_core.event_handler.log_command:Invoked command in '/home/casey/flexiv_ros2_ws/build/flexiv_description' returned '0': CMAKE_PREFIX_PATH=${CMAKE_PREFIX_PATH}:/home/casey/flexiv_ros2_ws/install/flexiv_test_nodes:/opt/ros/humble /usr/bin/cmake --build /home/casey/flexiv_ros2_ws/build/flexiv_description -- -j16 -l16
[0.349s] DEBUG:colcon.colcon_core.event_handler.log_command:Invoked command in '/home/casey/flexiv_ros2_ws/build/flexiv_hardware' returned '0': CMAKE_PREFIX_PATH=${CMAKE_PREFIX_PATH}:/home/casey/flexiv_ros2_ws/install/flexiv_test_nodes:/opt/ros/humble /usr/bin/cmake --build /home/casey/flexiv_ros2_ws/build/flexiv_hardware -- -j16 -l16
[0.354s] DEBUG:colcon.colcon_core.event_handler.log_command:Invoking command in '/home/casey/flexiv_ros2_ws/build/flexiv_gazebo': CMAKE_PREFIX_PATH=${CMAKE_PREFIX_PATH}:/home/casey/flexiv_ros2_ws/install/flexiv_test_nodes:/opt/ros/humble /usr/bin/cmake /home/casey/flexiv_ros2_ws/src/flexiv_ros2/flexiv_gazebo -DCMAKE_INSTALL_PREFIX=/home/casey/flexiv_ros2_ws/install/flexiv_gazebo
[0.387s] DEBUG:colcon.colcon_core.event_handler.log_command:Invoking command in '/home/casey/flexiv_ros2_ws/build/flexiv_description': CMAKE_PREFIX_PATH=${CMAKE_PREFIX_PATH}:/home/casey/flexiv_ros2_ws/install/flexiv_test_nodes:/opt/ros/humble /usr/bin/cmake --install /home/casey/flexiv_ros2_ws/build/flexiv_description
[0.389s] DEBUG:colcon.colcon_core.event_handler.log_command:Invoking command in '/home/casey/flexiv_ros2_ws/build/flexiv_hardware': CMAKE_PREFIX_PATH=${CMAKE_PREFIX_PATH}:/home/casey/flexiv_ros2_ws/install/flexiv_test_nodes:/opt/ros/humble /usr/bin/cmake --install /home/casey/flexiv_ros2_ws/build/flexiv_hardware
[0.412s] Level 1:colcon.colcon_core.environment:create_environment_scripts_only(flexiv_hardware)
[0.413s] DEBUG:colcon.colcon_core.event_handler.log_command:Invoked command in '/home/casey/flexiv_ros2_ws/build/flexiv_hardware' returned '0': CMAKE_PREFIX_PATH=${CMAKE_PREFIX_PATH}:/home/casey/flexiv_ros2_ws/install/flexiv_test_nodes:/opt/ros/humble /usr/bin/cmake --install /home/casey/flexiv_ros2_ws/build/flexiv_hardware
[0.416s] Level 1:colcon.colcon_core.environment:checking '/home/casey/flexiv_ros2_ws/install/flexiv_hardware' for CMake module files
[0.417s] Level 1:colcon.colcon_core.environment:checking '/home/casey/flexiv_ros2_ws/install/flexiv_hardware' for CMake config files
[0.417s] Level 1:colcon.colcon_core.shell:create_environment_hook('flexiv_hardware', 'cmake_prefix_path')
[0.417s] INFO:colcon.colcon_core.shell:Creating environment hook '/home/casey/flexiv_ros2_ws/install/flexiv_hardware/share/flexiv_hardware/hook/cmake_prefix_path.ps1'
[0.418s] INFO:colcon.colcon_core.shell:Creating environment descriptor '/home/casey/flexiv_ros2_ws/install/flexiv_hardware/share/flexiv_hardware/hook/cmake_prefix_path.dsv'
[0.418s] INFO:colcon.colcon_core.shell:Creating environment hook '/home/casey/flexiv_ros2_ws/install/flexiv_hardware/share/flexiv_hardware/hook/cmake_prefix_path.sh'
[0.419s] Level 1:colcon.colcon_core.environment:checking '/home/casey/flexiv_ros2_ws/install/flexiv_hardware/lib'
[0.419s] Level 1:colcon.colcon_core.shell:create_environment_hook('flexiv_hardware', 'ld_library_path_lib')
[0.419s] INFO:colcon.colcon_core.shell:Creating environment hook '/home/casey/flexiv_ros2_ws/install/flexiv_hardware/share/flexiv_hardware/hook/ld_library_path_lib.ps1'
[0.420s] INFO:colcon.colcon_core.shell:Creating environment descriptor '/home/casey/flexiv_ros2_ws/install/flexiv_hardware/share/flexiv_hardware/hook/ld_library_path_lib.dsv'
[0.420s] INFO:colcon.colcon_core.shell:Creating environment hook '/home/casey/flexiv_ros2_ws/install/flexiv_hardware/share/flexiv_hardware/hook/ld_library_path_lib.sh'
[0.420s] Level 1:colcon.colcon_core.environment:checking '/home/casey/flexiv_ros2_ws/install/flexiv_hardware/bin'
[0.420s] Level 1:colcon.colcon_core.environment:checking '/home/casey/flexiv_ros2_ws/install/flexiv_hardware/lib/pkgconfig/flexiv_hardware.pc'
[0.421s] Level 1:colcon.colcon_core.environment:checking '/home/casey/flexiv_ros2_ws/install/flexiv_hardware/lib/python3.10/site-packages'
[0.421s] Level 1:colcon.colcon_core.environment:checking '/home/casey/flexiv_ros2_ws/install/flexiv_hardware/bin'
[0.421s] INFO:colcon.colcon_core.shell:Creating package script '/home/casey/flexiv_ros2_ws/install/flexiv_hardware/share/flexiv_hardware/package.ps1'
[0.422s] INFO:colcon.colcon_core.shell:Creating package descriptor '/home/casey/flexiv_ros2_ws/install/flexiv_hardware/share/flexiv_hardware/package.dsv'
[0.422s] INFO:colcon.colcon_core.shell:Creating package script '/home/casey/flexiv_ros2_ws/install/flexiv_hardware/share/flexiv_hardware/package.sh'
[0.423s] INFO:colcon.colcon_core.shell:Creating package script '/home/casey/flexiv_ros2_ws/install/flexiv_hardware/share/flexiv_hardware/package.bash'
[0.423s] INFO:colcon.colcon_core.shell:Creating package script '/home/casey/flexiv_ros2_ws/install/flexiv_hardware/share/flexiv_hardware/package.zsh'
[0.424s] Level 1:colcon.colcon_core.environment:create_file_with_runtime_dependencies(/home/casey/flexiv_ros2_ws/install/flexiv_hardware/share/colcon-core/packages/flexiv_hardware)
[0.427s] Level 1:colcon.colcon_core.environment:create_environment_scripts_only(flexiv_description)
[0.427s] Level 1:colcon.colcon_core.environment:checking '/home/casey/flexiv_ros2_ws/install/flexiv_description' for CMake module files
[0.427s] DEBUG:colcon.colcon_core.event_handler.log_command:Invoked command in '/home/casey/flexiv_ros2_ws/build/flexiv_description' returned '0': CMAKE_PREFIX_PATH=${CMAKE_PREFIX_PATH}:/home/casey/flexiv_ros2_ws/install/flexiv_test_nodes:/opt/ros/humble /usr/bin/cmake --install /home/casey/flexiv_ros2_ws/build/flexiv_description
[0.428s] Level 1:colcon.colcon_core.environment:checking '/home/casey/flexiv_ros2_ws/install/flexiv_description' for CMake config files
[0.429s] Level 1:colcon.colcon_core.shell:create_environment_hook('flexiv_description', 'cmake_prefix_path')
[0.429s] INFO:colcon.colcon_core.shell:Creating environment hook '/home/casey/flexiv_ros2_ws/install/flexiv_description/share/flexiv_description/hook/cmake_prefix_path.ps1'
[0.430s] INFO:colcon.colcon_core.shell:Creating environment descriptor '/home/casey/flexiv_ros2_ws/install/flexiv_description/share/flexiv_description/hook/cmake_prefix_path.dsv'
[0.430s] INFO:colcon.colcon_core.shell:Creating environment hook '/home/casey/flexiv_ros2_ws/install/flexiv_description/share/flexiv_description/hook/cmake_prefix_path.sh'
[0.431s] Level 1:colcon.colcon_core.environment:checking '/home/casey/flexiv_ros2_ws/install/flexiv_description/bin'
[0.431s] Level 1:colcon.colcon_core.environment:checking '/home/casey/flexiv_ros2_ws/install/flexiv_description/lib/pkgconfig/flexiv_description.pc'
[0.431s] Level 1:colcon.colcon_core.environment:checking '/home/casey/flexiv_ros2_ws/install/flexiv_description/lib/python3.10/site-packages'
[0.431s] Level 1:colcon.colcon_core.environment:checking '/home/casey/flexiv_ros2_ws/install/flexiv_description/bin'
[0.431s] INFO:colcon.colcon_core.shell:Creating package script '/home/casey/flexiv_ros2_ws/install/flexiv_description/share/flexiv_description/package.ps1'
[0.432s] INFO:colcon.colcon_core.shell:Creating package descriptor '/home/casey/flexiv_ros2_ws/install/flexiv_description/share/flexiv_description/package.dsv'
[0.432s] INFO:colcon.colcon_core.shell:Creating package script '/home/casey/flexiv_ros2_ws/install/flexiv_description/share/flexiv_description/package.sh'
[0.433s] INFO:colcon.colcon_core.shell:Creating package script '/home/casey/flexiv_ros2_ws/install/flexiv_description/share/flexiv_description/package.bash'
[0.433s] INFO:colcon.colcon_core.shell:Creating package script '/home/casey/flexiv_ros2_ws/install/flexiv_description/share/flexiv_description/package.zsh'
[0.433s] Level 1:colcon.colcon_core.environment:create_file_with_runtime_dependencies(/home/casey/flexiv_ros2_ws/install/flexiv_description/share/colcon-core/packages/flexiv_description)
[0.454s] Level 1:colcon.colcon_core.environment:create_environment_scripts_only(flexiv_hardware)
[0.454s] Level 1:colcon.colcon_core.environment:checking '/home/casey/flexiv_ros2_ws/install/flexiv_hardware' for CMake module files
[0.454s] Level 1:colcon.colcon_core.environment:checking '/home/casey/flexiv_ros2_ws/install/flexiv_hardware' for CMake config files
[0.454s] Level 1:colcon.colcon_core.shell:create_environment_hook('flexiv_hardware', 'cmake_prefix_path')
[0.455s] INFO:colcon.colcon_core.shell:Creating environment hook '/home/casey/flexiv_ros2_ws/install/flexiv_hardware/share/flexiv_hardware/hook/cmake_prefix_path.ps1'
[0.455s] INFO:colcon.colcon_core.shell:Creating environment descriptor '/home/casey/flexiv_ros2_ws/install/flexiv_hardware/share/flexiv_hardware/hook/cmake_prefix_path.dsv'
[0.455s] INFO:colcon.colcon_core.shell:Creating environment hook '/home/casey/flexiv_ros2_ws/install/flexiv_hardware/share/flexiv_hardware/hook/cmake_prefix_path.sh'
[0.456s] Level 1:colcon.colcon_core.environment:checking '/home/casey/flexiv_ros2_ws/install/flexiv_hardware/lib'
[0.456s] Level 1:colcon.colcon_core.shell:create_environment_hook('flexiv_hardware', 'ld_library_path_lib')
[0.456s] INFO:colcon.colcon_core.shell:Creating environment hook '/home/casey/flexiv_ros2_ws/install/flexiv_hardware/share/flexiv_hardware/hook/ld_library_path_lib.ps1'
[0.456s] INFO:colcon.colcon_core.shell:Creating environment descriptor '/home/casey/flexiv_ros2_ws/install/flexiv_hardware/share/flexiv_hardware/hook/ld_library_path_lib.dsv'
[0.456s] INFO:colcon.colcon_core.shell:Creating environment hook '/home/casey/flexiv_ros2_ws/install/flexiv_hardware/share/flexiv_hardware/hook/ld_library_path_lib.sh'
[0.456s] Level 1:colcon.colcon_core.environment:checking '/home/casey/flexiv_ros2_ws/install/flexiv_hardware/bin'
[0.456s] Level 1:colcon.colcon_core.environment:checking '/home/casey/flexiv_ros2_ws/install/flexiv_hardware/lib/pkgconfig/flexiv_hardware.pc'
[0.456s] Level 1:colcon.colcon_core.environment:checking '/home/casey/flexiv_ros2_ws/install/flexiv_hardware/lib/python3.10/site-packages'
[0.457s] Level 1:colcon.colcon_core.environment:checking '/home/casey/flexiv_ros2_ws/install/flexiv_hardware/bin'
[0.457s] INFO:colcon.colcon_core.shell:Creating package script '/home/casey/flexiv_ros2_ws/install/flexiv_hardware/share/flexiv_hardware/package.ps1'
[0.457s] INFO:colcon.colcon_core.shell:Creating package descriptor '/home/casey/flexiv_ros2_ws/install/flexiv_hardware/share/flexiv_hardware/package.dsv'
[0.457s] INFO:colcon.colcon_core.shell:Creating package script '/home/casey/flexiv_ros2_ws/install/flexiv_hardware/share/flexiv_hardware/package.sh'
[0.458s] INFO:colcon.colcon_core.shell:Creating package script '/home/casey/flexiv_ros2_ws/install/flexiv_hardware/share/flexiv_hardware/package.bash'
[0.458s] INFO:colcon.colcon_core.shell:Creating package script '/home/casey/flexiv_ros2_ws/install/flexiv_hardware/share/flexiv_hardware/package.zsh'
[0.458s] Level 1:colcon.colcon_core.environment:create_file_with_runtime_dependencies(/home/casey/flexiv_ros2_ws/install/flexiv_hardware/share/colcon-core/packages/flexiv_hardware)
[0.459s] Level 1:colcon.colcon_core.environment:create_environment_scripts_only(flexiv_description)
[0.459s] Level 1:colcon.colcon_core.environment:checking '/home/casey/flexiv_ros2_ws/install/flexiv_description' for CMake module files
[0.460s] Level 1:colcon.colcon_core.environment:checking '/home/casey/flexiv_ros2_ws/install/flexiv_description' for CMake config files
[0.461s] Level 1:colcon.colcon_core.shell:create_environment_hook('flexiv_description', 'cmake_prefix_path')
[0.461s] INFO:colcon.colcon_core.shell:Creating environment hook '/home/casey/flexiv_ros2_ws/install/flexiv_description/share/flexiv_description/hook/cmake_prefix_path.ps1'
[0.461s] INFO:colcon.colcon_core.shell:Creating environment descriptor '/home/casey/flexiv_ros2_ws/install/flexiv_description/share/flexiv_description/hook/cmake_prefix_path.dsv'
[0.461s] INFO:colcon.colcon_core.shell:Creating environment hook '/home/casey/flexiv_ros2_ws/install/flexiv_description/share/flexiv_description/hook/cmake_prefix_path.sh'
[0.462s] Level 1:colcon.colcon_core.environment:checking '/home/casey/flexiv_ros2_ws/install/flexiv_description/bin'
[0.462s] Level 1:colcon.colcon_core.environment:checking '/home/casey/flexiv_ros2_ws/install/flexiv_description/lib/pkgconfig/flexiv_description.pc'
[0.462s] Level 1:colcon.colcon_core.environment:checking '/home/casey/flexiv_ros2_ws/install/flexiv_description/lib/python3.10/site-packages'
[0.462s] Level 1:colcon.colcon_core.environment:checking '/home/casey/flexiv_ros2_ws/install/flexiv_description/bin'
[0.462s] INFO:colcon.colcon_core.shell:Creating package script '/home/casey/flexiv_ros2_ws/install/flexiv_description/share/flexiv_description/package.ps1'
[0.463s] INFO:colcon.colcon_core.shell:Creating package descriptor '/home/casey/flexiv_ros2_ws/install/flexiv_description/share/flexiv_description/package.dsv'
[0.463s] INFO:colcon.colcon_core.shell:Creating package script '/home/casey/flexiv_ros2_ws/install/flexiv_description/share/flexiv_description/package.sh'
[0.463s] INFO:colcon.colcon_core.shell:Creating package script '/home/casey/flexiv_ros2_ws/install/flexiv_description/share/flexiv_description/package.bash'
[0.464s] INFO:colcon.colcon_core.shell:Creating package script '/home/casey/flexiv_ros2_ws/install/flexiv_description/share/flexiv_description/package.zsh'
[0.464s] Level 1:colcon.colcon_core.environment:create_file_with_runtime_dependencies(/home/casey/flexiv_ros2_ws/install/flexiv_description/share/colcon-core/packages/flexiv_description)
[0.464s] INFO:colcon.colcon_ros.task.ament_cmake.build:Building ROS package in '/home/casey/flexiv_ros2_ws/src/flexiv_ros2/flexiv_moveit_config' with build type 'ament_cmake'
[0.464s] INFO:colcon.colcon_cmake.task.cmake.build:Building CMake package in '/home/casey/flexiv_ros2_ws/src/flexiv_ros2/flexiv_moveit_config'
[0.465s] INFO:colcon.colcon_core.shell:Skip shell extension 'powershell' for command environment: Not usable outside of PowerShell
[0.465s] DEBUG:colcon.colcon_core.shell:Skip shell extension 'dsv' for command environment
[0.478s] DEBUG:colcon.colcon_core.event_handler.log_command:Invoking command in '/home/casey/flexiv_ros2_ws/build/flexiv_moveit_config': CMAKE_PREFIX_PATH=/home/casey/flexiv_ros2_ws/install/flexiv_description:/home/casey/flexiv_ros2_ws/install/flexiv_bringup:/home/casey/flexiv_ros2_ws/install/flexiv_controllers:/home/casey/flexiv_ros2_ws/install/flexiv_msgs:/home/casey/flexiv_ros2_ws/install/flexiv_moveit_config:/home/casey/flexiv_ros2_ws/install/flexiv_hardware:/home/casey/flexiv_ros2_ws/install/flexiv_test_nodes:/opt/ros/humble /usr/bin/cmake --build /home/casey/flexiv_ros2_ws/build/flexiv_moveit_config -- -j16 -l16
[0.492s] DEBUG:colcon.colcon_core.event_handler.log_command:Invoked command in '/home/casey/flexiv_ros2_ws/build/flexiv_msgs' returned '0': CMAKE_PREFIX_PATH=${CMAKE_PREFIX_PATH}:/home/casey/flexiv_ros2_ws/install/flexiv_test_nodes:/opt/ros/humble /usr/bin/cmake --build /home/casey/flexiv_ros2_ws/build/flexiv_msgs -- -j16 -l16
[0.519s] DEBUG:colcon.colcon_core.event_handler.log_command:Invoked command in '/home/casey/flexiv_ros2_ws/build/flexiv_moveit_config' returned '0': CMAKE_PREFIX_PATH=/home/casey/flexiv_ros2_ws/install/flexiv_description:/home/casey/flexiv_ros2_ws/install/flexiv_bringup:/home/casey/flexiv_ros2_ws/install/flexiv_controllers:/home/casey/flexiv_ros2_ws/install/flexiv_msgs:/home/casey/flexiv_ros2_ws/install/flexiv_moveit_config:/home/casey/flexiv_ros2_ws/install/flexiv_hardware:/home/casey/flexiv_ros2_ws/install/flexiv_test_nodes:/opt/ros/humble /usr/bin/cmake --build /home/casey/flexiv_ros2_ws/build/flexiv_moveit_config -- -j16 -l16
[0.543s] DEBUG:colcon.colcon_core.event_handler.log_command:Invoking command in '/home/casey/flexiv_ros2_ws/build/flexiv_moveit_config': CMAKE_PREFIX_PATH=/home/casey/flexiv_ros2_ws/install/flexiv_description:/home/casey/flexiv_ros2_ws/install/flexiv_bringup:/home/casey/flexiv_ros2_ws/install/flexiv_controllers:/home/casey/flexiv_ros2_ws/install/flexiv_msgs:/home/casey/flexiv_ros2_ws/install/flexiv_moveit_config:/home/casey/flexiv_ros2_ws/install/flexiv_hardware:/home/casey/flexiv_ros2_ws/install/flexiv_test_nodes:/opt/ros/humble /usr/bin/cmake --install /home/casey/flexiv_ros2_ws/build/flexiv_moveit_config
[0.569s] Level 1:colcon.colcon_core.environment:create_environment_scripts_only(flexiv_moveit_config)
[0.570s] Level 1:colcon.colcon_core.environment:checking '/home/casey/flexiv_ros2_ws/install/flexiv_moveit_config' for CMake module files
[0.570s] DEBUG:colcon.colcon_core.event_handler.log_command:Invoked command in '/home/casey/flexiv_ros2_ws/build/flexiv_moveit_config' returned '0': CMAKE_PREFIX_PATH=/home/casey/flexiv_ros2_ws/install/flexiv_description:/home/casey/flexiv_ros2_ws/install/flexiv_bringup:/home/casey/flexiv_ros2_ws/install/flexiv_controllers:/home/casey/flexiv_ros2_ws/install/flexiv_msgs:/home/casey/flexiv_ros2_ws/install/flexiv_moveit_config:/home/casey/flexiv_ros2_ws/install/flexiv_hardware:/home/casey/flexiv_ros2_ws/install/flexiv_test_nodes:/opt/ros/humble /usr/bin/cmake --install /home/casey/flexiv_ros2_ws/build/flexiv_moveit_config
[0.570s] Level 1:colcon.colcon_core.environment:checking '/home/casey/flexiv_ros2_ws/install/flexiv_moveit_config' for CMake config files
[0.571s] Level 1:colcon.colcon_core.shell:create_environment_hook('flexiv_moveit_config', 'cmake_prefix_path')
[0.571s] INFO:colcon.colcon_core.shell:Creating environment hook '/home/casey/flexiv_ros2_ws/install/flexiv_moveit_config/share/flexiv_moveit_config/hook/cmake_prefix_path.ps1'
[0.571s] INFO:colcon.colcon_core.shell:Creating environment descriptor '/home/casey/flexiv_ros2_ws/install/flexiv_moveit_config/share/flexiv_moveit_config/hook/cmake_prefix_path.dsv'
[0.572s] INFO:colcon.colcon_core.shell:Creating environment hook '/home/casey/flexiv_ros2_ws/install/flexiv_moveit_config/share/flexiv_moveit_config/hook/cmake_prefix_path.sh'
[0.572s] Level 1:colcon.colcon_core.environment:checking '/home/casey/flexiv_ros2_ws/install/flexiv_moveit_config/bin'
[0.572s] Level 1:colcon.colcon_core.environment:checking '/home/casey/flexiv_ros2_ws/install/flexiv_moveit_config/lib/pkgconfig/flexiv_moveit_config.pc'
[0.572s] Level 1:colcon.colcon_core.environment:checking '/home/casey/flexiv_ros2_ws/install/flexiv_moveit_config/lib/python3.10/site-packages'
[0.572s] Level 1:colcon.colcon_core.environment:checking '/home/casey/flexiv_ros2_ws/install/flexiv_moveit_config/bin'
[0.573s] INFO:colcon.colcon_core.shell:Creating package script '/home/casey/flexiv_ros2_ws/install/flexiv_moveit_config/share/flexiv_moveit_config/package.ps1'
[0.573s] INFO:colcon.colcon_core.shell:Creating package descriptor '/home/casey/flexiv_ros2_ws/install/flexiv_moveit_config/share/flexiv_moveit_config/package.dsv'
[0.573s] INFO:colcon.colcon_core.shell:Creating package script '/home/casey/flexiv_ros2_ws/install/flexiv_moveit_config/share/flexiv_moveit_config/package.sh'
[0.573s] INFO:colcon.colcon_core.shell:Creating package script '/home/casey/flexiv_ros2_ws/install/flexiv_moveit_config/share/flexiv_moveit_config/package.bash'
[0.574s] INFO:colcon.colcon_core.shell:Creating package script '/home/casey/flexiv_ros2_ws/install/flexiv_moveit_config/share/flexiv_moveit_config/package.zsh'
[0.574s] Level 1:colcon.colcon_core.environment:create_file_with_runtime_dependencies(/home/casey/flexiv_ros2_ws/install/flexiv_moveit_config/share/colcon-core/packages/flexiv_moveit_config)
[0.602s] Level 1:colcon.colcon_core.environment:create_environment_scripts_only(flexiv_moveit_config)
[0.602s] Level 1:colcon.colcon_core.environment:checking '/home/casey/flexiv_ros2_ws/install/flexiv_moveit_config' for CMake module files
[0.602s] Level 1:colcon.colcon_core.environment:checking '/home/casey/flexiv_ros2_ws/install/flexiv_moveit_config' for CMake config files
[0.603s] Level 1:colcon.colcon_core.shell:create_environment_hook('flexiv_moveit_config', 'cmake_prefix_path')
[0.603s] INFO:colcon.colcon_core.shell:Creating environment hook '/home/casey/flexiv_ros2_ws/install/flexiv_moveit_config/share/flexiv_moveit_config/hook/cmake_prefix_path.ps1'
[0.603s] INFO:colcon.colcon_core.shell:Creating environment descriptor '/home/casey/flexiv_ros2_ws/install/flexiv_moveit_config/share/flexiv_moveit_config/hook/cmake_prefix_path.dsv'
[0.604s] INFO:colcon.colcon_core.shell:Creating environment hook '/home/casey/flexiv_ros2_ws/install/flexiv_moveit_config/share/flexiv_moveit_config/hook/cmake_prefix_path.sh'
[0.604s] Level 1:colcon.colcon_core.environment:checking '/home/casey/flexiv_ros2_ws/install/flexiv_moveit_config/bin'
[0.604s] Level 1:colcon.colcon_core.environment:checking '/home/casey/flexiv_ros2_ws/install/flexiv_moveit_config/lib/pkgconfig/flexiv_moveit_config.pc'
[0.605s] Level 1:colcon.colcon_core.environment:checking '/home/casey/flexiv_ros2_ws/install/flexiv_moveit_config/lib/python3.10/site-packages'
[0.605s] Level 1:colcon.colcon_core.environment:checking '/home/casey/flexiv_ros2_ws/install/flexiv_moveit_config/bin'
[0.605s] INFO:colcon.colcon_core.shell:Creating package script '/home/casey/flexiv_ros2_ws/install/flexiv_moveit_config/share/flexiv_moveit_config/package.ps1'
[0.605s] INFO:colcon.colcon_core.shell:Creating package descriptor '/home/casey/flexiv_ros2_ws/install/flexiv_moveit_config/share/flexiv_moveit_config/package.dsv'
[0.606s] INFO:colcon.colcon_core.shell:Creating package script '/home/casey/flexiv_ros2_ws/install/flexiv_moveit_config/share/flexiv_moveit_config/package.sh'
[0.606s] INFO:colcon.colcon_core.shell:Creating package script '/home/casey/flexiv_ros2_ws/install/flexiv_moveit_config/share/flexiv_moveit_config/package.bash'
[0.607s] INFO:colcon.colcon_core.shell:Creating package script '/home/casey/flexiv_ros2_ws/install/flexiv_moveit_config/share/flexiv_moveit_config/package.zsh'
[0.607s] Level 1:colcon.colcon_core.environment:create_file_with_runtime_dependencies(/home/casey/flexiv_ros2_ws/install/flexiv_moveit_config/share/colcon-core/packages/flexiv_moveit_config)
[0.700s] DEBUG:colcon.colcon_core.event_handler.log_command:Invoking command in '/home/casey/flexiv_ros2_ws/build/flexiv_msgs': CMAKE_PREFIX_PATH=${CMAKE_PREFIX_PATH}:/home/casey/flexiv_ros2_ws/install/flexiv_test_nodes:/opt/ros/humble /usr/bin/cmake --install /home/casey/flexiv_ros2_ws/build/flexiv_msgs
[0.760s] Level 1:colcon.colcon_core.environment:create_environment_scripts_only(flexiv_msgs)
[0.760s] Level 1:colcon.colcon_core.environment:checking '/home/casey/flexiv_ros2_ws/install/flexiv_msgs' for CMake module files
[0.761s] DEBUG:colcon.colcon_core.event_handler.log_command:Invoked command in '/home/casey/flexiv_ros2_ws/build/flexiv_msgs' returned '0': CMAKE_PREFIX_PATH=${CMAKE_PREFIX_PATH}:/home/casey/flexiv_ros2_ws/install/flexiv_test_nodes:/opt/ros/humble /usr/bin/cmake --install /home/casey/flexiv_ros2_ws/build/flexiv_msgs
[0.761s] Level 1:colcon.colcon_core.environment:checking '/home/casey/flexiv_ros2_ws/install/flexiv_msgs' for CMake config files
[0.762s] Level 1:colcon.colcon_core.shell:create_environment_hook('flexiv_msgs', 'cmake_prefix_path')
[0.762s] INFO:colcon.colcon_core.shell:Creating environment hook '/home/casey/flexiv_ros2_ws/install/flexiv_msgs/share/flexiv_msgs/hook/cmake_prefix_path.ps1'
[0.762s] INFO:colcon.colcon_core.shell:Creating environment descriptor '/home/casey/flexiv_ros2_ws/install/flexiv_msgs/share/flexiv_msgs/hook/cmake_prefix_path.dsv'
[0.763s] INFO:colcon.colcon_core.shell:Creating environment hook '/home/casey/flexiv_ros2_ws/install/flexiv_msgs/share/flexiv_msgs/hook/cmake_prefix_path.sh'
[0.763s] Level 1:colcon.colcon_core.environment:checking '/home/casey/flexiv_ros2_ws/install/flexiv_msgs/lib'
[0.763s] Level 1:colcon.colcon_core.shell:create_environment_hook('flexiv_msgs', 'ld_library_path_lib')
[0.763s] INFO:colcon.colcon_core.shell:Creating environment hook '/home/casey/flexiv_ros2_ws/install/flexiv_msgs/share/flexiv_msgs/hook/ld_library_path_lib.ps1'
[0.764s] INFO:colcon.colcon_core.shell:Creating environment descriptor '/home/casey/flexiv_ros2_ws/install/flexiv_msgs/share/flexiv_msgs/hook/ld_library_path_lib.dsv'
[0.764s] INFO:colcon.colcon_core.shell:Creating environment hook '/home/casey/flexiv_ros2_ws/install/flexiv_msgs/share/flexiv_msgs/hook/ld_library_path_lib.sh'
[0.764s] Level 1:colcon.colcon_core.environment:checking '/home/casey/flexiv_ros2_ws/install/flexiv_msgs/bin'
[0.764s] Level 1:colcon.colcon_core.environment:checking '/home/casey/flexiv_ros2_ws/install/flexiv_msgs/lib/pkgconfig/flexiv_msgs.pc'
[0.764s] Level 1:colcon.colcon_core.environment:checking '/home/casey/flexiv_ros2_ws/install/flexiv_msgs/lib/python3.10/site-packages'
[0.765s] Level 1:colcon.colcon_core.environment:checking '/home/casey/flexiv_ros2_ws/install/flexiv_msgs/bin'
[0.765s] INFO:colcon.colcon_core.shell:Creating package script '/home/casey/flexiv_ros2_ws/install/flexiv_msgs/share/flexiv_msgs/package.ps1'
[0.765s] INFO:colcon.colcon_core.shell:Creating package descriptor '/home/casey/flexiv_ros2_ws/install/flexiv_msgs/share/flexiv_msgs/package.dsv'
[0.765s] INFO:colcon.colcon_core.shell:Creating package script '/home/casey/flexiv_ros2_ws/install/flexiv_msgs/share/flexiv_msgs/package.sh'
[0.766s] INFO:colcon.colcon_core.shell:Creating package script '/home/casey/flexiv_ros2_ws/install/flexiv_msgs/share/flexiv_msgs/package.bash'
[0.766s] INFO:colcon.colcon_core.shell:Creating package script '/home/casey/flexiv_ros2_ws/install/flexiv_msgs/share/flexiv_msgs/package.zsh'
[0.766s] Level 1:colcon.colcon_core.environment:create_file_with_runtime_dependencies(/home/casey/flexiv_ros2_ws/install/flexiv_msgs/share/colcon-core/packages/flexiv_msgs)
[0.773s] DEBUG:colcon.colcon_core.event_handler.log_command:Invoking command in '/home/casey/flexiv_ros2_ws/src/flexiv_ros2/flexiv_test_nodes': PYTHONPATH=/home/casey/flexiv_ros2_ws/build/flexiv_test_nodes/prefix_override:/home/casey/flexiv_ros2_ws/install/flexiv_test_nodes/lib/python3.10/site-packages:${PYTHONPATH} /usr/bin/python3 -W ignore:setup.py install is deprecated setup.py egg_info --egg-base ../../../build/flexiv_test_nodes build --build-base /home/casey/flexiv_ros2_ws/build/flexiv_test_nodes/build install --record /home/casey/flexiv_ros2_ws/build/flexiv_test_nodes/install.log --single-version-externally-managed install_data
[0.981s] Level 1:colcon.colcon_core.environment:create_environment_scripts_only(flexiv_msgs)
[0.981s] Level 1:colcon.colcon_core.environment:checking '/home/casey/flexiv_ros2_ws/install/flexiv_msgs' for CMake module files
[0.982s] Level 1:colcon.colcon_core.environment:checking '/home/casey/flexiv_ros2_ws/install/flexiv_msgs' for CMake config files
[0.982s] Level 1:colcon.colcon_core.shell:create_environment_hook('flexiv_msgs', 'cmake_prefix_path')
[0.983s] INFO:colcon.colcon_core.shell:Creating environment hook '/home/casey/flexiv_ros2_ws/install/flexiv_msgs/share/flexiv_msgs/hook/cmake_prefix_path.ps1'
[0.983s] INFO:colcon.colcon_core.shell:Creating environment descriptor '/home/casey/flexiv_ros2_ws/install/flexiv_msgs/share/flexiv_msgs/hook/cmake_prefix_path.dsv'
[0.983s] INFO:colcon.colcon_core.shell:Creating environment hook '/home/casey/flexiv_ros2_ws/install/flexiv_msgs/share/flexiv_msgs/hook/cmake_prefix_path.sh'
[0.984s] Level 1:colcon.colcon_core.environment:checking '/home/casey/flexiv_ros2_ws/install/flexiv_msgs/lib'
[0.984s] Level 1:colcon.colcon_core.shell:create_environment_hook('flexiv_msgs', 'ld_library_path_lib')
[0.984s] INFO:colcon.colcon_core.shell:Creating environment hook '/home/casey/flexiv_ros2_ws/install/flexiv_msgs/share/flexiv_msgs/hook/ld_library_path_lib.ps1'
[0.984s] INFO:colcon.colcon_core.shell:Creating environment descriptor '/home/casey/flexiv_ros2_ws/install/flexiv_msgs/share/flexiv_msgs/hook/ld_library_path_lib.dsv'
[0.984s] INFO:colcon.colcon_core.shell:Creating environment hook '/home/casey/flexiv_ros2_ws/install/flexiv_msgs/share/flexiv_msgs/hook/ld_library_path_lib.sh'
[0.985s] Level 1:colcon.colcon_core.environment:checking '/home/casey/flexiv_ros2_ws/install/flexiv_msgs/bin'
[0.985s] Level 1:colcon.colcon_core.environment:checking '/home/casey/flexiv_ros2_ws/install/flexiv_msgs/lib/pkgconfig/flexiv_msgs.pc'
[0.985s] Level 1:colcon.colcon_core.environment:checking '/home/casey/flexiv_ros2_ws/install/flexiv_msgs/lib/python3.10/site-packages'
[0.985s] Level 1:colcon.colcon_core.environment:checking '/home/casey/flexiv_ros2_ws/install/flexiv_msgs/bin'
[0.985s] INFO:colcon.colcon_core.shell:Creating package script '/home/casey/flexiv_ros2_ws/install/flexiv_msgs/share/flexiv_msgs/package.ps1'
[0.986s] INFO:colcon.colcon_core.shell:Creating package descriptor '/home/casey/flexiv_ros2_ws/install/flexiv_msgs/share/flexiv_msgs/package.dsv'
[0.986s] INFO:colcon.colcon_core.shell:Creating package script '/home/casey/flexiv_ros2_ws/install/flexiv_msgs/share/flexiv_msgs/package.sh'
[0.986s] INFO:colcon.colcon_core.shell:Creating package script '/home/casey/flexiv_ros2_ws/install/flexiv_msgs/share/flexiv_msgs/package.bash'
[0.986s] INFO:colcon.colcon_core.shell:Creating package script '/home/casey/flexiv_ros2_ws/install/flexiv_msgs/share/flexiv_msgs/package.zsh'
[0.987s] Level 1:colcon.colcon_core.environment:create_file_with_runtime_dependencies(/home/casey/flexiv_ros2_ws/install/flexiv_msgs/share/colcon-core/packages/flexiv_msgs)
[0.987s] INFO:colcon.colcon_ros.task.ament_cmake.build:Building ROS package in '/home/casey/flexiv_ros2_ws/src/flexiv_ros2/flexiv_controllers' with build type 'ament_cmake'
[0.987s] INFO:colcon.colcon_cmake.task.cmake.build:Building CMake package in '/home/casey/flexiv_ros2_ws/src/flexiv_ros2/flexiv_controllers'
[0.987s] INFO:colcon.colcon_core.shell:Skip shell extension 'powershell' for command environment: Not usable outside of PowerShell
[0.987s] DEBUG:colcon.colcon_core.shell:Skip shell extension 'dsv' for command environment
[1.001s] DEBUG:colcon.colcon_core.event_handler.log_command:Invoking command in '/home/casey/flexiv_ros2_ws/build/flexiv_controllers': CMAKE_PREFIX_PATH=/home/casey/flexiv_ros2_ws/install/flexiv_msgs:/home/casey/flexiv_ros2_ws/install/flexiv_bringup:/home/casey/flexiv_ros2_ws/install/flexiv_controllers:/home/casey/flexiv_ros2_ws/install/flexiv_moveit_config:/home/casey/flexiv_ros2_ws/install/flexiv_hardware:/home/casey/flexiv_ros2_ws/install/flexiv_description:/home/casey/flexiv_ros2_ws/install/flexiv_test_nodes:/opt/ros/humble LD_LIBRARY_PATH=/home/casey/flexiv_ros2_ws/install/flexiv_msgs/lib:/home/casey/flexiv_ros2_ws/install/flexiv_controllers/lib:/home/casey/flexiv_ros2_ws/install/flexiv_hardware/lib:/opt/ros/humble/opt/rviz_ogre_vendor/lib:/opt/ros/humble/lib/x86_64-linux-gnu:/opt/ros/humble/lib /usr/bin/cmake --build /home/casey/flexiv_ros2_ws/build/flexiv_controllers -- -j16 -l16
[1.089s] DEBUG:colcon.colcon_core.event_handler.log_command:Invoked command in '/home/casey/flexiv_ros2_ws/build/flexiv_controllers' returned '0': CMAKE_PREFIX_PATH=/home/casey/flexiv_ros2_ws/install/flexiv_msgs:/home/casey/flexiv_ros2_ws/install/flexiv_bringup:/home/casey/flexiv_ros2_ws/install/flexiv_controllers:/home/casey/flexiv_ros2_ws/install/flexiv_moveit_config:/home/casey/flexiv_ros2_ws/install/flexiv_hardware:/home/casey/flexiv_ros2_ws/install/flexiv_description:/home/casey/flexiv_ros2_ws/install/flexiv_test_nodes:/opt/ros/humble LD_LIBRARY_PATH=/home/casey/flexiv_ros2_ws/install/flexiv_msgs/lib:/home/casey/flexiv_ros2_ws/install/flexiv_controllers/lib:/home/casey/flexiv_ros2_ws/install/flexiv_hardware/lib:/opt/ros/humble/opt/rviz_ogre_vendor/lib:/opt/ros/humble/lib/x86_64-linux-gnu:/opt/ros/humble/lib /usr/bin/cmake --build /home/casey/flexiv_ros2_ws/build/flexiv_controllers -- -j16 -l16
[1.091s] Level 1:colcon.colcon_core.environment:checking '/home/casey/flexiv_ros2_ws/install/flexiv_test_nodes' for CMake module files
[1.091s] DEBUG:colcon.colcon_core.event_handler.log_command:Invoked command in '/home/casey/flexiv_ros2_ws/src/flexiv_ros2/flexiv_test_nodes' returned '0': PYTHONPATH=/home/casey/flexiv_ros2_ws/build/flexiv_test_nodes/prefix_override:/home/casey/flexiv_ros2_ws/install/flexiv_test_nodes/lib/python3.10/site-packages:${PYTHONPATH} /usr/bin/python3 -W ignore:setup.py install is deprecated setup.py egg_info --egg-base ../../../build/flexiv_test_nodes build --build-base /home/casey/flexiv_ros2_ws/build/flexiv_test_nodes/build install --record /home/casey/flexiv_ros2_ws/build/flexiv_test_nodes/install.log --single-version-externally-managed install_data
[1.092s] Level 1:colcon.colcon_core.environment:checking '/home/casey/flexiv_ros2_ws/install/flexiv_test_nodes' for CMake config files
[1.092s] Level 1:colcon.colcon_core.environment:checking '/home/casey/flexiv_ros2_ws/install/flexiv_test_nodes/lib'
[1.092s] Level 1:colcon.colcon_core.environment:checking '/home/casey/flexiv_ros2_ws/install/flexiv_test_nodes/bin'
[1.092s] Level 1:colcon.colcon_core.environment:checking '/home/casey/flexiv_ros2_ws/install/flexiv_test_nodes/lib/pkgconfig/flexiv_test_nodes.pc'
[1.092s] Level 1:colcon.colcon_core.environment:checking '/home/casey/flexiv_ros2_ws/install/flexiv_test_nodes/lib/python3.10/site-packages'
[1.092s] Level 1:colcon.colcon_core.shell:create_environment_hook('flexiv_test_nodes', 'pythonpath')
[1.093s] INFO:colcon.colcon_core.shell:Creating environment hook '/home/casey/flexiv_ros2_ws/install/flexiv_test_nodes/share/flexiv_test_nodes/hook/pythonpath.ps1'
[1.093s] INFO:colcon.colcon_core.shell:Creating environment descriptor '/home/casey/flexiv_ros2_ws/install/flexiv_test_nodes/share/flexiv_test_nodes/hook/pythonpath.dsv'
[1.093s] INFO:colcon.colcon_core.shell:Creating environment hook '/home/casey/flexiv_ros2_ws/install/flexiv_test_nodes/share/flexiv_test_nodes/hook/pythonpath.sh'
[1.093s] Level 1:colcon.colcon_core.environment:checking '/home/casey/flexiv_ros2_ws/install/flexiv_test_nodes/bin'
[1.093s] Level 1:colcon.colcon_core.environment:create_environment_scripts_only(flexiv_test_nodes)
[1.094s] INFO:colcon.colcon_core.shell:Creating package script '/home/casey/flexiv_ros2_ws/install/flexiv_test_nodes/share/flexiv_test_nodes/package.ps1'
[1.094s] INFO:colcon.colcon_core.shell:Creating package descriptor '/home/casey/flexiv_ros2_ws/install/flexiv_test_nodes/share/flexiv_test_nodes/package.dsv'
[1.094s] INFO:colcon.colcon_core.shell:Creating package script '/home/casey/flexiv_ros2_ws/install/flexiv_test_nodes/share/flexiv_test_nodes/package.sh'
[1.094s] INFO:colcon.colcon_core.shell:Creating package script '/home/casey/flexiv_ros2_ws/install/flexiv_test_nodes/share/flexiv_test_nodes/package.bash'
[1.095s] INFO:colcon.colcon_core.shell:Creating package script '/home/casey/flexiv_ros2_ws/install/flexiv_test_nodes/share/flexiv_test_nodes/package.zsh'
[1.095s] Level 1:colcon.colcon_core.environment:create_file_with_runtime_dependencies(/home/casey/flexiv_ros2_ws/install/flexiv_test_nodes/share/colcon-core/packages/flexiv_test_nodes)
[1.095s] INFO:colcon.colcon_ros.task.ament_cmake.build:Building ROS package in '/home/casey/flexiv_ros2_ws/src/flexiv_ros2/flexiv_bringup' with build type 'ament_cmake'
[1.095s] INFO:colcon.colcon_cmake.task.cmake.build:Building CMake package in '/home/casey/flexiv_ros2_ws/src/flexiv_ros2/flexiv_bringup'
[1.095s] INFO:colcon.colcon_core.shell:Skip shell extension 'powershell' for command environment: Not usable outside of PowerShell
[1.095s] DEBUG:colcon.colcon_core.shell:Skip shell extension 'dsv' for command environment
[1.108s] DEBUG:colcon.colcon_core.event_handler.log_command:Invoking command in '/home/casey/flexiv_ros2_ws/build/flexiv_bringup': AMENT_PREFIX_PATH=/home/casey/flexiv_ros2_ws/install/flexiv_test_nodes:/home/casey/flexiv_ros2_ws/install/flexiv_bringup:/home/casey/flexiv_ros2_ws/install/flexiv_controllers:/home/casey/flexiv_ros2_ws/install/flexiv_msgs:/home/casey/flexiv_ros2_ws/install/flexiv_moveit_config:/home/casey/flexiv_ros2_ws/install/flexiv_hardware:/home/casey/flexiv_ros2_ws/install/flexiv_description:/opt/ros/humble CMAKE_PREFIX_PATH=/home/casey/flexiv_ros2_ws/install/flexiv_hardware:/home/casey/flexiv_ros2_ws/install/flexiv_description:/home/casey/flexiv_ros2_ws/install/flexiv_bringup:/home/casey/flexiv_ros2_ws/install/flexiv_controllers:/home/casey/flexiv_ros2_ws/install/flexiv_msgs:/home/casey/flexiv_ros2_ws/install/flexiv_moveit_config:/home/casey/flexiv_ros2_ws/install/flexiv_test_nodes:/opt/ros/humble LD_LIBRARY_PATH=/home/casey/flexiv_ros2_ws/install/flexiv_hardware/lib:/home/casey/flexiv_ros2_ws/install/flexiv_controllers/lib:/home/casey/flexiv_ros2_ws/install/flexiv_msgs/lib:/opt/ros/humble/opt/rviz_ogre_vendor/lib:/opt/ros/humble/lib/x86_64-linux-gnu:/opt/ros/humble/lib PYTHONPATH=/home/casey/flexiv_ros2_ws/install/flexiv_test_nodes/lib/python3.10/site-packages:/home/casey/flexiv_ros2_ws/build/flexiv_test_nodes:/home/casey/flexiv_ros2_ws/install/flexiv_msgs/local/lib/python3.10/dist-packages:/opt/ros/humble/lib/python3.10/site-packages:/opt/ros/humble/local/lib/python3.10/dist-packages /usr/bin/cmake --build /home/casey/flexiv_ros2_ws/build/flexiv_bringup -- -j16 -l16
[1.135s] DEBUG:colcon.colcon_core.event_handler.log_command:Invoking command in '/home/casey/flexiv_ros2_ws/build/flexiv_controllers': CMAKE_PREFIX_PATH=/home/casey/flexiv_ros2_ws/install/flexiv_msgs:/home/casey/flexiv_ros2_ws/install/flexiv_bringup:/home/casey/flexiv_ros2_ws/install/flexiv_controllers:/home/casey/flexiv_ros2_ws/install/flexiv_moveit_config:/home/casey/flexiv_ros2_ws/install/flexiv_hardware:/home/casey/flexiv_ros2_ws/install/flexiv_description:/home/casey/flexiv_ros2_ws/install/flexiv_test_nodes:/opt/ros/humble LD_LIBRARY_PATH=/home/casey/flexiv_ros2_ws/install/flexiv_msgs/lib:/home/casey/flexiv_ros2_ws/install/flexiv_controllers/lib:/home/casey/flexiv_ros2_ws/install/flexiv_hardware/lib:/opt/ros/humble/opt/rviz_ogre_vendor/lib:/opt/ros/humble/lib/x86_64-linux-gnu:/opt/ros/humble/lib /usr/bin/cmake --install /home/casey/flexiv_ros2_ws/build/flexiv_controllers
[1.150s] DEBUG:colcon.colcon_core.event_handler.log_command:Invoked command in '/home/casey/flexiv_ros2_ws/build/flexiv_bringup' returned '0': AMENT_PREFIX_PATH=/home/casey/flexiv_ros2_ws/install/flexiv_test_nodes:/home/casey/flexiv_ros2_ws/install/flexiv_bringup:/home/casey/flexiv_ros2_ws/install/flexiv_controllers:/home/casey/flexiv_ros2_ws/install/flexiv_msgs:/home/casey/flexiv_ros2_ws/install/flexiv_moveit_config:/home/casey/flexiv_ros2_ws/install/flexiv_hardware:/home/casey/flexiv_ros2_ws/install/flexiv_description:/opt/ros/humble CMAKE_PREFIX_PATH=/home/casey/flexiv_ros2_ws/install/flexiv_hardware:/home/casey/flexiv_ros2_ws/install/flexiv_description:/home/casey/flexiv_ros2_ws/install/flexiv_bringup:/home/casey/flexiv_ros2_ws/install/flexiv_controllers:/home/casey/flexiv_ros2_ws/install/flexiv_msgs:/home/casey/flexiv_ros2_ws/install/flexiv_moveit_config:/home/casey/flexiv_ros2_ws/install/flexiv_test_nodes:/opt/ros/humble LD_LIBRARY_PATH=/home/casey/flexiv_ros2_ws/install/flexiv_hardware/lib:/home/casey/flexiv_ros2_ws/install/flexiv_controllers/lib:/home/casey/flexiv_ros2_ws/install/flexiv_msgs/lib:/opt/ros/humble/opt/rviz_ogre_vendor/lib:/opt/ros/humble/lib/x86_64-linux-gnu:/opt/ros/humble/lib PYTHONPATH=/home/casey/flexiv_ros2_ws/install/flexiv_test_nodes/lib/python3.10/site-packages:/home/casey/flexiv_ros2_ws/build/flexiv_test_nodes:/home/casey/flexiv_ros2_ws/install/flexiv_msgs/local/lib/python3.10/dist-packages:/opt/ros/humble/lib/python3.10/site-packages:/opt/ros/humble/local/lib/python3.10/dist-packages /usr/bin/cmake --build /home/casey/flexiv_ros2_ws/build/flexiv_bringup -- -j16 -l16
[1.159s] Level 1:colcon.colcon_core.environment:create_environment_scripts_only(flexiv_controllers)
[1.159s] Level 1:colcon.colcon_core.environment:checking '/home/casey/flexiv_ros2_ws/install/flexiv_controllers' for CMake module files
[1.160s] DEBUG:colcon.colcon_core.event_handler.log_command:Invoked command in '/home/casey/flexiv_ros2_ws/build/flexiv_controllers' returned '0': CMAKE_PREFIX_PATH=/home/casey/flexiv_ros2_ws/install/flexiv_msgs:/home/casey/flexiv_ros2_ws/install/flexiv_bringup:/home/casey/flexiv_ros2_ws/install/flexiv_controllers:/home/casey/flexiv_ros2_ws/install/flexiv_moveit_config:/home/casey/flexiv_ros2_ws/install/flexiv_hardware:/home/casey/flexiv_ros2_ws/install/flexiv_description:/home/casey/flexiv_ros2_ws/install/flexiv_test_nodes:/opt/ros/humble LD_LIBRARY_PATH=/home/casey/flexiv_ros2_ws/install/flexiv_msgs/lib:/home/casey/flexiv_ros2_ws/install/flexiv_controllers/lib:/home/casey/flexiv_ros2_ws/install/flexiv_hardware/lib:/opt/ros/humble/opt/rviz_ogre_vendor/lib:/opt/ros/humble/lib/x86_64-linux-gnu:/opt/ros/humble/lib /usr/bin/cmake --install /home/casey/flexiv_ros2_ws/build/flexiv_controllers
[1.160s] Level 1:colcon.colcon_core.environment:checking '/home/casey/flexiv_ros2_ws/install/flexiv_controllers' for CMake config files
[1.160s] Level 1:colcon.colcon_core.shell:create_environment_hook('flexiv_controllers', 'cmake_prefix_path')
[1.160s] INFO:colcon.colcon_core.shell:Creating environment hook '/home/casey/flexiv_ros2_ws/install/flexiv_controllers/share/flexiv_controllers/hook/cmake_prefix_path.ps1'
[1.161s] INFO:colcon.colcon_core.shell:Creating environment descriptor '/home/casey/flexiv_ros2_ws/install/flexiv_controllers/share/flexiv_controllers/hook/cmake_prefix_path.dsv'
[1.161s] INFO:colcon.colcon_core.shell:Creating environment hook '/home/casey/flexiv_ros2_ws/install/flexiv_controllers/share/flexiv_controllers/hook/cmake_prefix_path.sh'
[1.162s] Level 1:colcon.colcon_core.environment:checking '/home/casey/flexiv_ros2_ws/install/flexiv_controllers/lib'
[1.162s] Level 1:colcon.colcon_core.shell:create_environment_hook('flexiv_controllers', 'ld_library_path_lib')
[1.162s] INFO:colcon.colcon_core.shell:Creating environment hook '/home/casey/flexiv_ros2_ws/install/flexiv_controllers/share/flexiv_controllers/hook/ld_library_path_lib.ps1'
[1.162s] INFO:colcon.colcon_core.shell:Creating environment descriptor '/home/casey/flexiv_ros2_ws/install/flexiv_controllers/share/flexiv_controllers/hook/ld_library_path_lib.dsv'
[1.162s] INFO:colcon.colcon_core.shell:Creating environment hook '/home/casey/flexiv_ros2_ws/install/flexiv_controllers/share/flexiv_controllers/hook/ld_library_path_lib.sh'
[1.163s] Level 1:colcon.colcon_core.environment:checking '/home/casey/flexiv_ros2_ws/install/flexiv_controllers/bin'
[1.163s] Level 1:colcon.colcon_core.environment:checking '/home/casey/flexiv_ros2_ws/install/flexiv_controllers/lib/pkgconfig/flexiv_controllers.pc'
[1.163s] Level 1:colcon.colcon_core.environment:checking '/home/casey/flexiv_ros2_ws/install/flexiv_controllers/lib/python3.10/site-packages'
[1.163s] Level 1:colcon.colcon_core.environment:checking '/home/casey/flexiv_ros2_ws/install/flexiv_controllers/bin'
[1.163s] INFO:colcon.colcon_core.shell:Creating package script '/home/casey/flexiv_ros2_ws/install/flexiv_controllers/share/flexiv_controllers/package.ps1'
[1.164s] INFO:colcon.colcon_core.shell:Creating package descriptor '/home/casey/flexiv_ros2_ws/install/flexiv_controllers/share/flexiv_controllers/package.dsv'
[1.164s] INFO:colcon.colcon_core.shell:Creating package script '/home/casey/flexiv_ros2_ws/install/flexiv_controllers/share/flexiv_controllers/package.sh'
[1.164s] INFO:colcon.colcon_core.shell:Creating package script '/home/casey/flexiv_ros2_ws/install/flexiv_controllers/share/flexiv_controllers/package.bash'
[1.164s] INFO:colcon.colcon_core.shell:Creating package script '/home/casey/flexiv_ros2_ws/install/flexiv_controllers/share/flexiv_controllers/package.zsh'
[1.164s] Level 1:colcon.colcon_core.environment:create_file_with_runtime_dependencies(/home/casey/flexiv_ros2_ws/install/flexiv_controllers/share/colcon-core/packages/flexiv_controllers)
[1.182s] DEBUG:colcon.colcon_core.event_handler.log_command:Invoking command in '/home/casey/flexiv_ros2_ws/build/flexiv_bringup': AMENT_PREFIX_PATH=/home/casey/flexiv_ros2_ws/install/flexiv_test_nodes:/home/casey/flexiv_ros2_ws/install/flexiv_bringup:/home/casey/flexiv_ros2_ws/install/flexiv_controllers:/home/casey/flexiv_ros2_ws/install/flexiv_msgs:/home/casey/flexiv_ros2_ws/install/flexiv_moveit_config:/home/casey/flexiv_ros2_ws/install/flexiv_hardware:/home/casey/flexiv_ros2_ws/install/flexiv_description:/opt/ros/humble CMAKE_PREFIX_PATH=/home/casey/flexiv_ros2_ws/install/flexiv_hardware:/home/casey/flexiv_ros2_ws/install/flexiv_description:/home/casey/flexiv_ros2_ws/install/flexiv_bringup:/home/casey/flexiv_ros2_ws/install/flexiv_controllers:/home/casey/flexiv_ros2_ws/install/flexiv_msgs:/home/casey/flexiv_ros2_ws/install/flexiv_moveit_config:/home/casey/flexiv_ros2_ws/install/flexiv_test_nodes:/opt/ros/humble LD_LIBRARY_PATH=/home/casey/flexiv_ros2_ws/install/flexiv_hardware/lib:/home/casey/flexiv_ros2_ws/install/flexiv_controllers/lib:/home/casey/flexiv_ros2_ws/install/flexiv_msgs/lib:/opt/ros/humble/opt/rviz_ogre_vendor/lib:/opt/ros/humble/lib/x86_64-linux-gnu:/opt/ros/humble/lib PYTHONPATH=/home/casey/flexiv_ros2_ws/install/flexiv_test_nodes/lib/python3.10/site-packages:/home/casey/flexiv_ros2_ws/build/flexiv_test_nodes:/home/casey/flexiv_ros2_ws/install/flexiv_msgs/local/lib/python3.10/dist-packages:/opt/ros/humble/lib/python3.10/site-packages:/opt/ros/humble/local/lib/python3.10/dist-packages /usr/bin/cmake --install /home/casey/flexiv_ros2_ws/build/flexiv_bringup
[1.203s] Level 1:colcon.colcon_core.environment:create_environment_scripts_only(flexiv_bringup)
[1.204s] Level 1:colcon.colcon_core.environment:checking '/home/casey/flexiv_ros2_ws/install/flexiv_bringup' for CMake module files
[1.204s] DEBUG:colcon.colcon_core.event_handler.log_command:Invoked command in '/home/casey/flexiv_ros2_ws/build/flexiv_bringup' returned '0': AMENT_PREFIX_PATH=/home/casey/flexiv_ros2_ws/install/flexiv_test_nodes:/home/casey/flexiv_ros2_ws/install/flexiv_bringup:/home/casey/flexiv_ros2_ws/install/flexiv_controllers:/home/casey/flexiv_ros2_ws/install/flexiv_msgs:/home/casey/flexiv_ros2_ws/install/flexiv_moveit_config:/home/casey/flexiv_ros2_ws/install/flexiv_hardware:/home/casey/flexiv_ros2_ws/install/flexiv_description:/opt/ros/humble CMAKE_PREFIX_PATH=/home/casey/flexiv_ros2_ws/install/flexiv_hardware:/home/casey/flexiv_ros2_ws/install/flexiv_description:/home/casey/flexiv_ros2_ws/install/flexiv_bringup:/home/casey/flexiv_ros2_ws/install/flexiv_controllers:/home/casey/flexiv_ros2_ws/install/flexiv_msgs:/home/casey/flexiv_ros2_ws/install/flexiv_moveit_config:/home/casey/flexiv_ros2_ws/install/flexiv_test_nodes:/opt/ros/humble LD_LIBRARY_PATH=/home/casey/flexiv_ros2_ws/install/flexiv_hardware/lib:/home/casey/flexiv_ros2_ws/install/flexiv_controllers/lib:/home/casey/flexiv_ros2_ws/install/flexiv_msgs/lib:/opt/ros/humble/opt/rviz_ogre_vendor/lib:/opt/ros/humble/lib/x86_64-linux-gnu:/opt/ros/humble/lib PYTHONPATH=/home/casey/flexiv_ros2_ws/install/flexiv_test_nodes/lib/python3.10/site-packages:/home/casey/flexiv_ros2_ws/build/flexiv_test_nodes:/home/casey/flexiv_ros2_ws/install/flexiv_msgs/local/lib/python3.10/dist-packages:/opt/ros/humble/lib/python3.10/site-packages:/opt/ros/humble/local/lib/python3.10/dist-packages /usr/bin/cmake --install /home/casey/flexiv_ros2_ws/build/flexiv_bringup
[1.204s] Level 1:colcon.colcon_core.environment:checking '/home/casey/flexiv_ros2_ws/install/flexiv_bringup' for CMake config files
[1.205s] Level 1:colcon.colcon_core.shell:create_environment_hook('flexiv_bringup', 'cmake_prefix_path')
[1.205s] INFO:colcon.colcon_core.shell:Creating environment hook '/home/casey/flexiv_ros2_ws/install/flexiv_bringup/share/flexiv_bringup/hook/cmake_prefix_path.ps1'
[1.205s] INFO:colcon.colcon_core.shell:Creating environment descriptor '/home/casey/flexiv_ros2_ws/install/flexiv_bringup/share/flexiv_bringup/hook/cmake_prefix_path.dsv'
[1.205s] INFO:colcon.colcon_core.shell:Creating environment hook '/home/casey/flexiv_ros2_ws/install/flexiv_bringup/share/flexiv_bringup/hook/cmake_prefix_path.sh'
[1.206s] Level 1:colcon.colcon_core.environment:checking '/home/casey/flexiv_ros2_ws/install/flexiv_bringup/bin'
[1.206s] Level 1:colcon.colcon_core.environment:checking '/home/casey/flexiv_ros2_ws/install/flexiv_bringup/lib/pkgconfig/flexiv_bringup.pc'
[1.206s] Level 1:colcon.colcon_core.environment:checking '/home/casey/flexiv_ros2_ws/install/flexiv_bringup/lib/python3.10/site-packages'
[1.206s] Level 1:colcon.colcon_core.environment:checking '/home/casey/flexiv_ros2_ws/install/flexiv_bringup/bin'
[1.206s] INFO:colcon.colcon_core.shell:Creating package script '/home/casey/flexiv_ros2_ws/install/flexiv_bringup/share/flexiv_bringup/package.ps1'
[1.207s] INFO:colcon.colcon_core.shell:Creating package descriptor '/home/casey/flexiv_ros2_ws/install/flexiv_bringup/share/flexiv_bringup/package.dsv'
[1.207s] INFO:colcon.colcon_core.shell:Creating package script '/home/casey/flexiv_ros2_ws/install/flexiv_bringup/share/flexiv_bringup/package.sh'
[1.207s] INFO:colcon.colcon_core.shell:Creating package script '/home/casey/flexiv_ros2_ws/install/flexiv_bringup/share/flexiv_bringup/package.bash'
[1.207s] INFO:colcon.colcon_core.shell:Creating package script '/home/casey/flexiv_ros2_ws/install/flexiv_bringup/share/flexiv_bringup/package.zsh'
[1.208s] Level 1:colcon.colcon_core.environment:create_file_with_runtime_dependencies(/home/casey/flexiv_ros2_ws/install/flexiv_bringup/share/colcon-core/packages/flexiv_bringup)
[1.212s] Level 1:colcon.colcon_core.environment:create_environment_scripts_only(flexiv_controllers)
[1.212s] Level 1:colcon.colcon_core.environment:checking '/home/casey/flexiv_ros2_ws/install/flexiv_controllers' for CMake module files
[1.212s] Level 1:colcon.colcon_core.environment:checking '/home/casey/flexiv_ros2_ws/install/flexiv_controllers' for CMake config files
[1.212s] Level 1:colcon.colcon_core.shell:create_environment_hook('flexiv_controllers', 'cmake_prefix_path')
[1.212s] INFO:colcon.colcon_core.shell:Creating environment hook '/home/casey/flexiv_ros2_ws/install/flexiv_controllers/share/flexiv_controllers/hook/cmake_prefix_path.ps1'
[1.213s] INFO:colcon.colcon_core.shell:Creating environment descriptor '/home/casey/flexiv_ros2_ws/install/flexiv_controllers/share/flexiv_controllers/hook/cmake_prefix_path.dsv'
[1.213s] INFO:colcon.colcon_core.shell:Creating environment hook '/home/casey/flexiv_ros2_ws/install/flexiv_controllers/share/flexiv_controllers/hook/cmake_prefix_path.sh'
[1.213s] Level 1:colcon.colcon_core.environment:checking '/home/casey/flexiv_ros2_ws/install/flexiv_controllers/lib'
[1.213s] Level 1:colcon.colcon_core.shell:create_environment_hook('flexiv_controllers', 'ld_library_path_lib')
[1.213s] INFO:colcon.colcon_core.shell:Creating environment hook '/home/casey/flexiv_ros2_ws/install/flexiv_controllers/share/flexiv_controllers/hook/ld_library_path_lib.ps1'
[1.214s] INFO:colcon.colcon_core.shell:Creating environment descriptor '/home/casey/flexiv_ros2_ws/install/flexiv_controllers/share/flexiv_controllers/hook/ld_library_path_lib.dsv'
[1.214s] INFO:colcon.colcon_core.shell:Creating environment hook '/home/casey/flexiv_ros2_ws/install/flexiv_controllers/share/flexiv_controllers/hook/ld_library_path_lib.sh'
[1.214s] Level 1:colcon.colcon_core.environment:checking '/home/casey/flexiv_ros2_ws/install/flexiv_controllers/bin'
[1.214s] Level 1:colcon.colcon_core.environment:checking '/home/casey/flexiv_ros2_ws/install/flexiv_controllers/lib/pkgconfig/flexiv_controllers.pc'
[1.214s] Level 1:colcon.colcon_core.environment:checking '/home/casey/flexiv_ros2_ws/install/flexiv_controllers/lib/python3.10/site-packages'
[1.214s] Level 1:colcon.colcon_core.environment:checking '/home/casey/flexiv_ros2_ws/install/flexiv_controllers/bin'
[1.214s] INFO:colcon.colcon_core.shell:Creating package script '/home/casey/flexiv_ros2_ws/install/flexiv_controllers/share/flexiv_controllers/package.ps1'
[1.215s] INFO:colcon.colcon_core.shell:Creating package descriptor '/home/casey/flexiv_ros2_ws/install/flexiv_controllers/share/flexiv_controllers/package.dsv'
[1.215s] INFO:colcon.colcon_core.shell:Creating package script '/home/casey/flexiv_ros2_ws/install/flexiv_controllers/share/flexiv_controllers/package.sh'
[1.215s] INFO:colcon.colcon_core.shell:Creating package script '/home/casey/flexiv_ros2_ws/install/flexiv_controllers/share/flexiv_controllers/package.bash'
[1.216s] INFO:colcon.colcon_core.shell:Creating package script '/home/casey/flexiv_ros2_ws/install/flexiv_controllers/share/flexiv_controllers/package.zsh'
[1.216s] Level 1:colcon.colcon_core.environment:create_file_with_runtime_dependencies(/home/casey/flexiv_ros2_ws/install/flexiv_controllers/share/colcon-core/packages/flexiv_controllers)
[1.238s] Level 1:colcon.colcon_core.environment:create_environment_scripts_only(flexiv_bringup)
[1.239s] Level 1:colcon.colcon_core.environment:checking '/home/casey/flexiv_ros2_ws/install/flexiv_bringup' for CMake module files
[1.239s] Level 1:colcon.colcon_core.environment:checking '/home/casey/flexiv_ros2_ws/install/flexiv_bringup' for CMake config files
[1.239s] Level 1:colcon.colcon_core.shell:create_environment_hook('flexiv_bringup', 'cmake_prefix_path')
[1.239s] INFO:colcon.colcon_core.shell:Creating environment hook '/home/casey/flexiv_ros2_ws/install/flexiv_bringup/share/flexiv_bringup/hook/cmake_prefix_path.ps1'
[1.240s] INFO:colcon.colcon_core.shell:Creating environment descriptor '/home/casey/flexiv_ros2_ws/install/flexiv_bringup/share/flexiv_bringup/hook/cmake_prefix_path.dsv'
[1.240s] INFO:colcon.colcon_core.shell:Creating environment hook '/home/casey/flexiv_ros2_ws/install/flexiv_bringup/share/flexiv_bringup/hook/cmake_prefix_path.sh'
[1.240s] Level 1:colcon.colcon_core.environment:checking '/home/casey/flexiv_ros2_ws/install/flexiv_bringup/bin'
[1.240s] Level 1:colcon.colcon_core.environment:checking '/home/casey/flexiv_ros2_ws/install/flexiv_bringup/lib/pkgconfig/flexiv_bringup.pc'
[1.241s] Level 1:colcon.colcon_core.environment:checking '/home/casey/flexiv_ros2_ws/install/flexiv_bringup/lib/python3.10/site-packages'
[1.241s] Level 1:colcon.colcon_core.environment:checking '/home/casey/flexiv_ros2_ws/install/flexiv_bringup/bin'
[1.241s] INFO:colcon.colcon_core.shell:Creating package script '/home/casey/flexiv_ros2_ws/install/flexiv_bringup/share/flexiv_bringup/package.ps1'
[1.242s] INFO:colcon.colcon_core.shell:Creating package descriptor '/home/casey/flexiv_ros2_ws/install/flexiv_bringup/share/flexiv_bringup/package.dsv'
[1.242s] INFO:colcon.colcon_core.shell:Creating package script '/home/casey/flexiv_ros2_ws/install/flexiv_bringup/share/flexiv_bringup/package.sh'
[1.242s] INFO:colcon.colcon_core.shell:Creating package script '/home/casey/flexiv_ros2_ws/install/flexiv_bringup/share/flexiv_bringup/package.bash'
[1.242s] INFO:colcon.colcon_core.shell:Creating package script '/home/casey/flexiv_ros2_ws/install/flexiv_bringup/share/flexiv_bringup/package.zsh'
[1.243s] Level 1:colcon.colcon_core.environment:create_file_with_runtime_dependencies(/home/casey/flexiv_ros2_ws/install/flexiv_bringup/share/colcon-core/packages/flexiv_bringup)
[2.595s] DEBUG:colcon.colcon_core.event_handler.log_command:Invoked command in '/home/casey/flexiv_ros2_ws/build/flexiv_gazebo' returned '1': CMAKE_PREFIX_PATH=${CMAKE_PREFIX_PATH}:/home/casey/flexiv_ros2_ws/install/flexiv_test_nodes:/opt/ros/humble /usr/bin/cmake /home/casey/flexiv_ros2_ws/src/flexiv_ros2/flexiv_gazebo -DCMAKE_INSTALL_PREFIX=/home/casey/flexiv_ros2_ws/install/flexiv_gazebo
[2.608s] Level 1:colcon.colcon_core.environment:create_environment_scripts_only(flexiv_gazebo)
[2.609s] Level 1:colcon.colcon_core.environment:checking '/home/casey/flexiv_ros2_ws/install/flexiv_gazebo' for CMake module files
[2.609s] Level 1:colcon.colcon_core.environment:checking '/home/casey/flexiv_ros2_ws/install/flexiv_gazebo' for CMake config files
[2.609s] Level 1:colcon.colcon_core.environment:checking '/home/casey/flexiv_ros2_ws/install/flexiv_gazebo/bin'
[2.609s] Level 1:colcon.colcon_core.environment:checking '/home/casey/flexiv_ros2_ws/install/flexiv_gazebo/lib/pkgconfig/flexiv_gazebo.pc'
[2.610s] Level 1:colcon.colcon_core.environment:checking '/home/casey/flexiv_ros2_ws/install/flexiv_gazebo/lib/python3.10/site-packages'
[2.610s] Level 1:colcon.colcon_core.environment:checking '/home/casey/flexiv_ros2_ws/install/flexiv_gazebo/bin'
[2.610s] INFO:colcon.colcon_core.shell:Creating package script '/home/casey/flexiv_ros2_ws/install/flexiv_gazebo/share/flexiv_gazebo/package.ps1'
[2.610s] INFO:colcon.colcon_core.shell:Creating package descriptor '/home/casey/flexiv_ros2_ws/install/flexiv_gazebo/share/flexiv_gazebo/package.dsv'
[2.610s] INFO:colcon.colcon_core.shell:Creating package script '/home/casey/flexiv_ros2_ws/install/flexiv_gazebo/share/flexiv_gazebo/package.sh'
[2.610s] INFO:colcon.colcon_core.shell:Creating package script '/home/casey/flexiv_ros2_ws/install/flexiv_gazebo/share/flexiv_gazebo/package.bash'
[2.611s] INFO:colcon.colcon_core.shell:Creating package script '/home/casey/flexiv_ros2_ws/install/flexiv_gazebo/share/flexiv_gazebo/package.zsh'
[2.611s] Level 1:colcon.colcon_core.environment:create_file_with_runtime_dependencies(/home/casey/flexiv_ros2_ws/install/flexiv_gazebo/share/colcon-core/packages/flexiv_gazebo)
[2.622s] DEBUG:colcon.colcon_parallel_executor.executor.parallel:closing loop
[2.622s] DEBUG:colcon.colcon_parallel_executor.executor.parallel:loop closed
[2.622s] DEBUG:colcon.colcon_parallel_executor.executor.parallel:run_until_complete finished with '1'
[2.622s] DEBUG:colcon.colcon_core.event_reactor:joining thread
[2.637s] INFO:colcon.colcon_core.plugin_system:Skipping extension 'colcon_notification.desktop_notification.terminal_notifier': Not used on non-Darwin systems
[2.637s] INFO:colcon.colcon_core.plugin_system:Skipping extension 'colcon_notification.desktop_notification.win32': Not used on non-Windows systems
[2.637s] INFO:colcon.colcon_notification.desktop_notification:Sending desktop notification using 'notify2'
[2.646s] DEBUG:colcon.colcon_core.event_reactor:joined thread
[2.647s] INFO:colcon.colcon_core.shell:Creating prefix script '/home/casey/flexiv_ros2_ws/install/local_setup.ps1'
[2.647s] INFO:colcon.colcon_core.shell:Creating prefix util module '/home/casey/flexiv_ros2_ws/install/_local_setup_util_ps1.py'
[2.648s] INFO:colcon.colcon_core.shell:Creating prefix chain script '/home/casey/flexiv_ros2_ws/install/setup.ps1'
[2.649s] INFO:colcon.colcon_core.shell:Creating prefix script '/home/casey/flexiv_ros2_ws/install/local_setup.sh'
[2.649s] INFO:colcon.colcon_core.shell:Creating prefix util module '/home/casey/flexiv_ros2_ws/install/_local_setup_util_sh.py'
[2.650s] INFO:colcon.colcon_core.shell:Creating prefix chain script '/home/casey/flexiv_ros2_ws/install/setup.sh'
[2.650s] INFO:colcon.colcon_core.shell:Creating prefix script '/home/casey/flexiv_ros2_ws/install/local_setup.bash'
[2.651s] INFO:colcon.colcon_core.shell:Creating prefix chain script '/home/casey/flexiv_ros2_ws/install/setup.bash'
[2.651s] INFO:colcon.colcon_core.shell:Creating prefix script '/home/casey/flexiv_ros2_ws/install/local_setup.zsh'
[2.652s] INFO:colcon.colcon_core.shell:Creating prefix chain script '/home/casey/flexiv_ros2_ws/install/setup.zsh'
