[0.198s] Invoking command in '/home/casey/flexiv_ros2_ws/build/flexiv_gazebo': CMAKE_PREFIX_PATH=${CMAKE_PREFIX_PATH}:/home/casey/flexiv_ros2_ws/install/flexiv_test_nodes:/opt/ros/humble /usr/bin/cmake /home/casey/flexiv_ros2_ws/src/flexiv_ros2/flexiv_gazebo -DCMAKE_INSTALL_PREFIX=/home/casey/flexiv_ros2_ws/install/flexiv_gazebo
[0.208s] -- Found ament_cmake: 1.3.9 (/opt/ros/humble/share/ament_cmake/cmake)
[0.316s] -- Found controller_manager: 2.41.0 (/opt/ros/humble/share/controller_manager/cmake)
[0.338s] -- Found rosidl_generator_c: 3.1.5 (/opt/ros/humble/share/rosidl_generator_c/cmake)
[0.339s] -- Found rosidl_adapter: 3.1.5 (/opt/ros/humble/share/rosidl_adapter/cmake)
[0.343s] -- Found rosidl_generator_cpp: 3.1.5 (/opt/ros/humble/share/rosidl_generator_cpp/cmake)
[0.351s] -- Using all available rosidl_typesupport_c: rosidl_typesupport_fastrtps_c;rosidl_typesupport_introspection_c
[0.361s] -- Using all available rosidl_typesupport_cpp: rosidl_typesupport_fastrtps_cpp;rosidl_typesupport_introspection_cpp
[0.754s] -- Found rmw_implementation_cmake: 6.1.2 (/opt/ros/humble/share/rmw_implementation_cmake/cmake)
[0.755s] -- Found rmw_fastrtps_cpp: 6.2.6 (/opt/ros/humble/share/rmw_fastrtps_cpp/cmake)
[0.773s] -- Found TinyXML2 via Config file: TinyXML2_DIR-NOTFOUND
[0.780s] -- Found TinyXML2 via Config file: TinyXML2_DIR-NOTFOUND
[0.800s] -- Found TinyXML2 via Config file: TinyXML2_DIR-NOTFOUND
[0.810s] -- Found TinyXML2 via Config file: TinyXML2_DIR-NOTFOUND
[0.821s] -- Using RMW implementation 'rmw_fastrtps_cpp' as default
[1.206s] -- Found gazebo_ros: 3.7.0 (/opt/ros/humble/share/gazebo_ros/cmake)
[1.233s] -- Found DART: /usr/include (Required is at least version "6.6") found components: dart 
[1.256s] -- Looking for ignition-math6 -- found version 6.15.1
[1.259s] -- Searching for dependencies of ignition-math6
[1.260s] -- Looking for OGRE...
[1.265s] -- Found Ogre Ghadamon (1.9.0)
[1.266s] -- Found OGRE: optimized;/usr/lib/x86_64-linux-gnu/libOgreMain.so;debug;/usr/lib/x86_64-linux-gnu/libOgreMain.so
[1.271s] -- Looking for OGRE_Paging...
[1.271s] -- Found OGRE_Paging: optimized;/usr/lib/x86_64-linux-gnu/libOgrePaging.so;debug;/usr/lib/x86_64-linux-gnu/libOgrePaging.so
[1.271s] -- Looking for OGRE_Terrain...
[1.271s] -- Found OGRE_Terrain: optimized;/usr/lib/x86_64-linux-gnu/libOgreTerrain.so;debug;/usr/lib/x86_64-linux-gnu/libOgreTerrain.so
[1.271s] -- Looking for OGRE_Property...
[1.271s] -- Found OGRE_Property: optimized;/usr/lib/x86_64-linux-gnu/libOgreProperty.so;debug;/usr/lib/x86_64-linux-gnu/libOgreProperty.so
[1.271s] -- Looking for OGRE_RTShaderSystem...
[1.271s] -- Found OGRE_RTShaderSystem: optimized;/usr/lib/x86_64-linux-gnu/libOgreRTShaderSystem.so;debug;/usr/lib/x86_64-linux-gnu/libOgreRTShaderSystem.so
[1.271s] -- Looking for OGRE_Volume...
[1.271s] -- Found OGRE_Volume: optimized;/usr/lib/x86_64-linux-gnu/libOgreVolume.so;debug;/usr/lib/x86_64-linux-gnu/libOgreVolume.so
[1.271s] -- Looking for OGRE_Overlay...
[1.271s] -- Found OGRE_Overlay: optimized;/usr/lib/x86_64-linux-gnu/libOgreOverlay.so;debug;/usr/lib/x86_64-linux-gnu/libOgreOverlay.so
[1.348s] -- Looking for ignition-math6 -- found version 6.15.1
[1.348s] -- Looking for ignition-transport8 -- found version 8.2.1
[1.348s] -- Searching for dependencies of ignition-transport8
[1.366s] -- Found Protobuf: /usr/lib/x86_64-linux-gnu/libprotobuf.so (found suitable version "3.12.4", minimum required is "3") 
[1.374s] -- Config-file not installed for ZeroMQ -- checking for pkg-config
[1.379s] -- Checking for module 'libzmq >= 4'
[1.394s] --   Found libzmq , version 4.3.4
[1.448s] -- Checking for module 'uuid'
[1.464s] --   Found uuid, version 2.37.2
[1.505s] -- Looking for ignition-msgs5 -- found version 5.8.1
[1.505s] -- Searching for dependencies of ignition-msgs5
[1.525s] -- Looking for ignition-math6 -- found version 6.15.1
[1.530s] -- Checking for module 'tinyxml2'
[1.547s] --   Found tinyxml2, version 9.0.0
[1.590s] -- Looking for ignition-msgs5 -- found version 5.8.1
[1.590s] -- Looking for ignition-common3 -- found version 3.14.0
[1.590s] -- Searching for dependencies of ignition-common3
[1.590s] -- Looking for dlfcn.h - found
[1.590s] -- Looking for libdl - found
[1.600s] -- Searching for <ignition-common3> component [graphics]
[1.601s] -- Looking for ignition-common3-graphics -- found version 3.14.0
[1.601s] -- Searching for dependencies of ignition-common3-graphics
[1.601s] -- Looking for ignition-math6 -- found version 6.15.1
[1.602s] -- Looking for ignition-fuel_tools4 -- found version 4.4.0
[1.602s] -- Searching for dependencies of ignition-fuel_tools4
[1.643s] -- Checking for module 'jsoncpp'
[1.662s] --   Found jsoncpp, version 1.9.5
[1.704s] -- Checking for module 'libzip'
[1.720s] --   Found libzip, version 1.7.3
[1.764s] -- Looking for ignition-common3 -- found version 3.14.0
[1.765s] -- Looking for ignition-math6 -- found version 6.15.1
[1.765s] -- Looking for ignition-msgs5 -- found version 5.8.1
[1.765s] -- Gazebo version: 11.10
[1.769s] -- Found ros_gz: 0.244.14 (/opt/ros/humble/share/ros_gz/cmake)
[1.769s] -- Found ros_gz_bridge: 0.244.14 (/opt/ros/humble/share/ros_gz_bridge/cmake)
[1.905s] -- Found Protobuf: /usr/lib/x86_64-linux-gnu/libprotobuf.so (found version "3.12.4") 
[2.362s] -- Found ros_gz_sim: 0.244.14 (/opt/ros/humble/share/ros_gz_sim/cmake)
[2.364s] -- Found ros_gz_image: 0.244.14 (/opt/ros/humble/share/ros_gz_image/cmake)
[2.364s] -- Found xacro: 2.0.8 (/opt/ros/humble/share/xacro/cmake)
[2.399s] [31mCMake Error at /opt/ros/humble/share/ament_cmake_python/cmake/ament_python_install_package.cmake:66 (message):
[2.399s]   ament_python_install_package() the Python package folder
[2.399s]   '/home/casey/flexiv_ros2_ws/src/flexiv_ros2/flexiv_gazebo/flexiv_gazebo'
[2.399s]   doesn't contain an '__init__.py' file
[2.399s] Call Stack (most recent call first):
[2.399s]   /opt/ros/humble/share/ament_cmake_python/cmake/ament_python_install_package.cmake:39 (_ament_cmake_python_install_package)
[2.400s]   CMakeLists.txt:62 (ament_python_install_package)
[2.400s] 
[2.400s] [0m
[2.400s] -- Configuring incomplete, errors occurred!
[2.400s] See also "/home/casey/flexiv_ros2_ws/build/flexiv_gazebo/CMakeFiles/CMakeOutput.log".
[2.409s] Invoked command in '/home/casey/flexiv_ros2_ws/build/flexiv_gazebo' returned '1': CMAKE_PREFIX_PATH=${CMAKE_PREFIX_PATH}:/home/casey/flexiv_ros2_ws/install/flexiv_test_nodes:/opt/ros/humble /usr/bin/cmake /home/casey/flexiv_ros2_ws/src/flexiv_ros2/flexiv_gazebo -DCMAKE_INSTALL_PREFIX=/home/casey/flexiv_ros2_ws/install/flexiv_gazebo
