[0.010s] Invoking command in '/home/casey/flexiv_ros2_ws/build/flexiv_moveit_config': CMAKE_PREFIX_PATH=/home/casey/flexiv_ros2_ws/install/flexiv_description:/home/casey/flexiv_ros2_ws/install/flexiv_bringup:/home/casey/flexiv_ros2_ws/install/flexiv_controllers:/home/casey/flexiv_ros2_ws/install/flexiv_msgs:/home/casey/flexiv_ros2_ws/install/flexiv_moveit_config:/home/casey/flexiv_ros2_ws/install/flexiv_hardware:/home/casey/flexiv_ros2_ws/install/flexiv_test_nodes:/opt/ros/humble /usr/bin/cmake --build /home/casey/flexiv_ros2_ws/build/flexiv_moveit_config -- -j16 -l16
[0.054s] Invoked command in '/home/casey/flexiv_ros2_ws/build/flexiv_moveit_config' returned '0': CMAKE_PREFIX_PATH=/home/casey/flexiv_ros2_ws/install/flexiv_description:/home/casey/flexiv_ros2_ws/install/flexiv_bringup:/home/casey/flexiv_ros2_ws/install/flexiv_controllers:/home/casey/flexiv_ros2_ws/install/flexiv_msgs:/home/casey/flexiv_ros2_ws/install/flexiv_moveit_config:/home/casey/flexiv_ros2_ws/install/flexiv_hardware:/home/casey/flexiv_ros2_ws/install/flexiv_test_nodes:/opt/ros/humble /usr/bin/cmake --build /home/casey/flexiv_ros2_ws/build/flexiv_moveit_config -- -j16 -l16
[0.082s] Invoking command in '/home/casey/flexiv_ros2_ws/build/flexiv_moveit_config': CMAKE_PREFIX_PATH=/home/casey/flexiv_ros2_ws/install/flexiv_description:/home/casey/flexiv_ros2_ws/install/flexiv_bringup:/home/casey/flexiv_ros2_ws/install/flexiv_controllers:/home/casey/flexiv_ros2_ws/install/flexiv_msgs:/home/casey/flexiv_ros2_ws/install/flexiv_moveit_config:/home/casey/flexiv_ros2_ws/install/flexiv_hardware:/home/casey/flexiv_ros2_ws/install/flexiv_test_nodes:/opt/ros/humble /usr/bin/cmake --install /home/casey/flexiv_ros2_ws/build/flexiv_moveit_config
[0.091s] -- Install configuration: ""
[0.091s] -- Execute custom install script
[0.091s] -- Up-to-date symlink: /home/casey/flexiv_ros2_ws/install/flexiv_moveit_config/share/flexiv_moveit_config/config/joint_limits.yaml
[0.091s] -- Up-to-date symlink: /home/casey/flexiv_ros2_ws/install/flexiv_moveit_config/share/flexiv_moveit_config/config/kinematics.yaml
[0.092s] -- Up-to-date symlink: /home/casey/flexiv_ros2_ws/install/flexiv_moveit_config/share/flexiv_moveit_config/config/moveit_controllers.yaml
[0.092s] -- Up-to-date symlink: /home/casey/flexiv_ros2_ws/install/flexiv_moveit_config/share/flexiv_moveit_config/config/ompl_planning.yaml
[0.092s] -- Up-to-date symlink: /home/casey/flexiv_ros2_ws/install/flexiv_moveit_config/share/flexiv_moveit_config/config/rizon_moveit_servo_config.yaml
[0.092s] -- Up-to-date symlink: /home/casey/flexiv_ros2_ws/install/flexiv_moveit_config/share/flexiv_moveit_config/srdf/rizon.srdf.xacro
[0.092s] -- Up-to-date symlink: /home/casey/flexiv_ros2_ws/install/flexiv_moveit_config/share/flexiv_moveit_config/srdf/rizon_macro.srdf.xacro
[0.092s] -- Up-to-date symlink: /home/casey/flexiv_ros2_ws/install/flexiv_moveit_config/share/flexiv_moveit_config/rviz/moveit.rviz
[0.092s] -- Up-to-date symlink: /home/casey/flexiv_ros2_ws/install/flexiv_moveit_config/share/ament_index/resource_index/package_run_dependencies/flexiv_moveit_config
[0.092s] -- Up-to-date symlink: /home/casey/flexiv_ros2_ws/install/flexiv_moveit_config/share/ament_index/resource_index/parent_prefix_path/flexiv_moveit_config
[0.092s] -- Up-to-date symlink: /home/casey/flexiv_ros2_ws/install/flexiv_moveit_config/share/flexiv_moveit_config/environment/ament_prefix_path.sh
[0.092s] -- Up-to-date symlink: /home/casey/flexiv_ros2_ws/install/flexiv_moveit_config/share/flexiv_moveit_config/environment/ament_prefix_path.dsv
[0.092s] -- Up-to-date symlink: /home/casey/flexiv_ros2_ws/install/flexiv_moveit_config/share/flexiv_moveit_config/environment/path.sh
[0.092s] -- Up-to-date symlink: /home/casey/flexiv_ros2_ws/install/flexiv_moveit_config/share/flexiv_moveit_config/environment/path.dsv
[0.093s] -- Up-to-date symlink: /home/casey/flexiv_ros2_ws/install/flexiv_moveit_config/share/flexiv_moveit_config/local_setup.bash
[0.093s] -- Up-to-date symlink: /home/casey/flexiv_ros2_ws/install/flexiv_moveit_config/share/flexiv_moveit_config/local_setup.sh
[0.093s] -- Up-to-date symlink: /home/casey/flexiv_ros2_ws/install/flexiv_moveit_config/share/flexiv_moveit_config/local_setup.zsh
[0.093s] -- Up-to-date symlink: /home/casey/flexiv_ros2_ws/install/flexiv_moveit_config/share/flexiv_moveit_config/local_setup.dsv
[0.093s] -- Symlinking: /home/casey/flexiv_ros2_ws/install/flexiv_moveit_config/share/flexiv_moveit_config/package.dsv
[0.105s] -- Up-to-date symlink: /home/casey/flexiv_ros2_ws/install/flexiv_moveit_config/share/ament_index/resource_index/packages/flexiv_moveit_config
[0.105s] -- Up-to-date symlink: /home/casey/flexiv_ros2_ws/install/flexiv_moveit_config/share/flexiv_moveit_config/cmake/flexiv_moveit_configConfig.cmake
[0.105s] -- Up-to-date symlink: /home/casey/flexiv_ros2_ws/install/flexiv_moveit_config/share/flexiv_moveit_config/cmake/flexiv_moveit_configConfig-version.cmake
[0.105s] -- Up-to-date symlink: /home/casey/flexiv_ros2_ws/install/flexiv_moveit_config/share/flexiv_moveit_config/package.xml
[0.107s] Invoked command in '/home/casey/flexiv_ros2_ws/build/flexiv_moveit_config' returned '0': CMAKE_PREFIX_PATH=/home/casey/flexiv_ros2_ws/install/flexiv_description:/home/casey/flexiv_ros2_ws/install/flexiv_bringup:/home/casey/flexiv_ros2_ws/install/flexiv_controllers:/home/casey/flexiv_ros2_ws/install/flexiv_msgs:/home/casey/flexiv_ros2_ws/install/flexiv_moveit_config:/home/casey/flexiv_ros2_ws/install/flexiv_hardware:/home/casey/flexiv_ros2_ws/install/flexiv_test_nodes:/opt/ros/humble /usr/bin/cmake --install /home/casey/flexiv_ros2_ws/build/flexiv_moveit_config
