[0.205s] Invoking command in '/home/casey/flexiv_ros2_ws/build/flexiv_gazebo': CMAKE_PREFIX_PATH=${CMAKE_PREFIX_PATH}:/home/casey/flexiv_ros2_ws/install/flexiv_test_nodes:/opt/ros/humble /usr/bin/cmake /home/casey/flexiv_ros2_ws/src/flexiv_ros2/flexiv_gazebo -DCMAKE_INSTALL_PREFIX=/home/casey/flexiv_ros2_ws/install/flexiv_gazebo
[0.219s] -- Found ament_cmake: 1.3.9 (/opt/ros/humble/share/ament_cmake/cmake)
[0.317s] -- Found controller_manager: 2.41.0 (/opt/ros/humble/share/controller_manager/cmake)
[0.340s] -- Found rosidl_generator_c: 3.1.5 (/opt/ros/humble/share/rosidl_generator_c/cmake)
[0.341s] -- Found rosidl_adapter: 3.1.5 (/opt/ros/humble/share/rosidl_adapter/cmake)
[0.346s] -- Found rosidl_generator_cpp: 3.1.5 (/opt/ros/humble/share/rosidl_generator_cpp/cmake)
[0.353s] -- Using all available rosidl_typesupport_c: rosidl_typesupport_fastrtps_c;rosidl_typesupport_introspection_c
[0.364s] -- Using all available rosidl_typesupport_cpp: rosidl_typesupport_fastrtps_cpp;rosidl_typesupport_introspection_cpp
[0.754s] -- Found rmw_implementation_cmake: 6.1.2 (/opt/ros/humble/share/rmw_implementation_cmake/cmake)
[0.755s] -- Found rmw_fastrtps_cpp: 6.2.6 (/opt/ros/humble/share/rmw_fastrtps_cpp/cmake)
[0.772s] -- Found TinyXML2 via Config file: TinyXML2_DIR-NOTFOUND
[0.780s] -- Found TinyXML2 via Config file: TinyXML2_DIR-NOTFOUND
[0.797s] -- Found TinyXML2 via Config file: TinyXML2_DIR-NOTFOUND
[0.805s] -- Found TinyXML2 via Config file: TinyXML2_DIR-NOTFOUND
[0.819s] -- Using RMW implementation 'rmw_fastrtps_cpp' as default
[1.201s] -- Found gazebo_ros: 3.7.0 (/opt/ros/humble/share/gazebo_ros/cmake)
[1.232s] -- Found DART: /usr/include (Required is at least version "6.6") found components: dart 
[1.255s] -- Looking for ignition-math6 -- found version 6.15.1
[1.258s] -- Searching for dependencies of ignition-math6
[1.259s] -- Looking for OGRE...
[1.264s] -- Found Ogre Ghadamon (1.9.0)
[1.264s] -- Found OGRE: optimized;/usr/lib/x86_64-linux-gnu/libOgreMain.so;debug;/usr/lib/x86_64-linux-gnu/libOgreMain.so
[1.270s] -- Looking for OGRE_Paging...
[1.270s] -- Found OGRE_Paging: optimized;/usr/lib/x86_64-linux-gnu/libOgrePaging.so;debug;/usr/lib/x86_64-linux-gnu/libOgrePaging.so
[1.270s] -- Looking for OGRE_Terrain...
[1.270s] -- Found OGRE_Terrain: optimized;/usr/lib/x86_64-linux-gnu/libOgreTerrain.so;debug;/usr/lib/x86_64-linux-gnu/libOgreTerrain.so
[1.270s] -- Looking for OGRE_Property...
[1.270s] -- Found OGRE_Property: optimized;/usr/lib/x86_64-linux-gnu/libOgreProperty.so;debug;/usr/lib/x86_64-linux-gnu/libOgreProperty.so
[1.271s] -- Looking for OGRE_RTShaderSystem...
[1.271s] -- Found OGRE_RTShaderSystem: optimized;/usr/lib/x86_64-linux-gnu/libOgreRTShaderSystem.so;debug;/usr/lib/x86_64-linux-gnu/libOgreRTShaderSystem.so
[1.271s] -- Looking for OGRE_Volume...
[1.271s] -- Found OGRE_Volume: optimized;/usr/lib/x86_64-linux-gnu/libOgreVolume.so;debug;/usr/lib/x86_64-linux-gnu/libOgreVolume.so
[1.271s] -- Looking for OGRE_Overlay...
[1.271s] -- Found OGRE_Overlay: optimized;/usr/lib/x86_64-linux-gnu/libOgreOverlay.so;debug;/usr/lib/x86_64-linux-gnu/libOgreOverlay.so
[1.350s] -- Looking for ignition-math6 -- found version 6.15.1
[1.350s] -- Looking for ignition-transport8 -- found version 8.2.1
[1.351s] -- Searching for dependencies of ignition-transport8
[1.369s] -- Found Protobuf: /usr/lib/x86_64-linux-gnu/libprotobuf.so (found suitable version "3.12.4", minimum required is "3") 
[1.377s] -- Config-file not installed for ZeroMQ -- checking for pkg-config
[1.382s] -- Checking for module 'libzmq >= 4'
[1.395s] --   Found libzmq , version 4.3.4
[1.453s] -- Checking for module 'uuid'
[1.469s] --   Found uuid, version 2.37.2
[1.509s] -- Looking for ignition-msgs5 -- found version 5.8.1
[1.509s] -- Searching for dependencies of ignition-msgs5
[1.534s] -- Looking for ignition-math6 -- found version 6.15.1
[1.539s] -- Checking for module 'tinyxml2'
[1.558s] --   Found tinyxml2, version 9.0.0
[1.599s] -- Looking for ignition-msgs5 -- found version 5.8.1
[1.599s] -- Looking for ignition-common3 -- found version 3.14.0
[1.599s] -- Searching for dependencies of ignition-common3
[1.599s] -- Looking for dlfcn.h - found
[1.599s] -- Looking for libdl - found
[1.610s] -- Searching for <ignition-common3> component [graphics]
[1.611s] -- Looking for ignition-common3-graphics -- found version 3.14.0
[1.613s] -- Searching for dependencies of ignition-common3-graphics
[1.613s] -- Looking for ignition-math6 -- found version 6.15.1
[1.614s] -- Looking for ignition-fuel_tools4 -- found version 4.4.0
[1.614s] -- Searching for dependencies of ignition-fuel_tools4
[1.655s] -- Checking for module 'jsoncpp'
[1.673s] --   Found jsoncpp, version 1.9.5
[1.721s] -- Checking for module 'libzip'
[1.738s] --   Found libzip, version 1.7.3
[1.779s] -- Looking for ignition-common3 -- found version 3.14.0
[1.779s] -- Looking for ignition-math6 -- found version 6.15.1
[1.780s] -- Looking for ignition-msgs5 -- found version 5.8.1
[1.780s] -- Gazebo version: 11.10
[1.783s] -- Found ros_gz: 0.244.14 (/opt/ros/humble/share/ros_gz/cmake)
[1.783s] -- Found ros_gz_bridge: 0.244.14 (/opt/ros/humble/share/ros_gz_bridge/cmake)
[1.925s] -- Found Protobuf: /usr/lib/x86_64-linux-gnu/libprotobuf.so (found version "3.12.4") 
[2.376s] -- Found ros_gz_sim: 0.244.14 (/opt/ros/humble/share/ros_gz_sim/cmake)
[2.377s] -- Found ros_gz_image: 0.244.14 (/opt/ros/humble/share/ros_gz_image/cmake)
[2.377s] -- Found xacro: 2.0.8 (/opt/ros/humble/share/xacro/cmake)
[2.414s] [31mCMake Error at /opt/ros/humble/share/ament_cmake_python/cmake/ament_python_install_package.cmake:66 (message):
[2.415s]   ament_python_install_package() the Python package folder
[2.415s]   '/home/casey/flexiv_ros2_ws/src/flexiv_ros2/flexiv_gazebo/flexiv_gazebo'
[2.415s]   doesn't contain an '__init__.py' file
[2.415s] Call Stack (most recent call first):
[2.415s]   /opt/ros/humble/share/ament_cmake_python/cmake/ament_python_install_package.cmake:39 (_ament_cmake_python_install_package)
[2.415s]   CMakeLists.txt:62 (ament_python_install_package)
[2.415s] 
[2.415s] [0m
[2.415s] -- Configuring incomplete, errors occurred!
[2.415s] See also "/home/casey/flexiv_ros2_ws/build/flexiv_gazebo/CMakeFiles/CMakeOutput.log".
[2.426s] Invoked command in '/home/casey/flexiv_ros2_ws/build/flexiv_gazebo' returned '1': CMAKE_PREFIX_PATH=${CMAKE_PREFIX_PATH}:/home/casey/flexiv_ros2_ws/install/flexiv_test_nodes:/opt/ros/humble /usr/bin/cmake /home/casey/flexiv_ros2_ws/src/flexiv_ros2/flexiv_gazebo -DCMAKE_INSTALL_PREFIX=/home/casey/flexiv_ros2_ws/install/flexiv_gazebo
