[0.198s] Invoking command in '/home/casey/flexiv_ros2_ws/build/flexiv_gazebo': CMAKE_PREFIX_PATH=${CMAKE_PREFIX_PATH}:/home/casey/flexiv_ros2_ws/install/flexiv_test_nodes:/opt/ros/humble /usr/bin/cmake /home/casey/flexiv_ros2_ws/src/flexiv_ros2/flexiv_gazebo -DCMAKE_INSTALL_PREFIX=/home/casey/flexiv_ros2_ws/install/flexiv_gazebo
[0.207s] -- Found ament_cmake: 1.3.9 (/opt/ros/humble/share/ament_cmake/cmake)
[0.310s] -- Found controller_manager: 2.41.0 (/opt/ros/humble/share/controller_manager/cmake)
[0.333s] -- Found rosidl_generator_c: 3.1.5 (/opt/ros/humble/share/rosidl_generator_c/cmake)
[0.334s] -- Found rosidl_adapter: 3.1.5 (/opt/ros/humble/share/rosidl_adapter/cmake)
[0.339s] -- Found rosidl_generator_cpp: 3.1.5 (/opt/ros/humble/share/rosidl_generator_cpp/cmake)
[0.346s] -- Using all available rosidl_typesupport_c: rosidl_typesupport_fastrtps_c;rosidl_typesupport_introspection_c
[0.356s] -- Using all available rosidl_typesupport_cpp: rosidl_typesupport_fastrtps_cpp;rosidl_typesupport_introspection_cpp
[0.751s] -- Found rmw_implementation_cmake: 6.1.2 (/opt/ros/humble/share/rmw_implementation_cmake/cmake)
[0.752s] -- Found rmw_fastrtps_cpp: 6.2.6 (/opt/ros/humble/share/rmw_fastrtps_cpp/cmake)
[0.770s] -- Found TinyXML2 via Config file: TinyXML2_DIR-NOTFOUND
[0.776s] -- Found TinyXML2 via Config file: TinyXML2_DIR-NOTFOUND
[0.792s] -- Found TinyXML2 via Config file: TinyXML2_DIR-NOTFOUND
[0.799s] -- Found TinyXML2 via Config file: TinyXML2_DIR-NOTFOUND
[0.809s] -- Using RMW implementation 'rmw_fastrtps_cpp' as default
[1.188s] -- Found gazebo_ros: 3.7.0 (/opt/ros/humble/share/gazebo_ros/cmake)
[1.213s] -- Found DART: /usr/include (Required is at least version "6.6") found components: dart 
[1.240s] -- Looking for ignition-math6 -- found version 6.15.1
[1.243s] -- Searching for dependencies of ignition-math6
[1.244s] -- Looking for OGRE...
[1.250s] -- Found Ogre Ghadamon (1.9.0)
[1.250s] -- Found OGRE: optimized;/usr/lib/x86_64-linux-gnu/libOgreMain.so;debug;/usr/lib/x86_64-linux-gnu/libOgreMain.so
[1.256s] -- Looking for OGRE_Paging...
[1.257s] -- Found OGRE_Paging: optimized;/usr/lib/x86_64-linux-gnu/libOgrePaging.so;debug;/usr/lib/x86_64-linux-gnu/libOgrePaging.so
[1.257s] -- Looking for OGRE_Terrain...
[1.257s] -- Found OGRE_Terrain: optimized;/usr/lib/x86_64-linux-gnu/libOgreTerrain.so;debug;/usr/lib/x86_64-linux-gnu/libOgreTerrain.so
[1.257s] -- Looking for OGRE_Property...
[1.257s] -- Found OGRE_Property: optimized;/usr/lib/x86_64-linux-gnu/libOgreProperty.so;debug;/usr/lib/x86_64-linux-gnu/libOgreProperty.so
[1.257s] -- Looking for OGRE_RTShaderSystem...
[1.257s] -- Found OGRE_RTShaderSystem: optimized;/usr/lib/x86_64-linux-gnu/libOgreRTShaderSystem.so;debug;/usr/lib/x86_64-linux-gnu/libOgreRTShaderSystem.so
[1.257s] -- Looking for OGRE_Volume...
[1.257s] -- Found OGRE_Volume: optimized;/usr/lib/x86_64-linux-gnu/libOgreVolume.so;debug;/usr/lib/x86_64-linux-gnu/libOgreVolume.so
[1.257s] -- Looking for OGRE_Overlay...
[1.257s] -- Found OGRE_Overlay: optimized;/usr/lib/x86_64-linux-gnu/libOgreOverlay.so;debug;/usr/lib/x86_64-linux-gnu/libOgreOverlay.so
[1.333s] -- Looking for ignition-math6 -- found version 6.15.1
[1.342s] -- Looking for ignition-transport8 -- found version 8.2.1
[1.342s] -- Searching for dependencies of ignition-transport8
[1.352s] -- Found Protobuf: /usr/lib/x86_64-linux-gnu/libprotobuf.so (found suitable version "3.12.4", minimum required is "3") 
[1.362s] -- Config-file not installed for ZeroMQ -- checking for pkg-config
[1.368s] -- Checking for module 'libzmq >= 4'
[1.383s] --   Found libzmq , version 4.3.4
[1.432s] -- Checking for module 'uuid'
[1.449s] --   Found uuid, version 2.37.2
[1.489s] -- Looking for ignition-msgs5 -- found version 5.8.1
[1.490s] -- Searching for dependencies of ignition-msgs5
[1.506s] -- Looking for ignition-math6 -- found version 6.15.1
[1.510s] -- Checking for module 'tinyxml2'
[1.528s] --   Found tinyxml2, version 9.0.0
[1.573s] -- Looking for ignition-msgs5 -- found version 5.8.1
[1.574s] -- Looking for ignition-common3 -- found version 3.14.0
[1.574s] -- Searching for dependencies of ignition-common3
[1.574s] -- Looking for dlfcn.h - found
[1.574s] -- Looking for libdl - found
[1.584s] -- Searching for <ignition-common3> component [graphics]
[1.584s] -- Looking for ignition-common3-graphics -- found version 3.14.0
[1.585s] -- Searching for dependencies of ignition-common3-graphics
[1.585s] -- Looking for ignition-math6 -- found version 6.15.1
[1.585s] -- Looking for ignition-fuel_tools4 -- found version 4.4.0
[1.585s] -- Searching for dependencies of ignition-fuel_tools4
[1.624s] -- Checking for module 'jsoncpp'
[1.641s] --   Found jsoncpp, version 1.9.5
[1.686s] -- Checking for module 'libzip'
[1.702s] --   Found libzip, version 1.7.3
[1.748s] -- Looking for ignition-common3 -- found version 3.14.0
[1.748s] -- Looking for ignition-math6 -- found version 6.15.1
[1.748s] -- Looking for ignition-msgs5 -- found version 5.8.1
[1.749s] -- Gazebo version: 11.10
[1.752s] -- Found ros_gz: 0.244.14 (/opt/ros/humble/share/ros_gz/cmake)
[1.752s] -- Found ros_gz_bridge: 0.244.14 (/opt/ros/humble/share/ros_gz_bridge/cmake)
[1.898s] -- Found Protobuf: /usr/lib/x86_64-linux-gnu/libprotobuf.so (found version "3.12.4") 
[2.357s] -- Found ros_gz_sim: 0.244.14 (/opt/ros/humble/share/ros_gz_sim/cmake)
[2.358s] -- Found ros_gz_image: 0.244.14 (/opt/ros/humble/share/ros_gz_image/cmake)
[2.359s] -- Found xacro: 2.0.8 (/opt/ros/humble/share/xacro/cmake)
[2.395s] [31mCMake Error at /opt/ros/humble/share/ament_cmake_python/cmake/ament_python_install_package.cmake:66 (message):
[2.396s]   ament_python_install_package() the Python package folder
[2.396s]   '/home/casey/flexiv_ros2_ws/src/flexiv_ros2/flexiv_gazebo/flexiv_gazebo'
[2.396s]   doesn't contain an '__init__.py' file
[2.396s] Call Stack (most recent call first):
[2.396s]   /opt/ros/humble/share/ament_cmake_python/cmake/ament_python_install_package.cmake:39 (_ament_cmake_python_install_package)
[2.396s]   CMakeLists.txt:62 (ament_python_install_package)
[2.396s] 
[2.396s] [0m
[2.396s] -- Configuring incomplete, errors occurred!
[2.396s] See also "/home/casey/flexiv_ros2_ws/build/flexiv_gazebo/CMakeFiles/CMakeOutput.log".
[2.405s] Invoked command in '/home/casey/flexiv_ros2_ws/build/flexiv_gazebo' returned '1': CMAKE_PREFIX_PATH=${CMAKE_PREFIX_PATH}:/home/casey/flexiv_ros2_ws/install/flexiv_test_nodes:/opt/ros/humble /usr/bin/cmake /home/casey/flexiv_ros2_ws/src/flexiv_ros2/flexiv_gazebo -DCMAKE_INSTALL_PREFIX=/home/casey/flexiv_ros2_ws/install/flexiv_gazebo
