[0.022s] Invoking command in '/home/casey/flexiv_ros2_ws/build/flexiv_hardware': CMAKE_PREFIX_PATH=${CMAKE_PREFIX_PATH}:/home/casey/flexiv_ros2_ws/install/flexiv_test_nodes:/opt/ros/humble /usr/bin/cmake /home/casey/flexiv_ros2_ws/src/flexiv_ros2/flexiv_hardware -DCMAKE_INSTALL_PREFIX=/home/casey/flexiv_ros2_ws/install/flexiv_hardware
[0.195s] -- Found ament_cmake: 1.3.9 (/opt/ros/humble/share/ament_cmake/cmake)
[0.195s] -- Override CMake install command with custom implementation using symlinks instead of copying resources
[0.195s] -- Found rclcpp: 16.0.9 (/opt/ros/humble/share/rclcpp/cmake)
[0.196s] -- Found rosidl_generator_c: 3.1.5 (/opt/ros/humble/share/rosidl_generator_c/cmake)
[0.196s] -- Found rosidl_adapter: 3.1.5 (/opt/ros/humble/share/rosidl_adapter/cmake)
[0.196s] -- Found rosidl_generator_cpp: 3.1.5 (/opt/ros/humble/share/rosidl_generator_cpp/cmake)
[0.198s] -- Using all available rosidl_typesupport_c: rosidl_typesupport_fastrtps_c;rosidl_typesupport_introspection_c
[0.206s] -- Using all available rosidl_typesupport_cpp: rosidl_typesupport_fastrtps_cpp;rosidl_typesupport_introspection_cpp
[0.253s] -- Found rmw_implementation_cmake: 6.1.2 (/opt/ros/humble/share/rmw_implementation_cmake/cmake)
[0.255s] -- Found rmw_fastrtps_cpp: 6.2.6 (/opt/ros/humble/share/rmw_fastrtps_cpp/cmake)
[0.379s] -- Using RMW implementation 'rmw_fastrtps_cpp' as default
[0.493s] -- Found rclcpp_lifecycle: 16.0.9 (/opt/ros/humble/share/rclcpp_lifecycle/cmake)
[0.528s] -- Found hardware_interface: 2.41.0 (/opt/ros/humble/share/hardware_interface/cmake)
[0.885s] [0mOS: Linux[0m
[0.885s] [0mProcessor: x86_64[0m
[0.916s] -- Found ament_cmake_gtest: 1.3.9 (/opt/ros/humble/share/ament_cmake_gtest/cmake)
[0.983s] -- Configuring done
[1.013s] -- Generating done
[1.015s] -- Build files have been written to: /home/casey/flexiv_ros2_ws/build/flexiv_hardware
[1.029s] Invoked command in '/home/casey/flexiv_ros2_ws/build/flexiv_hardware' returned '0': CMAKE_PREFIX_PATH=${CMAKE_PREFIX_PATH}:/home/casey/flexiv_ros2_ws/install/flexiv_test_nodes:/opt/ros/humble /usr/bin/cmake /home/casey/flexiv_ros2_ws/src/flexiv_ros2/flexiv_hardware -DCMAKE_INSTALL_PREFIX=/home/casey/flexiv_ros2_ws/install/flexiv_hardware
[1.031s] Invoking command in '/home/casey/flexiv_ros2_ws/build/flexiv_hardware': CMAKE_PREFIX_PATH=${CMAKE_PREFIX_PATH}:/home/casey/flexiv_ros2_ws/install/flexiv_test_nodes:/opt/ros/humble /usr/bin/cmake --build /home/casey/flexiv_ros2_ws/build/flexiv_hardware -- -j16 -l16
[1.081s] [35m[1mConsolidate compiler generated dependencies of target flexiv_hardware[0m
[1.112s] [100%] Built target flexiv_hardware
[1.128s] Invoked command in '/home/casey/flexiv_ros2_ws/build/flexiv_hardware' returned '0': CMAKE_PREFIX_PATH=${CMAKE_PREFIX_PATH}:/home/casey/flexiv_ros2_ws/install/flexiv_test_nodes:/opt/ros/humble /usr/bin/cmake --build /home/casey/flexiv_ros2_ws/build/flexiv_hardware -- -j16 -l16
[1.168s] Invoking command in '/home/casey/flexiv_ros2_ws/build/flexiv_hardware': CMAKE_PREFIX_PATH=${CMAKE_PREFIX_PATH}:/home/casey/flexiv_ros2_ws/install/flexiv_test_nodes:/opt/ros/humble /usr/bin/cmake --install /home/casey/flexiv_ros2_ws/build/flexiv_hardware
[1.176s] -- Install configuration: ""
[1.177s] -- Execute custom install script
[1.177s] -- Up-to-date symlink: /home/casey/flexiv_ros2_ws/install/flexiv_hardware/share/flexiv_hardware//flexiv_hardware_interface_plugin.xml
[1.177s] -- Up-to-date symlink: /home/casey/flexiv_ros2_ws/install/flexiv_hardware/lib/libflexiv_hardware.so
[1.177s] -- Up-to-date symlink: /home/casey/flexiv_ros2_ws/install/flexiv_hardware/include/flexiv_hardware/flexiv_hardware_interface.hpp
[1.177s] -- Up-to-date symlink: /home/casey/flexiv_ros2_ws/install/flexiv_hardware/include/flexiv_hardware/visibility_control.h
[1.178s] -- Up-to-date symlink: /home/casey/flexiv_ros2_ws/install/flexiv_hardware/share/flexiv_hardware/environment/library_path.sh
[1.178s] -- Up-to-date symlink: /home/casey/flexiv_ros2_ws/install/flexiv_hardware/share/flexiv_hardware/environment/library_path.dsv
[1.178s] -- Up-to-date symlink: /home/casey/flexiv_ros2_ws/install/flexiv_hardware/share/ament_index/resource_index/package_run_dependencies/flexiv_hardware
[1.178s] -- Up-to-date symlink: /home/casey/flexiv_ros2_ws/install/flexiv_hardware/share/ament_index/resource_index/parent_prefix_path/flexiv_hardware
[1.178s] -- Up-to-date symlink: /home/casey/flexiv_ros2_ws/install/flexiv_hardware/share/flexiv_hardware/environment/ament_prefix_path.sh
[1.178s] -- Up-to-date symlink: /home/casey/flexiv_ros2_ws/install/flexiv_hardware/share/flexiv_hardware/environment/ament_prefix_path.dsv
[1.178s] -- Up-to-date symlink: /home/casey/flexiv_ros2_ws/install/flexiv_hardware/share/flexiv_hardware/environment/path.sh
[1.178s] -- Up-to-date symlink: /home/casey/flexiv_ros2_ws/install/flexiv_hardware/share/flexiv_hardware/environment/path.dsv
[1.178s] -- Up-to-date symlink: /home/casey/flexiv_ros2_ws/install/flexiv_hardware/share/flexiv_hardware/local_setup.bash
[1.179s] -- Up-to-date symlink: /home/casey/flexiv_ros2_ws/install/flexiv_hardware/share/flexiv_hardware/local_setup.sh
[1.179s] -- Up-to-date symlink: /home/casey/flexiv_ros2_ws/install/flexiv_hardware/share/flexiv_hardware/local_setup.zsh
[1.179s] -- Up-to-date symlink: /home/casey/flexiv_ros2_ws/install/flexiv_hardware/share/flexiv_hardware/local_setup.dsv
[1.179s] -- Symlinking: /home/casey/flexiv_ros2_ws/install/flexiv_hardware/share/flexiv_hardware/package.dsv
[1.190s] -- Up-to-date symlink: /home/casey/flexiv_ros2_ws/install/flexiv_hardware/share/ament_index/resource_index/packages/flexiv_hardware
[1.190s] -- Up-to-date symlink: /home/casey/flexiv_ros2_ws/install/flexiv_hardware/share/ament_index/resource_index/hardware_interface__pluginlib__plugin/flexiv_hardware
[1.190s] -- Up-to-date symlink: /home/casey/flexiv_ros2_ws/install/flexiv_hardware/share/flexiv_hardware/cmake/ament_cmake_export_include_directories-extras.cmake
[1.190s] -- Up-to-date symlink: /home/casey/flexiv_ros2_ws/install/flexiv_hardware/share/flexiv_hardware/cmake/ament_cmake_export_libraries-extras.cmake
[1.190s] -- Up-to-date symlink: /home/casey/flexiv_ros2_ws/install/flexiv_hardware/share/flexiv_hardware/cmake/ament_cmake_export_dependencies-extras.cmake
[1.190s] -- Up-to-date symlink: /home/casey/flexiv_ros2_ws/install/flexiv_hardware/share/flexiv_hardware/cmake/flexiv_hardwareConfig.cmake
[1.190s] -- Up-to-date symlink: /home/casey/flexiv_ros2_ws/install/flexiv_hardware/share/flexiv_hardware/cmake/flexiv_hardwareConfig-version.cmake
[1.190s] -- Up-to-date symlink: /home/casey/flexiv_ros2_ws/install/flexiv_hardware/share/flexiv_hardware/package.xml
[1.193s] Invoked command in '/home/casey/flexiv_ros2_ws/build/flexiv_hardware' returned '0': CMAKE_PREFIX_PATH=${CMAKE_PREFIX_PATH}:/home/casey/flexiv_ros2_ws/install/flexiv_test_nodes:/opt/ros/humble /usr/bin/cmake --install /home/casey/flexiv_ros2_ws/build/flexiv_hardware
